Log file of circuit Spielberg at 22/08/2022 13:43:59

Population: 100
Iterations: 500
Mutation: 0.4
Crossover: 1.0
PitStopTime: 00:21.000
Weather: 'S'

[EA] Generation 1 - Bruteforce solution: 01:19:53.058 -> best overall: 01:38:47.773 - difference: 18:54.715 - valid strategies: 5.0% | threshold is 0.3 - counter = 0/5 - stuck value = 0
[EA] Generation 2 - Bruteforce solution: 01:19:53.058 -> best overall: 01:35:52.733 - difference: 15:59.675 - valid strategies: 5.0% | threshold is 0.3 - counter = 0/5 - stuck value = 0
[EA] Generation 3 - Bruteforce solution: 01:19:53.058 -> best overall: 01:35:35.087 - difference: 15:42.029 - valid strategies: 13.0% | threshold is 0.3 - counter = 0/5 - stuck value = 0
[EA] Generation 4 - Bruteforce solution: 01:19:53.058 -> best overall: 01:33:43.687 - difference: 13:50.629 - valid strategies: 9.0% | threshold is 0.3 - counter = 0/5 - stuck value = 0
[EA] Generation 5 - Bruteforce solution: 01:19:53.058 -> best overall: 01:33:27.814 - difference: 13:34.756 - valid strategies: 10.0% | threshold is 0.3 - counter = 0/5 - stuck value = 0
[EA] Generation 6 - Bruteforce solution: 01:19:53.058 -> best overall: 01:33:16.269 - difference: 13:23.211 - valid strategies: 9.0% | threshold is 0.3 - counter = 0/5 - stuck value = 0
[EA] Generation 7 - Bruteforce solution: 01:19:53.058 -> best overall: 01:33:16.269 - difference: 13:23.211 - valid strategies: 10.0% | threshold is 0.3 - counter = 1/5 - stuck value = 0
[EA] Generation 8 - Bruteforce solution: 01:19:53.058 -> best overall: 01:33:07.992 - difference: 13:14.934 - valid strategies: 8.0% | threshold is 0.3 - counter = 0/5 - stuck value = 0
[EA] Generation 9 - Bruteforce solution: 01:19:53.058 -> best overall: 01:33:07.992 - difference: 13:14.934 - valid strategies: 7.0% | threshold is 0.3 - counter = 1/5 - stuck value = 0
[EA] Generation 10 - Bruteforce solution: 01:19:53.058 -> best overall: 01:32:55.752 - difference: 13:02.694 - valid strategies: 6.0% | threshold is 0.3 - counter = 0/5 - stuck value = 0
[EA] Generation 11 - Bruteforce solution: 01:19:53.058 -> best overall: 01:32:55.752 - difference: 13:02.694 - valid strategies: 12.0% | threshold is 0.3 - counter = 1/5 - stuck value = 0
[EA] Generation 12 - Bruteforce solution: 01:19:53.058 -> best overall: 01:32:08.495 - difference: 12:15.437 - valid strategies: 16.0% | threshold is 0.3 - counter = 0/5 - stuck value = 0
[EA] Generation 13 - Bruteforce solution: 01:19:53.058 -> best overall: 01:32:05.705 - difference: 12:12.647 - valid strategies: 12.0% | threshold is 0.3 - counter = 0/5 - stuck value = 0
[EA] Generation 14 - Bruteforce solution: 01:19:53.058 -> best overall: 01:29:11.583 - difference: 09:18.525 - valid strategies: 10.0% | threshold is 0.3 - counter = 0/5 - stuck value = 0
[EA] Generation 15 - Bruteforce solution: 01:19:53.058 -> best overall: 01:29:11.583 - difference: 09:18.525 - valid strategies: 14.0% | threshold is 0.3 - counter = 1/5 - stuck value = 0
[EA] Generation 16 - Bruteforce solution: 01:19:53.058 -> best overall: 01:28:51.528 - difference: 08:58.470 - valid strategies: 9.0% | threshold is 0.3 - counter = 0/5 - stuck value = 0
[EA] Generation 17 - Bruteforce solution: 01:19:53.058 -> best overall: 01:28:43.929 - difference: 08:50.871 - valid strategies: 7.0% | threshold is 0.3 - counter = 0/5 - stuck value = 0
[EA] Generation 18 - Bruteforce solution: 01:19:53.058 -> best overall: 01:28:43.929 - difference: 08:50.871 - valid strategies: 6.0% | threshold is 0.3 - counter = 1/5 - stuck value = 0
[EA] Generation 19 - Bruteforce solution: 01:19:53.058 -> best overall: 01:28:43.929 - difference: 08:50.871 - valid strategies: 3.0% | threshold is 0.3 - counter = 2/5 - stuck value = 0
[EA] Generation 20 - Bruteforce solution: 01:19:53.058 -> best overall: 01:28:43.929 - difference: 08:50.871 - valid strategies: 6.0% | threshold is 0.3 - counter = 3/5 - stuck value = 0
[EA] Generation 21 - Bruteforce solution: 01:19:53.058 -> best overall: 01:28:43.929 - difference: 08:50.871 - valid strategies: 12.0% | threshold is 0.3 - counter = 4/5 - stuck value = 0
[EA] Generation 22 - Bruteforce solution: 01:19:53.058 -> best overall: 01:28:23.458 - difference: 08:30.400 - valid strategies: 8.0% | threshold is 0.3 - counter = 0/5 - stuck value = 0
[EA] Generation 23 - Bruteforce solution: 01:19:53.058 -> best overall: 01:28:03.384 - difference: 08:10.326 - valid strategies: 8.0% | threshold is 0.3 - counter = 0/5 - stuck value = 0
[EA] Generation 24 - Bruteforce solution: 01:19:53.058 -> best overall: 01:28:03.384 - difference: 08:10.326 - valid strategies: 6.0% | threshold is 0.3 - counter = 1/5 - stuck value = 0
[EA] Generation 25 - Bruteforce solution: 01:19:53.058 -> best overall: 01:28:03.384 - difference: 08:10.326 - valid strategies: 5.0% | threshold is 0.3 - counter = 2/5 - stuck value = 0
[EA] Generation 26 - Bruteforce solution: 01:19:53.058 -> best overall: 01:28:03.384 - difference: 08:10.326 - valid strategies: 6.0% | threshold is 0.3 - counter = 3/5 - stuck value = 0
[EA] Generation 27 - Bruteforce solution: 01:19:53.058 -> best overall: 01:28:03.384 - difference: 08:10.326 - valid strategies: 6.0% | threshold is 0.3 - counter = 4/5 - stuck value = 0
[EA] Generation 28 - Bruteforce solution: 01:19:53.058 -> best overall: 01:27:42.714 - difference: 07:49.656 - valid strategies: 9.0% | threshold is 0.3 - counter = 0/5 - stuck value = 0
[EA] Generation 29 - Bruteforce solution: 01:19:53.058 -> best overall: 01:27:22.740 - difference: 07:29.682 - valid strategies: 10.0% | threshold is 0.3 - counter = 0/5 - stuck value = 0
[EA] Generation 30 - Bruteforce solution: 01:19:53.058 -> best overall: 01:27:11.252 - difference: 07:18.194 - valid strategies: 8.0% | threshold is 0.3 - counter = 0/5 - stuck value = 0
[EA] Generation 31 - Bruteforce solution: 01:19:53.058 -> best overall: 01:27:10.914 - difference: 07:17.856 - valid strategies: 10.0% | threshold is 0.3 - counter = 0/5 - stuck value = 0
[EA] Generation 32 - Bruteforce solution: 01:19:53.058 -> best overall: 01:27:10.914 - difference: 07:17.856 - valid strategies: 10.0% | threshold is 0.3 - counter = 1/5 - stuck value = 0
[EA] Generation 33 - Bruteforce solution: 01:19:53.058 -> best overall: 01:27:10.914 - difference: 07:17.856 - valid strategies: 9.0% | threshold is 0.3 - counter = 2/5 - stuck value = 0
[EA] Generation 34 - Bruteforce solution: 01:19:53.058 -> best overall: 01:26:50.834 - difference: 06:57.776 - valid strategies: 9.0% | threshold is 0.3 - counter = 0/5 - stuck value = 0
[EA] Generation 35 - Bruteforce solution: 01:19:53.058 -> best overall: 01:26:50.588 - difference: 06:57.530 - valid strategies: 10.0% | threshold is 0.3 - counter = 0/5 - stuck value = 0
[EA] Generation 36 - Bruteforce solution: 01:19:53.058 -> best overall: 01:26:30.512 - difference: 06:37.454 - valid strategies: 5.0% | threshold is 0.3 - counter = 0/5 - stuck value = 0
[EA] Generation 37 - Bruteforce solution: 01:19:53.058 -> best overall: 01:26:30.512 - difference: 06:37.454 - valid strategies: 4.0% | threshold is 0.3 - counter = 1/5 - stuck value = 0
[EA] Generation 38 - Bruteforce solution: 01:19:53.058 -> best overall: 01:26:30.512 - difference: 06:37.454 - valid strategies: 9.0% | threshold is 0.3 - counter = 2/5 - stuck value = 0
[EA] Generation 39 - Bruteforce solution: 01:19:53.058 -> best overall: 01:26:10.186 - difference: 06:17.128 - valid strategies: 7.0% | threshold is 0.3 - counter = 0/5 - stuck value = 0


Best Strategy fitness: 5170186
Best Strategy time: 01:26:10.186

 vs 

Bruteforce fitness: 4793058
Bruteforce time: 01:19:53.058
Lap 1: Rain 0% -> Compound 'Soft', TyresAge 0, Wear '0.0'% | '0.0'% | '0.0'% | '0.0'%, Fuel '104.21' Kg, PitStop 'No', Time '01:10.576' ms
Lap 2: Rain 0% -> Compound 'Soft', TyresAge 0, Wear '0.0'% | '0.0'% | '0.0'% | '0.0'%, Fuel '104.21' Kg, PitStop 'Yes', Time '01:29.534' ms
Lap 3: Rain 0% -> Compound 'Inter', TyresAge 0, Wear '0.0'% | '0.0'% | '0.0'% | '0.0'%, Fuel '102.74' Kg, PitStop 'Yes', Time '01:39.555' ms
Lap 4: Rain 0% -> Compound 'Inter', TyresAge 1, Wear '1.0'% | '1.0'% | '1.0'% | '1.0'%, Fuel '101.28' Kg, PitStop 'No', Time '01:18.540' ms
Lap 5: Rain 0% -> Compound 'Inter', TyresAge 2, Wear '3.0'% | '3.0'% | '2.0'% | '2.0'%, Fuel '99.82' Kg, PitStop 'No', Time '01:18.561' ms
Lap 6: Rain 0% -> Compound 'Soft', TyresAge 0, Wear '0.0'% | '0.0'% | '0.0'% | '0.0'%, Fuel '98.36' Kg, PitStop 'Yes', Time '01:29.194' ms
Lap 7: Rain 0% -> Compound 'Soft', TyresAge 1, Wear '2.0'% | '2.0'% | '2.0'% | '1.0'%, Fuel '96.89' Kg, PitStop 'No', Time '01:08.220' ms
Lap 8: Rain 0% -> Compound 'Soft', TyresAge 0, Wear '0.0'% | '0.0'% | '0.0'% | '0.0'%, Fuel '95.43' Kg, PitStop 'Yes', Time '01:29.026' ms
Lap 9: Rain 0% -> Compound 'Soft', TyresAge 1, Wear '2.0'% | '2.0'% | '2.0'% | '1.0'%, Fuel '93.97' Kg, PitStop 'No', Time '01:08.050' ms
Lap 10: Rain 0% -> Compound 'Soft', TyresAge 2, Wear '4.0'% | '4.0'% | '3.0'% | '3.0'%, Fuel '92.51' Kg, PitStop 'No', Time '01:08.074' ms
Lap 11: Rain 0% -> Compound 'Soft', TyresAge 3, Wear '6.0'% | '6.0'% | '5.0'% | '4.0'%, Fuel '91.04' Kg, PitStop 'No', Time '01:08.100' ms
Lap 12: Rain 0% -> Compound 'Soft', TyresAge 4, Wear '9.0'% | '8.0'% | '6.0'% | '6.0'%, Fuel '89.58' Kg, PitStop 'No', Time '01:08.140' ms
Lap 13: Rain 0% -> Compound 'Soft', TyresAge 5, Wear '11.0'% | '11.0'% | '8.0'% | '7.0'%, Fuel '88.12' Kg, PitStop 'No', Time '01:08.184' ms
Lap 14: Rain 0% -> Compound 'Soft', TyresAge 6, Wear '13.0'% | '13.0'% | '9.0'% | '8.0'%, Fuel '86.66' Kg, PitStop 'No', Time '01:08.194' ms
Lap 15: Rain 0% -> Compound 'Soft', TyresAge 0, Wear '0.0'% | '0.0'% | '0.0'% | '0.0'%, Fuel '85.2' Kg, PitStop 'Yes', Time '01:28.432' ms
Lap 16: Rain 0% -> Compound 'Soft', TyresAge 1, Wear '2.0'% | '2.0'% | '2.0'% | '1.0'%, Fuel '83.73' Kg, PitStop 'No', Time '01:07.456' ms
Lap 17: Rain 0% -> Compound 'Soft', TyresAge 2, Wear '4.0'% | '4.0'% | '3.0'% | '3.0'%, Fuel '82.27' Kg, PitStop 'No', Time '01:07.480' ms
Lap 18: Rain 0% -> Compound 'Soft', TyresAge 0, Wear '0.0'% | '0.0'% | '0.0'% | '0.0'%, Fuel '80.81' Kg, PitStop 'Yes', Time '01:28.178' ms
Lap 19: Rain 0% -> Compound 'Soft', TyresAge 1, Wear '2.0'% | '2.0'% | '2.0'% | '1.0'%, Fuel '79.35' Kg, PitStop 'No', Time '01:07.202' ms
Lap 20: Rain 0% -> Compound 'Soft', TyresAge 2, Wear '4.0'% | '4.0'% | '3.0'% | '3.0'%, Fuel '77.88' Kg, PitStop 'No', Time '01:07.226' ms
Lap 21: Rain 0% -> Compound 'Soft', TyresAge 3, Wear '6.0'% | '6.0'% | '5.0'% | '4.0'%, Fuel '76.42' Kg, PitStop 'No', Time '01:07.252' ms
Lap 22: Rain 0% -> Compound 'Soft', TyresAge 4, Wear '9.0'% | '8.0'% | '6.0'% | '6.0'%, Fuel '74.96' Kg, PitStop 'No', Time '01:07.292' ms
Lap 23: Rain 0% -> Compound 'Soft', TyresAge 5, Wear '11.0'% | '11.0'% | '8.0'% | '7.0'%, Fuel '73.5' Kg, PitStop 'No', Time '01:07.336' ms
Lap 24: Rain 0% -> Compound 'Soft', TyresAge 0, Wear '0.0'% | '0.0'% | '0.0'% | '0.0'%, Fuel '72.04' Kg, PitStop 'Yes', Time '01:27.668' ms
Lap 25: Rain 0% -> Compound 'Soft', TyresAge 1, Wear '2.0'% | '2.0'% | '2.0'% | '1.0'%, Fuel '70.57' Kg, PitStop 'No', Time '01:06.694' ms
Lap 26: Rain 0% -> Compound 'Soft', TyresAge 2, Wear '4.0'% | '4.0'% | '3.0'% | '3.0'%, Fuel '69.11' Kg, PitStop 'No', Time '01:06.718' ms
Lap 27: Rain 0% -> Compound 'Soft', TyresAge 3, Wear '6.0'% | '6.0'% | '5.0'% | '4.0'%, Fuel '67.65' Kg, PitStop 'No', Time '01:06.742' ms
Lap 28: Rain 0% -> Compound 'Soft', TyresAge 4, Wear '9.0'% | '8.0'% | '6.0'% | '6.0'%, Fuel '66.19' Kg, PitStop 'No', Time '01:06.784' ms
Lap 29: Rain 0% -> Compound 'Soft', TyresAge 0, Wear '0.0'% | '0.0'% | '0.0'% | '0.0'%, Fuel '64.72' Kg, PitStop 'Yes', Time '01:27.244' ms
Lap 30: Rain 0% -> Compound 'Soft', TyresAge 0, Wear '0.0'% | '0.0'% | '0.0'% | '0.0'%, Fuel '63.26' Kg, PitStop 'Yes', Time '01:27.160' ms
Lap 31: Rain 0% -> Compound 'Soft', TyresAge 1, Wear '2.0'% | '2.0'% | '2.0'% | '1.0'%, Fuel '61.8' Kg, PitStop 'No', Time '01:06.184' ms
Lap 32: Rain 0% -> Compound 'Soft', TyresAge 2, Wear '4.0'% | '4.0'% | '3.0'% | '3.0'%, Fuel '60.34' Kg, PitStop 'No', Time '01:06.208' ms
Lap 33: Rain 0% -> Compound 'Soft', TyresAge 0, Wear '0.0'% | '0.0'% | '0.0'% | '0.0'%, Fuel '58.88' Kg, PitStop 'Yes', Time '01:26.906' ms
Lap 34: Rain 0% -> Compound 'Soft', TyresAge 1, Wear '2.0'% | '2.0'% | '2.0'% | '1.0'%, Fuel '57.41' Kg, PitStop 'No', Time '01:05.930' ms
Lap 35: Rain 0% -> Compound 'Soft', TyresAge 2, Wear '4.0'% | '4.0'% | '3.0'% | '3.0'%, Fuel '55.95' Kg, PitStop 'No', Time '01:05.954' ms
Lap 36: Rain 0% -> Compound 'Soft', TyresAge 3, Wear '6.0'% | '6.0'% | '5.0'% | '4.0'%, Fuel '54.49' Kg, PitStop 'No', Time '01:05.980' ms
Lap 37: Rain 0% -> Compound 'Soft', TyresAge 4, Wear '9.0'% | '8.0'% | '6.0'% | '6.0'%, Fuel '53.03' Kg, PitStop 'No', Time '01:06.020' ms
Lap 38: Rain 0% -> Compound 'Soft', TyresAge 5, Wear '11.0'% | '11.0'% | '8.0'% | '7.0'%, Fuel '51.56' Kg, PitStop 'No', Time '01:06.062' ms
Lap 39: Rain 0% -> Compound 'Soft', TyresAge 6, Wear '13.0'% | '13.0'% | '9.0'% | '8.0'%, Fuel '50.1' Kg, PitStop 'No', Time '01:06.074' ms
Lap 40: Rain 0% -> Compound 'Soft', TyresAge 7, Wear '15.0'% | '15.0'% | '11.0'% | '10.0'%, Fuel '48.64' Kg, PitStop 'No', Time '01:06.122' ms
Lap 41: Rain 0% -> Compound 'Soft', TyresAge 8, Wear '17.0'% | '17.0'% | '12.0'% | '11.0'%, Fuel '47.18' Kg, PitStop 'No', Time '01:06.134' ms
Lap 42: Rain 0% -> Compound 'Soft', TyresAge 9, Wear '19.0'% | '19.0'% | '14.0'% | '12.0'%, Fuel '45.72' Kg, PitStop 'No', Time '01:06.168' ms
Lap 43: Rain 0% -> Compound 'Soft', TyresAge 0, Wear '0.0'% | '0.0'% | '0.0'% | '0.0'%, Fuel '44.25' Kg, PitStop 'Yes', Time '01:26.056' ms
Lap 44: Rain 0% -> Compound 'Soft', TyresAge 1, Wear '2.0'% | '2.0'% | '2.0'% | '1.0'%, Fuel '42.79' Kg, PitStop 'No', Time '01:05.082' ms
Lap 45: Rain 0% -> Compound 'Soft', TyresAge 0, Wear '0.0'% | '0.0'% | '0.0'% | '0.0'%, Fuel '41.33' Kg, PitStop 'Yes', Time '01:25.888' ms
Lap 46: Rain 0% -> Compound 'Soft', TyresAge 0, Wear '0.0'% | '0.0'% | '0.0'% | '0.0'%, Fuel '39.87' Kg, PitStop 'Yes', Time '01:25.802' ms
Lap 47: Rain 0% -> Compound 'Soft', TyresAge 1, Wear '2.0'% | '2.0'% | '2.0'% | '1.0'%, Fuel '38.4' Kg, PitStop 'No', Time '01:04.828' ms
Lap 48: Rain 0% -> Compound 'Soft', TyresAge 2, Wear '4.0'% | '4.0'% | '3.0'% | '3.0'%, Fuel '36.94' Kg, PitStop 'No', Time '01:04.852' ms
Lap 49: Rain 0% -> Compound 'Soft', TyresAge 0, Wear '0.0'% | '0.0'% | '0.0'% | '0.0'%, Fuel '35.48' Kg, PitStop 'Yes', Time '01:25.548' ms
Lap 50: Rain 0% -> Compound 'Soft', TyresAge 0, Wear '0.0'% | '0.0'% | '0.0'% | '0.0'%, Fuel '34.02' Kg, PitStop 'Yes', Time '01:25.464' ms
Lap 51: Rain 0% -> Compound 'Soft', TyresAge 0, Wear '0.0'% | '0.0'% | '0.0'% | '0.0'%, Fuel '32.56' Kg, PitStop 'Yes', Time '01:25.378' ms
Lap 52: Rain 0% -> Compound 'Soft', TyresAge 1, Wear '2.0'% | '2.0'% | '2.0'% | '1.0'%, Fuel '31.09' Kg, PitStop 'No', Time '01:04.404' ms
Lap 53: Rain 0% -> Compound 'Soft', TyresAge 2, Wear '4.0'% | '4.0'% | '3.0'% | '3.0'%, Fuel '29.63' Kg, PitStop 'No', Time '01:04.428' ms
Lap 54: Rain 0% -> Compound 'Soft', TyresAge 3, Wear '6.0'% | '6.0'% | '5.0'% | '4.0'%, Fuel '28.17' Kg, PitStop 'No', Time '01:04.452' ms
Lap 55: Rain 0% -> Compound 'Soft', TyresAge 0, Wear '0.0'% | '0.0'% | '0.0'% | '0.0'%, Fuel '26.71' Kg, PitStop 'Yes', Time '01:25.040' ms
Lap 56: Rain 0% -> Compound 'Soft', TyresAge 1, Wear '2.0'% | '2.0'% | '2.0'% | '1.0'%, Fuel '25.24' Kg, PitStop 'No', Time '01:04.064' ms
Lap 57: Rain 0% -> Compound 'Soft', TyresAge 0, Wear '0.0'% | '0.0'% | '0.0'% | '0.0'%, Fuel '23.78' Kg, PitStop 'Yes', Time '01:24.870' ms
Lap 58: Rain 0% -> Compound 'Soft', TyresAge 1, Wear '2.0'% | '2.0'% | '2.0'% | '1.0'%, Fuel '22.32' Kg, PitStop 'No', Time '01:03.894' ms
Lap 59: Rain 0% -> Compound 'Soft', TyresAge 0, Wear '0.0'% | '0.0'% | '0.0'% | '0.0'%, Fuel '20.86' Kg, PitStop 'Yes', Time '01:24.700' ms
Lap 60: Rain 0% -> Compound 'Soft', TyresAge 0, Wear '0.0'% | '0.0'% | '0.0'% | '0.0'%, Fuel '19.4' Kg, PitStop 'Yes', Time '01:24.616' ms
Lap 61: Rain 0% -> Compound 'Soft', TyresAge 1, Wear '2.0'% | '2.0'% | '2.0'% | '1.0'%, Fuel '17.93' Kg, PitStop 'No', Time '01:03.640' ms
Lap 62: Rain 0% -> Compound 'Soft', TyresAge 2, Wear '4.0'% | '4.0'% | '3.0'% | '3.0'%, Fuel '16.47' Kg, PitStop 'No', Time '01:03.664' ms
Lap 63: Rain 0% -> Compound 'Soft', TyresAge 3, Wear '6.0'% | '6.0'% | '5.0'% | '4.0'%, Fuel '15.01' Kg, PitStop 'No', Time '01:03.690' ms
Lap 64: Rain 0% -> Compound 'Soft', TyresAge 4, Wear '9.0'% | '8.0'% | '6.0'% | '6.0'%, Fuel '13.55' Kg, PitStop 'No', Time '01:03.730' ms
Lap 65: Rain 0% -> Compound 'Soft', TyresAge 0, Wear '0.0'% | '0.0'% | '0.0'% | '0.0'%, Fuel '12.08' Kg, PitStop 'Yes', Time '01:24.190' ms
Lap 66: Rain 0% -> Compound 'Soft', TyresAge 1, Wear '2.0'% | '2.0'% | '2.0'% | '1.0'%, Fuel '10.62' Kg, PitStop 'No', Time '01:03.216' ms
Lap 67: Rain 0% -> Compound 'Soft', TyresAge 2, Wear '4.0'% | '4.0'% | '3.0'% | '3.0'%, Fuel '9.16' Kg, PitStop 'No', Time '01:03.240' ms
Lap 68: Rain 0% -> Compound 'Soft', TyresAge 3, Wear '6.0'% | '6.0'% | '5.0'% | '4.0'%, Fuel '7.7' Kg, PitStop 'No', Time '01:03.266' ms
Lap 69: Rain 0% -> Compound 'Soft', TyresAge 0, Wear '0.0'% | '0.0'% | '0.0'% | '0.0'%, Fuel '6.24' Kg, PitStop 'Yes', Time '01:23.852' ms
Lap 70: Rain 0% -> Compound 'Soft', TyresAge 1, Wear '2.0'% | '2.0'% | '2.0'% | '1.0'%, Fuel '4.77' Kg, PitStop 'No', Time '01:02.876' ms
Lap 71: Rain 0% -> Compound 'Soft', TyresAge 2, Wear '4.0'% | '4.0'% | '3.0'% | '3.0'%, Fuel '3.31' Kg, PitStop 'No', Time '01:02.902' ms
Time elapsed: 00:15.793
