Log file of circuit Portimao at 14/10/2022 00:32:35

Population: 200
Iterations: 500
Mutation: 0.9
Crossover: 0.6
PitStopTime: 00:22.000
Weather: 'Sunny'

[EA] Generation 1 - Bruteforce solution: 01:28:22.639 -> best overall: 01:45:01.840 - difference: 16:39.201 - valid strategies: 10.0% | threshold is 0.3 - Stuck Counter = 0/5
[EA] Generation 2 - Bruteforce solution: 01:28:22.639 -> best overall: 01:44:19.789 - difference: 15:57.150 - valid strategies: 3.5% | threshold is 0.3 - Stuck Counter = 0/5
[EA] Generation 3 - Bruteforce solution: 01:28:22.639 -> best overall: 01:43:34.573 - difference: 15:11.934 - valid strategies: 9.85% | threshold is 0.3 - Stuck Counter = 0/5
[EA] Generation 4 - Bruteforce solution: 01:28:22.639 -> best overall: 01:42:57.376 - difference: 14:34.737 - valid strategies: 12.87% | threshold is 0.3 - Stuck Counter = 0/5
[EA] Generation 5 - Bruteforce solution: 01:28:22.639 -> best overall: 01:42:33.853 - difference: 14:11.214 - valid strategies: 7.0% | threshold is 0.3 - Stuck Counter = 0/5
[EA] Generation 6 - Bruteforce solution: 01:28:22.639 -> best overall: 01:41:51.949 - difference: 13:29.310 - valid strategies: 7.0% | threshold is 0.3 - Stuck Counter = 0/5
[EA] Generation 7 - Bruteforce solution: 01:28:22.639 -> best overall: 01:41:33.070 - difference: 13:10.431 - valid strategies: 6.93% | threshold is 0.3 - Stuck Counter = 0/5
[EA] Generation 8 - Bruteforce solution: 01:28:22.639 -> best overall: 01:41:02.504 - difference: 12:39.865 - valid strategies: 7.0% | threshold is 0.3 - Stuck Counter = 0/5
[EA] Generation 9 - Bruteforce solution: 01:28:22.639 -> best overall: 01:40:36.434 - difference: 12:13.795 - valid strategies: 6.5% | threshold is 0.3 - Stuck Counter = 0/5
[EA] Generation 10 - Bruteforce solution: 01:28:22.639 -> best overall: 01:40:15.659 - difference: 11:53.020 - valid strategies: 5.0% | threshold is 0.3 - Stuck Counter = 0/5
[EA] Generation 11 - Bruteforce solution: 01:28:22.639 -> best overall: 01:40:15.659 - difference: 11:53.020 - valid strategies: 6.0% | threshold is 0.3 - Stuck Counter = 1/5
[EA] Generation 12 - Bruteforce solution: 01:28:22.639 -> best overall: 01:39:47.782 - difference: 11:25.143 - valid strategies: 3.0% | threshold is 0.3 - Stuck Counter = 0/5
[EA] Generation 13 - Bruteforce solution: 01:28:22.639 -> best overall: 01:39:04.331 - difference: 10:41.692 - valid strategies: 3.5% | threshold is 0.3 - Stuck Counter = 0/5
[EA] Generation 14 - Bruteforce solution: 01:28:22.639 -> best overall: 01:38:35.335 - difference: 10:12.696 - valid strategies: 2.5% | threshold is 0.3 - Stuck Counter = 0/5
[EA] Generation 15 - Bruteforce solution: 01:28:22.639 -> best overall: 01:38:35.335 - difference: 10:12.696 - valid strategies: 2.5% | threshold is 0.3 - Stuck Counter = 1/5
[EA] Generation 16 - Bruteforce solution: 01:28:22.639 -> best overall: 01:38:35.335 - difference: 10:12.696 - valid strategies: 7.0% | threshold is 0.3 - Stuck Counter = 2/5
[EA] Generation 17 - Bruteforce solution: 01:28:22.639 -> best overall: 01:36:52.396 - difference: 08:29.757 - valid strategies: 3.5% | threshold is 0.3 - Stuck Counter = 0/5
[EA] Generation 18 - Bruteforce solution: 01:28:22.639 -> best overall: 01:36:31.621 - difference: 08:08.982 - valid strategies: 10.5% | threshold is 0.3 - Stuck Counter = 0/5
[EA] Generation 19 - Bruteforce solution: 01:28:22.639 -> best overall: 01:35:43.212 - difference: 07:20.573 - valid strategies: 3.5% | threshold is 0.3 - Stuck Counter = 0/5
[EA] Generation 20 - Bruteforce solution: 01:28:22.639 -> best overall: 01:35:04.058 - difference: 06:41.419 - valid strategies: 9.5% | threshold is 0.3 - Stuck Counter = 0/5
[EA] Generation 21 - Bruteforce solution: 01:28:22.639 -> best overall: 01:34:41.090 - difference: 06:18.451 - valid strategies: 7.0% | threshold is 0.3 - Stuck Counter = 0/5
[EA] Generation 22 - Bruteforce solution: 01:28:22.639 -> best overall: 01:34:25.269 - difference: 06:02.630 - valid strategies: 3.5% | threshold is 0.3 - Stuck Counter = 0/5
[EA] Generation 23 - Bruteforce solution: 01:28:22.639 -> best overall: 01:34:04.211 - difference: 05:41.572 - valid strategies: 3.5% | threshold is 0.3 - Stuck Counter = 0/5
[EA] Generation 24 - Bruteforce solution: 01:28:22.639 -> best overall: 01:33:49.352 - difference: 05:26.713 - valid strategies: 3.41% | threshold is 0.3 - Stuck Counter = 0/5
[EA] Generation 25 - Bruteforce solution: 01:28:22.639 -> best overall: 01:33:27.534 - difference: 05:04.895 - valid strategies: 2.5% | threshold is 0.3 - Stuck Counter = 0/5
[EA] Generation 26 - Bruteforce solution: 01:28:22.639 -> best overall: 01:33:27.534 - difference: 05:04.895 - valid strategies: 3.5% | threshold is 0.3 - Stuck Counter = 1/5
[EA] Generation 27 - Bruteforce solution: 01:28:22.639 -> best overall: 01:32:49.084 - difference: 04:26.445 - valid strategies: 3.5% | threshold is 0.3 - Stuck Counter = 0/5
[EA] Generation 28 - Bruteforce solution: 01:28:22.639 -> best overall: 01:32:25.958 - difference: 04:03.319 - valid strategies: 3.0% | threshold is 0.3 - Stuck Counter = 0/5
[EA] Generation 29 - Bruteforce solution: 01:28:22.639 -> best overall: 01:32:08.550 - difference: 03:45.911 - valid strategies: 3.0% | threshold is 0.3 - Stuck Counter = 0/5
[EA] Generation 30 - Bruteforce solution: 01:28:22.639 -> best overall: 01:31:41.699 - difference: 03:19.060 - valid strategies: 3.5% | threshold is 0.3 - Stuck Counter = 0/5
[EA] Generation 31 - Bruteforce solution: 01:28:22.639 -> best overall: 01:31:22.321 - difference: 02:59.682 - valid strategies: 3.5% | threshold is 0.3 - Stuck Counter = 0/5
[EA] Generation 32 - Bruteforce solution: 01:28:22.639 -> best overall: 01:31:00.957 - difference: 02:38.318 - valid strategies: 3.5% | threshold is 0.3 - Stuck Counter = 0/5
[EA] Generation 33 - Bruteforce solution: 01:28:22.639 -> best overall: 01:30:51.574 - difference: 02:28.935 - valid strategies: 2.45% | threshold is 0.3 - Stuck Counter = 0/5
[EA] Generation 34 - Bruteforce solution: 01:28:22.639 -> best overall: 01:30:51.574 - difference: 02:28.935 - valid strategies: 3.5% | threshold is 0.3 - Stuck Counter = 1/5
[EA] Generation 35 - Bruteforce solution: 01:28:22.639 -> best overall: 01:30:33.620 - difference: 02:10.981 - valid strategies: 3.5% | threshold is 0.3 - Stuck Counter = 0/5
[EA] Generation 36 - Bruteforce solution: 01:28:22.639 -> best overall: 01:30:07.427 - difference: 01:44.788 - valid strategies: 3.0% | threshold is 0.3 - Stuck Counter = 0/5
[EA] Generation 37 - Bruteforce solution: 01:28:22.639 -> best overall: 01:29:45.934 - difference: 01:23.295 - valid strategies: 3.5% | threshold is 0.3 - Stuck Counter = 0/5
[EA] Generation 38 - Bruteforce solution: 01:28:22.639 -> best overall: 01:29:35.290 - difference: 01:12.651 - valid strategies: 3.5% | threshold is 0.3 - Stuck Counter = 0/5
[EA] Generation 39 - Bruteforce solution: 01:28:22.639 -> best overall: 01:29:14.871 - difference: 00:52.232 - valid strategies: 3.43% | threshold is 0.3 - Stuck Counter = 0/5
[EA] Generation 40 - Bruteforce solution: 01:28:22.639 -> best overall: 01:28:52.239 - difference: 00:29.600 - valid strategies: 3.5% | threshold is 0.3 - Stuck Counter = 0/5
[EA] Generation 41 - Bruteforce solution: 01:28:22.639 -> best overall: 01:28:35.023 - difference: 00:12.384 - valid strategies: 3.5% | threshold is 0.3 - Stuck Counter = 0/5
[EA] Generation 42 - Bruteforce solution: 01:28:22.639 -> best overall: 01:28:35.004 - difference: 00:12.365 - valid strategies: 6.97% | threshold is 0.3 - Stuck Counter = 0/5
[EA] Generation 43 - Bruteforce solution: 01:28:22.639 -> best overall: 01:28:34.727 - difference: 00:12.088 - valid strategies: 16.5% | threshold is 0.3 - Stuck Counter = 0/5
[EA] Generation 44 - Bruteforce solution: 01:28:22.639 -> best overall: 01:28:34.727 - difference: 00:12.088 - valid strategies: 14.5% | threshold is 0.3 - Stuck Counter = 1/5
[EA] Generation 45 - Bruteforce solution: 01:28:22.639 -> best overall: 01:28:34.727 - difference: 00:12.088 - valid strategies: 17.0% | threshold is 0.3 - Stuck Counter = 2/5
[EA] Generation 46 - Bruteforce solution: 01:28:22.639 -> best overall: 01:28:33.914 - difference: 00:11.275 - valid strategies: 19.0% | threshold is 0.3 - Stuck Counter = 0/5
[EA] Generation 47 - Bruteforce solution: 01:28:22.639 -> best overall: 01:28:33.914 - difference: 00:11.275 - valid strategies: 21.5% | threshold is 0.3 - Stuck Counter = 1/5
[EA] Generation 48 - Bruteforce solution: 01:28:22.639 -> best overall: 01:28:33.914 - difference: 00:11.275 - valid strategies: 9.0% | threshold is 0.3 - Stuck Counter = 2/5
[EA] Generation 49 - Bruteforce solution: 01:28:22.639 -> best overall: 01:28:33.914 - difference: 00:11.275 - valid strategies: 9.0% | threshold is 0.3 - Stuck Counter = 3/5
[EA] Generation 50 - Bruteforce solution: 01:28:22.639 -> best overall: 01:28:33.914 - difference: 00:11.275 - valid strategies: 6.5% | threshold is 0.3 - Stuck Counter = 4/5
[EA] Generation 51 - Bruteforce solution: 01:28:22.639 -> best overall: 01:28:33.914 - difference: 00:11.275 - valid strategies: 6.5% | threshold is 0.25 - Stuck Counter = 0/5
[EA] Generation 52 - Bruteforce solution: 01:28:22.639 -> best overall: 01:28:33.914 - difference: 00:11.275 - valid strategies: 7.0% | threshold is 0.25 - Stuck Counter = 1/5
[EA] Generation 53 - Bruteforce solution: 01:28:22.639 -> best overall: 01:28:33.914 - difference: 00:11.275 - valid strategies: 7.0% | threshold is 0.25 - Stuck Counter = 2/5
[EA] Generation 54 - Bruteforce solution: 01:28:22.639 -> best overall: 01:28:33.914 - difference: 00:11.275 - valid strategies: 10.0% | threshold is 0.25 - Stuck Counter = 3/5
[EA] Generation 55 - Bruteforce solution: 01:28:22.639 -> best overall: 01:28:33.914 - difference: 00:11.275 - valid strategies: 9.5% | threshold is 0.25 - Stuck Counter = 4/5
[EA] Generation 56 - Bruteforce solution: 01:28:22.639 -> best overall: 01:28:33.914 - difference: 00:11.275 - valid strategies: 10.0% | threshold is 0.2 - Stuck Counter = 0/5
[EA] Generation 57 - Bruteforce solution: 01:28:22.639 -> best overall: 01:28:32.787 - difference: 00:10.148 - valid strategies: 12.5% | threshold is 0.3 - Stuck Counter = 0/5
[EA] Generation 58 - Bruteforce solution: 01:28:22.639 -> best overall: 01:28:32.398 - difference: 00:09.759 - valid strategies: 9.5% | threshold is 0.3 - Stuck Counter = 0/5
[EA] Generation 59 - Bruteforce solution: 01:28:22.639 -> best overall: 01:28:32.398 - difference: 00:09.759 - valid strategies: 9.5% | threshold is 0.3 - Stuck Counter = 1/5
[EA] Generation 60 - Bruteforce solution: 01:28:22.639 -> best overall: 01:28:31.733 - difference: 00:09.094 - valid strategies: 13.5% | threshold is 0.3 - Stuck Counter = 0/5
[EA] Generation 61 - Bruteforce solution: 01:28:22.639 -> best overall: 01:28:31.733 - difference: 00:09.094 - valid strategies: 14.0% | threshold is 0.3 - Stuck Counter = 1/5
[EA] Generation 62 - Bruteforce solution: 01:28:22.639 -> best overall: 01:28:31.733 - difference: 00:09.094 - valid strategies: 19.5% | threshold is 0.3 - Stuck Counter = 2/5
[EA] Generation 63 - Bruteforce solution: 01:28:22.639 -> best overall: 01:28:31.733 - difference: 00:09.094 - valid strategies: 26.0% | threshold is 0.3 - Stuck Counter = 3/5
[EA] Generation 64 - Bruteforce solution: 01:28:22.639 -> best overall: 01:28:31.647 - difference: 00:09.008 - valid strategies: 24.5% | threshold is 0.3 - Stuck Counter = 0/5
[EA] Generation 65 - Bruteforce solution: 01:28:22.639 -> best overall: 01:28:31.647 - difference: 00:09.008 - valid strategies: 26.5% | threshold is 0.3 - Stuck Counter = 1/5
[EA] Generation 66 - Bruteforce solution: 01:28:22.639 -> best overall: 01:28:31.647 - difference: 00:09.008 - valid strategies: 25.0% | threshold is 0.3 - Stuck Counter = 2/5
[EA] Generation 67 - Bruteforce solution: 01:28:22.639 -> best overall: 01:28:31.647 - difference: 00:09.008 - valid strategies: 26.5% | threshold is 0.3 - Stuck Counter = 3/5
[EA] Generation 68 - Bruteforce solution: 01:28:22.639 -> best overall: 01:28:31.647 - difference: 00:09.008 - valid strategies: 20.5% | threshold is 0.3 - Stuck Counter = 4/5
[EA] Generation 69 - Bruteforce solution: 01:28:22.639 -> best overall: 01:28:31.647 - difference: 00:09.008 - valid strategies: 13.0% | threshold is 0.25 - Stuck Counter = 0/5
[EA] Generation 70 - Bruteforce solution: 01:28:22.639 -> best overall: 01:28:31.647 - difference: 00:09.008 - valid strategies: 9.5% | threshold is 0.25 - Stuck Counter = 1/5
[EA] Generation 71 - Bruteforce solution: 01:28:22.639 -> best overall: 01:28:31.647 - difference: 00:09.008 - valid strategies: 10.0% | threshold is 0.25 - Stuck Counter = 2/5
[EA] Generation 72 - Bruteforce solution: 01:28:22.639 -> best overall: 01:28:31.647 - difference: 00:09.008 - valid strategies: 9.5% | threshold is 0.25 - Stuck Counter = 3/5
[EA] Generation 73 - Bruteforce solution: 01:28:22.639 -> best overall: 01:28:31.647 - difference: 00:09.008 - valid strategies: 6.0% | threshold is 0.25 - Stuck Counter = 4/5
[EA] Generation 74 - Bruteforce solution: 01:28:22.639 -> best overall: 01:28:31.647 - difference: 00:09.008 - valid strategies: 7.0% | threshold is 0.2 - Stuck Counter = 0/5
[EA] Generation 75 - Bruteforce solution: 01:28:22.639 -> best overall: 01:28:31.647 - difference: 00:09.008 - valid strategies: 6.5% | threshold is 0.2 - Stuck Counter = 1/5
[EA] Generation 76 - Bruteforce solution: 01:28:22.639 -> best overall: 01:28:31.647 - difference: 00:09.008 - valid strategies: 7.0% | threshold is 0.2 - Stuck Counter = 2/5
[EA] Generation 77 - Bruteforce solution: 01:28:22.639 -> best overall: 01:28:31.647 - difference: 00:09.008 - valid strategies: 6.5% | threshold is 0.2 - Stuck Counter = 3/5
[EA] Generation 78 - Bruteforce solution: 01:28:22.639 -> best overall: 01:28:31.647 - difference: 00:09.008 - valid strategies: 6.0% | threshold is 0.2 - Stuck Counter = 4/5
[EA] Generation 79 - Bruteforce solution: 01:28:22.639 -> best overall: 01:28:31.647 - difference: 00:09.008 - valid strategies: 6.0% | threshold is 0.15 - Stuck Counter = 0/5
[EA] Generation 80 - Bruteforce solution: 01:28:22.639 -> best overall: 01:28:31.647 - difference: 00:09.008 - valid strategies: 7.0% | threshold is 0.15 - Stuck Counter = 1/5
[EA] Generation 81 - Bruteforce solution: 01:28:22.639 -> best overall: 01:28:31.647 - difference: 00:09.008 - valid strategies: 7.0% | threshold is 0.15 - Stuck Counter = 2/5
[EA] Generation 82 - Bruteforce solution: 01:28:22.639 -> best overall: 01:28:31.647 - difference: 00:09.008 - valid strategies: 7.0% | threshold is 0.15 - Stuck Counter = 3/5
[EA] Generation 83 - Bruteforce solution: 01:28:22.639 -> best overall: 01:28:31.647 - difference: 00:09.008 - valid strategies: 7.0% | threshold is 0.15 - Stuck Counter = 4/5
[EA] Generation 84 - Bruteforce solution: 01:28:22.639 -> best overall: 01:28:31.647 - difference: 00:09.008 - valid strategies: 6.0% | threshold is 0.1 - Stuck Counter = 0/5
[EA] Generation 85 - Bruteforce solution: 01:28:22.639 -> best overall: 01:28:31.647 - difference: 00:09.008 - valid strategies: 7.0% | threshold is 0.1 - Stuck Counter = 1/5
[EA] Generation 86 - Bruteforce solution: 01:28:22.639 -> best overall: 01:28:31.647 - difference: 00:09.008 - valid strategies: 6.5% | threshold is 0.1 - Stuck Counter = 2/5
[EA] Generation 87 - Bruteforce solution: 01:28:22.639 -> best overall: 01:28:31.647 - difference: 00:09.008 - valid strategies: 5.5% | threshold is 0.1 - Stuck Counter = 3/5
[EA] Generation 88 - Bruteforce solution: 01:28:22.639 -> best overall: 01:28:31.647 - difference: 00:09.008 - valid strategies: 7.0% | threshold is 0.1 - Stuck Counter = 4/5
[EA] Generation 89 - Bruteforce solution: 01:28:22.639 -> best overall: 01:28:31.647 - difference: 00:09.008 - valid strategies: 7.0% | threshold is 0.05 - Stuck Counter = 0/5
[EA] Generation 90 - Bruteforce solution: 01:28:22.639 -> best overall: 01:28:31.647 - difference: 00:09.008 - valid strategies: 7.0% | threshold is 0.05 - Stuck Counter = 1/5
[EA] Generation 91 - Bruteforce solution: 01:28:22.639 -> best overall: 01:28:31.647 - difference: 00:09.008 - valid strategies: 7.0% | threshold is 0.05 - Stuck Counter = 2/5
[EA] Generation 92 - Bruteforce solution: 01:28:22.639 -> best overall: 01:28:31.647 - difference: 00:09.008 - valid strategies: 7.0% | threshold is 0.05 - Stuck Counter = 3/5
[EA] Generation 93 - Bruteforce solution: 01:28:22.639 -> best overall: 01:28:31.647 - difference: 00:09.008 - valid strategies: 6.0% | threshold is 0.05 - Stuck Counter = 4/5
[EA] Generation 94 - Bruteforce solution: 01:28:22.639 -> best overall: 01:28:31.647 - difference: 00:09.008 - valid strategies: 7.0% | threshold is 0.8 - Stuck Counter = 0/5
[EA] Generation 95 - Bruteforce solution: 01:28:22.639 -> best overall: 01:28:31.647 - difference: 00:09.008 - valid strategies: 6.5% | threshold is 0.8 - Stuck Counter = 1/5
[EA] Generation 96 - Bruteforce solution: 01:28:22.639 -> best overall: 01:28:31.647 - difference: 00:09.008 - valid strategies: 7.0% | threshold is 0.8 - Stuck Counter = 2/5
[EA] Generation 97 - Bruteforce solution: 01:28:22.639 -> best overall: 01:28:31.647 - difference: 00:09.008 - valid strategies: 7.0% | threshold is 0.8 - Stuck Counter = 3/5
[EA] Generation 98 - Bruteforce solution: 01:28:22.639 -> best overall: 01:28:31.647 - difference: 00:09.008 - valid strategies: 7.0% | threshold is 0.8 - Stuck Counter = 4/5
[EA] Generation 99 - Bruteforce solution: 01:28:22.639 -> best overall: 01:28:31.647 - difference: 00:09.008 - valid strategies: 7.0% | threshold is 0.75 - Stuck Counter = 0/5
[EA] Generation 100 - Bruteforce solution: 01:28:22.639 -> best overall: 01:28:31.647 - difference: 00:09.008 - valid strategies: 6.5% | threshold is 0.75 - Stuck Counter = 1/5
[EA] Generation 101 - Bruteforce solution: 01:28:22.639 -> best overall: 01:28:31.647 - difference: 00:09.008 - valid strategies: 7.0% | threshold is 0.75 - Stuck Counter = 2/5
[EA] Generation 102 - Bruteforce solution: 01:28:22.639 -> best overall: 01:28:31.647 - difference: 00:09.008 - valid strategies: 7.0% | threshold is 0.75 - Stuck Counter = 3/5
[EA] Generation 103 - Bruteforce solution: 01:28:22.639 -> best overall: 01:28:31.647 - difference: 00:09.008 - valid strategies: 7.0% | threshold is 0.75 - Stuck Counter = 4/5
[EA] Generation 104 - Bruteforce solution: 01:28:22.639 -> best overall: 01:28:31.647 - difference: 00:09.008 - valid strategies: 7.0% | threshold is 0.7 - Stuck Counter = 0/5
[EA] Generation 105 - Bruteforce solution: 01:28:22.639 -> best overall: 01:28:31.647 - difference: 00:09.008 - valid strategies: 7.0% | threshold is 0.7 - Stuck Counter = 1/5
[EA] Generation 106 - Bruteforce solution: 01:28:22.639 -> best overall: 01:28:31.647 - difference: 00:09.008 - valid strategies: 6.5% | threshold is 0.7 - Stuck Counter = 2/5
[EA] Generation 107 - Bruteforce solution: 01:28:22.639 -> best overall: 01:28:31.647 - difference: 00:09.008 - valid strategies: 6.5% | threshold is 0.7 - Stuck Counter = 3/5
[EA] Generation 108 - Bruteforce solution: 01:28:22.639 -> best overall: 01:28:31.647 - difference: 00:09.008 - valid strategies: 6.5% | threshold is 0.7 - Stuck Counter = 4/5
[EA] Generation 109 - Bruteforce solution: 01:28:22.639 -> best overall: 01:28:31.647 - difference: 00:09.008 - valid strategies: 7.0% | threshold is 0.65 - Stuck Counter = 0/5
[EA] Generation 110 - Bruteforce solution: 01:28:22.639 -> best overall: 01:28:31.647 - difference: 00:09.008 - valid strategies: 6.5% | threshold is 0.65 - Stuck Counter = 1/5
[EA] Generation 111 - Bruteforce solution: 01:28:22.639 -> best overall: 01:28:31.647 - difference: 00:09.008 - valid strategies: 6.5% | threshold is 0.65 - Stuck Counter = 2/5
[EA] Generation 112 - Bruteforce solution: 01:28:22.639 -> best overall: 01:28:31.647 - difference: 00:09.008 - valid strategies: 7.0% | threshold is 0.65 - Stuck Counter = 3/5
[EA] Generation 113 - Bruteforce solution: 01:28:22.639 -> best overall: 01:28:31.647 - difference: 00:09.008 - valid strategies: 7.0% | threshold is 0.65 - Stuck Counter = 4/5
[EA] Generation 114 - Bruteforce solution: 01:28:22.639 -> best overall: 01:28:31.647 - difference: 00:09.008 - valid strategies: 7.0% | threshold is 0.6 - Stuck Counter = 0/5
[EA] Generation 115 - Bruteforce solution: 01:28:22.639 -> best overall: 01:28:31.647 - difference: 00:09.008 - valid strategies: 7.0% | threshold is 0.6 - Stuck Counter = 1/5
[EA] Generation 116 - Bruteforce solution: 01:28:22.639 -> best overall: 01:28:31.647 - difference: 00:09.008 - valid strategies: 7.0% | threshold is 0.6 - Stuck Counter = 2/5
[EA] Generation 117 - Bruteforce solution: 01:28:22.639 -> best overall: 01:28:31.647 - difference: 00:09.008 - valid strategies: 7.0% | threshold is 0.6 - Stuck Counter = 3/5
[EA] Generation 118 - Bruteforce solution: 01:28:22.639 -> best overall: 01:28:31.647 - difference: 00:09.008 - valid strategies: 7.0% | threshold is 0.6 - Stuck Counter = 4/5
[EA] Generation 119 - Bruteforce solution: 01:28:22.639 -> best overall: 01:28:31.647 - difference: 00:09.008 - valid strategies: 6.0% | threshold is 0.55 - Stuck Counter = 0/5
[EA] Generation 120 - Bruteforce solution: 01:28:22.639 -> best overall: 01:28:31.647 - difference: 00:09.008 - valid strategies: 7.0% | threshold is 0.55 - Stuck Counter = 1/5
[EA] Generation 121 - Bruteforce solution: 01:28:22.639 -> best overall: 01:28:31.647 - difference: 00:09.008 - valid strategies: 6.0% | threshold is 0.55 - Stuck Counter = 2/5
[EA] Generation 122 - Bruteforce solution: 01:28:22.639 -> best overall: 01:28:31.647 - difference: 00:09.008 - valid strategies: 7.0% | threshold is 0.55 - Stuck Counter = 3/5
[EA] Generation 123 - Bruteforce solution: 01:28:22.639 -> best overall: 01:28:31.647 - difference: 00:09.008 - valid strategies: 6.5% | threshold is 0.55 - Stuck Counter = 4/5
[EA] Generation 124 - Bruteforce solution: 01:28:22.639 -> best overall: 01:28:31.647 - difference: 00:09.008 - valid strategies: 7.0% | threshold is 0.5 - Stuck Counter = 0/5
[EA] Generation 125 - Bruteforce solution: 01:28:22.639 -> best overall: 01:28:31.647 - difference: 00:09.008 - valid strategies: 7.0% | threshold is 0.5 - Stuck Counter = 1/5
[EA] Generation 126 - Bruteforce solution: 01:28:22.639 -> best overall: 01:28:31.647 - difference: 00:09.008 - valid strategies: 7.0% | threshold is 0.5 - Stuck Counter = 2/5
[EA] Generation 127 - Bruteforce solution: 01:28:22.639 -> best overall: 01:28:31.647 - difference: 00:09.008 - valid strategies: 6.5% | threshold is 0.5 - Stuck Counter = 3/5
[EA] Generation 128 - Bruteforce solution: 01:28:22.639 -> best overall: 01:28:31.647 - difference: 00:09.008 - valid strategies: 7.0% | threshold is 0.5 - Stuck Counter = 4/5
[EA] Generation 129 - Bruteforce solution: 01:28:22.639 -> best overall: 01:28:31.647 - difference: 00:09.008 - valid strategies: 7.0% | threshold is 0.45 - Stuck Counter = 0/5
[EA] Generation 130 - Bruteforce solution: 01:28:22.639 -> best overall: 01:28:31.647 - difference: 00:09.008 - valid strategies: 6.5% | threshold is 0.45 - Stuck Counter = 1/5
[EA] Generation 131 - Bruteforce solution: 01:28:22.639 -> best overall: 01:28:31.647 - difference: 00:09.008 - valid strategies: 7.0% | threshold is 0.45 - Stuck Counter = 2/5
[EA] Generation 132 - Bruteforce solution: 01:28:22.639 -> best overall: 01:28:31.647 - difference: 00:09.008 - valid strategies: 6.0% | threshold is 0.45 - Stuck Counter = 3/5
[EA] Generation 133 - Bruteforce solution: 01:28:22.639 -> best overall: 01:28:31.647 - difference: 00:09.008 - valid strategies: 7.0% | threshold is 0.45 - Stuck Counter = 4/5
[EA] Generation 134 - Bruteforce solution: 01:28:22.639 -> best overall: 01:28:31.647 - difference: 00:09.008 - valid strategies: 7.0% | threshold is 0.4 - Stuck Counter = 0/5
[EA] Generation 135 - Bruteforce solution: 01:28:22.639 -> best overall: 01:28:31.647 - difference: 00:09.008 - valid strategies: 7.0% | threshold is 0.4 - Stuck Counter = 1/5
[EA] Generation 136 - Bruteforce solution: 01:28:22.639 -> best overall: 01:28:31.647 - difference: 00:09.008 - valid strategies: 6.0% | threshold is 0.4 - Stuck Counter = 2/5
[EA] Generation 137 - Bruteforce solution: 01:28:22.639 -> best overall: 01:28:31.647 - difference: 00:09.008 - valid strategies: 7.0% | threshold is 0.4 - Stuck Counter = 3/5
[EA] Generation 138 - Bruteforce solution: 01:28:22.639 -> best overall: 01:28:31.647 - difference: 00:09.008 - valid strategies: 7.0% | threshold is 0.4 - Stuck Counter = 4/5
[EA] Generation 139 - Bruteforce solution: 01:28:22.639 -> best overall: 01:28:31.647 - difference: 00:09.008 - valid strategies: 7.0% | threshold is 0.35 - Stuck Counter = 0/5
[EA] Generation 140 - Bruteforce solution: 01:28:22.639 -> best overall: 01:28:31.647 - difference: 00:09.008 - valid strategies: 10.0% | threshold is 0.35 - Stuck Counter = 1/5
[EA] Generation 141 - Bruteforce solution: 01:28:22.639 -> best overall: 01:28:31.647 - difference: 00:09.008 - valid strategies: 9.5% | threshold is 0.35 - Stuck Counter = 2/5
[EA] Generation 142 - Bruteforce solution: 01:28:22.639 -> best overall: 01:28:31.647 - difference: 00:09.008 - valid strategies: 10.0% | threshold is 0.35 - Stuck Counter = 3/5
[EA] Generation 143 - Bruteforce solution: 01:28:22.639 -> best overall: 01:28:31.647 - difference: 00:09.008 - valid strategies: 10.5% | threshold is 0.35 - Stuck Counter = 4/5
[EA] Generation 144 - Bruteforce solution: 01:28:22.639 -> best overall: 01:28:31.526 - difference: 00:08.887 - valid strategies: 14.0% | threshold is 0.3 - Stuck Counter = 0/5
[EA] Generation 145 - Bruteforce solution: 01:28:22.639 -> best overall: 01:28:31.526 - difference: 00:08.887 - valid strategies: 10.0% | threshold is 0.3 - Stuck Counter = 1/5
[EA] Generation 146 - Bruteforce solution: 01:28:22.639 -> best overall: 01:28:31.526 - difference: 00:08.887 - valid strategies: 10.0% | threshold is 0.3 - Stuck Counter = 2/5
[EA] Generation 147 - Bruteforce solution: 01:28:22.639 -> best overall: 01:28:31.526 - difference: 00:08.887 - valid strategies: 10.5% | threshold is 0.3 - Stuck Counter = 3/5
[EA] Generation 148 - Bruteforce solution: 01:28:22.639 -> best overall: 01:28:31.526 - difference: 00:08.887 - valid strategies: 7.0% | threshold is 0.3 - Stuck Counter = 4/5
[EA] Generation 149 - Bruteforce solution: 01:28:22.639 -> best overall: 01:28:31.526 - difference: 00:08.887 - valid strategies: 10.5% | threshold is 0.25 - Stuck Counter = 0/5
[EA] Generation 150 - Bruteforce solution: 01:28:22.639 -> best overall: 01:28:31.526 - difference: 00:08.887 - valid strategies: 10.5% | threshold is 0.25 - Stuck Counter = 1/5
[EA] Generation 151 - Bruteforce solution: 01:28:22.639 -> best overall: 01:28:31.526 - difference: 00:08.887 - valid strategies: 7.0% | threshold is 0.25 - Stuck Counter = 2/5
[EA] Generation 152 - Bruteforce solution: 01:28:22.639 -> best overall: 01:28:31.526 - difference: 00:08.887 - valid strategies: 6.0% | threshold is 0.25 - Stuck Counter = 3/5
[EA] Generation 153 - Bruteforce solution: 01:28:22.639 -> best overall: 01:28:31.526 - difference: 00:08.887 - valid strategies: 6.5% | threshold is 0.25 - Stuck Counter = 4/5
[EA] Generation 154 - Bruteforce solution: 01:28:22.639 -> best overall: 01:28:31.526 - difference: 00:08.887 - valid strategies: 7.0% | threshold is 0.2 - Stuck Counter = 0/5
[EA] Generation 155 - Bruteforce solution: 01:28:22.639 -> best overall: 01:28:31.526 - difference: 00:08.887 - valid strategies: 5.91% | threshold is 0.2 - Stuck Counter = 1/5
[EA] Generation 156 - Bruteforce solution: 01:28:22.639 -> best overall: 01:28:31.526 - difference: 00:08.887 - valid strategies: 7.0% | threshold is 0.2 - Stuck Counter = 2/5
[EA] Generation 157 - Bruteforce solution: 01:28:22.639 -> best overall: 01:28:31.526 - difference: 00:08.887 - valid strategies: 6.5% | threshold is 0.2 - Stuck Counter = 3/5
[EA] Generation 158 - Bruteforce solution: 01:28:22.639 -> best overall: 01:28:31.526 - difference: 00:08.887 - valid strategies: 7.0% | threshold is 0.2 - Stuck Counter = 4/5
[EA] Generation 159 - Bruteforce solution: 01:28:22.639 -> best overall: 01:28:31.526 - difference: 00:08.887 - valid strategies: 7.0% | threshold is 0.15 - Stuck Counter = 0/5
[EA] Generation 160 - Bruteforce solution: 01:28:22.639 -> best overall: 01:28:31.526 - difference: 00:08.887 - valid strategies: 6.5% | threshold is 0.15 - Stuck Counter = 1/5
[EA] Generation 161 - Bruteforce solution: 01:28:22.639 -> best overall: 01:28:31.526 - difference: 00:08.887 - valid strategies: 7.0% | threshold is 0.15 - Stuck Counter = 2/5
[EA] Generation 162 - Bruteforce solution: 01:28:22.639 -> best overall: 01:28:31.526 - difference: 00:08.887 - valid strategies: 5.5% | threshold is 0.15 - Stuck Counter = 3/5
[EA] Generation 163 - Bruteforce solution: 01:28:22.639 -> best overall: 01:28:31.526 - difference: 00:08.887 - valid strategies: 6.0% | threshold is 0.15 - Stuck Counter = 4/5
[EA] Generation 164 - Bruteforce solution: 01:28:22.639 -> best overall: 01:28:31.526 - difference: 00:08.887 - valid strategies: 7.0% | threshold is 0.1 - Stuck Counter = 0/5
[EA] Generation 165 - Bruteforce solution: 01:28:22.639 -> best overall: 01:28:31.526 - difference: 00:08.887 - valid strategies: 6.5% | threshold is 0.1 - Stuck Counter = 1/5
[EA] Generation 166 - Bruteforce solution: 01:28:22.639 -> best overall: 01:28:31.526 - difference: 00:08.887 - valid strategies: 4.0% | threshold is 0.1 - Stuck Counter = 2/5
[EA] Generation 167 - Bruteforce solution: 01:28:22.639 -> best overall: 01:28:31.526 - difference: 00:08.887 - valid strategies: 3.5% | threshold is 0.1 - Stuck Counter = 3/5
[EA] Generation 168 - Bruteforce solution: 01:28:22.639 -> best overall: 01:28:31.526 - difference: 00:08.887 - valid strategies: 3.5% | threshold is 0.1 - Stuck Counter = 4/5
[EA] Generation 169 - Bruteforce solution: 01:28:22.639 -> best overall: 01:28:31.526 - difference: 00:08.887 - valid strategies: 3.5% | threshold is 0.05 - Stuck Counter = 0/5
[EA] Generation 170 - Bruteforce solution: 01:28:22.639 -> best overall: 01:28:31.526 - difference: 00:08.887 - valid strategies: 3.5% | threshold is 0.05 - Stuck Counter = 1/5
[EA] Generation 171 - Bruteforce solution: 01:28:22.639 -> best overall: 01:28:31.526 - difference: 00:08.887 - valid strategies: 3.5% | threshold is 0.05 - Stuck Counter = 2/5
[EA] Generation 172 - Bruteforce solution: 01:28:22.639 -> best overall: 01:28:31.526 - difference: 00:08.887 - valid strategies: 2.5% | threshold is 0.05 - Stuck Counter = 3/5
[EA] Generation 173 - Bruteforce solution: 01:28:22.639 -> best overall: 01:28:31.526 - difference: 00:08.887 - valid strategies: 2.5% | threshold is 0.05 - Stuck Counter = 4/5
[EA] Generation 174 - Bruteforce solution: 01:28:22.639 -> best overall: 01:28:31.526 - difference: 00:08.887 - valid strategies: 3.5% | threshold is 0.32 - Stuck Counter = 0/5
[EA] Generation 175 - Bruteforce solution: 01:28:22.639 -> best overall: 01:28:31.526 - difference: 00:08.887 - valid strategies: 3.5% | threshold is 0.32 - Stuck Counter = 1/5
[EA] Generation 176 - Bruteforce solution: 01:28:22.639 -> best overall: 01:28:31.526 - difference: 00:08.887 - valid strategies: 3.5% | threshold is 0.32 - Stuck Counter = 2/5
[EA] Generation 177 - Bruteforce solution: 01:28:22.639 -> best overall: 01:28:31.526 - difference: 00:08.887 - valid strategies: 3.5% | threshold is 0.32 - Stuck Counter = 3/5
[EA] Generation 178 - Bruteforce solution: 01:28:22.639 -> best overall: 01:28:31.526 - difference: 00:08.887 - valid strategies: 3.5% | threshold is 0.32 - Stuck Counter = 4/5
[EA] Generation 179 - Bruteforce solution: 01:28:22.639 -> best overall: 01:28:31.526 - difference: 00:08.887 - valid strategies: 3.5% | threshold is 0.27 - Stuck Counter = 0/5
[EA] Generation 180 - Bruteforce solution: 01:28:22.639 -> best overall: 01:28:31.526 - difference: 00:08.887 - valid strategies: 3.5% | threshold is 0.27 - Stuck Counter = 1/5
[EA] Generation 181 - Bruteforce solution: 01:28:22.639 -> best overall: 01:28:31.526 - difference: 00:08.887 - valid strategies: 3.5% | threshold is 0.27 - Stuck Counter = 2/5
[EA] Generation 182 - Bruteforce solution: 01:28:22.639 -> best overall: 01:28:31.526 - difference: 00:08.887 - valid strategies: 3.5% | threshold is 0.27 - Stuck Counter = 3/5
[EA] Generation 183 - Bruteforce solution: 01:28:22.639 -> best overall: 01:28:31.526 - difference: 00:08.887 - valid strategies: 3.5% | threshold is 0.27 - Stuck Counter = 4/5
[EA] Generation 184 - Bruteforce solution: 01:28:22.639 -> best overall: 01:28:31.526 - difference: 00:08.887 - valid strategies: 3.0% | threshold is 0.22 - Stuck Counter = 0/5
[EA] Generation 185 - Bruteforce solution: 01:28:22.639 -> best overall: 01:28:31.526 - difference: 00:08.887 - valid strategies: 3.5% | threshold is 0.22 - Stuck Counter = 1/5
[EA] Generation 186 - Bruteforce solution: 01:28:22.639 -> best overall: 01:28:31.526 - difference: 00:08.887 - valid strategies: 2.5% | threshold is 0.22 - Stuck Counter = 2/5
[EA] Generation 187 - Bruteforce solution: 01:28:22.639 -> best overall: 01:28:31.526 - difference: 00:08.887 - valid strategies: 2.5% | threshold is 0.22 - Stuck Counter = 3/5
[EA] Generation 188 - Bruteforce solution: 01:28:22.639 -> best overall: 01:28:31.526 - difference: 00:08.887 - valid strategies: 3.5% | threshold is 0.22 - Stuck Counter = 4/5
[EA] Generation 189 - Bruteforce solution: 01:28:22.639 -> best overall: 01:28:31.526 - difference: 00:08.887 - valid strategies: 3.5% | threshold is 0.17 - Stuck Counter = 0/5
[EA] Generation 190 - Bruteforce solution: 01:28:22.639 -> best overall: 01:28:31.526 - difference: 00:08.887 - valid strategies: 2.5% | threshold is 0.17 - Stuck Counter = 1/5
[EA] Generation 191 - Bruteforce solution: 01:28:22.639 -> best overall: 01:28:31.526 - difference: 00:08.887 - valid strategies: 3.5% | threshold is 0.17 - Stuck Counter = 2/5
[EA] Generation 192 - Bruteforce solution: 01:28:22.639 -> best overall: 01:28:31.526 - difference: 00:08.887 - valid strategies: 3.5% | threshold is 0.17 - Stuck Counter = 3/5
[EA] Generation 193 - Bruteforce solution: 01:28:22.639 -> best overall: 01:28:31.526 - difference: 00:08.887 - valid strategies: 3.5% | threshold is 0.17 - Stuck Counter = 4/5
[EA] Generation 194 - Bruteforce solution: 01:28:22.639 -> best overall: 01:28:31.526 - difference: 00:08.887 - valid strategies: 3.5% | threshold is 0.12 - Stuck Counter = 0/5
[EA] Generation 195 - Bruteforce solution: 01:28:22.639 -> best overall: 01:28:31.526 - difference: 00:08.887 - valid strategies: 3.5% | threshold is 0.12 - Stuck Counter = 1/5
[EA] Generation 196 - Bruteforce solution: 01:28:22.639 -> best overall: 01:28:31.526 - difference: 00:08.887 - valid strategies: 3.5% | threshold is 0.12 - Stuck Counter = 2/5
[EA] Generation 197 - Bruteforce solution: 01:28:22.639 -> best overall: 01:28:31.526 - difference: 00:08.887 - valid strategies: 3.5% | threshold is 0.12 - Stuck Counter = 3/5
[EA] Generation 198 - Bruteforce solution: 01:28:22.639 -> best overall: 01:28:31.526 - difference: 00:08.887 - valid strategies: 3.5% | threshold is 0.12 - Stuck Counter = 4/5
[EA] Generation 199 - Bruteforce solution: 01:28:22.639 -> best overall: 01:28:31.526 - difference: 00:08.887 - valid strategies: 3.5% | threshold is 0.07 - Stuck Counter = 0/5
[EA] Generation 200 - Bruteforce solution: 01:28:22.639 -> best overall: 01:28:31.526 - difference: 00:08.887 - valid strategies: 3.5% | threshold is 0.07 - Stuck Counter = 1/5
[EA] Generation 201 - Bruteforce solution: 01:28:22.639 -> best overall: 01:28:31.526 - difference: 00:08.887 - valid strategies: 3.5% | threshold is 0.07 - Stuck Counter = 2/5
[EA] Generation 202 - Bruteforce solution: 01:28:22.639 -> best overall: 01:28:31.526 - difference: 00:08.887 - valid strategies: 3.5% | threshold is 0.07 - Stuck Counter = 3/5
[EA] Generation 203 - Bruteforce solution: 01:28:22.639 -> best overall: 01:28:31.526 - difference: 00:08.887 - valid strategies: 3.5% | threshold is 0.07 - Stuck Counter = 4/5
[EA] Generation 204 - Bruteforce solution: 01:28:22.639 -> best overall: 01:28:31.526 - difference: 00:08.887 - valid strategies: 3.5% | threshold is 0.02 - Stuck Counter = 0/5
[EA] Generation 205 - Bruteforce solution: 01:28:22.639 -> best overall: 01:28:31.526 - difference: 00:08.887 - valid strategies: 2.5% | threshold is 0.02 - Stuck Counter = 1/5
[EA] Generation 206 - Bruteforce solution: 01:28:22.639 -> best overall: 01:28:31.526 - difference: 00:08.887 - valid strategies: 3.0% | threshold is 0.02 - Stuck Counter = 2/5
[EA] Generation 207 - Bruteforce solution: 01:28:22.639 -> best overall: 01:28:31.526 - difference: 00:08.887 - valid strategies: 3.5% | threshold is 0.02 - Stuck Counter = 3/5
[EA] Generation 208 - Bruteforce solution: 01:28:22.639 -> best overall: 01:28:31.526 - difference: 00:08.887 - valid strategies: 3.0% | threshold is 0.02 - Stuck Counter = 4/5
[EA] Generation 209 - Bruteforce solution: 01:28:22.639 -> best overall: 01:28:31.526 - difference: 00:08.887 - valid strategies: 2.5% | threshold is 0.68 - Stuck Counter = 0/5
[EA] Generation 210 - Bruteforce solution: 01:28:22.639 -> best overall: 01:28:31.526 - difference: 00:08.887 - valid strategies: 3.5% | threshold is 0.68 - Stuck Counter = 1/5
[EA] Generation 211 - Bruteforce solution: 01:28:22.639 -> best overall: 01:28:31.526 - difference: 00:08.887 - valid strategies: 3.5% | threshold is 0.68 - Stuck Counter = 2/5
[EA] Generation 212 - Bruteforce solution: 01:28:22.639 -> best overall: 01:28:31.526 - difference: 00:08.887 - valid strategies: 3.5% | threshold is 0.68 - Stuck Counter = 3/5
[EA] Generation 213 - Bruteforce solution: 01:28:22.639 -> best overall: 01:28:31.526 - difference: 00:08.887 - valid strategies: 3.5% | threshold is 0.68 - Stuck Counter = 4/5
[EA] Generation 214 - Bruteforce solution: 01:28:22.639 -> best overall: 01:28:31.526 - difference: 00:08.887 - valid strategies: 2.5% | threshold is 0.63 - Stuck Counter = 0/5
[EA] Generation 215 - Bruteforce solution: 01:28:22.639 -> best overall: 01:28:31.526 - difference: 00:08.887 - valid strategies: 3.5% | threshold is 0.63 - Stuck Counter = 1/5
[EA] Generation 216 - Bruteforce solution: 01:28:22.639 -> best overall: 01:28:31.526 - difference: 00:08.887 - valid strategies: 3.5% | threshold is 0.63 - Stuck Counter = 2/5
[EA] Generation 217 - Bruteforce solution: 01:28:22.639 -> best overall: 01:28:31.526 - difference: 00:08.887 - valid strategies: 3.5% | threshold is 0.63 - Stuck Counter = 3/5
[EA] Generation 218 - Bruteforce solution: 01:28:22.639 -> best overall: 01:28:31.526 - difference: 00:08.887 - valid strategies: 3.5% | threshold is 0.63 - Stuck Counter = 4/5
[EA] Generation 219 - Bruteforce solution: 01:28:22.639 -> best overall: 01:28:31.526 - difference: 00:08.887 - valid strategies: 3.5% | threshold is 0.58 - Stuck Counter = 0/5
[EA] Generation 220 - Bruteforce solution: 01:28:22.639 -> best overall: 01:28:31.526 - difference: 00:08.887 - valid strategies: 3.0% | threshold is 0.58 - Stuck Counter = 1/5
[EA] Generation 221 - Bruteforce solution: 01:28:22.639 -> best overall: 01:28:31.526 - difference: 00:08.887 - valid strategies: 3.5% | threshold is 0.58 - Stuck Counter = 2/5
[EA] Generation 222 - Bruteforce solution: 01:28:22.639 -> best overall: 01:28:31.526 - difference: 00:08.887 - valid strategies: 3.5% | threshold is 0.58 - Stuck Counter = 3/5
[EA] Generation 223 - Bruteforce solution: 01:28:22.639 -> best overall: 01:28:31.526 - difference: 00:08.887 - valid strategies: 3.5% | threshold is 0.58 - Stuck Counter = 4/5
[EA] Generation 224 - Bruteforce solution: 01:28:22.639 -> best overall: 01:28:31.526 - difference: 00:08.887 - valid strategies: 3.5% | threshold is 0.53 - Stuck Counter = 0/5
[EA] Generation 225 - Bruteforce solution: 01:28:22.639 -> best overall: 01:28:31.526 - difference: 00:08.887 - valid strategies: 2.0% | threshold is 0.53 - Stuck Counter = 1/5
[EA] Generation 226 - Bruteforce solution: 01:28:22.639 -> best overall: 01:28:31.526 - difference: 00:08.887 - valid strategies: 3.5% | threshold is 0.53 - Stuck Counter = 2/5
[EA] Generation 227 - Bruteforce solution: 01:28:22.639 -> best overall: 01:28:31.526 - difference: 00:08.887 - valid strategies: 3.5% | threshold is 0.53 - Stuck Counter = 3/5
[EA] Generation 228 - Bruteforce solution: 01:28:22.639 -> best overall: 01:28:31.526 - difference: 00:08.887 - valid strategies: 2.5% | threshold is 0.53 - Stuck Counter = 4/5
[EA] Generation 229 - Bruteforce solution: 01:28:22.639 -> best overall: 01:28:31.526 - difference: 00:08.887 - valid strategies: 3.5% | threshold is 0.48 - Stuck Counter = 0/5
[EA] Generation 230 - Bruteforce solution: 01:28:22.639 -> best overall: 01:28:31.526 - difference: 00:08.887 - valid strategies: 3.5% | threshold is 0.48 - Stuck Counter = 1/5
[EA] Generation 231 - Bruteforce solution: 01:28:22.639 -> best overall: 01:28:31.526 - difference: 00:08.887 - valid strategies: 3.5% | threshold is 0.48 - Stuck Counter = 2/5
[EA] Generation 232 - Bruteforce solution: 01:28:22.639 -> best overall: 01:28:31.526 - difference: 00:08.887 - valid strategies: 3.5% | threshold is 0.48 - Stuck Counter = 3/5
[EA] Generation 233 - Bruteforce solution: 01:28:22.639 -> best overall: 01:28:31.526 - difference: 00:08.887 - valid strategies: 3.5% | threshold is 0.48 - Stuck Counter = 4/5
[EA] Generation 234 - Bruteforce solution: 01:28:22.639 -> best overall: 01:28:31.526 - difference: 00:08.887 - valid strategies: 2.5% | threshold is 0.43 - Stuck Counter = 0/5
[EA] Generation 235 - Bruteforce solution: 01:28:22.639 -> best overall: 01:28:31.526 - difference: 00:08.887 - valid strategies: 2.5% | threshold is 0.43 - Stuck Counter = 1/5
[EA] Generation 236 - Bruteforce solution: 01:28:22.639 -> best overall: 01:28:31.526 - difference: 00:08.887 - valid strategies: 2.5% | threshold is 0.43 - Stuck Counter = 2/5
[EA] Generation 237 - Bruteforce solution: 01:28:22.639 -> best overall: 01:28:31.526 - difference: 00:08.887 - valid strategies: 3.5% | threshold is 0.43 - Stuck Counter = 3/5
[EA] Generation 238 - Bruteforce solution: 01:28:22.639 -> best overall: 01:28:31.526 - difference: 00:08.887 - valid strategies: 3.5% | threshold is 0.43 - Stuck Counter = 4/5
[EA] Generation 239 - Bruteforce solution: 01:28:22.639 -> best overall: 01:28:31.526 - difference: 00:08.887 - valid strategies: 3.5% | threshold is 0.38 - Stuck Counter = 0/5
[EA] Generation 240 - Bruteforce solution: 01:28:22.639 -> best overall: 01:28:31.526 - difference: 00:08.887 - valid strategies: 3.5% | threshold is 0.38 - Stuck Counter = 1/5
[EA] Generation 241 - Bruteforce solution: 01:28:22.639 -> best overall: 01:28:31.526 - difference: 00:08.887 - valid strategies: 3.0% | threshold is 0.38 - Stuck Counter = 2/5
[EA] Generation 242 - Bruteforce solution: 01:28:22.639 -> best overall: 01:28:31.526 - difference: 00:08.887 - valid strategies: 3.0% | threshold is 0.38 - Stuck Counter = 3/5
[EA] Generation 243 - Bruteforce solution: 01:28:22.639 -> best overall: 01:28:31.526 - difference: 00:08.887 - valid strategies: 3.5% | threshold is 0.38 - Stuck Counter = 4/5
[EA] Generation 244 - Bruteforce solution: 01:28:22.639 -> best overall: 01:28:31.526 - difference: 00:08.887 - valid strategies: 3.0% | threshold is 0.33 - Stuck Counter = 0/5
[EA] Generation 245 - Bruteforce solution: 01:28:22.639 -> best overall: 01:28:31.526 - difference: 00:08.887 - valid strategies: 3.43% | threshold is 0.33 - Stuck Counter = 1/5
[EA] Generation 246 - Bruteforce solution: 01:28:22.639 -> best overall: 01:28:31.526 - difference: 00:08.887 - valid strategies: 3.5% | threshold is 0.33 - Stuck Counter = 2/5
[EA] Generation 247 - Bruteforce solution: 01:28:22.639 -> best overall: 01:28:31.526 - difference: 00:08.887 - valid strategies: 2.5% | threshold is 0.33 - Stuck Counter = 3/5
[EA] Generation 248 - Bruteforce solution: 01:28:22.639 -> best overall: 01:28:31.526 - difference: 00:08.887 - valid strategies: 3.0% | threshold is 0.33 - Stuck Counter = 4/5
[EA] Generation 249 - Bruteforce solution: 01:28:22.639 -> best overall: 01:28:31.526 - difference: 00:08.887 - valid strategies: 3.5% | threshold is 0.28 - Stuck Counter = 0/5
[EA] Generation 250 - Bruteforce solution: 01:28:22.639 -> best overall: 01:28:31.526 - difference: 00:08.887 - valid strategies: 3.5% | threshold is 0.28 - Stuck Counter = 1/5
[EA] Generation 251 - Bruteforce solution: 01:28:22.639 -> best overall: 01:28:31.526 - difference: 00:08.887 - valid strategies: 3.5% | threshold is 0.28 - Stuck Counter = 2/5
[EA] Generation 252 - Bruteforce solution: 01:28:22.639 -> best overall: 01:28:31.526 - difference: 00:08.887 - valid strategies: 2.5% | threshold is 0.28 - Stuck Counter = 3/5
[EA] Generation 253 - Bruteforce solution: 01:28:22.639 -> best overall: 01:28:31.526 - difference: 00:08.887 - valid strategies: 3.5% | threshold is 0.28 - Stuck Counter = 4/5
[EA] Generation 254 - Bruteforce solution: 01:28:22.639 -> best overall: 01:28:31.526 - difference: 00:08.887 - valid strategies: 3.5% | threshold is 0.23 - Stuck Counter = 0/5
[EA] Generation 255 - Bruteforce solution: 01:28:22.639 -> best overall: 01:28:31.526 - difference: 00:08.887 - valid strategies: 3.0% | threshold is 0.23 - Stuck Counter = 1/5
[EA] Generation 256 - Bruteforce solution: 01:28:22.639 -> best overall: 01:28:31.526 - difference: 00:08.887 - valid strategies: 3.5% | threshold is 0.23 - Stuck Counter = 2/5
[EA] Generation 257 - Bruteforce solution: 01:28:22.639 -> best overall: 01:28:31.526 - difference: 00:08.887 - valid strategies: 3.0% | threshold is 0.23 - Stuck Counter = 3/5
[EA] Generation 258 - Bruteforce solution: 01:28:22.639 -> best overall: 01:28:31.526 - difference: 00:08.887 - valid strategies: 3.5% | threshold is 0.23 - Stuck Counter = 4/5
[EA] Generation 259 - Bruteforce solution: 01:28:22.639 -> best overall: 01:28:31.526 - difference: 00:08.887 - valid strategies: 2.5% | threshold is 0.18 - Stuck Counter = 0/5
[EA] Generation 260 - Bruteforce solution: 01:28:22.639 -> best overall: 01:28:31.526 - difference: 00:08.887 - valid strategies: 3.5% | threshold is 0.18 - Stuck Counter = 1/5
[EA] Generation 261 - Bruteforce solution: 01:28:22.639 -> best overall: 01:28:31.526 - difference: 00:08.887 - valid strategies: 3.0% | threshold is 0.18 - Stuck Counter = 2/5
[EA] Generation 262 - Bruteforce solution: 01:28:22.639 -> best overall: 01:28:31.526 - difference: 00:08.887 - valid strategies: 3.5% | threshold is 0.18 - Stuck Counter = 3/5
[EA] Generation 263 - Bruteforce solution: 01:28:22.639 -> best overall: 01:28:31.526 - difference: 00:08.887 - valid strategies: 3.0% | threshold is 0.18 - Stuck Counter = 4/5
[EA] Generation 264 - Bruteforce solution: 01:28:22.639 -> best overall: 01:28:31.526 - difference: 00:08.887 - valid strategies: 3.5% | threshold is 0.13 - Stuck Counter = 0/5
[EA] Generation 265 - Bruteforce solution: 01:28:22.639 -> best overall: 01:28:31.526 - difference: 00:08.887 - valid strategies: 3.5% | threshold is 0.13 - Stuck Counter = 1/5
[EA] Generation 266 - Bruteforce solution: 01:28:22.639 -> best overall: 01:28:31.526 - difference: 00:08.887 - valid strategies: 3.5% | threshold is 0.13 - Stuck Counter = 2/5
[EA] Generation 267 - Bruteforce solution: 01:28:22.639 -> best overall: 01:28:31.526 - difference: 00:08.887 - valid strategies: 3.5% | threshold is 0.13 - Stuck Counter = 3/5
[EA] Generation 268 - Bruteforce solution: 01:28:22.639 -> best overall: 01:28:31.526 - difference: 00:08.887 - valid strategies: 3.5% | threshold is 0.13 - Stuck Counter = 4/5
[EA] Generation 269 - Bruteforce solution: 01:28:22.639 -> best overall: 01:28:31.526 - difference: 00:08.887 - valid strategies: 3.5% | threshold is 0.08 - Stuck Counter = 0/5
[EA] Generation 270 - Bruteforce solution: 01:28:22.639 -> best overall: 01:28:31.526 - difference: 00:08.887 - valid strategies: 2.5% | threshold is 0.08 - Stuck Counter = 1/5
[EA] Generation 271 - Bruteforce solution: 01:28:22.639 -> best overall: 01:28:31.526 - difference: 00:08.887 - valid strategies: 3.5% | threshold is 0.08 - Stuck Counter = 2/5
[EA] Generation 272 - Bruteforce solution: 01:28:22.639 -> best overall: 01:28:31.526 - difference: 00:08.887 - valid strategies: 2.5% | threshold is 0.08 - Stuck Counter = 3/5
[EA] Generation 273 - Bruteforce solution: 01:28:22.639 -> best overall: 01:28:31.526 - difference: 00:08.887 - valid strategies: 3.5% | threshold is 0.08 - Stuck Counter = 4/5
[EA] Generation 274 - Bruteforce solution: 01:28:22.639 -> best overall: 01:28:31.526 - difference: 00:08.887 - valid strategies: 7.0% | threshold is 0.03 - Stuck Counter = 0/5
[EA] Generation 275 - Bruteforce solution: 01:28:22.639 -> best overall: 01:28:31.526 - difference: 00:08.887 - valid strategies: 6.0% | threshold is 0.03 - Stuck Counter = 1/5
[EA] Generation 276 - Bruteforce solution: 01:28:22.639 -> best overall: 01:28:31.526 - difference: 00:08.887 - valid strategies: 4.5% | threshold is 0.03 - Stuck Counter = 2/5
[EA] Generation 277 - Bruteforce solution: 01:28:22.639 -> best overall: 01:28:31.526 - difference: 00:08.887 - valid strategies: 7.0% | threshold is 0.03 - Stuck Counter = 3/5
[EA] Generation 278 - Bruteforce solution: 01:28:22.639 -> best overall: 01:28:31.526 - difference: 00:08.887 - valid strategies: 3.5% | threshold is 0.03 - Stuck Counter = 4/5
[EA] Generation 279 - Bruteforce solution: 01:28:22.639 -> best overall: 01:28:31.526 - difference: 00:08.887 - valid strategies: 2.5% | threshold is 0.59 - Stuck Counter = 0/5
[EA] Generation 280 - Bruteforce solution: 01:28:22.639 -> best overall: 01:28:31.526 - difference: 00:08.887 - valid strategies: 3.5% | threshold is 0.59 - Stuck Counter = 1/5
[EA] Generation 281 - Bruteforce solution: 01:28:22.639 -> best overall: 01:28:31.526 - difference: 00:08.887 - valid strategies: 3.5% | threshold is 0.59 - Stuck Counter = 2/5
[EA] Generation 282 - Bruteforce solution: 01:28:22.639 -> best overall: 01:28:31.526 - difference: 00:08.887 - valid strategies: 3.5% | threshold is 0.59 - Stuck Counter = 3/5
[EA] Generation 283 - Bruteforce solution: 01:28:22.639 -> best overall: 01:28:31.526 - difference: 00:08.887 - valid strategies: 3.5% | threshold is 0.59 - Stuck Counter = 4/5
[EA] Generation 284 - Bruteforce solution: 01:28:22.639 -> best overall: 01:28:31.526 - difference: 00:08.887 - valid strategies: 3.5% | threshold is 0.54 - Stuck Counter = 0/5
[EA] Generation 285 - Bruteforce solution: 01:28:22.639 -> best overall: 01:28:31.526 - difference: 00:08.887 - valid strategies: 3.5% | threshold is 0.54 - Stuck Counter = 1/5
[EA] Generation 286 - Bruteforce solution: 01:28:22.639 -> best overall: 01:28:31.526 - difference: 00:08.887 - valid strategies: 3.0% | threshold is 0.54 - Stuck Counter = 2/5
[EA] Generation 287 - Bruteforce solution: 01:28:22.639 -> best overall: 01:28:31.526 - difference: 00:08.887 - valid strategies: 3.5% | threshold is 0.54 - Stuck Counter = 3/5
[EA] Generation 288 - Bruteforce solution: 01:28:22.639 -> best overall: 01:28:31.526 - difference: 00:08.887 - valid strategies: 3.5% | threshold is 0.54 - Stuck Counter = 4/5
[EA] Generation 289 - Bruteforce solution: 01:28:22.639 -> best overall: 01:28:31.526 - difference: 00:08.887 - valid strategies: 3.5% | threshold is 0.49 - Stuck Counter = 0/5
[EA] Generation 290 - Bruteforce solution: 01:28:22.639 -> best overall: 01:28:31.526 - difference: 00:08.887 - valid strategies: 3.0% | threshold is 0.49 - Stuck Counter = 1/5
[EA] Generation 291 - Bruteforce solution: 01:28:22.639 -> best overall: 01:28:31.526 - difference: 00:08.887 - valid strategies: 3.5% | threshold is 0.49 - Stuck Counter = 2/5
[EA] Generation 292 - Bruteforce solution: 01:28:22.639 -> best overall: 01:28:31.526 - difference: 00:08.887 - valid strategies: 3.5% | threshold is 0.49 - Stuck Counter = 3/5
[EA] Generation 293 - Bruteforce solution: 01:28:22.639 -> best overall: 01:28:31.526 - difference: 00:08.887 - valid strategies: 3.5% | threshold is 0.49 - Stuck Counter = 4/5
[EA] Generation 294 - Bruteforce solution: 01:28:22.639 -> best overall: 01:28:31.526 - difference: 00:08.887 - valid strategies: 3.5% | threshold is 0.44 - Stuck Counter = 0/5
[EA] Generation 295 - Bruteforce solution: 01:28:22.639 -> best overall: 01:28:31.526 - difference: 00:08.887 - valid strategies: 3.5% | threshold is 0.44 - Stuck Counter = 1/5
[EA] Generation 296 - Bruteforce solution: 01:28:22.639 -> best overall: 01:28:31.526 - difference: 00:08.887 - valid strategies: 3.0% | threshold is 0.44 - Stuck Counter = 2/5
[EA] Generation 297 - Bruteforce solution: 01:28:22.639 -> best overall: 01:28:31.526 - difference: 00:08.887 - valid strategies: 3.5% | threshold is 0.44 - Stuck Counter = 3/5
[EA] Generation 298 - Bruteforce solution: 01:28:22.639 -> best overall: 01:28:31.526 - difference: 00:08.887 - valid strategies: 3.5% | threshold is 0.44 - Stuck Counter = 4/5
[EA] Generation 299 - Bruteforce solution: 01:28:22.639 -> best overall: 01:28:31.526 - difference: 00:08.887 - valid strategies: 3.5% | threshold is 0.39 - Stuck Counter = 0/5
[EA] Generation 300 - Bruteforce solution: 01:28:22.639 -> best overall: 01:28:31.526 - difference: 00:08.887 - valid strategies: 3.5% | threshold is 0.39 - Stuck Counter = 1/5
[EA] Generation 301 - Bruteforce solution: 01:28:22.639 -> best overall: 01:28:31.526 - difference: 00:08.887 - valid strategies: 2.5% | threshold is 0.39 - Stuck Counter = 2/5
[EA] Generation 302 - Bruteforce solution: 01:28:22.639 -> best overall: 01:28:31.526 - difference: 00:08.887 - valid strategies: 3.0% | threshold is 0.39 - Stuck Counter = 3/5
[EA] Generation 303 - Bruteforce solution: 01:28:22.639 -> best overall: 01:28:31.526 - difference: 00:08.887 - valid strategies: 3.5% | threshold is 0.39 - Stuck Counter = 4/5
[EA] Generation 304 - Bruteforce solution: 01:28:22.639 -> best overall: 01:28:31.526 - difference: 00:08.887 - valid strategies: 3.5% | threshold is 0.34 - Stuck Counter = 0/5
[EA] Generation 305 - Bruteforce solution: 01:28:22.639 -> best overall: 01:28:31.526 - difference: 00:08.887 - valid strategies: 3.5% | threshold is 0.34 - Stuck Counter = 1/5
[EA] Generation 306 - Bruteforce solution: 01:28:22.639 -> best overall: 01:28:31.526 - difference: 00:08.887 - valid strategies: 3.5% | threshold is 0.34 - Stuck Counter = 2/5
[EA] Generation 307 - Bruteforce solution: 01:28:22.639 -> best overall: 01:28:31.526 - difference: 00:08.887 - valid strategies: 3.5% | threshold is 0.34 - Stuck Counter = 3/5
[EA] Generation 308 - Bruteforce solution: 01:28:22.639 -> best overall: 01:28:31.526 - difference: 00:08.887 - valid strategies: 3.0% | threshold is 0.34 - Stuck Counter = 4/5
[EA] Generation 309 - Bruteforce solution: 01:28:22.639 -> best overall: 01:28:31.526 - difference: 00:08.887 - valid strategies: 3.5% | threshold is 0.29 - Stuck Counter = 0/5
[EA] Generation 310 - Bruteforce solution: 01:28:22.639 -> best overall: 01:28:31.526 - difference: 00:08.887 - valid strategies: 2.5% | threshold is 0.29 - Stuck Counter = 1/5
[EA] Generation 311 - Bruteforce solution: 01:28:22.639 -> best overall: 01:28:31.526 - difference: 00:08.887 - valid strategies: 3.5% | threshold is 0.29 - Stuck Counter = 2/5
[EA] Generation 312 - Bruteforce solution: 01:28:22.639 -> best overall: 01:28:31.526 - difference: 00:08.887 - valid strategies: 3.5% | threshold is 0.29 - Stuck Counter = 3/5
[EA] Generation 313 - Bruteforce solution: 01:28:22.639 -> best overall: 01:28:31.526 - difference: 00:08.887 - valid strategies: 3.5% | threshold is 0.29 - Stuck Counter = 4/5
[EA] Generation 314 - Bruteforce solution: 01:28:22.639 -> best overall: 01:28:31.526 - difference: 00:08.887 - valid strategies: 3.5% | threshold is 0.24 - Stuck Counter = 0/5
[EA] Generation 315 - Bruteforce solution: 01:28:22.639 -> best overall: 01:28:31.526 - difference: 00:08.887 - valid strategies: 3.5% | threshold is 0.24 - Stuck Counter = 1/5
[EA] Generation 316 - Bruteforce solution: 01:28:22.639 -> best overall: 01:28:31.526 - difference: 00:08.887 - valid strategies: 3.5% | threshold is 0.24 - Stuck Counter = 2/5
[EA] Generation 317 - Bruteforce solution: 01:28:22.639 -> best overall: 01:28:31.526 - difference: 00:08.887 - valid strategies: 3.5% | threshold is 0.24 - Stuck Counter = 3/5
[EA] Generation 318 - Bruteforce solution: 01:28:22.639 -> best overall: 01:28:31.526 - difference: 00:08.887 - valid strategies: 3.5% | threshold is 0.24 - Stuck Counter = 4/5
[EA] Generation 319 - Bruteforce solution: 01:28:22.639 -> best overall: 01:28:31.526 - difference: 00:08.887 - valid strategies: 3.5% | threshold is 0.19 - Stuck Counter = 0/5
[EA] Generation 320 - Bruteforce solution: 01:28:22.639 -> best overall: 01:28:31.526 - difference: 00:08.887 - valid strategies: 3.5% | threshold is 0.19 - Stuck Counter = 1/5
[EA] Generation 321 - Bruteforce solution: 01:28:22.639 -> best overall: 01:28:31.526 - difference: 00:08.887 - valid strategies: 3.0% | threshold is 0.19 - Stuck Counter = 2/5
[EA] Generation 322 - Bruteforce solution: 01:28:22.639 -> best overall: 01:28:31.526 - difference: 00:08.887 - valid strategies: 2.5% | threshold is 0.19 - Stuck Counter = 3/5
[EA] Generation 323 - Bruteforce solution: 01:28:22.639 -> best overall: 01:28:31.526 - difference: 00:08.887 - valid strategies: 3.0% | threshold is 0.19 - Stuck Counter = 4/5
[EA] Generation 324 - Bruteforce solution: 01:28:22.639 -> best overall: 01:28:31.526 - difference: 00:08.887 - valid strategies: 3.5% | threshold is 0.14 - Stuck Counter = 0/5
[EA] Generation 325 - Bruteforce solution: 01:28:22.639 -> best overall: 01:28:31.526 - difference: 00:08.887 - valid strategies: 2.5% | threshold is 0.14 - Stuck Counter = 1/5
[EA] Generation 326 - Bruteforce solution: 01:28:22.639 -> best overall: 01:28:31.526 - difference: 00:08.887 - valid strategies: 3.5% | threshold is 0.14 - Stuck Counter = 2/5
[EA] Generation 327 - Bruteforce solution: 01:28:22.639 -> best overall: 01:28:31.526 - difference: 00:08.887 - valid strategies: 3.5% | threshold is 0.14 - Stuck Counter = 3/5
[EA] Generation 328 - Bruteforce solution: 01:28:22.639 -> best overall: 01:28:31.526 - difference: 00:08.887 - valid strategies: 3.5% | threshold is 0.14 - Stuck Counter = 4/5
[EA] Generation 329 - Bruteforce solution: 01:28:22.639 -> best overall: 01:28:31.526 - difference: 00:08.887 - valid strategies: 3.5% | threshold is 0.09 - Stuck Counter = 0/5
[EA] Generation 330 - Bruteforce solution: 01:28:22.639 -> best overall: 01:28:31.526 - difference: 00:08.887 - valid strategies: 3.5% | threshold is 0.09 - Stuck Counter = 1/5
[EA] Generation 331 - Bruteforce solution: 01:28:22.639 -> best overall: 01:28:31.526 - difference: 00:08.887 - valid strategies: 2.5% | threshold is 0.09 - Stuck Counter = 2/5
[EA] Generation 332 - Bruteforce solution: 01:28:22.639 -> best overall: 01:28:31.526 - difference: 00:08.887 - valid strategies: 3.0% | threshold is 0.09 - Stuck Counter = 3/5
[EA] Generation 333 - Bruteforce solution: 01:28:22.639 -> best overall: 01:28:31.526 - difference: 00:08.887 - valid strategies: 3.5% | threshold is 0.09 - Stuck Counter = 4/5
[EA] Generation 334 - Bruteforce solution: 01:28:22.639 -> best overall: 01:28:31.526 - difference: 00:08.887 - valid strategies: 2.0% | threshold is 0.04 - Stuck Counter = 0/5
[EA] Generation 335 - Bruteforce solution: 01:28:22.639 -> best overall: 01:28:31.526 - difference: 00:08.887 - valid strategies: 3.0% | threshold is 0.04 - Stuck Counter = 1/5
[EA] Generation 336 - Bruteforce solution: 01:28:22.639 -> best overall: 01:28:31.526 - difference: 00:08.887 - valid strategies: 3.5% | threshold is 0.04 - Stuck Counter = 2/5
[EA] Generation 337 - Bruteforce solution: 01:28:22.639 -> best overall: 01:28:31.526 - difference: 00:08.887 - valid strategies: 3.5% | threshold is 0.04 - Stuck Counter = 3/5
[EA] Generation 338 - Bruteforce solution: 01:28:22.639 -> best overall: 01:28:31.526 - difference: 00:08.887 - valid strategies: 3.5% | threshold is 0.04 - Stuck Counter = 4/5
[EA] Generation 339 - Bruteforce solution: 01:28:22.639 -> best overall: 01:28:31.526 - difference: 00:08.887 - valid strategies: 3.5% | threshold is 0.38 - Stuck Counter = 0/5
[EA] Generation 340 - Bruteforce solution: 01:28:22.639 -> best overall: 01:28:31.526 - difference: 00:08.887 - valid strategies: 3.0% | threshold is 0.38 - Stuck Counter = 1/5
[EA] Generation 341 - Bruteforce solution: 01:28:22.639 -> best overall: 01:28:31.526 - difference: 00:08.887 - valid strategies: 3.5% | threshold is 0.38 - Stuck Counter = 2/5
[EA] Generation 342 - Bruteforce solution: 01:28:22.639 -> best overall: 01:28:31.526 - difference: 00:08.887 - valid strategies: 3.5% | threshold is 0.38 - Stuck Counter = 3/5
[EA] Generation 343 - Bruteforce solution: 01:28:22.639 -> best overall: 01:28:31.526 - difference: 00:08.887 - valid strategies: 2.5% | threshold is 0.38 - Stuck Counter = 4/5
[EA] Generation 344 - Bruteforce solution: 01:28:22.639 -> best overall: 01:28:31.526 - difference: 00:08.887 - valid strategies: 2.5% | threshold is 0.33 - Stuck Counter = 0/5
[EA] Generation 345 - Bruteforce solution: 01:28:22.639 -> best overall: 01:28:31.526 - difference: 00:08.887 - valid strategies: 3.5% | threshold is 0.33 - Stuck Counter = 1/5
[EA] Generation 346 - Bruteforce solution: 01:28:22.639 -> best overall: 01:28:31.526 - difference: 00:08.887 - valid strategies: 3.5% | threshold is 0.33 - Stuck Counter = 2/5
[EA] Generation 347 - Bruteforce solution: 01:28:22.639 -> best overall: 01:28:31.526 - difference: 00:08.887 - valid strategies: 3.5% | threshold is 0.33 - Stuck Counter = 3/5
[EA] Generation 348 - Bruteforce solution: 01:28:22.639 -> best overall: 01:28:31.526 - difference: 00:08.887 - valid strategies: 2.5% | threshold is 0.33 - Stuck Counter = 4/5
[EA] Generation 349 - Bruteforce solution: 01:28:22.639 -> best overall: 01:28:31.526 - difference: 00:08.887 - valid strategies: 3.5% | threshold is 0.28 - Stuck Counter = 0/5
[EA] Generation 350 - Bruteforce solution: 01:28:22.639 -> best overall: 01:28:31.526 - difference: 00:08.887 - valid strategies: 3.5% | threshold is 0.28 - Stuck Counter = 1/5
[EA] Generation 351 - Bruteforce solution: 01:28:22.639 -> best overall: 01:28:31.526 - difference: 00:08.887 - valid strategies: 3.5% | threshold is 0.28 - Stuck Counter = 2/5
[EA] Generation 352 - Bruteforce solution: 01:28:22.639 -> best overall: 01:28:31.526 - difference: 00:08.887 - valid strategies: 3.5% | threshold is 0.28 - Stuck Counter = 3/5
[EA] Generation 353 - Bruteforce solution: 01:28:22.639 -> best overall: 01:28:31.526 - difference: 00:08.887 - valid strategies: 2.0% | threshold is 0.28 - Stuck Counter = 4/5
[EA] Generation 354 - Bruteforce solution: 01:28:22.639 -> best overall: 01:28:31.526 - difference: 00:08.887 - valid strategies: 3.5% | threshold is 0.23 - Stuck Counter = 0/5
[EA] Generation 355 - Bruteforce solution: 01:28:22.639 -> best overall: 01:28:31.526 - difference: 00:08.887 - valid strategies: 3.0% | threshold is 0.23 - Stuck Counter = 1/5
[EA] Generation 356 - Bruteforce solution: 01:28:22.639 -> best overall: 01:28:31.526 - difference: 00:08.887 - valid strategies: 2.5% | threshold is 0.23 - Stuck Counter = 2/5
[EA] Generation 357 - Bruteforce solution: 01:28:22.639 -> best overall: 01:28:31.526 - difference: 00:08.887 - valid strategies: 3.5% | threshold is 0.23 - Stuck Counter = 3/5
[EA] Generation 358 - Bruteforce solution: 01:28:22.639 -> best overall: 01:28:31.526 - difference: 00:08.887 - valid strategies: 3.5% | threshold is 0.23 - Stuck Counter = 4/5
[EA] Generation 359 - Bruteforce solution: 01:28:22.639 -> best overall: 01:28:31.526 - difference: 00:08.887 - valid strategies: 3.5% | threshold is 0.18 - Stuck Counter = 0/5
[EA] Generation 360 - Bruteforce solution: 01:28:22.639 -> best overall: 01:28:31.526 - difference: 00:08.887 - valid strategies: 3.5% | threshold is 0.18 - Stuck Counter = 1/5
[EA] Generation 361 - Bruteforce solution: 01:28:22.639 -> best overall: 01:28:31.526 - difference: 00:08.887 - valid strategies: 3.5% | threshold is 0.18 - Stuck Counter = 2/5
[EA] Generation 362 - Bruteforce solution: 01:28:22.639 -> best overall: 01:28:31.526 - difference: 00:08.887 - valid strategies: 3.5% | threshold is 0.18 - Stuck Counter = 3/5
[EA] Generation 363 - Bruteforce solution: 01:28:22.639 -> best overall: 01:28:31.526 - difference: 00:08.887 - valid strategies: 3.5% | threshold is 0.18 - Stuck Counter = 4/5
[EA] Generation 364 - Bruteforce solution: 01:28:22.639 -> best overall: 01:28:31.526 - difference: 00:08.887 - valid strategies: 3.5% | threshold is 0.13 - Stuck Counter = 0/5
[EA] Generation 365 - Bruteforce solution: 01:28:22.639 -> best overall: 01:28:31.526 - difference: 00:08.887 - valid strategies: 2.5% | threshold is 0.13 - Stuck Counter = 1/5
[EA] Generation 366 - Bruteforce solution: 01:28:22.639 -> best overall: 01:28:31.526 - difference: 00:08.887 - valid strategies: 3.5% | threshold is 0.13 - Stuck Counter = 2/5
[EA] Generation 367 - Bruteforce solution: 01:28:22.639 -> best overall: 01:28:31.526 - difference: 00:08.887 - valid strategies: 3.5% | threshold is 0.13 - Stuck Counter = 3/5
[EA] Generation 368 - Bruteforce solution: 01:28:22.639 -> best overall: 01:28:31.526 - difference: 00:08.887 - valid strategies: 3.5% | threshold is 0.13 - Stuck Counter = 4/5
[EA] Generation 369 - Bruteforce solution: 01:28:22.639 -> best overall: 01:28:31.526 - difference: 00:08.887 - valid strategies: 3.5% | threshold is 0.08 - Stuck Counter = 0/5
[EA] Generation 370 - Bruteforce solution: 01:28:22.639 -> best overall: 01:28:31.526 - difference: 00:08.887 - valid strategies: 3.5% | threshold is 0.08 - Stuck Counter = 1/5
[EA] Generation 371 - Bruteforce solution: 01:28:22.639 -> best overall: 01:28:31.526 - difference: 00:08.887 - valid strategies: 3.0% | threshold is 0.08 - Stuck Counter = 2/5
[EA] Generation 372 - Bruteforce solution: 01:28:22.639 -> best overall: 01:28:31.526 - difference: 00:08.887 - valid strategies: 3.5% | threshold is 0.08 - Stuck Counter = 3/5
[EA] Generation 373 - Bruteforce solution: 01:28:22.639 -> best overall: 01:28:31.526 - difference: 00:08.887 - valid strategies: 3.5% | threshold is 0.08 - Stuck Counter = 4/5
[EA] Generation 374 - Bruteforce solution: 01:28:22.639 -> best overall: 01:28:31.526 - difference: 00:08.887 - valid strategies: 3.5% | threshold is 0.03 - Stuck Counter = 0/5
[EA] Generation 375 - Bruteforce solution: 01:28:22.639 -> best overall: 01:28:31.526 - difference: 00:08.887 - valid strategies: 3.5% | threshold is 0.03 - Stuck Counter = 1/5
[EA] Generation 376 - Bruteforce solution: 01:28:22.639 -> best overall: 01:28:31.526 - difference: 00:08.887 - valid strategies: 3.5% | threshold is 0.03 - Stuck Counter = 2/5
[EA] Generation 377 - Bruteforce solution: 01:28:22.639 -> best overall: 01:28:31.526 - difference: 00:08.887 - valid strategies: 3.5% | threshold is 0.03 - Stuck Counter = 3/5
[EA] Generation 378 - Bruteforce solution: 01:28:22.639 -> best overall: 01:28:31.526 - difference: 00:08.887 - valid strategies: 3.5% | threshold is 0.03 - Stuck Counter = 4/5
[EA] Generation 379 - Bruteforce solution: 01:28:22.639 -> best overall: 01:28:31.526 - difference: 00:08.887 - valid strategies: 3.0% | threshold is 0.9 - Stuck Counter = 0/5
[EA] Generation 380 - Bruteforce solution: 01:28:22.639 -> best overall: 01:28:31.526 - difference: 00:08.887 - valid strategies: 3.5% | threshold is 0.9 - Stuck Counter = 1/5
[EA] Generation 381 - Bruteforce solution: 01:28:22.639 -> best overall: 01:28:31.526 - difference: 00:08.887 - valid strategies: 3.5% | threshold is 0.9 - Stuck Counter = 2/5
[EA] Generation 382 - Bruteforce solution: 01:28:22.639 -> best overall: 01:28:31.526 - difference: 00:08.887 - valid strategies: 3.0% | threshold is 0.9 - Stuck Counter = 3/5
[EA] Generation 383 - Bruteforce solution: 01:28:22.639 -> best overall: 01:28:31.526 - difference: 00:08.887 - valid strategies: 3.5% | threshold is 0.9 - Stuck Counter = 4/5
[EA] Generation 384 - Bruteforce solution: 01:28:22.639 -> best overall: 01:28:31.526 - difference: 00:08.887 - valid strategies: 3.5% | threshold is 0.85 - Stuck Counter = 0/5
[EA] Generation 385 - Bruteforce solution: 01:28:22.639 -> best overall: 01:28:31.526 - difference: 00:08.887 - valid strategies: 3.5% | threshold is 0.85 - Stuck Counter = 1/5
[EA] Generation 386 - Bruteforce solution: 01:28:22.639 -> best overall: 01:28:31.526 - difference: 00:08.887 - valid strategies: 3.0% | threshold is 0.85 - Stuck Counter = 2/5
[EA] Generation 387 - Bruteforce solution: 01:28:22.639 -> best overall: 01:28:31.526 - difference: 00:08.887 - valid strategies: 3.5% | threshold is 0.85 - Stuck Counter = 3/5
[EA] Generation 388 - Bruteforce solution: 01:28:22.639 -> best overall: 01:28:31.526 - difference: 00:08.887 - valid strategies: 3.5% | threshold is 0.85 - Stuck Counter = 4/5
[EA] Generation 389 - Bruteforce solution: 01:28:22.639 -> best overall: 01:28:31.526 - difference: 00:08.887 - valid strategies: 3.5% | threshold is 0.8 - Stuck Counter = 0/5
[EA] Generation 390 - Bruteforce solution: 01:28:22.639 -> best overall: 01:28:31.526 - difference: 00:08.887 - valid strategies: 3.5% | threshold is 0.8 - Stuck Counter = 1/5
[EA] Generation 391 - Bruteforce solution: 01:28:22.639 -> best overall: 01:28:31.526 - difference: 00:08.887 - valid strategies: 3.0% | threshold is 0.8 - Stuck Counter = 2/5
[EA] Generation 392 - Bruteforce solution: 01:28:22.639 -> best overall: 01:28:31.526 - difference: 00:08.887 - valid strategies: 3.0% | threshold is 0.8 - Stuck Counter = 3/5
[EA] Generation 393 - Bruteforce solution: 01:28:22.639 -> best overall: 01:28:31.526 - difference: 00:08.887 - valid strategies: 3.5% | threshold is 0.8 - Stuck Counter = 4/5
[EA] Generation 394 - Bruteforce solution: 01:28:22.639 -> best overall: 01:28:31.526 - difference: 00:08.887 - valid strategies: 3.0% | threshold is 0.75 - Stuck Counter = 0/5
[EA] Generation 395 - Bruteforce solution: 01:28:22.639 -> best overall: 01:28:31.526 - difference: 00:08.887 - valid strategies: 3.5% | threshold is 0.75 - Stuck Counter = 1/5
[EA] Generation 396 - Bruteforce solution: 01:28:22.639 -> best overall: 01:28:31.526 - difference: 00:08.887 - valid strategies: 3.5% | threshold is 0.75 - Stuck Counter = 2/5
[EA] Generation 397 - Bruteforce solution: 01:28:22.639 -> best overall: 01:28:31.526 - difference: 00:08.887 - valid strategies: 3.5% | threshold is 0.75 - Stuck Counter = 3/5
[EA] Generation 398 - Bruteforce solution: 01:28:22.639 -> best overall: 01:28:31.526 - difference: 00:08.887 - valid strategies: 3.5% | threshold is 0.75 - Stuck Counter = 4/5
[EA] Generation 399 - Bruteforce solution: 01:28:22.639 -> best overall: 01:28:31.526 - difference: 00:08.887 - valid strategies: 3.5% | threshold is 0.7 - Stuck Counter = 0/5
[EA] Generation 400 - Bruteforce solution: 01:28:22.639 -> best overall: 01:28:31.526 - difference: 00:08.887 - valid strategies: 3.5% | threshold is 0.7 - Stuck Counter = 1/5
[EA] Generation 401 - Bruteforce solution: 01:28:22.639 -> best overall: 01:28:31.526 - difference: 00:08.887 - valid strategies: 3.5% | threshold is 0.7 - Stuck Counter = 2/5
[EA] Generation 402 - Bruteforce solution: 01:28:22.639 -> best overall: 01:28:31.526 - difference: 00:08.887 - valid strategies: 3.5% | threshold is 0.7 - Stuck Counter = 3/5
[EA] Generation 403 - Bruteforce solution: 01:28:22.639 -> best overall: 01:28:31.526 - difference: 00:08.887 - valid strategies: 3.5% | threshold is 0.7 - Stuck Counter = 4/5
[EA] Generation 404 - Bruteforce solution: 01:28:22.639 -> best overall: 01:28:31.526 - difference: 00:08.887 - valid strategies: 3.5% | threshold is 0.65 - Stuck Counter = 0/5
[EA] Generation 405 - Bruteforce solution: 01:28:22.639 -> best overall: 01:28:31.526 - difference: 00:08.887 - valid strategies: 3.5% | threshold is 0.65 - Stuck Counter = 1/5
[EA] Generation 406 - Bruteforce solution: 01:28:22.639 -> best overall: 01:28:31.526 - difference: 00:08.887 - valid strategies: 3.5% | threshold is 0.65 - Stuck Counter = 2/5
[EA] Generation 407 - Bruteforce solution: 01:28:22.639 -> best overall: 01:28:31.526 - difference: 00:08.887 - valid strategies: 3.5% | threshold is 0.65 - Stuck Counter = 3/5
[EA] Generation 408 - Bruteforce solution: 01:28:22.639 -> best overall: 01:28:31.526 - difference: 00:08.887 - valid strategies: 3.5% | threshold is 0.65 - Stuck Counter = 4/5
[EA] Generation 409 - Bruteforce solution: 01:28:22.639 -> best overall: 01:28:31.526 - difference: 00:08.887 - valid strategies: 3.5% | threshold is 0.6 - Stuck Counter = 0/5
[EA] Generation 410 - Bruteforce solution: 01:28:22.639 -> best overall: 01:28:31.526 - difference: 00:08.887 - valid strategies: 3.5% | threshold is 0.6 - Stuck Counter = 1/5
[EA] Generation 411 - Bruteforce solution: 01:28:22.639 -> best overall: 01:28:31.526 - difference: 00:08.887 - valid strategies: 3.5% | threshold is 0.6 - Stuck Counter = 2/5
[EA] Generation 412 - Bruteforce solution: 01:28:22.639 -> best overall: 01:28:31.526 - difference: 00:08.887 - valid strategies: 3.5% | threshold is 0.6 - Stuck Counter = 3/5
[EA] Generation 413 - Bruteforce solution: 01:28:22.639 -> best overall: 01:28:31.526 - difference: 00:08.887 - valid strategies: 2.0% | threshold is 0.6 - Stuck Counter = 4/5
[EA] Generation 414 - Bruteforce solution: 01:28:22.639 -> best overall: 01:28:31.526 - difference: 00:08.887 - valid strategies: 3.5% | threshold is 0.55 - Stuck Counter = 0/5
[EA] Generation 415 - Bruteforce solution: 01:28:22.639 -> best overall: 01:28:31.526 - difference: 00:08.887 - valid strategies: 3.5% | threshold is 0.55 - Stuck Counter = 1/5
[EA] Generation 416 - Bruteforce solution: 01:28:22.639 -> best overall: 01:28:31.526 - difference: 00:08.887 - valid strategies: 3.5% | threshold is 0.55 - Stuck Counter = 2/5
[EA] Generation 417 - Bruteforce solution: 01:28:22.639 -> best overall: 01:28:31.526 - difference: 00:08.887 - valid strategies: 3.5% | threshold is 0.55 - Stuck Counter = 3/5
[EA] Generation 418 - Bruteforce solution: 01:28:22.639 -> best overall: 01:28:31.526 - difference: 00:08.887 - valid strategies: 3.5% | threshold is 0.55 - Stuck Counter = 4/5
[EA] Generation 419 - Bruteforce solution: 01:28:22.639 -> best overall: 01:28:31.526 - difference: 00:08.887 - valid strategies: 3.5% | threshold is 0.5 - Stuck Counter = 0/5
[EA] Generation 420 - Bruteforce solution: 01:28:22.639 -> best overall: 01:28:31.526 - difference: 00:08.887 - valid strategies: 3.5% | threshold is 0.5 - Stuck Counter = 1/5
[EA] Generation 421 - Bruteforce solution: 01:28:22.639 -> best overall: 01:28:31.526 - difference: 00:08.887 - valid strategies: 3.0% | threshold is 0.5 - Stuck Counter = 2/5
[EA] Generation 422 - Bruteforce solution: 01:28:22.639 -> best overall: 01:28:31.526 - difference: 00:08.887 - valid strategies: 3.5% | threshold is 0.5 - Stuck Counter = 3/5
[EA] Generation 423 - Bruteforce solution: 01:28:22.639 -> best overall: 01:28:31.526 - difference: 00:08.887 - valid strategies: 3.0% | threshold is 0.5 - Stuck Counter = 4/5
[EA] Generation 424 - Bruteforce solution: 01:28:22.639 -> best overall: 01:28:31.526 - difference: 00:08.887 - valid strategies: 3.5% | threshold is 0.45 - Stuck Counter = 0/5
[EA] Generation 425 - Bruteforce solution: 01:28:22.639 -> best overall: 01:28:31.526 - difference: 00:08.887 - valid strategies: 3.5% | threshold is 0.45 - Stuck Counter = 1/5
[EA] Generation 426 - Bruteforce solution: 01:28:22.639 -> best overall: 01:28:31.526 - difference: 00:08.887 - valid strategies: 3.5% | threshold is 0.45 - Stuck Counter = 2/5
[EA] Generation 427 - Bruteforce solution: 01:28:22.639 -> best overall: 01:28:31.526 - difference: 00:08.887 - valid strategies: 3.5% | threshold is 0.45 - Stuck Counter = 3/5
[EA] Generation 428 - Bruteforce solution: 01:28:22.639 -> best overall: 01:28:31.526 - difference: 00:08.887 - valid strategies: 3.0% | threshold is 0.45 - Stuck Counter = 4/5
[EA] Generation 429 - Bruteforce solution: 01:28:22.639 -> best overall: 01:28:31.526 - difference: 00:08.887 - valid strategies: 3.5% | threshold is 0.4 - Stuck Counter = 0/5
[EA] Generation 430 - Bruteforce solution: 01:28:22.639 -> best overall: 01:28:31.526 - difference: 00:08.887 - valid strategies: 3.0% | threshold is 0.4 - Stuck Counter = 1/5
[EA] Generation 431 - Bruteforce solution: 01:28:22.639 -> best overall: 01:28:31.526 - difference: 00:08.887 - valid strategies: 3.0% | threshold is 0.4 - Stuck Counter = 2/5
[EA] Generation 432 - Bruteforce solution: 01:28:22.639 -> best overall: 01:28:31.526 - difference: 00:08.887 - valid strategies: 3.5% | threshold is 0.4 - Stuck Counter = 3/5
[EA] Generation 433 - Bruteforce solution: 01:28:22.639 -> best overall: 01:28:31.526 - difference: 00:08.887 - valid strategies: 3.0% | threshold is 0.4 - Stuck Counter = 4/5
[EA] Generation 434 - Bruteforce solution: 01:28:22.639 -> best overall: 01:28:31.526 - difference: 00:08.887 - valid strategies: 3.5% | threshold is 0.35 - Stuck Counter = 0/5
[EA] Generation 435 - Bruteforce solution: 01:28:22.639 -> best overall: 01:28:31.526 - difference: 00:08.887 - valid strategies: 3.5% | threshold is 0.35 - Stuck Counter = 1/5
[EA] Generation 436 - Bruteforce solution: 01:28:22.639 -> best overall: 01:28:31.526 - difference: 00:08.887 - valid strategies: 3.5% | threshold is 0.35 - Stuck Counter = 2/5
[EA] Generation 437 - Bruteforce solution: 01:28:22.639 -> best overall: 01:28:31.526 - difference: 00:08.887 - valid strategies: 3.5% | threshold is 0.35 - Stuck Counter = 3/5
[EA] Generation 438 - Bruteforce solution: 01:28:22.639 -> best overall: 01:28:31.526 - difference: 00:08.887 - valid strategies: 3.5% | threshold is 0.35 - Stuck Counter = 4/5
[EA] Generation 439 - Bruteforce solution: 01:28:22.639 -> best overall: 01:28:31.526 - difference: 00:08.887 - valid strategies: 3.5% | threshold is 0.3 - Stuck Counter = 0/5
[EA] Generation 440 - Bruteforce solution: 01:28:22.639 -> best overall: 01:28:31.526 - difference: 00:08.887 - valid strategies: 3.5% | threshold is 0.3 - Stuck Counter = 1/5
[EA] Generation 441 - Bruteforce solution: 01:28:22.639 -> best overall: 01:28:31.526 - difference: 00:08.887 - valid strategies: 2.5% | threshold is 0.3 - Stuck Counter = 2/5
[EA] Generation 442 - Bruteforce solution: 01:28:22.639 -> best overall: 01:28:31.526 - difference: 00:08.887 - valid strategies: 2.5% | threshold is 0.3 - Stuck Counter = 3/5
[EA] Generation 443 - Bruteforce solution: 01:28:22.639 -> best overall: 01:28:31.526 - difference: 00:08.887 - valid strategies: 2.5% | threshold is 0.3 - Stuck Counter = 4/5
[EA] Generation 444 - Bruteforce solution: 01:28:22.639 -> best overall: 01:28:31.526 - difference: 00:08.887 - valid strategies: 3.0% | threshold is 0.25 - Stuck Counter = 0/5
[EA] Generation 445 - Bruteforce solution: 01:28:22.639 -> best overall: 01:28:31.526 - difference: 00:08.887 - valid strategies: 3.5% | threshold is 0.25 - Stuck Counter = 1/5
[EA] Generation 446 - Bruteforce solution: 01:28:22.639 -> best overall: 01:28:31.526 - difference: 00:08.887 - valid strategies: 2.5% | threshold is 0.25 - Stuck Counter = 2/5
[EA] Generation 447 - Bruteforce solution: 01:28:22.639 -> best overall: 01:28:31.526 - difference: 00:08.887 - valid strategies: 2.5% | threshold is 0.25 - Stuck Counter = 3/5
[EA] Generation 448 - Bruteforce solution: 01:28:22.639 -> best overall: 01:28:31.526 - difference: 00:08.887 - valid strategies: 3.5% | threshold is 0.25 - Stuck Counter = 4/5
[EA] Generation 449 - Bruteforce solution: 01:28:22.639 -> best overall: 01:28:31.526 - difference: 00:08.887 - valid strategies: 2.5% | threshold is 0.2 - Stuck Counter = 0/5
[EA] Generation 450 - Bruteforce solution: 01:28:22.639 -> best overall: 01:28:31.526 - difference: 00:08.887 - valid strategies: 2.5% | threshold is 0.2 - Stuck Counter = 1/5
[EA] Generation 451 - Bruteforce solution: 01:28:22.639 -> best overall: 01:28:31.526 - difference: 00:08.887 - valid strategies: 3.5% | threshold is 0.2 - Stuck Counter = 2/5
[EA] Generation 452 - Bruteforce solution: 01:28:22.639 -> best overall: 01:28:31.526 - difference: 00:08.887 - valid strategies: 3.5% | threshold is 0.2 - Stuck Counter = 3/5
[EA] Generation 453 - Bruteforce solution: 01:28:22.639 -> best overall: 01:28:31.526 - difference: 00:08.887 - valid strategies: 3.5% | threshold is 0.2 - Stuck Counter = 4/5
[EA] Generation 454 - Bruteforce solution: 01:28:22.639 -> best overall: 01:28:31.526 - difference: 00:08.887 - valid strategies: 3.5% | threshold is 0.15 - Stuck Counter = 0/5
[EA] Generation 455 - Bruteforce solution: 01:28:22.639 -> best overall: 01:28:31.526 - difference: 00:08.887 - valid strategies: 3.5% | threshold is 0.15 - Stuck Counter = 1/5
[EA] Generation 456 - Bruteforce solution: 01:28:22.639 -> best overall: 01:28:31.526 - difference: 00:08.887 - valid strategies: 3.5% | threshold is 0.15 - Stuck Counter = 2/5
[EA] Generation 457 - Bruteforce solution: 01:28:22.639 -> best overall: 01:28:31.526 - difference: 00:08.887 - valid strategies: 3.5% | threshold is 0.15 - Stuck Counter = 3/5
[EA] Generation 458 - Bruteforce solution: 01:28:22.639 -> best overall: 01:28:31.526 - difference: 00:08.887 - valid strategies: 3.5% | threshold is 0.15 - Stuck Counter = 4/5
[EA] Generation 459 - Bruteforce solution: 01:28:22.639 -> best overall: 01:28:31.526 - difference: 00:08.887 - valid strategies: 3.5% | threshold is 0.1 - Stuck Counter = 0/5
[EA] Generation 460 - Bruteforce solution: 01:28:22.639 -> best overall: 01:28:31.526 - difference: 00:08.887 - valid strategies: 3.5% | threshold is 0.1 - Stuck Counter = 1/5
[EA] Generation 461 - Bruteforce solution: 01:28:22.639 -> best overall: 01:28:31.526 - difference: 00:08.887 - valid strategies: 3.5% | threshold is 0.1 - Stuck Counter = 2/5
[EA] Generation 462 - Bruteforce solution: 01:28:22.639 -> best overall: 01:28:31.526 - difference: 00:08.887 - valid strategies: 3.5% | threshold is 0.1 - Stuck Counter = 3/5
[EA] Generation 463 - Bruteforce solution: 01:28:22.639 -> best overall: 01:28:31.526 - difference: 00:08.887 - valid strategies: 3.5% | threshold is 0.1 - Stuck Counter = 4/5
[EA] Generation 464 - Bruteforce solution: 01:28:22.639 -> best overall: 01:28:31.526 - difference: 00:08.887 - valid strategies: 3.5% | threshold is 0.05 - Stuck Counter = 0/5
[EA] Generation 465 - Bruteforce solution: 01:28:22.639 -> best overall: 01:28:31.526 - difference: 00:08.887 - valid strategies: 2.5% | threshold is 0.05 - Stuck Counter = 1/5
[EA] Generation 466 - Bruteforce solution: 01:28:22.639 -> best overall: 01:28:31.526 - difference: 00:08.887 - valid strategies: 2.5% | threshold is 0.05 - Stuck Counter = 2/5
[EA] Generation 467 - Bruteforce solution: 01:28:22.639 -> best overall: 01:28:31.526 - difference: 00:08.887 - valid strategies: 3.5% | threshold is 0.05 - Stuck Counter = 3/5
[EA] Generation 468 - Bruteforce solution: 01:28:22.639 -> best overall: 01:28:31.526 - difference: 00:08.887 - valid strategies: 3.5% | threshold is 0.05 - Stuck Counter = 4/5
[EA] Generation 469 - Bruteforce solution: 01:28:22.639 -> best overall: 01:28:31.526 - difference: 00:08.887 - valid strategies: 3.5% | threshold is 0.88 - Stuck Counter = 0/5
[EA] Generation 470 - Bruteforce solution: 01:28:22.639 -> best overall: 01:28:31.526 - difference: 00:08.887 - valid strategies: 3.5% | threshold is 0.88 - Stuck Counter = 1/5
[EA] Generation 471 - Bruteforce solution: 01:28:22.639 -> best overall: 01:28:31.526 - difference: 00:08.887 - valid strategies: 3.0% | threshold is 0.88 - Stuck Counter = 2/5
[EA] Generation 472 - Bruteforce solution: 01:28:22.639 -> best overall: 01:28:31.526 - difference: 00:08.887 - valid strategies: 3.5% | threshold is 0.88 - Stuck Counter = 3/5
[EA] Generation 473 - Bruteforce solution: 01:28:22.639 -> best overall: 01:28:31.526 - difference: 00:08.887 - valid strategies: 3.5% | threshold is 0.88 - Stuck Counter = 4/5
[EA] Generation 474 - Bruteforce solution: 01:28:22.639 -> best overall: 01:28:31.526 - difference: 00:08.887 - valid strategies: 3.5% | threshold is 0.83 - Stuck Counter = 0/5
[EA] Generation 475 - Bruteforce solution: 01:28:22.639 -> best overall: 01:28:31.526 - difference: 00:08.887 - valid strategies: 3.0% | threshold is 0.83 - Stuck Counter = 1/5
[EA] Generation 476 - Bruteforce solution: 01:28:22.639 -> best overall: 01:28:31.526 - difference: 00:08.887 - valid strategies: 3.5% | threshold is 0.83 - Stuck Counter = 2/5
[EA] Generation 477 - Bruteforce solution: 01:28:22.639 -> best overall: 01:28:31.526 - difference: 00:08.887 - valid strategies: 3.0% | threshold is 0.83 - Stuck Counter = 3/5
[EA] Generation 478 - Bruteforce solution: 01:28:22.639 -> best overall: 01:28:31.526 - difference: 00:08.887 - valid strategies: 3.0% | threshold is 0.83 - Stuck Counter = 4/5
[EA] Generation 479 - Bruteforce solution: 01:28:22.639 -> best overall: 01:28:31.526 - difference: 00:08.887 - valid strategies: 3.5% | threshold is 0.78 - Stuck Counter = 0/5
[EA] Generation 480 - Bruteforce solution: 01:28:22.639 -> best overall: 01:28:31.526 - difference: 00:08.887 - valid strategies: 3.0% | threshold is 0.78 - Stuck Counter = 1/5
[EA] Generation 481 - Bruteforce solution: 01:28:22.639 -> best overall: 01:28:31.526 - difference: 00:08.887 - valid strategies: 3.5% | threshold is 0.78 - Stuck Counter = 2/5
[EA] Generation 482 - Bruteforce solution: 01:28:22.639 -> best overall: 01:28:31.526 - difference: 00:08.887 - valid strategies: 3.5% | threshold is 0.78 - Stuck Counter = 3/5
[EA] Generation 483 - Bruteforce solution: 01:28:22.639 -> best overall: 01:28:31.526 - difference: 00:08.887 - valid strategies: 3.0% | threshold is 0.78 - Stuck Counter = 4/5
[EA] Generation 484 - Bruteforce solution: 01:28:22.639 -> best overall: 01:28:31.526 - difference: 00:08.887 - valid strategies: 3.5% | threshold is 0.73 - Stuck Counter = 0/5
[EA] Generation 485 - Bruteforce solution: 01:28:22.639 -> best overall: 01:28:31.526 - difference: 00:08.887 - valid strategies: 3.0% | threshold is 0.73 - Stuck Counter = 1/5
[EA] Generation 486 - Bruteforce solution: 01:28:22.639 -> best overall: 01:28:31.526 - difference: 00:08.887 - valid strategies: 3.5% | threshold is 0.73 - Stuck Counter = 2/5
[EA] Generation 487 - Bruteforce solution: 01:28:22.639 -> best overall: 01:28:31.526 - difference: 00:08.887 - valid strategies: 3.5% | threshold is 0.73 - Stuck Counter = 3/5
[EA] Generation 488 - Bruteforce solution: 01:28:22.639 -> best overall: 01:28:31.526 - difference: 00:08.887 - valid strategies: 3.5% | threshold is 0.73 - Stuck Counter = 4/5
[EA] Generation 489 - Bruteforce solution: 01:28:22.639 -> best overall: 01:28:31.526 - difference: 00:08.887 - valid strategies: 3.5% | threshold is 0.68 - Stuck Counter = 0/5
[EA] Generation 490 - Bruteforce solution: 01:28:22.639 -> best overall: 01:28:31.526 - difference: 00:08.887 - valid strategies: 3.5% | threshold is 0.68 - Stuck Counter = 1/5
[EA] Generation 491 - Bruteforce solution: 01:28:22.639 -> best overall: 01:28:31.526 - difference: 00:08.887 - valid strategies: 3.5% | threshold is 0.68 - Stuck Counter = 2/5
[EA] Generation 492 - Bruteforce solution: 01:28:22.639 -> best overall: 01:28:31.526 - difference: 00:08.887 - valid strategies: 3.0% | threshold is 0.68 - Stuck Counter = 3/5
[EA] Generation 493 - Bruteforce solution: 01:28:22.639 -> best overall: 01:28:31.526 - difference: 00:08.887 - valid strategies: 3.5% | threshold is 0.68 - Stuck Counter = 4/5
[EA] Generation 494 - Bruteforce solution: 01:28:22.639 -> best overall: 01:28:31.526 - difference: 00:08.887 - valid strategies: 3.0% | threshold is 0.63 - Stuck Counter = 0/5
[EA] Generation 495 - Bruteforce solution: 01:28:22.639 -> best overall: 01:28:31.526 - difference: 00:08.887 - valid strategies: 2.5% | threshold is 0.63 - Stuck Counter = 1/5
[EA] Generation 496 - Bruteforce solution: 01:28:22.639 -> best overall: 01:28:31.526 - difference: 00:08.887 - valid strategies: 3.0% | threshold is 0.63 - Stuck Counter = 2/5
[EA] Generation 497 - Bruteforce solution: 01:28:22.639 -> best overall: 01:28:31.526 - difference: 00:08.887 - valid strategies: 3.5% | threshold is 0.63 - Stuck Counter = 3/5
[EA] Generation 498 - Bruteforce solution: 01:28:22.639 -> best overall: 01:28:31.526 - difference: 00:08.887 - valid strategies: 3.0% | threshold is 0.63 - Stuck Counter = 4/5
[EA] Generation 499 - Bruteforce solution: 01:28:22.639 -> best overall: 01:28:31.526 - difference: 00:08.887 - valid strategies: 3.5% | threshold is 0.58 - Stuck Counter = 0/5
[EA] Generation 500 - Bruteforce solution: 01:28:22.639 -> best overall: 01:28:31.526 - difference: 00:08.887 - valid strategies: 2.5% | threshold is 0.58 - Stuck Counter = 1/5


Best Strategy fitness: 5311526
Best Strategy time: 01:28:31.526

 vs 

Bruteforce fitness: 5302639
Bruteforce time: 01:28:22.639


Lap 1: Rain 0% -> Compound 'Medium', TyresAge 0, Wear '0.0'% | '0.0'% | '0.0'% | '0.0'%, Fuel '104.95' Kg, PitStop 'No', Time '01:24.412' ms
Lap 2: Rain 0% -> Compound 'Medium', TyresAge 1, Wear '2.0'% | '1.0'% | '1.0'% | '1.0'%, Fuel '103.36' Kg, PitStop 'No', Time '01:22.354' ms
Lap 3: Rain 0% -> Compound 'Medium', TyresAge 2, Wear '3.0'% | '2.0'% | '3.0'% | '2.0'%, Fuel '101.77' Kg, PitStop 'No', Time '01:22.295' ms
Lap 4: Rain 0% -> Compound 'Medium', TyresAge 3, Wear '5.0'% | '4.0'% | '4.0'% | '3.0'%, Fuel '100.18' Kg, PitStop 'No', Time '01:22.241' ms
Lap 5: Rain 0% -> Compound 'Medium', TyresAge 4, Wear '6.0'% | '5.0'% | '5.0'% | '5.0'%, Fuel '98.59' Kg, PitStop 'No', Time '01:22.183' ms
Lap 6: Rain 0% -> Compound 'Medium', TyresAge 5, Wear '8.0'% | '6.0'% | '7.0'% | '6.0'%, Fuel '97.0' Kg, PitStop 'No', Time '01:22.131' ms
Lap 7: Rain 0% -> Compound 'Medium', TyresAge 6, Wear '9.0'% | '7.0'% | '8.0'% | '7.0'%, Fuel '95.41' Kg, PitStop 'No', Time '01:22.066' ms
Lap 8: Rain 0% -> Compound 'Medium', TyresAge 7, Wear '11.0'% | '8.0'% | '9.0'% | '8.0'%, Fuel '93.82' Kg, PitStop 'No', Time '01:22.008' ms
Lap 9: Rain 0% -> Compound 'Medium', TyresAge 8, Wear '12.0'% | '10.0'% | '10.0'% | '9.0'%, Fuel '92.23' Kg, PitStop 'No', Time '01:21.950' ms
Lap 10: Rain 0% -> Compound 'Medium', TyresAge 9, Wear '14.0'% | '11.0'% | '12.0'% | '10.0'%, Fuel '90.64' Kg, PitStop 'No', Time '01:21.897' ms
Lap 11: Rain 0% -> Compound 'Medium', TyresAge 10, Wear '16.0'% | '12.0'% | '13.0'% | '12.0'%, Fuel '89.05' Kg, PitStop 'No', Time '01:21.847' ms
Lap 12: Rain 0% -> Compound 'Medium', TyresAge 11, Wear '17.0'% | '13.0'% | '14.0'% | '13.0'%, Fuel '87.46' Kg, PitStop 'No', Time '01:21.784' ms
Lap 13: Rain 0% -> Compound 'Medium', TyresAge 12, Wear '19.0'% | '14.0'% | '16.0'% | '14.0'%, Fuel '85.87' Kg, PitStop 'No', Time '01:21.735' ms
Lap 14: Rain 0% -> Compound 'Medium', TyresAge 13, Wear '20.0'% | '16.0'% | '17.0'% | '15.0'%, Fuel '84.28' Kg, PitStop 'No', Time '01:21.678' ms
Lap 15: Rain 0% -> Compound 'Medium', TyresAge 14, Wear '22.0'% | '17.0'% | '18.0'% | '16.0'%, Fuel '82.69' Kg, PitStop 'No', Time '01:21.621' ms
Lap 16: Rain 0% -> Compound 'Medium', TyresAge 15, Wear '23.0'% | '18.0'% | '20.0'% | '17.0'%, Fuel '81.1' Kg, PitStop 'No', Time '01:21.567' ms
Lap 17: Rain 0% -> Compound 'Medium', TyresAge 16, Wear '25.0'% | '19.0'% | '21.0'% | '18.0'%, Fuel '79.51' Kg, PitStop 'No', Time '01:21.512' ms
Lap 18: Rain 0% -> Compound 'Medium', TyresAge 17, Wear '27.0'% | '20.0'% | '22.0'% | '20.0'%, Fuel '77.92' Kg, PitStop 'No', Time '01:21.464' ms
Lap 19: Rain 0% -> Compound 'Medium', TyresAge 18, Wear '28.0'% | '22.0'% | '23.0'% | '21.0'%, Fuel '76.33' Kg, PitStop 'No', Time '01:21.410' ms
Lap 20: Rain 0% -> Compound 'Medium', TyresAge 19, Wear '30.0'% | '23.0'% | '25.0'% | '22.0'%, Fuel '74.74' Kg, PitStop 'No', Time '01:21.363' ms
Lap 21: Rain 0% -> Compound 'Medium', TyresAge 20, Wear '31.0'% | '24.0'% | '26.0'% | '23.0'%, Fuel '73.15' Kg, PitStop 'No', Time '01:21.304' ms
Lap 22: Rain 0% -> Compound 'Medium', TyresAge 21, Wear '33.0'% | '25.0'% | '27.0'% | '24.0'%, Fuel '71.56' Kg, PitStop 'No', Time '01:21.253' ms
Lap 23: Rain 0% -> Compound 'Soft', TyresAge 0, Wear '0.0'% | '0.0'% | '0.0'% | '0.0'%, Fuel '69.97' Kg, PitStop 'Yes', Time '01:42.088' ms
Lap 24: Rain 0% -> Compound 'Soft', TyresAge 1, Wear '2.0'% | '2.0'% | '2.0'% | '2.0'%, Fuel '68.38' Kg, PitStop 'No', Time '01:20.042' ms
Lap 25: Rain 0% -> Compound 'Soft', TyresAge 2, Wear '4.0'% | '3.0'% | '4.0'% | '3.0'%, Fuel '66.79' Kg, PitStop 'No', Time '01:19.985' ms
Lap 26: Rain 0% -> Compound 'Soft', TyresAge 3, Wear '6.0'% | '5.0'% | '6.0'% | '5.0'%, Fuel '65.2' Kg, PitStop 'No', Time '01:19.938' ms
Lap 27: Rain 0% -> Compound 'Soft', TyresAge 4, Wear '9.0'% | '7.0'% | '7.0'% | '7.0'%, Fuel '63.61' Kg, PitStop 'No', Time '01:19.892' ms
Lap 28: Rain 0% -> Compound 'Soft', TyresAge 5, Wear '11.0'% | '8.0'% | '9.0'% | '8.0'%, Fuel '62.02' Kg, PitStop 'No', Time '01:19.835' ms
Lap 29: Rain 0% -> Compound 'Soft', TyresAge 6, Wear '13.0'% | '10.0'% | '11.0'% | '10.0'%, Fuel '60.43' Kg, PitStop 'No', Time '01:19.789' ms
Lap 30: Rain 0% -> Compound 'Soft', TyresAge 7, Wear '15.0'% | '12.0'% | '13.0'% | '12.0'%, Fuel '58.84' Kg, PitStop 'No', Time '01:19.746' ms
Lap 31: Rain 0% -> Compound 'Soft', TyresAge 8, Wear '17.0'% | '14.0'% | '15.0'% | '13.0'%, Fuel '57.25' Kg, PitStop 'No', Time '01:19.695' ms
Lap 32: Rain 0% -> Compound 'Soft', TyresAge 9, Wear '19.0'% | '15.0'% | '17.0'% | '15.0'%, Fuel '55.66' Kg, PitStop 'No', Time '01:19.647' ms
Lap 33: Rain 0% -> Compound 'Soft', TyresAge 10, Wear '22.0'% | '17.0'% | '19.0'% | '17.0'%, Fuel '54.07' Kg, PitStop 'No', Time '01:19.609' ms
Lap 34: Rain 0% -> Compound 'Soft', TyresAge 11, Wear '24.0'% | '19.0'% | '21.0'% | '18.0'%, Fuel '52.48' Kg, PitStop 'No', Time '01:19.562' ms
Lap 35: Rain 0% -> Compound 'Soft', TyresAge 12, Wear '26.0'% | '20.0'% | '22.0'% | '20.0'%, Fuel '50.89' Kg, PitStop 'No', Time '01:19.509' ms
Lap 36: Rain 0% -> Compound 'Soft', TyresAge 13, Wear '28.0'% | '22.0'% | '24.0'% | '22.0'%, Fuel '49.3' Kg, PitStop 'No', Time '01:19.469' ms
Lap 37: Rain 0% -> Compound 'Soft', TyresAge 14, Wear '30.0'% | '24.0'% | '26.0'% | '23.0'%, Fuel '47.71' Kg, PitStop 'No', Time '01:19.425' ms
Lap 38: Rain 0% -> Compound 'Soft', TyresAge 15, Wear '32.0'% | '25.0'% | '28.0'% | '25.0'%, Fuel '46.12' Kg, PitStop 'No', Time '01:19.381' ms
Lap 39: Rain 0% -> Compound 'Soft', TyresAge 16, Wear '35.0'% | '27.0'% | '30.0'% | '26.0'%, Fuel '44.53' Kg, PitStop 'No', Time '01:19.346' ms
Lap 40: Rain 0% -> Compound 'Soft', TyresAge 17, Wear '37.0'% | '29.0'% | '32.0'% | '28.0'%, Fuel '42.94' Kg, PitStop 'No', Time '01:19.311' ms
Lap 41: Rain 0% -> Compound 'Soft', TyresAge 18, Wear '39.0'% | '30.0'% | '34.0'% | '30.0'%, Fuel '41.35' Kg, PitStop 'No', Time '01:19.271' ms
Lap 42: Rain 0% -> Compound 'Soft', TyresAge 19, Wear '41.0'% | '32.0'% | '35.0'% | '31.0'%, Fuel '39.76' Kg, PitStop 'No', Time '01:19.226' ms
Lap 43: Rain 0% -> Compound 'Medium', TyresAge 0, Wear '0.0'% | '0.0'% | '0.0'% | '0.0'%, Fuel '38.17' Kg, PitStop 'Yes', Time '01:40.672' ms
Lap 44: Rain 0% -> Compound 'Medium', TyresAge 1, Wear '2.0'% | '1.0'% | '1.0'% | '1.0'%, Fuel '36.58' Kg, PitStop 'No', Time '01:18.614' ms
Lap 45: Rain 0% -> Compound 'Medium', TyresAge 2, Wear '3.0'% | '2.0'% | '3.0'% | '2.0'%, Fuel '34.99' Kg, PitStop 'No', Time '01:18.555' ms
Lap 46: Rain 0% -> Compound 'Medium', TyresAge 3, Wear '5.0'% | '4.0'% | '4.0'% | '3.0'%, Fuel '33.4' Kg, PitStop 'No', Time '01:18.502' ms
Lap 47: Rain 0% -> Compound 'Medium', TyresAge 4, Wear '6.0'% | '5.0'% | '5.0'% | '5.0'%, Fuel '31.81' Kg, PitStop 'No', Time '01:18.444' ms
Lap 48: Rain 0% -> Compound 'Medium', TyresAge 5, Wear '8.0'% | '6.0'% | '7.0'% | '6.0'%, Fuel '30.22' Kg, PitStop 'No', Time '01:18.392' ms
Lap 49: Rain 0% -> Compound 'Medium', TyresAge 6, Wear '9.0'% | '7.0'% | '8.0'% | '7.0'%, Fuel '28.63' Kg, PitStop 'No', Time '01:18.327' ms
Lap 50: Rain 0% -> Compound 'Medium', TyresAge 7, Wear '11.0'% | '8.0'% | '9.0'% | '8.0'%, Fuel '27.04' Kg, PitStop 'No', Time '01:18.269' ms
Lap 51: Rain 0% -> Compound 'Medium', TyresAge 8, Wear '12.0'% | '10.0'% | '10.0'% | '9.0'%, Fuel '25.45' Kg, PitStop 'No', Time '01:18.211' ms
Lap 52: Rain 0% -> Compound 'Medium', TyresAge 9, Wear '14.0'% | '11.0'% | '12.0'% | '10.0'%, Fuel '23.86' Kg, PitStop 'No', Time '01:18.157' ms
Lap 53: Rain 0% -> Compound 'Medium', TyresAge 10, Wear '16.0'% | '12.0'% | '13.0'% | '12.0'%, Fuel '22.27' Kg, PitStop 'No', Time '01:18.107' ms
Lap 54: Rain 0% -> Compound 'Medium', TyresAge 11, Wear '17.0'% | '13.0'% | '14.0'% | '13.0'%, Fuel '20.68' Kg, PitStop 'No', Time '01:18.044' ms
Lap 55: Rain 0% -> Compound 'Medium', TyresAge 12, Wear '19.0'% | '14.0'% | '16.0'% | '14.0'%, Fuel '19.09' Kg, PitStop 'No', Time '01:17.995' ms
Lap 56: Rain 0% -> Compound 'Medium', TyresAge 13, Wear '20.0'% | '16.0'% | '17.0'% | '15.0'%, Fuel '17.5' Kg, PitStop 'No', Time '01:17.938' ms
Lap 57: Rain 0% -> Compound 'Medium', TyresAge 14, Wear '22.0'% | '17.0'% | '18.0'% | '16.0'%, Fuel '15.91' Kg, PitStop 'No', Time '01:17.881' ms
Lap 58: Rain 0% -> Compound 'Medium', TyresAge 15, Wear '23.0'% | '18.0'% | '20.0'% | '17.0'%, Fuel '14.32' Kg, PitStop 'No', Time '01:17.827' ms
Lap 59: Rain 0% -> Compound 'Medium', TyresAge 16, Wear '25.0'% | '19.0'% | '21.0'% | '18.0'%, Fuel '12.73' Kg, PitStop 'No', Time '01:17.772' ms
Lap 60: Rain 0% -> Compound 'Medium', TyresAge 17, Wear '27.0'% | '20.0'% | '22.0'% | '20.0'%, Fuel '11.14' Kg, PitStop 'No', Time '01:17.724' ms
Lap 61: Rain 0% -> Compound 'Medium', TyresAge 18, Wear '28.0'% | '22.0'% | '23.0'% | '21.0'%, Fuel '9.55' Kg, PitStop 'No', Time '01:17.670' ms
Lap 62: Rain 0% -> Compound 'Medium', TyresAge 19, Wear '30.0'% | '23.0'% | '25.0'% | '22.0'%, Fuel '7.96' Kg, PitStop 'No', Time '01:17.623' ms
Lap 63: Rain 0% -> Compound 'Medium', TyresAge 20, Wear '31.0'% | '24.0'% | '26.0'% | '23.0'%, Fuel '6.37' Kg, PitStop 'No', Time '01:17.564' ms
Lap 64: Rain 0% -> Compound 'Medium', TyresAge 21, Wear '33.0'% | '25.0'% | '27.0'% | '24.0'%, Fuel '4.78' Kg, PitStop 'No', Time '01:17.513' ms
Lap 65: Rain 0% -> Compound 'Medium', TyresAge 22, Wear '34.0'% | '26.0'% | '29.0'% | '25.0'%, Fuel '3.19' Kg, PitStop 'No', Time '01:17.460' ms
Lap 66: Rain 0% -> Compound 'Medium', TyresAge 23, Wear '36.0'% | '28.0'% | '30.0'% | '27.0'%, Fuel '1.6' Kg, PitStop 'No', Time '01:17.424' ms
Time elapsed: 10:08.472
