Log file of circuit Monza at 21/10/2022 17:41:39

Population: 100
Iterations: 10
Mutation: 0.8
Crossover: 0.6
PitStopTime: 00:25.000
Weather: 'Sunny'

[EA] Generation 1 - Bruteforce solution: 01:14:32.444 -> best overall: 01:24:02.419 - difference: 09:29.975 - valid strategies: 18.87% | threshold is 0.25 - Stuck Counter = 0/0
[EA] Generation 2 - Bruteforce solution: 01:14:32.444 -> best overall: 01:23:38.818 - difference: 09:06.374 - valid strategies: 21.0% | threshold is 0.25 - Stuck Counter = 0/0
[EA] Generation 3 - Bruteforce solution: 01:14:32.444 -> best overall: 01:23:08.006 - difference: 08:35.562 - valid strategies: 7.0% | threshold is 0.25 - Stuck Counter = 0/0
[EA] Generation 4 - Bruteforce solution: 01:14:32.444 -> best overall: 01:22:48.900 - difference: 08:16.456 - valid strategies: 12.0% | threshold is 0.25 - Stuck Counter = 0/0
[EA] Generation 5 - Bruteforce solution: 01:14:32.444 -> best overall: 01:22:30.756 - difference: 07:58.312 - valid strategies: 11.0% | threshold is 0.25 - Stuck Counter = 0/0
[EA] Generation 6 - Bruteforce solution: 01:14:32.444 -> best overall: 01:22:24.308 - difference: 07:51.864 - valid strategies: 7.0% | threshold is 0.25 - Stuck Counter = 0/0
[EA] Generation 7 - Bruteforce solution: 01:14:32.444 -> best overall: 01:21:58.258 - difference: 07:25.814 - valid strategies: 7.0% | threshold is 0.25 - Stuck Counter = 0/0
[EA] Generation 8 - Bruteforce solution: 01:14:32.444 -> best overall: 01:21:33.302 - difference: 07:00.858 - valid strategies: 13.0% | threshold is 0.25 - Stuck Counter = 0/0
[EA] Generation 9 - Bruteforce solution: 01:14:32.444 -> best overall: 01:20:41.220 - difference: 06:08.776 - valid strategies: 14.0% | threshold is 0.25 - Stuck Counter = 0/0
[EA] Generation 10 - Bruteforce solution: 01:14:32.444 -> best overall: 01:20:16.300 - difference: 05:43.856 - valid strategies: 24.0% | threshold is 0.25 - Stuck Counter = 0/0


Best Strategy fitness: 4816300
Best Strategy time: 01:20:16.300

 vs 

Bruteforce fitness: 4472444
Bruteforce time: 01:14:32.444


Lap 1: Rain 0% -> Compound 'Medium', TyresAge 0, Wear '0.0'% | '0.0'% | '0.0'% | '0.0'%, Fuel '108.02' Kg, PitStop 'No', Time '01:28.108' ms
Lap 2: Rain 0% -> Compound 'Medium', TyresAge 1, Wear '2.0'% | '2.0'% | '2.0'% | '1.0'%, Fuel '106.14' Kg, PitStop 'No', Time '01:26.074' ms
Lap 3: Rain 0% -> Compound 'Soft', TyresAge 0, Wear '0.0'% | '0.0'% | '0.0'% | '0.0'%, Fuel '104.25' Kg, PitStop 'Yes', Time '01:50.280' ms
Lap 4: Rain 0% -> Compound 'Soft', TyresAge 1, Wear '2.0'% | '2.0'% | '2.0'% | '2.0'%, Fuel '102.36' Kg, PitStop 'No', Time '01:25.276' ms
Lap 5: Rain 0% -> Compound 'Soft', TyresAge 2, Wear '5.0'% | '4.0'% | '4.0'% | '3.0'%, Fuel '100.47' Kg, PitStop 'No', Time '01:25.270' ms
Lap 6: Rain 0% -> Compound 'Soft', TyresAge 3, Wear '7.0'% | '7.0'% | '6.0'% | '5.0'%, Fuel '98.58' Kg, PitStop 'No', Time '01:25.280' ms
Lap 7: Rain 0% -> Compound 'Soft', TyresAge 4, Wear '10.0'% | '9.0'% | '8.0'% | '6.0'%, Fuel '96.69' Kg, PitStop 'No', Time '01:25.276' ms
Lap 8: Rain 0% -> Compound 'Soft', TyresAge 5, Wear '12.0'% | '11.0'% | '9.0'% | '8.0'%, Fuel '94.8' Kg, PitStop 'No', Time '01:25.260' ms
Lap 9: Rain 0% -> Compound 'Soft', TyresAge 6, Wear '15.0'% | '13.0'% | '11.0'% | '9.0'%, Fuel '92.92' Kg, PitStop 'No', Time '01:25.260' ms
Lap 10: Rain 0% -> Compound 'Soft', TyresAge 7, Wear '17.0'% | '15.0'% | '13.0'% | '11.0'%, Fuel '91.03' Kg, PitStop 'No', Time '01:25.262' ms
Lap 11: Rain 0% -> Compound 'Inter', TyresAge 0, Wear '0.0'% | '0.0'% | '0.0'% | '0.0'%, Fuel '89.14' Kg, PitStop 'Yes', Time '01:57.035' ms
Lap 12: Rain 0% -> Compound 'Hard', TyresAge 0, Wear '0.0'% | '0.0'% | '0.0'% | '0.0'%, Fuel '87.25' Kg, PitStop 'Yes', Time '01:51.085' ms
Lap 13: Rain 0% -> Compound 'Hard', TyresAge 1, Wear '1.0'% | '1.0'% | '1.0'% | '1.0'%, Fuel '85.36' Kg, PitStop 'No', Time '01:25.996' ms
Lap 14: Rain 0% -> Compound 'Hard', TyresAge 2, Wear '3.0'% | '3.0'% | '2.0'% | '2.0'%, Fuel '83.47' Kg, PitStop 'No', Time '01:25.919' ms
Lap 15: Rain 0% -> Compound 'Hard', TyresAge 3, Wear '4.0'% | '4.0'% | '3.0'% | '3.0'%, Fuel '81.58' Kg, PitStop 'No', Time '01:25.828' ms
Lap 16: Rain 0% -> Compound 'Hard', TyresAge 4, Wear '6.0'% | '5.0'% | '5.0'% | '4.0'%, Fuel '79.7' Kg, PitStop 'No', Time '01:25.752' ms
Lap 17: Rain 0% -> Compound 'Hard', TyresAge 5, Wear '7.0'% | '7.0'% | '6.0'% | '5.0'%, Fuel '77.81' Kg, PitStop 'No', Time '01:25.668' ms
Lap 18: Rain 0% -> Compound 'Hard', TyresAge 6, Wear '8.0'% | '8.0'% | '7.0'% | '6.0'%, Fuel '75.92' Kg, PitStop 'No', Time '01:25.579' ms
Lap 19: Rain 0% -> Compound 'Inter', TyresAge 0, Wear '0.0'% | '0.0'% | '0.0'% | '0.0'%, Fuel '74.03' Kg, PitStop 'Yes', Time '01:56.128' ms
Lap 20: Rain 0% -> Compound 'Inter', TyresAge 1, Wear '1.0'% | '1.0'% | '1.0'% | '1.0'%, Fuel '72.14' Kg, PitStop 'No', Time '01:31.037' ms
Lap 21: Rain 0% -> Compound 'Inter', TyresAge 2, Wear '2.0'% | '2.0'% | '2.0'% | '2.0'%, Fuel '70.25' Kg, PitStop 'No', Time '01:30.945' ms
Lap 22: Rain 0% -> Compound 'Soft', TyresAge 0, Wear '0.0'% | '0.0'% | '0.0'% | '0.0'%, Fuel '68.36' Kg, PitStop 'Yes', Time '01:48.128' ms
Lap 23: Rain 0% -> Compound 'Soft', TyresAge 1, Wear '2.0'% | '2.0'% | '2.0'% | '2.0'%, Fuel '66.47' Kg, PitStop 'No', Time '01:23.124' ms
Lap 24: Rain 0% -> Compound 'Hard', TyresAge 0, Wear '0.0'% | '0.0'% | '0.0'% | '0.0'%, Fuel '64.59' Kg, PitStop 'Yes', Time '01:49.726' ms
Lap 25: Rain 0% -> Compound 'Hard', TyresAge 1, Wear '1.0'% | '1.0'% | '1.0'% | '1.0'%, Fuel '62.7' Kg, PitStop 'No', Time '01:24.636' ms
Lap 26: Rain 0% -> Compound 'Hard', TyresAge 2, Wear '3.0'% | '3.0'% | '2.0'% | '2.0'%, Fuel '60.81' Kg, PitStop 'No', Time '01:24.559' ms
Lap 27: Rain 0% -> Compound 'Hard', TyresAge 3, Wear '4.0'% | '4.0'% | '3.0'% | '3.0'%, Fuel '58.92' Kg, PitStop 'No', Time '01:24.468' ms
Lap 28: Rain 0% -> Compound 'Soft', TyresAge 0, Wear '0.0'% | '0.0'% | '0.0'% | '0.0'%, Fuel '57.03' Kg, PitStop 'Yes', Time '01:47.448' ms
Lap 29: Rain 0% -> Compound 'Soft', TyresAge 1, Wear '2.0'% | '2.0'% | '2.0'% | '2.0'%, Fuel '55.14' Kg, PitStop 'No', Time '01:22.444' ms
Lap 30: Rain 0% -> Compound 'Soft', TyresAge 2, Wear '5.0'% | '4.0'% | '4.0'% | '3.0'%, Fuel '53.25' Kg, PitStop 'No', Time '01:22.438' ms
Lap 31: Rain 0% -> Compound 'Medium', TyresAge 0, Wear '0.0'% | '0.0'% | '0.0'% | '0.0'%, Fuel '51.37' Kg, PitStop 'Yes', Time '01:47.708' ms
Lap 32: Rain 0% -> Compound 'Medium', TyresAge 1, Wear '2.0'% | '2.0'% | '2.0'% | '1.0'%, Fuel '49.48' Kg, PitStop 'No', Time '01:22.674' ms
Lap 33: Rain 0% -> Compound 'Medium', TyresAge 2, Wear '4.0'% | '4.0'% | '3.0'% | '3.0'%, Fuel '47.59' Kg, PitStop 'No', Time '01:22.642' ms
Lap 34: Rain 0% -> Compound 'Medium', TyresAge 3, Wear '6.0'% | '6.0'% | '5.0'% | '4.0'%, Fuel '45.7' Kg, PitStop 'No', Time '01:22.608' ms
Lap 35: Rain 0% -> Compound 'Medium', TyresAge 4, Wear '8.0'% | '8.0'% | '7.0'% | '6.0'%, Fuel '43.81' Kg, PitStop 'No', Time '01:22.588' ms
Lap 36: Rain 0% -> Compound 'Medium', TyresAge 5, Wear '11.0'% | '10.0'% | '8.0'% | '7.0'%, Fuel '41.92' Kg, PitStop 'No', Time '01:22.556' ms
Lap 37: Rain 0% -> Compound 'Medium', TyresAge 6, Wear '13.0'% | '12.0'% | '10.0'% | '8.0'%, Fuel '40.03' Kg, PitStop 'No', Time '01:22.524' ms
Lap 38: Rain 0% -> Compound 'Medium', TyresAge 7, Wear '15.0'% | '13.0'% | '12.0'% | '10.0'%, Fuel '38.15' Kg, PitStop 'No', Time '01:22.496' ms
Lap 39: Rain 0% -> Compound 'Hard', TyresAge 0, Wear '0.0'% | '0.0'% | '0.0'% | '0.0'%, Fuel '36.26' Kg, PitStop 'Yes', Time '01:48.026' ms
Lap 40: Rain 0% -> Compound 'Hard', TyresAge 0, Wear '0.0'% | '0.0'% | '0.0'% | '0.0'%, Fuel '34.37' Kg, PitStop 'Yes', Time '01:47.912' ms
Lap 41: Rain 0% -> Compound 'Hard', TyresAge 1, Wear '1.0'% | '1.0'% | '1.0'% | '1.0'%, Fuel '32.48' Kg, PitStop 'No', Time '01:22.823' ms
Lap 42: Rain 0% -> Compound 'Hard', TyresAge 2, Wear '3.0'% | '3.0'% | '2.0'% | '2.0'%, Fuel '30.59' Kg, PitStop 'No', Time '01:22.746' ms
Lap 43: Rain 0% -> Compound 'Hard', TyresAge 3, Wear '4.0'% | '4.0'% | '3.0'% | '3.0'%, Fuel '28.7' Kg, PitStop 'No', Time '01:22.655' ms
Lap 44: Rain 0% -> Compound 'Hard', TyresAge 4, Wear '6.0'% | '5.0'% | '5.0'% | '4.0'%, Fuel '26.81' Kg, PitStop 'No', Time '01:22.579' ms
Lap 45: Rain 0% -> Compound 'Hard', TyresAge 5, Wear '7.0'% | '7.0'% | '6.0'% | '5.0'%, Fuel '24.93' Kg, PitStop 'No', Time '01:22.495' ms
Lap 46: Rain 0% -> Compound 'Hard', TyresAge 6, Wear '8.0'% | '8.0'% | '7.0'% | '6.0'%, Fuel '23.04' Kg, PitStop 'No', Time '01:22.407' ms
Lap 47: Rain 0% -> Compound 'Hard', TyresAge 0, Wear '0.0'% | '0.0'% | '0.0'% | '0.0'%, Fuel '21.15' Kg, PitStop 'Yes', Time '01:47.119' ms
Lap 48: Rain 0% -> Compound 'Soft', TyresAge 0, Wear '0.0'% | '0.0'% | '0.0'% | '0.0'%, Fuel '19.26' Kg, PitStop 'Yes', Time '01:45.182' ms
Lap 49: Rain 0% -> Compound 'Hard', TyresAge 0, Wear '0.0'% | '0.0'% | '0.0'% | '0.0'%, Fuel '17.37' Kg, PitStop 'Yes', Time '01:46.892' ms
Lap 50: Rain 0% -> Compound 'Hard', TyresAge 1, Wear '1.0'% | '1.0'% | '1.0'% | '1.0'%, Fuel '15.48' Kg, PitStop 'No', Time '01:21.803' ms
Lap 51: Rain 0% -> Compound 'Hard', TyresAge 2, Wear '3.0'% | '3.0'% | '2.0'% | '2.0'%, Fuel '13.59' Kg, PitStop 'No', Time '01:21.726' ms
Lap 52: Rain 0% -> Compound 'Hard', TyresAge 3, Wear '4.0'% | '4.0'% | '3.0'% | '3.0'%, Fuel '11.71' Kg, PitStop 'No', Time '01:21.636' ms
Lap 53: Rain 0% -> Compound 'Medium', TyresAge 0, Wear '0.0'% | '0.0'% | '0.0'% | '0.0'%, Fuel '9.82' Kg, PitStop 'Yes', Time '01:45.214' ms
Time elapsed: 00:06.632
