Log file of circuit Monza at 21/10/2022 17:25:11

Population: 100
Iterations: 10
Mutation: 0.8
Crossover: 0.6
PitStopTime: 00:25.000
Weather: 'Sunny'

[EA] Generation 1 - Bruteforce solution: 01:14:32.444 -> best overall: 01:28:15.330 - difference: 13:42.886 - valid strategies: 6.86% | threshold is 0.25 - Stuck Counter = 0/0
[EA] Generation 2 - Bruteforce solution: 01:14:32.444 -> best overall: 01:25:55.015 - difference: 11:22.571 - valid strategies: 13.0% | threshold is 0.25 - Stuck Counter = 0/0
[EA] Generation 3 - Bruteforce solution: 01:14:32.444 -> best overall: 01:25:30.075 - difference: 10:57.631 - valid strategies: 7.0% | threshold is 0.25 - Stuck Counter = 0/0
[EA] Generation 4 - Bruteforce solution: 01:14:32.444 -> best overall: 01:24:50.288 - difference: 10:17.844 - valid strategies: 7.0% | threshold is 0.25 - Stuck Counter = 0/0
[EA] Generation 5 - Bruteforce solution: 01:14:32.444 -> best overall: 01:24:25.004 - difference: 09:52.560 - valid strategies: 5.0% | threshold is 0.25 - Stuck Counter = 0/0
[EA] Generation 6 - Bruteforce solution: 01:14:32.444 -> best overall: 01:24:00.673 - difference: 09:28.229 - valid strategies: 7.0% | threshold is 0.25 - Stuck Counter = 0/0
[EA] Generation 7 - Bruteforce solution: 01:14:32.444 -> best overall: 01:23:16.056 - difference: 08:43.612 - valid strategies: 5.0% | threshold is 0.25 - Stuck Counter = 0/0
[EA] Generation 8 - Bruteforce solution: 01:14:32.444 -> best overall: 01:23:16.056 - difference: 08:43.612 - valid strategies: 5.0% | threshold is 0.2 - Stuck Counter = 0/0
[EA] Generation 9 - Bruteforce solution: 01:14:32.444 -> best overall: 01:23:08.452 - difference: 08:36.008 - valid strategies: 13.0% | threshold is 0.25 - Stuck Counter = 0/0
[EA] Generation 10 - Bruteforce solution: 01:14:32.444 -> best overall: 01:22:46.002 - difference: 08:13.558 - valid strategies: 6.0% | threshold is 0.25 - Stuck Counter = 0/0


Best Strategy fitness: 4966002
Best Strategy time: 01:22:46.002

 vs 

Bruteforce fitness: 4472444
Bruteforce time: 01:14:32.444


Lap 1: Rain 0% -> Compound 'Soft', TyresAge 0, Wear '0.0'% | '0.0'% | '0.0'% | '0.0'%, Fuel '111.25' Kg, PitStop 'No', Time '01:27.604' ms
Lap 2: Rain 0% -> Compound 'Soft', TyresAge 1, Wear '2.0'% | '2.0'% | '2.0'% | '2.0'%, Fuel '109.36' Kg, PitStop 'No', Time '01:25.600' ms
Lap 3: Rain 0% -> Compound 'Soft', TyresAge 2, Wear '5.0'% | '4.0'% | '4.0'% | '3.0'%, Fuel '107.47' Kg, PitStop 'No', Time '01:25.594' ms
Lap 4: Rain 0% -> Compound 'Soft', TyresAge 3, Wear '7.0'% | '7.0'% | '6.0'% | '5.0'%, Fuel '105.58' Kg, PitStop 'No', Time '01:25.604' ms
Lap 5: Rain 0% -> Compound 'Soft', TyresAge 4, Wear '10.0'% | '9.0'% | '8.0'% | '6.0'%, Fuel '103.69' Kg, PitStop 'No', Time '01:25.600' ms
Lap 6: Rain 0% -> Compound 'Soft', TyresAge 5, Wear '12.0'% | '11.0'% | '9.0'% | '8.0'%, Fuel '101.8' Kg, PitStop 'No', Time '01:25.584' ms
Lap 7: Rain 0% -> Compound 'Medium', TyresAge 0, Wear '0.0'% | '0.0'% | '0.0'% | '0.0'%, Fuel '99.91' Kg, PitStop 'Yes', Time '01:50.524' ms
Lap 8: Rain 0% -> Compound 'Medium', TyresAge 1, Wear '2.0'% | '2.0'% | '2.0'% | '1.0'%, Fuel '98.03' Kg, PitStop 'No', Time '01:25.490' ms
Lap 9: Rain 0% -> Compound 'Hard', TyresAge 0, Wear '0.0'% | '0.0'% | '0.0'% | '0.0'%, Fuel '96.14' Kg, PitStop 'Yes', Time '01:51.522' ms
Lap 10: Rain 0% -> Compound 'Medium', TyresAge 0, Wear '0.0'% | '0.0'% | '0.0'% | '0.0'%, Fuel '94.25' Kg, PitStop 'Yes', Time '01:50.184' ms
Lap 11: Rain 0% -> Compound 'Medium', TyresAge 1, Wear '2.0'% | '2.0'% | '2.0'% | '1.0'%, Fuel '92.36' Kg, PitStop 'No', Time '01:25.150' ms
Lap 12: Rain 0% -> Compound 'Medium', TyresAge 2, Wear '4.0'% | '4.0'% | '3.0'% | '3.0'%, Fuel '90.47' Kg, PitStop 'No', Time '01:25.118' ms
Lap 13: Rain 0% -> Compound 'Medium', TyresAge 3, Wear '6.0'% | '6.0'% | '5.0'% | '4.0'%, Fuel '88.58' Kg, PitStop 'No', Time '01:25.084' ms
Lap 14: Rain 0% -> Compound 'Medium', TyresAge 4, Wear '8.0'% | '8.0'% | '7.0'% | '6.0'%, Fuel '86.69' Kg, PitStop 'No', Time '01:25.064' ms
Lap 15: Rain 0% -> Compound 'Soft', TyresAge 0, Wear '0.0'% | '0.0'% | '0.0'% | '0.0'%, Fuel '84.8' Kg, PitStop 'Yes', Time '01:49.018' ms
Lap 16: Rain 0% -> Compound 'Inter', TyresAge 0, Wear '0.0'% | '0.0'% | '0.0'% | '0.0'%, Fuel '82.92' Kg, PitStop 'Yes', Time '01:56.565' ms
Lap 17: Rain 0% -> Compound 'Inter', TyresAge 1, Wear '1.0'% | '1.0'% | '1.0'% | '1.0'%, Fuel '81.03' Kg, PitStop 'No', Time '01:31.473' ms
Lap 18: Rain 0% -> Compound 'Inter', TyresAge 0, Wear '0.0'% | '0.0'% | '0.0'% | '0.0'%, Fuel '79.14' Kg, PitStop 'Yes', Time '01:56.338' ms
Lap 19: Rain 0% -> Compound 'Hard', TyresAge 0, Wear '0.0'% | '0.0'% | '0.0'% | '0.0'%, Fuel '77.25' Kg, PitStop 'Yes', Time '01:50.389' ms
Lap 20: Rain 0% -> Compound 'Hard', TyresAge 1, Wear '1.0'% | '1.0'% | '1.0'% | '1.0'%, Fuel '75.36' Kg, PitStop 'No', Time '01:25.299' ms
Lap 21: Rain 0% -> Compound 'Hard', TyresAge 2, Wear '3.0'% | '3.0'% | '2.0'% | '2.0'%, Fuel '73.47' Kg, PitStop 'No', Time '01:25.222' ms
Lap 22: Rain 0% -> Compound 'Hard', TyresAge 0, Wear '0.0'% | '0.0'% | '0.0'% | '0.0'%, Fuel '71.58' Kg, PitStop 'Yes', Time '01:50.049' ms
Lap 23: Rain 0% -> Compound 'Hard', TyresAge 1, Wear '1.0'% | '1.0'% | '1.0'% | '1.0'%, Fuel '69.7' Kg, PitStop 'No', Time '01:24.960' ms
Lap 24: Rain 0% -> Compound 'Medium', TyresAge 0, Wear '0.0'% | '0.0'% | '0.0'% | '0.0'%, Fuel '67.81' Kg, PitStop 'Yes', Time '01:48.598' ms
Lap 25: Rain 0% -> Compound 'Soft', TyresAge 0, Wear '0.0'% | '0.0'% | '0.0'% | '0.0'%, Fuel '65.92' Kg, PitStop 'Yes', Time '01:47.884' ms
Lap 26: Rain 0% -> Compound 'Soft', TyresAge 1, Wear '2.0'% | '2.0'% | '2.0'% | '2.0'%, Fuel '64.03' Kg, PitStop 'No', Time '01:22.880' ms
Lap 27: Rain 0% -> Compound 'Soft', TyresAge 2, Wear '5.0'% | '4.0'% | '4.0'% | '3.0'%, Fuel '62.14' Kg, PitStop 'No', Time '01:22.874' ms
Lap 28: Rain 0% -> Compound 'Inter', TyresAge 0, Wear '0.0'% | '0.0'% | '0.0'% | '0.0'%, Fuel '60.25' Kg, PitStop 'Yes', Time '01:55.205' ms
Lap 29: Rain 0% -> Compound 'Inter', TyresAge 1, Wear '1.0'% | '1.0'% | '1.0'% | '1.0'%, Fuel '58.36' Kg, PitStop 'No', Time '01:30.113' ms
Lap 30: Rain 0% -> Compound 'Medium', TyresAge 0, Wear '0.0'% | '0.0'% | '0.0'% | '0.0'%, Fuel '56.48' Kg, PitStop 'Yes', Time '01:47.918' ms
Lap 31: Rain 0% -> Compound 'Medium', TyresAge 1, Wear '2.0'% | '2.0'% | '2.0'% | '1.0'%, Fuel '54.59' Kg, PitStop 'No', Time '01:22.884' ms
Lap 32: Rain 0% -> Compound 'Medium', TyresAge 2, Wear '4.0'% | '4.0'% | '3.0'% | '3.0'%, Fuel '52.7' Kg, PitStop 'No', Time '01:22.852' ms
Lap 33: Rain 0% -> Compound 'Medium', TyresAge 3, Wear '6.0'% | '6.0'% | '5.0'% | '4.0'%, Fuel '50.81' Kg, PitStop 'No', Time '01:22.818' ms
Lap 34: Rain 0% -> Compound 'Medium', TyresAge 4, Wear '8.0'% | '8.0'% | '7.0'% | '6.0'%, Fuel '48.92' Kg, PitStop 'No', Time '01:22.798' ms
Lap 35: Rain 0% -> Compound 'Medium', TyresAge 5, Wear '11.0'% | '10.0'% | '8.0'% | '7.0'%, Fuel '47.03' Kg, PitStop 'No', Time '01:22.766' ms
Lap 36: Rain 0% -> Compound 'Wet', TyresAge 0, Wear '0.0'% | '0.0'% | '0.0'% | '0.0'%, Fuel '45.14' Kg, PitStop 'Yes', Time '02:13.937' ms
Lap 37: Rain 0% -> Compound 'Soft', TyresAge 0, Wear '0.0'% | '0.0'% | '0.0'% | '0.0'%, Fuel '43.26' Kg, PitStop 'Yes', Time '01:46.524' ms
Lap 38: Rain 0% -> Compound 'Hard', TyresAge 0, Wear '0.0'% | '0.0'% | '0.0'% | '0.0'%, Fuel '41.37' Kg, PitStop 'Yes', Time '01:48.236' ms
Lap 39: Rain 0% -> Compound 'Hard', TyresAge 1, Wear '1.0'% | '1.0'% | '1.0'% | '1.0'%, Fuel '39.48' Kg, PitStop 'No', Time '01:23.146' ms
Lap 40: Rain 0% -> Compound 'Hard', TyresAge 2, Wear '3.0'% | '3.0'% | '2.0'% | '2.0'%, Fuel '37.59' Kg, PitStop 'No', Time '01:23.069' ms
Lap 41: Rain 0% -> Compound 'Hard', TyresAge 3, Wear '4.0'% | '4.0'% | '3.0'% | '3.0'%, Fuel '35.7' Kg, PitStop 'No', Time '01:22.979' ms
Lap 42: Rain 0% -> Compound 'Hard', TyresAge 0, Wear '0.0'% | '0.0'% | '0.0'% | '0.0'%, Fuel '33.81' Kg, PitStop 'Yes', Time '01:47.782' ms
Lap 43: Rain 0% -> Compound 'Hard', TyresAge 1, Wear '1.0'% | '1.0'% | '1.0'% | '1.0'%, Fuel '31.92' Kg, PitStop 'No', Time '01:22.693' ms
Lap 44: Rain 0% -> Compound 'Hard', TyresAge 2, Wear '3.0'% | '3.0'% | '2.0'% | '2.0'%, Fuel '30.04' Kg, PitStop 'No', Time '01:22.616' ms
Lap 45: Rain 0% -> Compound 'Hard', TyresAge 3, Wear '4.0'% | '4.0'% | '3.0'% | '3.0'%, Fuel '28.15' Kg, PitStop 'No', Time '01:22.526' ms
Lap 46: Rain 0% -> Compound 'Hard', TyresAge 4, Wear '6.0'% | '5.0'% | '5.0'% | '4.0'%, Fuel '26.26' Kg, PitStop 'No', Time '01:22.449' ms
Lap 47: Rain 0% -> Compound 'Hard', TyresAge 5, Wear '7.0'% | '7.0'% | '6.0'% | '5.0'%, Fuel '24.37' Kg, PitStop 'No', Time '01:22.365' ms
Lap 48: Rain 0% -> Compound 'Inter', TyresAge 0, Wear '0.0'% | '0.0'% | '0.0'% | '0.0'%, Fuel '22.48' Kg, PitStop 'Yes', Time '01:52.938' ms
Lap 49: Rain 0% -> Compound 'Inter', TyresAge 1, Wear '1.0'% | '1.0'% | '1.0'% | '1.0'%, Fuel '20.59' Kg, PitStop 'No', Time '01:27.847' ms
Lap 50: Rain 0% -> Compound 'Inter', TyresAge 2, Wear '2.0'% | '2.0'% | '2.0'% | '2.0'%, Fuel '18.7' Kg, PitStop 'No', Time '01:27.756' ms
Lap 51: Rain 0% -> Compound 'Medium', TyresAge 0, Wear '0.0'% | '0.0'% | '0.0'% | '0.0'%, Fuel '16.81' Kg, PitStop 'Yes', Time '01:45.538' ms
Lap 52: Rain 0% -> Compound 'Medium', TyresAge 1, Wear '2.0'% | '2.0'% | '2.0'% | '1.0'%, Fuel '14.93' Kg, PitStop 'No', Time '01:20.504' ms
Lap 53: Rain 0% -> Compound 'Medium', TyresAge 2, Wear '4.0'% | '4.0'% | '3.0'% | '3.0'%, Fuel '13.04' Kg, PitStop 'No', Time '01:20.472' ms
Time elapsed: 00:06.527
