Log file of circuit Portimao at 14/10/2022 00:03:51

Population: 200
Iterations: 10
Mutation: 0.9
Crossover: 0.6
PitStopTime: 00:22.000
Weather: 'Sunny'

[EA] Generation 1 - Bruteforce solution: 01:28:22.639 -> best overall: 01:45:10.530 - difference: 16:47.891 - valid strategies: 6.86% | threshold is 0.25 - Stuck Counter = 0/0
[EA] Generation 2 - Bruteforce solution: 01:28:22.639 -> best overall: 01:44:39.552 - difference: 16:16.913 - valid strategies: 6.5% | threshold is 0.25 - Stuck Counter = 0/0
[EA] Generation 3 - Bruteforce solution: 01:28:22.639 -> best overall: 01:44:17.942 - difference: 15:55.303 - valid strategies: 3.0% | threshold is 0.25 - Stuck Counter = 0/0
[EA] Generation 4 - Bruteforce solution: 01:28:22.639 -> best overall: 01:43:57.108 - difference: 15:34.469 - valid strategies: 3.5% | threshold is 0.25 - Stuck Counter = 0/0
[EA] Generation 5 - Bruteforce solution: 01:28:22.639 -> best overall: 01:43:36.289 - difference: 15:13.650 - valid strategies: 3.0% | threshold is 0.25 - Stuck Counter = 0/0
[EA] Generation 6 - Bruteforce solution: 01:28:22.639 -> best overall: 01:43:20.377 - difference: 14:57.738 - valid strategies: 3.5% | threshold is 0.25 - Stuck Counter = 0/0
[EA] Generation 7 - Bruteforce solution: 01:28:22.639 -> best overall: 01:43:11.723 - difference: 14:49.084 - valid strategies: 7.0% | threshold is 0.25 - Stuck Counter = 0/0
[EA] Generation 8 - Bruteforce solution: 01:28:22.639 -> best overall: 01:42:49.798 - difference: 14:27.159 - valid strategies: 6.5% | threshold is 0.25 - Stuck Counter = 0/0
[EA] Generation 9 - Bruteforce solution: 01:28:22.639 -> best overall: 01:41:38.080 - difference: 13:15.441 - valid strategies: 10.5% | threshold is 0.25 - Stuck Counter = 0/0
[EA] Generation 10 - Bruteforce solution: 01:28:22.639 -> best overall: 01:41:17.343 - difference: 12:54.704 - valid strategies: 12.5% | threshold is 0.25 - Stuck Counter = 0/0


Best Strategy fitness: 6077343
Best Strategy time: 01:41:17.343

 vs 

Bruteforce fitness: 5302639
Bruteforce time: 01:28:22.639


Lap 1: Rain 0% -> Compound 'Hard', TyresAge 0, Wear '0.0'% | '0.0'% | '0.0'% | '0.0'%, Fuel '105.56' Kg, PitStop 'No', Time '01:25.586' ms
Lap 2: Rain 0% -> Compound 'Hard', TyresAge 1, Wear '1.0'% | '1.0'% | '1.0'% | '1.0'%, Fuel '103.97' Kg, PitStop 'No', Time '01:23.521' ms
Lap 3: Rain 0% -> Compound 'Hard', TyresAge 2, Wear '2.0'% | '2.0'% | '2.0'% | '2.0'%, Fuel '102.38' Kg, PitStop 'No', Time '01:23.455' ms
Lap 4: Rain 0% -> Compound 'Hard', TyresAge 3, Wear '4.0'% | '3.0'% | '3.0'% | '2.0'%, Fuel '100.79' Kg, PitStop 'No', Time '01:23.392' ms
Lap 5: Rain 0% -> Compound 'Hard', TyresAge 4, Wear '5.0'% | '4.0'% | '3.0'% | '3.0'%, Fuel '99.2' Kg, PitStop 'No', Time '01:23.321' ms
Lap 6: Rain 0% -> Compound 'Wet', TyresAge 0, Wear '0.0'% | '0.0'% | '0.0'% | '0.0'%, Fuel '97.61' Kg, PitStop 'Yes', Time '02:11.573' ms
Lap 7: Rain 0% -> Compound 'Wet', TyresAge 1, Wear '1.0'% | '0.0'% | '0.0'% | '0.0'%, Fuel '96.02' Kg, PitStop 'No', Time '01:49.518' ms
Lap 8: Rain 0% -> Compound 'Medium', TyresAge 0, Wear '0.0'% | '0.0'% | '0.0'% | '0.0'%, Fuel '94.43' Kg, PitStop 'Yes', Time '01:43.805' ms
Lap 9: Rain 0% -> Compound 'Inter', TyresAge 0, Wear '0.0'% | '0.0'% | '0.0'% | '0.0'%, Fuel '92.84' Kg, PitStop 'Yes', Time '01:51.960' ms
Lap 10: Rain 0% -> Compound 'Inter', TyresAge 0, Wear '0.0'% | '0.0'% | '0.0'% | '0.0'%, Fuel '91.25' Kg, PitStop 'Yes', Time '01:51.871' ms
Lap 11: Rain 0% -> Compound 'Wet', TyresAge 0, Wear '0.0'% | '0.0'% | '0.0'% | '0.0'%, Fuel '89.66' Kg, PitStop 'Yes', Time '02:11.128' ms
Lap 12: Rain 0% -> Compound 'Inter', TyresAge 0, Wear '0.0'% | '0.0'% | '0.0'% | '0.0'%, Fuel '88.07' Kg, PitStop 'Yes', Time '01:51.693' ms
Lap 13: Rain 0% -> Compound 'Inter', TyresAge 1, Wear '1.0'% | '0.0'% | '0.0'% | '0.0'%, Fuel '86.48' Kg, PitStop 'No', Time '01:29.658' ms
Lap 14: Rain 0% -> Compound 'Inter', TyresAge 2, Wear '1.0'% | '1.0'% | '1.0'% | '1.0'%, Fuel '84.89' Kg, PitStop 'No', Time '01:29.795' ms
Lap 15: Rain 0% -> Compound 'Inter', TyresAge 3, Wear '2.0'% | '1.0'% | '1.0'% | '1.0'%, Fuel '83.3' Kg, PitStop 'No', Time '01:29.760' ms
Lap 16: Rain 0% -> Compound 'Inter', TyresAge 0, Wear '0.0'% | '0.0'% | '0.0'% | '0.0'%, Fuel '81.71' Kg, PitStop 'Yes', Time '01:51.337' ms
Lap 17: Rain 0% -> Compound 'Inter', TyresAge 1, Wear '1.0'% | '0.0'% | '0.0'% | '0.0'%, Fuel '80.12' Kg, PitStop 'No', Time '01:29.302' ms
Lap 18: Rain 0% -> Compound 'Medium', TyresAge 0, Wear '0.0'% | '0.0'% | '0.0'% | '0.0'%, Fuel '78.53' Kg, PitStop 'Yes', Time '01:42.915' ms
Lap 19: Rain 0% -> Compound 'Medium', TyresAge 1, Wear '2.0'% | '1.0'% | '1.0'% | '1.0'%, Fuel '76.94' Kg, PitStop 'No', Time '01:20.857' ms
Lap 20: Rain 0% -> Compound 'Medium', TyresAge 2, Wear '3.0'% | '2.0'% | '3.0'% | '2.0'%, Fuel '75.35' Kg, PitStop 'No', Time '01:20.798' ms
Lap 21: Rain 0% -> Compound 'Medium', TyresAge 3, Wear '5.0'% | '4.0'% | '4.0'% | '3.0'%, Fuel '73.76' Kg, PitStop 'No', Time '01:20.745' ms
Lap 22: Rain 0% -> Compound 'Medium', TyresAge 4, Wear '6.0'% | '5.0'% | '5.0'% | '5.0'%, Fuel '72.17' Kg, PitStop 'No', Time '01:20.687' ms
Lap 23: Rain 0% -> Compound 'Medium', TyresAge 5, Wear '8.0'% | '6.0'% | '7.0'% | '6.0'%, Fuel '70.58' Kg, PitStop 'No', Time '01:20.635' ms
Lap 24: Rain 0% -> Compound 'Medium', TyresAge 6, Wear '9.0'% | '7.0'% | '8.0'% | '7.0'%, Fuel '68.99' Kg, PitStop 'No', Time '01:20.570' ms
Lap 25: Rain 0% -> Compound 'Soft', TyresAge 0, Wear '0.0'% | '0.0'% | '0.0'% | '0.0'%, Fuel '67.4' Kg, PitStop 'Yes', Time '01:41.927' ms
Lap 26: Rain 0% -> Compound 'Soft', TyresAge 1, Wear '2.0'% | '2.0'% | '2.0'% | '2.0'%, Fuel '65.81' Kg, PitStop 'No', Time '01:19.881' ms
Lap 27: Rain 0% -> Compound 'Soft', TyresAge 2, Wear '4.0'% | '3.0'% | '4.0'% | '3.0'%, Fuel '64.22' Kg, PitStop 'No', Time '01:19.824' ms
Lap 28: Rain 0% -> Compound 'Soft', TyresAge 3, Wear '6.0'% | '5.0'% | '6.0'% | '5.0'%, Fuel '62.63' Kg, PitStop 'No', Time '01:19.777' ms
Lap 29: Rain 0% -> Compound 'Hard', TyresAge 0, Wear '0.0'% | '0.0'% | '0.0'% | '0.0'%, Fuel '61.04' Kg, PitStop 'Yes', Time '01:43.093' ms
Lap 30: Rain 0% -> Compound 'Hard', TyresAge 1, Wear '1.0'% | '1.0'% | '1.0'% | '1.0'%, Fuel '59.45' Kg, PitStop 'No', Time '01:21.027' ms
Lap 31: Rain 0% -> Compound 'Hard', TyresAge 2, Wear '2.0'% | '2.0'% | '2.0'% | '2.0'%, Fuel '57.86' Kg, PitStop 'No', Time '01:20.961' ms
Lap 32: Rain 0% -> Compound 'Hard', TyresAge 3, Wear '4.0'% | '3.0'% | '3.0'% | '2.0'%, Fuel '56.27' Kg, PitStop 'No', Time '01:20.898' ms
Lap 33: Rain 0% -> Compound 'Hard', TyresAge 4, Wear '5.0'% | '4.0'% | '3.0'% | '3.0'%, Fuel '54.68' Kg, PitStop 'No', Time '01:20.827' ms
Lap 34: Rain 0% -> Compound 'Hard', TyresAge 5, Wear '6.0'% | '5.0'% | '4.0'% | '4.0'%, Fuel '53.09' Kg, PitStop 'No', Time '01:20.762' ms
Lap 35: Rain 0% -> Compound 'Hard', TyresAge 6, Wear '7.0'% | '6.0'% | '5.0'% | '5.0'%, Fuel '51.5' Kg, PitStop 'No', Time '01:20.698' ms
Lap 36: Rain 0% -> Compound 'Medium', TyresAge 0, Wear '0.0'% | '0.0'% | '0.0'% | '0.0'%, Fuel '49.91' Kg, PitStop 'Yes', Time '01:41.312' ms
Lap 37: Rain 0% -> Compound 'Medium', TyresAge 1, Wear '2.0'% | '1.0'% | '1.0'% | '1.0'%, Fuel '48.32' Kg, PitStop 'No', Time '01:19.254' ms
Lap 38: Rain 0% -> Compound 'Medium', TyresAge 2, Wear '3.0'% | '2.0'% | '3.0'% | '2.0'%, Fuel '46.73' Kg, PitStop 'No', Time '01:19.195' ms
Lap 39: Rain 0% -> Compound 'Medium', TyresAge 3, Wear '5.0'% | '4.0'% | '4.0'% | '3.0'%, Fuel '45.14' Kg, PitStop 'No', Time '01:19.142' ms
Lap 40: Rain 0% -> Compound 'Medium', TyresAge 4, Wear '6.0'% | '5.0'% | '5.0'% | '5.0'%, Fuel '43.55' Kg, PitStop 'No', Time '01:19.084' ms
Lap 41: Rain 0% -> Compound 'Medium', TyresAge 0, Wear '0.0'% | '0.0'% | '0.0'% | '0.0'%, Fuel '41.96' Kg, PitStop 'Yes', Time '01:40.867' ms
Lap 42: Rain 0% -> Compound 'Medium', TyresAge 1, Wear '2.0'% | '1.0'% | '1.0'% | '1.0'%, Fuel '40.37' Kg, PitStop 'No', Time '01:18.809' ms
Lap 43: Rain 0% -> Compound 'Medium', TyresAge 2, Wear '3.0'% | '2.0'% | '3.0'% | '2.0'%, Fuel '38.78' Kg, PitStop 'No', Time '01:18.750' ms
Lap 44: Rain 0% -> Compound 'Medium', TyresAge 3, Wear '5.0'% | '4.0'% | '4.0'% | '3.0'%, Fuel '37.19' Kg, PitStop 'No', Time '01:18.697' ms
Lap 45: Rain 0% -> Compound 'Hard', TyresAge 0, Wear '0.0'% | '0.0'% | '0.0'% | '0.0'%, Fuel '35.6' Kg, PitStop 'Yes', Time '01:41.668' ms
Lap 46: Rain 0% -> Compound 'Hard', TyresAge 1, Wear '1.0'% | '1.0'% | '1.0'% | '1.0'%, Fuel '34.01' Kg, PitStop 'No', Time '01:19.603' ms
Lap 47: Rain 0% -> Compound 'Hard', TyresAge 2, Wear '2.0'% | '2.0'% | '2.0'% | '2.0'%, Fuel '32.42' Kg, PitStop 'No', Time '01:19.537' ms
Lap 48: Rain 0% -> Compound 'Hard', TyresAge 3, Wear '4.0'% | '3.0'% | '3.0'% | '2.0'%, Fuel '30.83' Kg, PitStop 'No', Time '01:19.474' ms
Lap 49: Rain 0% -> Compound 'Soft', TyresAge 0, Wear '0.0'% | '0.0'% | '0.0'% | '0.0'%, Fuel '29.24' Kg, PitStop 'Yes', Time '01:39.790' ms
Lap 50: Rain 0% -> Compound 'Inter', TyresAge 0, Wear '0.0'% | '0.0'% | '0.0'% | '0.0'%, Fuel '27.65' Kg, PitStop 'Yes', Time '01:48.310' ms
Lap 51: Rain 0% -> Compound 'Hard', TyresAge 0, Wear '0.0'% | '0.0'% | '0.0'% | '0.0'%, Fuel '26.06' Kg, PitStop 'Yes', Time '01:41.134' ms
Lap 52: Rain 0% -> Compound 'Hard', TyresAge 0, Wear '0.0'% | '0.0'% | '0.0'% | '0.0'%, Fuel '24.47' Kg, PitStop 'Yes', Time '01:41.045' ms
Lap 53: Rain 0% -> Compound 'Hard', TyresAge 1, Wear '1.0'% | '1.0'% | '1.0'% | '1.0'%, Fuel '22.88' Kg, PitStop 'No', Time '01:18.979' ms
Lap 54: Rain 0% -> Compound 'Medium', TyresAge 0, Wear '0.0'% | '0.0'% | '0.0'% | '0.0'%, Fuel '21.29' Kg, PitStop 'Yes', Time '01:39.709' ms
Lap 55: Rain 0% -> Compound 'Hard', TyresAge 0, Wear '0.0'% | '0.0'% | '0.0'% | '0.0'%, Fuel '19.7' Kg, PitStop 'Yes', Time '01:40.777' ms
Lap 56: Rain 0% -> Compound 'Hard', TyresAge 1, Wear '1.0'% | '1.0'% | '1.0'% | '1.0'%, Fuel '18.11' Kg, PitStop 'No', Time '01:18.712' ms
Lap 57: Rain 0% -> Compound 'Wet', TyresAge 0, Wear '0.0'% | '0.0'% | '0.0'% | '0.0'%, Fuel '16.52' Kg, PitStop 'Yes', Time '02:07.032' ms
Lap 58: Rain 0% -> Compound 'Wet', TyresAge 1, Wear '1.0'% | '0.0'% | '0.0'% | '0.0'%, Fuel '14.93' Kg, PitStop 'No', Time '01:44.977' ms
Lap 59: Rain 0% -> Compound 'Wet', TyresAge 0, Wear '0.0'% | '0.0'% | '0.0'% | '0.0'%, Fuel '13.34' Kg, PitStop 'Yes', Time '02:06.854' ms
Lap 60: Rain 0% -> Compound 'Hard', TyresAge 0, Wear '0.0'% | '0.0'% | '0.0'% | '0.0'%, Fuel '11.75' Kg, PitStop 'Yes', Time '01:40.377' ms
Lap 61: Rain 0% -> Compound 'Hard', TyresAge 1, Wear '1.0'% | '1.0'% | '1.0'% | '1.0'%, Fuel '10.16' Kg, PitStop 'No', Time '01:18.267' ms
Lap 62: Rain 0% -> Compound 'Inter', TyresAge 0, Wear '0.0'% | '0.0'% | '0.0'% | '0.0'%, Fuel '8.57' Kg, PitStop 'Yes', Time '01:47.241' ms
Lap 63: Rain 0% -> Compound 'Medium', TyresAge 0, Wear '0.0'% | '0.0'% | '0.0'% | '0.0'%, Fuel '6.98' Kg, PitStop 'Yes', Time '01:38.908' ms
Lap 64: Rain 0% -> Compound 'Medium', TyresAge 0, Wear '0.0'% | '0.0'% | '0.0'% | '0.0'%, Fuel '5.39' Kg, PitStop 'Yes', Time '01:38.819' ms
Lap 65: Rain 0% -> Compound 'Medium', TyresAge 1, Wear '2.0'% | '1.0'% | '1.0'% | '1.0'%, Fuel '3.8' Kg, PitStop 'No', Time '01:16.761' ms
Lap 66: Rain 0% -> Compound 'Medium', TyresAge 2, Wear '3.0'% | '2.0'% | '3.0'% | '2.0'%, Fuel '2.21' Kg, PitStop 'No', Time '01:16.702' ms
Time elapsed: 00:14.594
