Log file of circuit Portimao at 22/08/2022 13:41:57

Population: 100
Iterations: 500
Mutation: 0.9
Crossover: 0.9
PitStopTime: 00:22.000
Weather: 'S'

[EA] Generation 1 - Bruteforce solution: 01:28:22.639 -> best overall: 01:43:52.925 - difference: 15:30.286 - valid strategies: 7.0% | threshold is 0.3 - counter = 0/5 - stuck value = 0
[EA] Generation 2 - Bruteforce solution: 01:28:22.639 -> best overall: 01:43:11.043 - difference: 14:48.404 - valid strategies: 7.0% | threshold is 0.3 - counter = 0/5 - stuck value = 0
[EA] Generation 3 - Bruteforce solution: 01:28:22.639 -> best overall: 01:42:51.581 - difference: 14:28.942 - valid strategies: 8.0% | threshold is 0.3 - counter = 0/5 - stuck value = 0
[EA] Generation 4 - Bruteforce solution: 01:28:22.639 -> best overall: 01:41:00.890 - difference: 12:38.251 - valid strategies: 6.0% | threshold is 0.3 - counter = 0/5 - stuck value = 0
[EA] Generation 5 - Bruteforce solution: 01:28:22.639 -> best overall: 01:41:00.890 - difference: 12:38.251 - valid strategies: 28.0% | threshold is 0.3 - counter = 1/5 - stuck value = 0
[EA] Generation 6 - Bruteforce solution: 01:28:22.639 -> best overall: 01:40:20.962 - difference: 11:58.323 - valid strategies: 18.0% | threshold is 0.3 - counter = 0/5 - stuck value = 0
[EA] Generation 7 - Bruteforce solution: 01:28:22.639 -> best overall: 01:40:03.621 - difference: 11:40.982 - valid strategies: 14.0% | threshold is 0.3 - counter = 0/5 - stuck value = 0
[EA] Generation 8 - Bruteforce solution: 01:28:22.639 -> best overall: 01:39:41.694 - difference: 11:19.055 - valid strategies: 12.0% | threshold is 0.3 - counter = 0/5 - stuck value = 0
[EA] Generation 9 - Bruteforce solution: 01:28:22.639 -> best overall: 01:39:31.222 - difference: 11:08.583 - valid strategies: 7.0% | threshold is 0.3 - counter = 0/5 - stuck value = 0
[EA] Generation 10 - Bruteforce solution: 01:28:22.639 -> best overall: 01:39:17.117 - difference: 10:54.478 - valid strategies: 6.0% | threshold is 0.3 - counter = 0/5 - stuck value = 0
[EA] Generation 11 - Bruteforce solution: 01:28:22.639 -> best overall: 01:38:55.269 - difference: 10:32.630 - valid strategies: 6.0% | threshold is 0.3 - counter = 0/5 - stuck value = 0
[EA] Generation 12 - Bruteforce solution: 01:28:22.639 -> best overall: 01:35:33.113 - difference: 07:10.474 - valid strategies: 12.0% | threshold is 0.3 - counter = 0/5 - stuck value = 0
[EA] Generation 13 - Bruteforce solution: 01:28:22.639 -> best overall: 01:35:12.204 - difference: 06:49.565 - valid strategies: 19.0% | threshold is 0.3 - counter = 0/5 - stuck value = 0
[EA] Generation 14 - Bruteforce solution: 01:28:22.639 -> best overall: 01:34:51.182 - difference: 06:28.543 - valid strategies: 26.0% | threshold is 0.3 - counter = 0/5 - stuck value = 0
[EA] Generation 15 - Bruteforce solution: 01:28:22.639 -> best overall: 01:34:26.391 - difference: 06:03.752 - valid strategies: 8.0% | threshold is 0.3 - counter = 0/5 - stuck value = 0
[EA] Generation 16 - Bruteforce solution: 01:28:22.639 -> best overall: 01:34:05.029 - difference: 05:42.390 - valid strategies: 8.0% | threshold is 0.3 - counter = 0/5 - stuck value = 0
[EA] Generation 17 - Bruteforce solution: 01:28:22.639 -> best overall: 01:32:42.059 - difference: 04:19.420 - valid strategies: 13.0% | threshold is 0.3 - counter = 0/5 - stuck value = 0
[EA] Generation 18 - Bruteforce solution: 01:28:22.639 -> best overall: 01:32:20.134 - difference: 03:57.495 - valid strategies: 13.0% | threshold is 0.3 - counter = 0/5 - stuck value = 0
[EA] Generation 19 - Bruteforce solution: 01:28:22.639 -> best overall: 01:31:58.920 - difference: 03:36.281 - valid strategies: 7.0% | threshold is 0.3 - counter = 0/5 - stuck value = 0
[EA] Generation 20 - Bruteforce solution: 01:28:22.639 -> best overall: 01:31:37.895 - difference: 03:15.256 - valid strategies: 5.0% | threshold is 0.3 - counter = 0/5 - stuck value = 0
[EA] Generation 21 - Bruteforce solution: 01:28:22.639 -> best overall: 01:31:15.938 - difference: 02:53.299 - valid strategies: 4.0% | threshold is 0.3 - counter = 0/5 - stuck value = 0
[EA] Generation 22 - Bruteforce solution: 01:28:22.639 -> best overall: 01:30:54.258 - difference: 02:31.619 - valid strategies: 6.0% | threshold is 0.3 - counter = 0/5 - stuck value = 0
[EA] Generation 23 - Bruteforce solution: 01:28:22.639 -> best overall: 01:30:54.258 - difference: 02:31.619 - valid strategies: 7.0% | threshold is 0.3 - counter = 1/5 - stuck value = 0
[EA] Generation 24 - Bruteforce solution: 01:28:22.639 -> best overall: 01:30:54.258 - difference: 02:31.619 - valid strategies: 15.0% | threshold is 0.3 - counter = 2/5 - stuck value = 0
[EA] Generation 25 - Bruteforce solution: 01:28:22.639 -> best overall: 01:30:35.550 - difference: 02:12.911 - valid strategies: 14.0% | threshold is 0.3 - counter = 0/5 - stuck value = 0
[EA] Generation 26 - Bruteforce solution: 01:28:22.639 -> best overall: 01:30:21.164 - difference: 01:58.525 - valid strategies: 6.0% | threshold is 0.3 - counter = 0/5 - stuck value = 0
[EA] Generation 27 - Bruteforce solution: 01:28:22.639 -> best overall: 01:30:07.637 - difference: 01:44.998 - valid strategies: 12.0% | threshold is 0.3 - counter = 0/5 - stuck value = 0
[EA] Generation 28 - Bruteforce solution: 01:28:22.639 -> best overall: 01:29:55.148 - difference: 01:32.509 - valid strategies: 12.0% | threshold is 0.3 - counter = 0/5 - stuck value = 0
[EA] Generation 29 - Bruteforce solution: 01:28:22.639 -> best overall: 01:29:35.793 - difference: 01:13.154 - valid strategies: 6.0% | threshold is 0.3 - counter = 0/5 - stuck value = 0
[EA] Generation 30 - Bruteforce solution: 01:28:22.639 -> best overall: 01:29:14.638 - difference: 00:51.999 - valid strategies: 6.0% | threshold is 0.3 - counter = 0/5 - stuck value = 0
[EA] Generation 31 - Bruteforce solution: 01:28:22.639 -> best overall: 01:28:57.684 - difference: 00:35.045 - valid strategies: 5.0% | threshold is 0.3 - counter = 0/5 - stuck value = 0
[EA] Generation 32 - Bruteforce solution: 01:28:22.639 -> best overall: 01:28:57.684 - difference: 00:35.045 - valid strategies: 14.0% | threshold is 0.3 - counter = 1/5 - stuck value = 0
[EA] Generation 33 - Bruteforce solution: 01:28:22.639 -> best overall: 01:28:37.657 - difference: 00:15.018 - valid strategies: 8.0% | threshold is 0.3 - counter = 0/5 - stuck value = 0
[EA] Generation 34 - Bruteforce solution: 01:28:22.639 -> best overall: 01:28:37.657 - difference: 00:15.018 - valid strategies: 7.0% | threshold is 0.3 - counter = 1/5 - stuck value = 0
[EA] Generation 35 - Bruteforce solution: 01:28:22.639 -> best overall: 01:28:37.657 - difference: 00:15.018 - valid strategies: 6.0% | threshold is 0.3 - counter = 2/5 - stuck value = 0
[EA] Generation 36 - Bruteforce solution: 01:28:22.639 -> best overall: 01:28:37.657 - difference: 00:15.018 - valid strategies: 7.0% | threshold is 0.3 - counter = 3/5 - stuck value = 0
[EA] Generation 37 - Bruteforce solution: 01:28:22.639 -> best overall: 01:28:37.657 - difference: 00:15.018 - valid strategies: 7.0% | threshold is 0.3 - counter = 4/5 - stuck value = 0
[EA] Generation 38 - Bruteforce solution: 01:28:22.639 -> best overall: 01:28:37.657 - difference: 00:15.018 - valid strategies: 8.0% | threshold is 0.25 - counter = 0/5 - stuck value = 1
[EA] Generation 39 - Bruteforce solution: 01:28:22.639 -> best overall: 01:28:37.657 - difference: 00:15.018 - valid strategies: 8.0% | threshold is 0.25 - counter = 1/5 - stuck value = 1
[EA] Generation 40 - Bruteforce solution: 01:28:22.639 -> best overall: 01:28:37.657 - difference: 00:15.018 - valid strategies: 8.0% | threshold is 0.25 - counter = 2/5 - stuck value = 1
[EA] Generation 41 - Bruteforce solution: 01:28:22.639 -> best overall: 01:28:37.657 - difference: 00:15.018 - valid strategies: 7.0% | threshold is 0.25 - counter = 3/5 - stuck value = 1
[EA] Generation 42 - Bruteforce solution: 01:28:22.639 -> best overall: 01:28:37.657 - difference: 00:15.018 - valid strategies: 9.0% | threshold is 0.25 - counter = 4/5 - stuck value = 1
[EA] Generation 43 - Bruteforce solution: 01:28:22.639 -> best overall: 01:28:37.657 - difference: 00:15.018 - valid strategies: 7.0% | threshold is 0.2 - counter = 0/5 - stuck value = 2
[EA] Generation 44 - Bruteforce solution: 01:28:22.639 -> best overall: 01:28:37.657 - difference: 00:15.018 - valid strategies: 6.0% | threshold is 0.2 - counter = 1/5 - stuck value = 2
[EA] Generation 45 - Bruteforce solution: 01:28:22.639 -> best overall: 01:28:37.657 - difference: 00:15.018 - valid strategies: 6.0% | threshold is 0.2 - counter = 2/5 - stuck value = 2
[EA] Generation 46 - Bruteforce solution: 01:28:22.639 -> best overall: 01:28:37.657 - difference: 00:15.018 - valid strategies: 7.0% | threshold is 0.2 - counter = 3/5 - stuck value = 2
[EA] Generation 47 - Bruteforce solution: 01:28:22.639 -> best overall: 01:28:37.657 - difference: 00:15.018 - valid strategies: 7.0% | threshold is 0.2 - counter = 4/5 - stuck value = 2
[EA] Generation 48 - Bruteforce solution: 01:28:22.639 -> best overall: 01:28:37.657 - difference: 00:15.018 - valid strategies: 5.0% | threshold is 0.15 - counter = 0/5 - stuck value = 3
[EA] Generation 49 - Bruteforce solution: 01:28:22.639 -> best overall: 01:28:37.657 - difference: 00:15.018 - valid strategies: 7.0% | threshold is 0.15 - counter = 1/5 - stuck value = 3
[EA] Generation 50 - Bruteforce solution: 01:28:22.639 -> best overall: 01:28:37.657 - difference: 00:15.018 - valid strategies: 8.0% | threshold is 0.15 - counter = 2/5 - stuck value = 3
[EA] Generation 51 - Bruteforce solution: 01:28:22.639 -> best overall: 01:28:37.657 - difference: 00:15.018 - valid strategies: 9.0% | threshold is 0.15 - counter = 3/5 - stuck value = 3
[EA] Generation 52 - Bruteforce solution: 01:28:22.639 -> best overall: 01:28:37.657 - difference: 00:15.018 - valid strategies: 6.0% | threshold is 0.15 - counter = 4/5 - stuck value = 3
[EA] Generation 53 - Bruteforce solution: 01:28:22.639 -> best overall: 01:28:37.657 - difference: 00:15.018 - valid strategies: 6.0% | threshold is 0.1 - counter = 0/5 - stuck value = 4
[EA] Generation 54 - Bruteforce solution: 01:28:22.639 -> best overall: 01:28:37.657 - difference: 00:15.018 - valid strategies: 7.0% | threshold is 0.1 - counter = 1/5 - stuck value = 4
[EA] Generation 55 - Bruteforce solution: 01:28:22.639 -> best overall: 01:28:37.657 - difference: 00:15.018 - valid strategies: 14.0% | threshold is 0.1 - counter = 2/5 - stuck value = 4
[EA] Generation 56 - Bruteforce solution: 01:28:22.639 -> best overall: 01:28:37.657 - difference: 00:15.018 - valid strategies: 7.0% | threshold is 0.1 - counter = 3/5 - stuck value = 4
[EA] Generation 57 - Bruteforce solution: 01:28:22.639 -> best overall: 01:28:33.579 - difference: 00:10.940 - valid strategies: 7.0% | threshold is 0.3 - counter = 0/5 - stuck value = 0
[EA] Generation 58 - Bruteforce solution: 01:28:22.639 -> best overall: 01:28:33.579 - difference: 00:10.940 - valid strategies: 13.0% | threshold is 0.3 - counter = 1/5 - stuck value = 0
[EA] Generation 59 - Bruteforce solution: 01:28:22.639 -> best overall: 01:28:33.579 - difference: 00:10.940 - valid strategies: 12.0% | threshold is 0.3 - counter = 2/5 - stuck value = 0
[EA] Generation 60 - Bruteforce solution: 01:28:22.639 -> best overall: 01:28:33.579 - difference: 00:10.940 - valid strategies: 14.0% | threshold is 0.3 - counter = 3/5 - stuck value = 0
[EA] Generation 61 - Bruteforce solution: 01:28:22.639 -> best overall: 01:28:33.579 - difference: 00:10.940 - valid strategies: 10.0% | threshold is 0.3 - counter = 4/5 - stuck value = 0
[EA] Generation 62 - Bruteforce solution: 01:28:22.639 -> best overall: 01:28:33.522 - difference: 00:10.883 - valid strategies: 13.0% | threshold is 0.3 - counter = 0/5 - stuck value = 0
[EA] Generation 63 - Bruteforce solution: 01:28:22.639 -> best overall: 01:28:33.522 - difference: 00:10.883 - valid strategies: 11.0% | threshold is 0.3 - counter = 1/5 - stuck value = 0
[EA] Generation 64 - Bruteforce solution: 01:28:22.639 -> best overall: 01:28:33.522 - difference: 00:10.883 - valid strategies: 12.0% | threshold is 0.3 - counter = 2/5 - stuck value = 0
[EA] Generation 65 - Bruteforce solution: 01:28:22.639 -> best overall: 01:28:33.522 - difference: 00:10.883 - valid strategies: 9.0% | threshold is 0.3 - counter = 3/5 - stuck value = 0
[EA] Generation 66 - Bruteforce solution: 01:28:22.639 -> best overall: 01:28:33.522 - difference: 00:10.883 - valid strategies: 11.0% | threshold is 0.3 - counter = 4/5 - stuck value = 0
[EA] Generation 67 - Bruteforce solution: 01:28:22.639 -> best overall: 01:28:33.522 - difference: 00:10.883 - valid strategies: 9.0% | threshold is 0.25 - counter = 0/5 - stuck value = 1
[EA] Generation 68 - Bruteforce solution: 01:28:22.639 -> best overall: 01:28:33.522 - difference: 00:10.883 - valid strategies: 8.0% | threshold is 0.25 - counter = 1/5 - stuck value = 1
[EA] Generation 69 - Bruteforce solution: 01:28:22.639 -> best overall: 01:28:33.522 - difference: 00:10.883 - valid strategies: 9.0% | threshold is 0.25 - counter = 2/5 - stuck value = 1
[EA] Generation 70 - Bruteforce solution: 01:28:22.639 -> best overall: 01:28:33.522 - difference: 00:10.883 - valid strategies: 11.0% | threshold is 0.25 - counter = 3/5 - stuck value = 1
[EA] Generation 71 - Bruteforce solution: 01:28:22.639 -> best overall: 01:28:33.522 - difference: 00:10.883 - valid strategies: 10.0% | threshold is 0.25 - counter = 4/5 - stuck value = 1
[EA] Generation 72 - Bruteforce solution: 01:28:22.639 -> best overall: 01:28:33.522 - difference: 00:10.883 - valid strategies: 13.0% | threshold is 0.2 - counter = 0/5 - stuck value = 2
[EA] Generation 73 - Bruteforce solution: 01:28:22.639 -> best overall: 01:28:33.522 - difference: 00:10.883 - valid strategies: 12.0% | threshold is 0.2 - counter = 1/5 - stuck value = 2
[EA] Generation 74 - Bruteforce solution: 01:28:22.639 -> best overall: 01:28:33.522 - difference: 00:10.883 - valid strategies: 5.0% | threshold is 0.2 - counter = 2/5 - stuck value = 2
[EA] Generation 75 - Bruteforce solution: 01:28:22.639 -> best overall: 01:28:33.522 - difference: 00:10.883 - valid strategies: 12.0% | threshold is 0.2 - counter = 3/5 - stuck value = 2
[EA] Generation 76 - Bruteforce solution: 01:28:22.639 -> best overall: 01:28:33.522 - difference: 00:10.883 - valid strategies: 12.0% | threshold is 0.2 - counter = 4/5 - stuck value = 2
[EA] Generation 77 - Bruteforce solution: 01:28:22.639 -> best overall: 01:28:33.522 - difference: 00:10.883 - valid strategies: 11.0% | threshold is 0.15 - counter = 0/5 - stuck value = 3
[EA] Generation 78 - Bruteforce solution: 01:28:22.639 -> best overall: 01:28:33.522 - difference: 00:10.883 - valid strategies: 12.0% | threshold is 0.15 - counter = 1/5 - stuck value = 3
[EA] Generation 79 - Bruteforce solution: 01:28:22.639 -> best overall: 01:28:33.522 - difference: 00:10.883 - valid strategies: 12.0% | threshold is 0.15 - counter = 2/5 - stuck value = 3
[EA] Generation 80 - Bruteforce solution: 01:28:22.639 -> best overall: 01:28:33.522 - difference: 00:10.883 - valid strategies: 11.0% | threshold is 0.15 - counter = 3/5 - stuck value = 3
[EA] Generation 81 - Bruteforce solution: 01:28:22.639 -> best overall: 01:28:33.522 - difference: 00:10.883 - valid strategies: 11.0% | threshold is 0.15 - counter = 4/5 - stuck value = 3
[EA] Generation 82 - Bruteforce solution: 01:28:22.639 -> best overall: 01:28:33.522 - difference: 00:10.883 - valid strategies: 13.0% | threshold is 0.1 - counter = 0/5 - stuck value = 4
[EA] Generation 83 - Bruteforce solution: 01:28:22.639 -> best overall: 01:28:33.522 - difference: 00:10.883 - valid strategies: 11.0% | threshold is 0.1 - counter = 1/5 - stuck value = 4
[EA] Generation 84 - Bruteforce solution: 01:28:22.639 -> best overall: 01:28:33.522 - difference: 00:10.883 - valid strategies: 16.0% | threshold is 0.1 - counter = 2/5 - stuck value = 4
[EA] Generation 85 - Bruteforce solution: 01:28:22.639 -> best overall: 01:28:33.522 - difference: 00:10.883 - valid strategies: 14.0% | threshold is 0.1 - counter = 3/5 - stuck value = 4
[EA] Generation 86 - Bruteforce solution: 01:28:22.639 -> best overall: 01:28:33.522 - difference: 00:10.883 - valid strategies: 14.0% | threshold is 0.1 - counter = 4/5 - stuck value = 4
[EA] Generation 87 - Bruteforce solution: 01:28:22.639 -> best overall: 01:28:33.522 - difference: 00:10.883 - valid strategies: 17.0% | threshold is 0.05 - counter = 0/5 - stuck value = 5
[EA] Generation 88 - Bruteforce solution: 01:28:22.639 -> best overall: 01:28:33.522 - difference: 00:10.883 - valid strategies: 14.0% | threshold is 0.05 - counter = 1/5 - stuck value = 5
[EA] Generation 89 - Bruteforce solution: 01:28:22.639 -> best overall: 01:28:33.522 - difference: 00:10.883 - valid strategies: 16.0% | threshold is 0.05 - counter = 2/5 - stuck value = 5
[EA] Generation 90 - Bruteforce solution: 01:28:22.639 -> best overall: 01:28:33.522 - difference: 00:10.883 - valid strategies: 16.0% | threshold is 0.05 - counter = 3/5 - stuck value = 5
[EA] Generation 91 - Bruteforce solution: 01:28:22.639 -> best overall: 01:28:33.522 - difference: 00:10.883 - valid strategies: 12.0% | threshold is 0.05 - counter = 4/5 - stuck value = 5
[EA] Generation 92 - Bruteforce solution: 01:28:22.639 -> best overall: 01:28:33.522 - difference: 00:10.883 - valid strategies: 16.0% | threshold is 0.81 - counter = 0/5 - stuck value = 6
[EA] Generation 93 - Bruteforce solution: 01:28:22.639 -> best overall: 01:28:33.522 - difference: 00:10.883 - valid strategies: 22.0% | threshold is 0.81 - counter = 1/5 - stuck value = 6
[EA] Generation 94 - Bruteforce solution: 01:28:22.639 -> best overall: 01:28:33.461 - difference: 00:10.822 - valid strategies: 30.0% | threshold is 0.3 - counter = 0/5 - stuck value = 0
[EA] Generation 95 - Bruteforce solution: 01:28:22.639 -> best overall: 01:28:33.461 - difference: 00:10.822 - valid strategies: 29.0% | threshold is 0.3 - counter = 1/5 - stuck value = 0
[EA] Generation 96 - Bruteforce solution: 01:28:22.639 -> best overall: 01:28:33.461 - difference: 00:10.822 - valid strategies: 27.0% | threshold is 0.3 - counter = 2/5 - stuck value = 0
[EA] Generation 97 - Bruteforce solution: 01:28:22.639 -> best overall: 01:28:33.461 - difference: 00:10.822 - valid strategies: 27.0% | threshold is 0.3 - counter = 3/5 - stuck value = 0
[EA] Generation 98 - Bruteforce solution: 01:28:22.639 -> best overall: 01:28:33.461 - difference: 00:10.822 - valid strategies: 29.0% | threshold is 0.3 - counter = 4/5 - stuck value = 0
[EA] Generation 99 - Bruteforce solution: 01:28:22.639 -> best overall: 01:28:33.461 - difference: 00:10.822 - valid strategies: 29.0% | threshold is 0.25 - counter = 0/5 - stuck value = 1
[EA] Generation 100 - Bruteforce solution: 01:28:22.639 -> best overall: 01:28:33.461 - difference: 00:10.822 - valid strategies: 31.0% | threshold is 0.25 - counter = 1/5 - stuck value = 1
[EA] Generation 101 - Bruteforce solution: 01:28:22.639 -> best overall: 01:28:33.461 - difference: 00:10.822 - valid strategies: 24.0% | threshold is 0.25 - counter = 2/5 - stuck value = 1
[EA] Generation 102 - Bruteforce solution: 01:28:22.639 -> best overall: 01:28:33.461 - difference: 00:10.822 - valid strategies: 26.0% | threshold is 0.25 - counter = 3/5 - stuck value = 1
[EA] Generation 103 - Bruteforce solution: 01:28:22.639 -> best overall: 01:28:33.461 - difference: 00:10.822 - valid strategies: 29.0% | threshold is 0.25 - counter = 4/5 - stuck value = 1
[EA] Generation 104 - Bruteforce solution: 01:28:22.639 -> best overall: 01:28:33.461 - difference: 00:10.822 - valid strategies: 29.0% | threshold is 0.2 - counter = 0/5 - stuck value = 2
[EA] Generation 105 - Bruteforce solution: 01:28:22.639 -> best overall: 01:28:33.461 - difference: 00:10.822 - valid strategies: 26.0% | threshold is 0.2 - counter = 1/5 - stuck value = 2
[EA] Generation 106 - Bruteforce solution: 01:28:22.639 -> best overall: 01:28:33.461 - difference: 00:10.822 - valid strategies: 26.0% | threshold is 0.2 - counter = 2/5 - stuck value = 2
[EA] Generation 107 - Bruteforce solution: 01:28:22.639 -> best overall: 01:28:33.461 - difference: 00:10.822 - valid strategies: 32.0% | threshold is 0.2 - counter = 3/5 - stuck value = 2
[EA] Generation 108 - Bruteforce solution: 01:28:22.639 -> best overall: 01:28:33.461 - difference: 00:10.822 - valid strategies: 24.0% | threshold is 0.2 - counter = 4/5 - stuck value = 2
[EA] Generation 109 - Bruteforce solution: 01:28:22.639 -> best overall: 01:28:33.461 - difference: 00:10.822 - valid strategies: 30.0% | threshold is 0.15 - counter = 0/5 - stuck value = 3
[EA] Generation 110 - Bruteforce solution: 01:28:22.639 -> best overall: 01:28:33.461 - difference: 00:10.822 - valid strategies: 27.0% | threshold is 0.15 - counter = 1/5 - stuck value = 3
[EA] Generation 111 - Bruteforce solution: 01:28:22.639 -> best overall: 01:28:33.461 - difference: 00:10.822 - valid strategies: 29.0% | threshold is 0.15 - counter = 2/5 - stuck value = 3
[EA] Generation 112 - Bruteforce solution: 01:28:22.639 -> best overall: 01:28:33.461 - difference: 00:10.822 - valid strategies: 30.0% | threshold is 0.15 - counter = 3/5 - stuck value = 3
[EA] Generation 113 - Bruteforce solution: 01:28:22.639 -> best overall: 01:28:33.461 - difference: 00:10.822 - valid strategies: 27.0% | threshold is 0.15 - counter = 4/5 - stuck value = 3
[EA] Generation 114 - Bruteforce solution: 01:28:22.639 -> best overall: 01:28:33.461 - difference: 00:10.822 - valid strategies: 24.0% | threshold is 0.1 - counter = 0/5 - stuck value = 4
[EA] Generation 115 - Bruteforce solution: 01:28:22.639 -> best overall: 01:28:33.461 - difference: 00:10.822 - valid strategies: 26.0% | threshold is 0.1 - counter = 1/5 - stuck value = 4
[EA] Generation 116 - Bruteforce solution: 01:28:22.639 -> best overall: 01:28:33.461 - difference: 00:10.822 - valid strategies: 26.0% | threshold is 0.1 - counter = 2/5 - stuck value = 4
[EA] Generation 117 - Bruteforce solution: 01:28:22.639 -> best overall: 01:28:33.461 - difference: 00:10.822 - valid strategies: 20.0% | threshold is 0.1 - counter = 3/5 - stuck value = 4
[EA] Generation 118 - Bruteforce solution: 01:28:22.639 -> best overall: 01:28:33.461 - difference: 00:10.822 - valid strategies: 25.0% | threshold is 0.1 - counter = 4/5 - stuck value = 4
[EA] Generation 119 - Bruteforce solution: 01:28:22.639 -> best overall: 01:28:33.461 - difference: 00:10.822 - valid strategies: 26.0% | threshold is 0.05 - counter = 0/5 - stuck value = 5
[EA] Generation 120 - Bruteforce solution: 01:28:22.639 -> best overall: 01:28:33.461 - difference: 00:10.822 - valid strategies: 15.0% | threshold is 0.05 - counter = 1/5 - stuck value = 5
[EA] Generation 121 - Bruteforce solution: 01:28:22.639 -> best overall: 01:28:33.461 - difference: 00:10.822 - valid strategies: 14.0% | threshold is 0.05 - counter = 2/5 - stuck value = 5
[EA] Generation 122 - Bruteforce solution: 01:28:22.639 -> best overall: 01:28:33.461 - difference: 00:10.822 - valid strategies: 15.0% | threshold is 0.05 - counter = 3/5 - stuck value = 5
[EA] Generation 123 - Bruteforce solution: 01:28:22.639 -> best overall: 01:28:33.461 - difference: 00:10.822 - valid strategies: 16.0% | threshold is 0.05 - counter = 4/5 - stuck value = 5
[EA] Generation 124 - Bruteforce solution: 01:28:22.639 -> best overall: 01:28:33.461 - difference: 00:10.822 - valid strategies: 16.0% | threshold is 0.36 - counter = 0/5 - stuck value = 6
[EA] Generation 125 - Bruteforce solution: 01:28:22.639 -> best overall: 01:28:33.461 - difference: 00:10.822 - valid strategies: 18.0% | threshold is 0.36 - counter = 1/5 - stuck value = 6
[EA] Generation 126 - Bruteforce solution: 01:28:22.639 -> best overall: 01:28:33.461 - difference: 00:10.822 - valid strategies: 13.0% | threshold is 0.36 - counter = 2/5 - stuck value = 6
[EA] Generation 127 - Bruteforce solution: 01:28:22.639 -> best overall: 01:28:33.461 - difference: 00:10.822 - valid strategies: 12.0% | threshold is 0.36 - counter = 3/5 - stuck value = 6
[EA] Generation 128 - Bruteforce solution: 01:28:22.639 -> best overall: 01:28:33.461 - difference: 00:10.822 - valid strategies: 13.0% | threshold is 0.36 - counter = 4/5 - stuck value = 6
[EA] Generation 129 - Bruteforce solution: 01:28:22.639 -> best overall: 01:28:33.461 - difference: 00:10.822 - valid strategies: 12.0% | threshold is 0.31 - counter = 0/5 - stuck value = 7
[EA] Generation 130 - Bruteforce solution: 01:28:22.639 -> best overall: 01:28:33.461 - difference: 00:10.822 - valid strategies: 11.0% | threshold is 0.31 - counter = 1/5 - stuck value = 7
[EA] Generation 131 - Bruteforce solution: 01:28:22.639 -> best overall: 01:28:33.461 - difference: 00:10.822 - valid strategies: 12.0% | threshold is 0.31 - counter = 2/5 - stuck value = 7
[EA] Generation 132 - Bruteforce solution: 01:28:22.639 -> best overall: 01:28:33.461 - difference: 00:10.822 - valid strategies: 11.0% | threshold is 0.31 - counter = 3/5 - stuck value = 7
[EA] Generation 133 - Bruteforce solution: 01:28:22.639 -> best overall: 01:28:33.461 - difference: 00:10.822 - valid strategies: 11.0% | threshold is 0.31 - counter = 4/5 - stuck value = 7
[EA] Generation 134 - Bruteforce solution: 01:28:22.639 -> best overall: 01:28:33.461 - difference: 00:10.822 - valid strategies: 12.0% | threshold is 0.26 - counter = 0/5 - stuck value = 8
[EA] Generation 135 - Bruteforce solution: 01:28:22.639 -> best overall: 01:28:33.461 - difference: 00:10.822 - valid strategies: 11.0% | threshold is 0.26 - counter = 1/5 - stuck value = 8
[EA] Generation 136 - Bruteforce solution: 01:28:22.639 -> best overall: 01:28:33.461 - difference: 00:10.822 - valid strategies: 14.0% | threshold is 0.26 - counter = 2/5 - stuck value = 8
[EA] Generation 137 - Bruteforce solution: 01:28:22.639 -> best overall: 01:28:33.461 - difference: 00:10.822 - valid strategies: 12.0% | threshold is 0.26 - counter = 3/5 - stuck value = 8
[EA] Generation 138 - Bruteforce solution: 01:28:22.639 -> best overall: 01:28:33.461 - difference: 00:10.822 - valid strategies: 11.0% | threshold is 0.26 - counter = 4/5 - stuck value = 8
[EA] Generation 139 - Bruteforce solution: 01:28:22.639 -> best overall: 01:28:33.461 - difference: 00:10.822 - valid strategies: 13.0% | threshold is 0.21 - counter = 0/5 - stuck value = 9
[EA] Generation 140 - Bruteforce solution: 01:28:22.639 -> best overall: 01:28:33.461 - difference: 00:10.822 - valid strategies: 11.0% | threshold is 0.21 - counter = 1/5 - stuck value = 9
[EA] Generation 141 - Bruteforce solution: 01:28:22.639 -> best overall: 01:28:33.461 - difference: 00:10.822 - valid strategies: 12.0% | threshold is 0.21 - counter = 2/5 - stuck value = 9
[EA] Generation 142 - Bruteforce solution: 01:28:22.639 -> best overall: 01:28:33.461 - difference: 00:10.822 - valid strategies: 12.0% | threshold is 0.21 - counter = 3/5 - stuck value = 9
[EA] Generation 143 - Bruteforce solution: 01:28:22.639 -> best overall: 01:28:33.461 - difference: 00:10.822 - valid strategies: 13.0% | threshold is 0.21 - counter = 4/5 - stuck value = 9
[EA] Generation 144 - Bruteforce solution: 01:28:22.639 -> best overall: 01:28:33.461 - difference: 00:10.822 - valid strategies: 13.0% | threshold is 0.16 - counter = 0/5 - stuck value = 10
[EA] Generation 145 - Bruteforce solution: 01:28:22.639 -> best overall: 01:28:33.461 - difference: 00:10.822 - valid strategies: 13.0% | threshold is 0.16 - counter = 1/5 - stuck value = 10
[EA] Generation 146 - Bruteforce solution: 01:28:22.639 -> best overall: 01:28:33.461 - difference: 00:10.822 - valid strategies: 12.0% | threshold is 0.16 - counter = 2/5 - stuck value = 10
[EA] Generation 147 - Bruteforce solution: 01:28:22.639 -> best overall: 01:28:33.461 - difference: 00:10.822 - valid strategies: 12.0% | threshold is 0.16 - counter = 3/5 - stuck value = 10
[EA] Generation 148 - Bruteforce solution: 01:28:22.639 -> best overall: 01:28:33.461 - difference: 00:10.822 - valid strategies: 12.0% | threshold is 0.16 - counter = 4/5 - stuck value = 10
[EA] Generation 149 - Bruteforce solution: 01:28:22.639 -> best overall: 01:28:33.461 - difference: 00:10.822 - valid strategies: 13.0% | threshold is 0.11 - counter = 0/5 - stuck value = 11
[EA] Generation 150 - Bruteforce solution: 01:28:22.639 -> best overall: 01:28:33.461 - difference: 00:10.822 - valid strategies: 13.0% | threshold is 0.11 - counter = 1/5 - stuck value = 11
[EA] Generation 151 - Bruteforce solution: 01:28:22.639 -> best overall: 01:28:33.461 - difference: 00:10.822 - valid strategies: 11.0% | threshold is 0.11 - counter = 2/5 - stuck value = 11
[EA] Generation 152 - Bruteforce solution: 01:28:22.639 -> best overall: 01:28:33.461 - difference: 00:10.822 - valid strategies: 13.0% | threshold is 0.11 - counter = 3/5 - stuck value = 11
[EA] Generation 153 - Bruteforce solution: 01:28:22.639 -> best overall: 01:28:33.461 - difference: 00:10.822 - valid strategies: 12.0% | threshold is 0.11 - counter = 4/5 - stuck value = 11
[EA] Generation 154 - Bruteforce solution: 01:28:22.639 -> best overall: 01:28:33.461 - difference: 00:10.822 - valid strategies: 12.0% | threshold is 0.06 - counter = 0/5 - stuck value = 12
[EA] Generation 155 - Bruteforce solution: 01:28:22.639 -> best overall: 01:28:33.461 - difference: 00:10.822 - valid strategies: 5.0% | threshold is 0.06 - counter = 1/5 - stuck value = 12
[EA] Generation 156 - Bruteforce solution: 01:28:22.639 -> best overall: 01:28:33.461 - difference: 00:10.822 - valid strategies: 3.0% | threshold is 0.06 - counter = 2/5 - stuck value = 12
[EA] Generation 157 - Bruteforce solution: 01:28:22.639 -> best overall: 01:28:33.461 - difference: 00:10.822 - valid strategies: 6.0% | threshold is 0.06 - counter = 3/5 - stuck value = 12
[EA] Generation 158 - Bruteforce solution: 01:28:22.639 -> best overall: 01:28:33.461 - difference: 00:10.822 - valid strategies: 9.0% | threshold is 0.06 - counter = 4/5 - stuck value = 12
[EA] Generation 159 - Bruteforce solution: 01:28:22.639 -> best overall: 01:28:33.461 - difference: 00:10.822 - valid strategies: 8.0% | threshold is 0.88 - counter = 0/5 - stuck value = 13
[EA] Generation 160 - Bruteforce solution: 01:28:22.639 -> best overall: 01:28:33.461 - difference: 00:10.822 - valid strategies: 7.0% | threshold is 0.88 - counter = 1/5 - stuck value = 13
[EA] Generation 161 - Bruteforce solution: 01:28:22.639 -> best overall: 01:28:33.461 - difference: 00:10.822 - valid strategies: 6.0% | threshold is 0.88 - counter = 2/5 - stuck value = 13
[EA] Generation 162 - Bruteforce solution: 01:28:22.639 -> best overall: 01:28:33.461 - difference: 00:10.822 - valid strategies: 6.0% | threshold is 0.88 - counter = 3/5 - stuck value = 13
[EA] Generation 163 - Bruteforce solution: 01:28:22.639 -> best overall: 01:28:33.461 - difference: 00:10.822 - valid strategies: 6.0% | threshold is 0.88 - counter = 4/5 - stuck value = 13
[EA] Generation 164 - Bruteforce solution: 01:28:22.639 -> best overall: 01:28:33.461 - difference: 00:10.822 - valid strategies: 5.0% | threshold is 0.83 - counter = 0/5 - stuck value = 14
[EA] Generation 165 - Bruteforce solution: 01:28:22.639 -> best overall: 01:28:33.461 - difference: 00:10.822 - valid strategies: 7.0% | threshold is 0.83 - counter = 1/5 - stuck value = 14
[EA] Generation 166 - Bruteforce solution: 01:28:22.639 -> best overall: 01:28:33.461 - difference: 00:10.822 - valid strategies: 5.0% | threshold is 0.83 - counter = 2/5 - stuck value = 14
[EA] Generation 167 - Bruteforce solution: 01:28:22.639 -> best overall: 01:28:33.461 - difference: 00:10.822 - valid strategies: 6.0% | threshold is 0.83 - counter = 3/5 - stuck value = 14
[EA] Generation 168 - Bruteforce solution: 01:28:22.639 -> best overall: 01:28:33.461 - difference: 00:10.822 - valid strategies: 6.0% | threshold is 0.83 - counter = 4/5 - stuck value = 14
[EA] Generation 169 - Bruteforce solution: 01:28:22.639 -> best overall: 01:28:33.461 - difference: 00:10.822 - valid strategies: 7.0% | threshold is 0.78 - counter = 0/5 - stuck value = 15
[EA] Generation 170 - Bruteforce solution: 01:28:22.639 -> best overall: 01:28:33.461 - difference: 00:10.822 - valid strategies: 6.0% | threshold is 0.78 - counter = 1/5 - stuck value = 15
[EA] Generation 171 - Bruteforce solution: 01:28:22.639 -> best overall: 01:28:33.461 - difference: 00:10.822 - valid strategies: 6.0% | threshold is 0.78 - counter = 2/5 - stuck value = 15
[EA] Generation 172 - Bruteforce solution: 01:28:22.639 -> best overall: 01:28:33.461 - difference: 00:10.822 - valid strategies: 5.0% | threshold is 0.78 - counter = 3/5 - stuck value = 15
[EA] Generation 173 - Bruteforce solution: 01:28:22.639 -> best overall: 01:28:33.461 - difference: 00:10.822 - valid strategies: 5.0% | threshold is 0.78 - counter = 4/5 - stuck value = 15
[EA] Generation 174 - Bruteforce solution: 01:28:22.639 -> best overall: 01:28:33.461 - difference: 00:10.822 - valid strategies: 6.0% | threshold is 0.73 - counter = 0/5 - stuck value = 16
[EA] Generation 175 - Bruteforce solution: 01:28:22.639 -> best overall: 01:28:33.461 - difference: 00:10.822 - valid strategies: 7.0% | threshold is 0.73 - counter = 1/5 - stuck value = 16
[EA] Generation 176 - Bruteforce solution: 01:28:22.639 -> best overall: 01:28:33.461 - difference: 00:10.822 - valid strategies: 5.0% | threshold is 0.73 - counter = 2/5 - stuck value = 16
[EA] Generation 177 - Bruteforce solution: 01:28:22.639 -> best overall: 01:28:33.461 - difference: 00:10.822 - valid strategies: 4.0% | threshold is 0.73 - counter = 3/5 - stuck value = 16
[EA] Generation 178 - Bruteforce solution: 01:28:22.639 -> best overall: 01:28:33.461 - difference: 00:10.822 - valid strategies: 5.0% | threshold is 0.73 - counter = 4/5 - stuck value = 16
[EA] Generation 179 - Bruteforce solution: 01:28:22.639 -> best overall: 01:28:33.461 - difference: 00:10.822 - valid strategies: 6.0% | threshold is 0.68 - counter = 0/5 - stuck value = 17
[EA] Generation 180 - Bruteforce solution: 01:28:22.639 -> best overall: 01:28:33.461 - difference: 00:10.822 - valid strategies: 6.0% | threshold is 0.68 - counter = 1/5 - stuck value = 17
[EA] Generation 181 - Bruteforce solution: 01:28:22.639 -> best overall: 01:28:33.461 - difference: 00:10.822 - valid strategies: 5.0% | threshold is 0.68 - counter = 2/5 - stuck value = 17
[EA] Generation 182 - Bruteforce solution: 01:28:22.639 -> best overall: 01:28:33.461 - difference: 00:10.822 - valid strategies: 8.0% | threshold is 0.68 - counter = 3/5 - stuck value = 17
[EA] Generation 183 - Bruteforce solution: 01:28:22.639 -> best overall: 01:28:33.461 - difference: 00:10.822 - valid strategies: 6.0% | threshold is 0.68 - counter = 4/5 - stuck value = 17
[EA] Generation 184 - Bruteforce solution: 01:28:22.639 -> best overall: 01:28:33.461 - difference: 00:10.822 - valid strategies: 8.0% | threshold is 0.63 - counter = 0/5 - stuck value = 18
[EA] Generation 185 - Bruteforce solution: 01:28:22.639 -> best overall: 01:28:33.461 - difference: 00:10.822 - valid strategies: 6.0% | threshold is 0.63 - counter = 1/5 - stuck value = 18
[EA] Generation 186 - Bruteforce solution: 01:28:22.639 -> best overall: 01:28:33.461 - difference: 00:10.822 - valid strategies: 3.0% | threshold is 0.63 - counter = 2/5 - stuck value = 18
[EA] Generation 187 - Bruteforce solution: 01:28:22.639 -> best overall: 01:28:33.461 - difference: 00:10.822 - valid strategies: 6.0% | threshold is 0.63 - counter = 3/5 - stuck value = 18
[EA] Generation 188 - Bruteforce solution: 01:28:22.639 -> best overall: 01:28:33.461 - difference: 00:10.822 - valid strategies: 7.0% | threshold is 0.63 - counter = 4/5 - stuck value = 18
[EA] Generation 189 - Bruteforce solution: 01:28:22.639 -> best overall: 01:28:33.461 - difference: 00:10.822 - valid strategies: 6.0% | threshold is 0.58 - counter = 0/5 - stuck value = 19
[EA] Generation 190 - Bruteforce solution: 01:28:22.639 -> best overall: 01:28:33.461 - difference: 00:10.822 - valid strategies: 6.0% | threshold is 0.58 - counter = 1/5 - stuck value = 19
[EA] Generation 191 - Bruteforce solution: 01:28:22.639 -> best overall: 01:28:33.461 - difference: 00:10.822 - valid strategies: 8.0% | threshold is 0.58 - counter = 2/5 - stuck value = 19
[EA] Generation 192 - Bruteforce solution: 01:28:22.639 -> best overall: 01:28:33.461 - difference: 00:10.822 - valid strategies: 3.0% | threshold is 0.58 - counter = 3/5 - stuck value = 19
[EA] Generation 193 - Bruteforce solution: 01:28:22.639 -> best overall: 01:28:33.461 - difference: 00:10.822 - valid strategies: 8.0% | threshold is 0.58 - counter = 4/5 - stuck value = 19
[EA] Generation 194 - Bruteforce solution: 01:28:22.639 -> best overall: 01:28:33.461 - difference: 00:10.822 - valid strategies: 7.0% | threshold is 0.53 - counter = 0/5 - stuck value = 20
[EA] Generation 195 - Bruteforce solution: 01:28:22.639 -> best overall: 01:28:33.461 - difference: 00:10.822 - valid strategies: 6.0% | threshold is 0.53 - counter = 1/5 - stuck value = 20
[EA] Generation 196 - Bruteforce solution: 01:28:22.639 -> best overall: 01:28:33.461 - difference: 00:10.822 - valid strategies: 6.0% | threshold is 0.53 - counter = 2/5 - stuck value = 20
[EA] Generation 197 - Bruteforce solution: 01:28:22.639 -> best overall: 01:28:33.461 - difference: 00:10.822 - valid strategies: 8.0% | threshold is 0.53 - counter = 3/5 - stuck value = 20
[EA] Generation 198 - Bruteforce solution: 01:28:22.639 -> best overall: 01:28:33.461 - difference: 00:10.822 - valid strategies: 7.0% | threshold is 0.53 - counter = 4/5 - stuck value = 20
[EA] Generation 199 - Bruteforce solution: 01:28:22.639 -> best overall: 01:28:33.461 - difference: 00:10.822 - valid strategies: 5.0% | threshold is 0.48 - counter = 0/5 - stuck value = 21
[EA] Generation 200 - Bruteforce solution: 01:28:22.639 -> best overall: 01:28:33.461 - difference: 00:10.822 - valid strategies: 7.0% | threshold is 0.48 - counter = 1/5 - stuck value = 21
[EA] Generation 201 - Bruteforce solution: 01:28:22.639 -> best overall: 01:28:33.461 - difference: 00:10.822 - valid strategies: 6.0% | threshold is 0.48 - counter = 2/5 - stuck value = 21
[EA] Generation 202 - Bruteforce solution: 01:28:22.639 -> best overall: 01:28:33.461 - difference: 00:10.822 - valid strategies: 5.0% | threshold is 0.48 - counter = 3/5 - stuck value = 21
[EA] Generation 203 - Bruteforce solution: 01:28:22.639 -> best overall: 01:28:33.461 - difference: 00:10.822 - valid strategies: 6.0% | threshold is 0.48 - counter = 4/5 - stuck value = 21
[EA] Generation 204 - Bruteforce solution: 01:28:22.639 -> best overall: 01:28:33.461 - difference: 00:10.822 - valid strategies: 6.0% | threshold is 0.43 - counter = 0/5 - stuck value = 22
[EA] Generation 205 - Bruteforce solution: 01:28:22.639 -> best overall: 01:28:33.461 - difference: 00:10.822 - valid strategies: 6.0% | threshold is 0.43 - counter = 1/5 - stuck value = 22
[EA] Generation 206 - Bruteforce solution: 01:28:22.639 -> best overall: 01:28:33.461 - difference: 00:10.822 - valid strategies: 7.0% | threshold is 0.43 - counter = 2/5 - stuck value = 22
[EA] Generation 207 - Bruteforce solution: 01:28:22.639 -> best overall: 01:28:33.461 - difference: 00:10.822 - valid strategies: 6.0% | threshold is 0.43 - counter = 3/5 - stuck value = 22
[EA] Generation 208 - Bruteforce solution: 01:28:22.639 -> best overall: 01:28:33.461 - difference: 00:10.822 - valid strategies: 6.0% | threshold is 0.43 - counter = 4/5 - stuck value = 22
[EA] Generation 209 - Bruteforce solution: 01:28:22.639 -> best overall: 01:28:33.461 - difference: 00:10.822 - valid strategies: 5.0% | threshold is 0.38 - counter = 0/5 - stuck value = 23
[EA] Generation 210 - Bruteforce solution: 01:28:22.639 -> best overall: 01:28:33.461 - difference: 00:10.822 - valid strategies: 7.0% | threshold is 0.38 - counter = 1/5 - stuck value = 23
[EA] Generation 211 - Bruteforce solution: 01:28:22.639 -> best overall: 01:28:33.461 - difference: 00:10.822 - valid strategies: 7.0% | threshold is 0.38 - counter = 2/5 - stuck value = 23
[EA] Generation 212 - Bruteforce solution: 01:28:22.639 -> best overall: 01:28:33.461 - difference: 00:10.822 - valid strategies: 6.0% | threshold is 0.38 - counter = 3/5 - stuck value = 23
[EA] Generation 213 - Bruteforce solution: 01:28:22.639 -> best overall: 01:28:33.461 - difference: 00:10.822 - valid strategies: 7.0% | threshold is 0.38 - counter = 4/5 - stuck value = 23
[EA] Generation 214 - Bruteforce solution: 01:28:22.639 -> best overall: 01:28:33.461 - difference: 00:10.822 - valid strategies: 5.0% | threshold is 0.33 - counter = 0/5 - stuck value = 24
[EA] Generation 215 - Bruteforce solution: 01:28:22.639 -> best overall: 01:28:33.461 - difference: 00:10.822 - valid strategies: 7.0% | threshold is 0.33 - counter = 1/5 - stuck value = 24
[EA] Generation 216 - Bruteforce solution: 01:28:22.639 -> best overall: 01:28:33.461 - difference: 00:10.822 - valid strategies: 6.0% | threshold is 0.33 - counter = 2/5 - stuck value = 24
[EA] Generation 217 - Bruteforce solution: 01:28:22.639 -> best overall: 01:28:33.461 - difference: 00:10.822 - valid strategies: 5.0% | threshold is 0.33 - counter = 3/5 - stuck value = 24
[EA] Generation 218 - Bruteforce solution: 01:28:22.639 -> best overall: 01:28:33.461 - difference: 00:10.822 - valid strategies: 5.0% | threshold is 0.33 - counter = 4/5 - stuck value = 24
[EA] Generation 219 - Bruteforce solution: 01:28:22.639 -> best overall: 01:28:33.461 - difference: 00:10.822 - valid strategies: 7.0% | threshold is 0.28 - counter = 0/5 - stuck value = 25
[EA] Generation 220 - Bruteforce solution: 01:28:22.639 -> best overall: 01:28:33.461 - difference: 00:10.822 - valid strategies: 6.0% | threshold is 0.28 - counter = 1/5 - stuck value = 25
[EA] Generation 221 - Bruteforce solution: 01:28:22.639 -> best overall: 01:28:33.461 - difference: 00:10.822 - valid strategies: 6.0% | threshold is 0.28 - counter = 2/5 - stuck value = 25
[EA] Generation 222 - Bruteforce solution: 01:28:22.639 -> best overall: 01:28:33.461 - difference: 00:10.822 - valid strategies: 5.0% | threshold is 0.28 - counter = 3/5 - stuck value = 25
[EA] Generation 223 - Bruteforce solution: 01:28:22.639 -> best overall: 01:28:33.461 - difference: 00:10.822 - valid strategies: 7.0% | threshold is 0.28 - counter = 4/5 - stuck value = 25
[EA] Generation 224 - Bruteforce solution: 01:28:22.639 -> best overall: 01:28:33.461 - difference: 00:10.822 - valid strategies: 6.0% | threshold is 0.23 - counter = 0/5 - stuck value = 26
[EA] Generation 225 - Bruteforce solution: 01:28:22.639 -> best overall: 01:28:33.461 - difference: 00:10.822 - valid strategies: 5.0% | threshold is 0.23 - counter = 1/5 - stuck value = 26
[EA] Generation 226 - Bruteforce solution: 01:28:22.639 -> best overall: 01:28:33.461 - difference: 00:10.822 - valid strategies: 5.0% | threshold is 0.23 - counter = 2/5 - stuck value = 26
[EA] Generation 227 - Bruteforce solution: 01:28:22.639 -> best overall: 01:28:33.461 - difference: 00:10.822 - valid strategies: 7.0% | threshold is 0.23 - counter = 3/5 - stuck value = 26
[EA] Generation 228 - Bruteforce solution: 01:28:22.639 -> best overall: 01:28:33.461 - difference: 00:10.822 - valid strategies: 5.0% | threshold is 0.23 - counter = 4/5 - stuck value = 26
[EA] Generation 229 - Bruteforce solution: 01:28:22.639 -> best overall: 01:28:33.461 - difference: 00:10.822 - valid strategies: 6.0% | threshold is 0.18 - counter = 0/5 - stuck value = 27
[EA] Generation 230 - Bruteforce solution: 01:28:22.639 -> best overall: 01:28:33.461 - difference: 00:10.822 - valid strategies: 7.0% | threshold is 0.18 - counter = 1/5 - stuck value = 27
[EA] Generation 231 - Bruteforce solution: 01:28:22.639 -> best overall: 01:28:33.461 - difference: 00:10.822 - valid strategies: 6.0% | threshold is 0.18 - counter = 2/5 - stuck value = 27
[EA] Generation 232 - Bruteforce solution: 01:28:22.639 -> best overall: 01:28:33.461 - difference: 00:10.822 - valid strategies: 6.0% | threshold is 0.18 - counter = 3/5 - stuck value = 27
[EA] Generation 233 - Bruteforce solution: 01:28:22.639 -> best overall: 01:28:33.461 - difference: 00:10.822 - valid strategies: 6.0% | threshold is 0.18 - counter = 4/5 - stuck value = 27
[EA] Generation 234 - Bruteforce solution: 01:28:22.639 -> best overall: 01:28:33.461 - difference: 00:10.822 - valid strategies: 6.0% | threshold is 0.13 - counter = 0/5 - stuck value = 28
[EA] Generation 235 - Bruteforce solution: 01:28:22.639 -> best overall: 01:28:33.461 - difference: 00:10.822 - valid strategies: 7.0% | threshold is 0.13 - counter = 1/5 - stuck value = 28
[EA] Generation 236 - Bruteforce solution: 01:28:22.639 -> best overall: 01:28:33.461 - difference: 00:10.822 - valid strategies: 7.0% | threshold is 0.13 - counter = 2/5 - stuck value = 28
[EA] Generation 237 - Bruteforce solution: 01:28:22.639 -> best overall: 01:28:33.461 - difference: 00:10.822 - valid strategies: 8.0% | threshold is 0.13 - counter = 3/5 - stuck value = 28
[EA] Generation 238 - Bruteforce solution: 01:28:22.639 -> best overall: 01:28:33.461 - difference: 00:10.822 - valid strategies: 7.0% | threshold is 0.13 - counter = 4/5 - stuck value = 28
[EA] Generation 239 - Bruteforce solution: 01:28:22.639 -> best overall: 01:28:33.461 - difference: 00:10.822 - valid strategies: 6.0% | threshold is 0.08 - counter = 0/5 - stuck value = 29
[EA] Generation 240 - Bruteforce solution: 01:28:22.639 -> best overall: 01:28:33.461 - difference: 00:10.822 - valid strategies: 10.0% | threshold is 0.08 - counter = 1/5 - stuck value = 29
[EA] Generation 241 - Bruteforce solution: 01:28:22.639 -> best overall: 01:28:33.461 - difference: 00:10.822 - valid strategies: 6.0% | threshold is 0.08 - counter = 2/5 - stuck value = 29
[EA] Generation 242 - Bruteforce solution: 01:28:22.639 -> best overall: 01:28:33.461 - difference: 00:10.822 - valid strategies: 7.0% | threshold is 0.08 - counter = 3/5 - stuck value = 29
[EA] Generation 243 - Bruteforce solution: 01:28:22.639 -> best overall: 01:28:33.461 - difference: 00:10.822 - valid strategies: 9.0% | threshold is 0.08 - counter = 4/5 - stuck value = 29
[EA] Generation 244 - Bruteforce solution: 01:28:22.639 -> best overall: 01:28:33.461 - difference: 00:10.822 - valid strategies: 6.0% | threshold is 0.03 - counter = 0/5 - stuck value = 30
[EA] Generation 245 - Bruteforce solution: 01:28:22.639 -> best overall: 01:28:33.461 - difference: 00:10.822 - valid strategies: 10.0% | threshold is 0.03 - counter = 1/5 - stuck value = 30
[EA] Generation 246 - Bruteforce solution: 01:28:22.639 -> best overall: 01:28:33.461 - difference: 00:10.822 - valid strategies: 10.0% | threshold is 0.03 - counter = 2/5 - stuck value = 30
[EA] Generation 247 - Bruteforce solution: 01:28:22.639 -> best overall: 01:28:33.461 - difference: 00:10.822 - valid strategies: 8.0% | threshold is 0.03 - counter = 3/5 - stuck value = 30
[EA] Generation 248 - Bruteforce solution: 01:28:22.639 -> best overall: 01:28:33.461 - difference: 00:10.822 - valid strategies: 12.0% | threshold is 0.03 - counter = 4/5 - stuck value = 30
[EA] Generation 249 - Bruteforce solution: 01:28:22.639 -> best overall: 01:28:33.461 - difference: 00:10.822 - valid strategies: 8.0% | threshold is 0.99 - counter = 0/5 - stuck value = 31
[EA] Generation 250 - Bruteforce solution: 01:28:22.639 -> best overall: 01:28:33.461 - difference: 00:10.822 - valid strategies: 20.0% | threshold is 0.82 - counter = 1/5 - stuck value = 31
[EA] Generation 251 - Bruteforce solution: 01:28:22.639 -> best overall: 01:28:33.461 - difference: 00:10.822 - valid strategies: 14.0% | threshold is 0.82 - counter = 2/5 - stuck value = 31
[EA] Generation 252 - Bruteforce solution: 01:28:22.639 -> best overall: 01:28:33.461 - difference: 00:10.822 - valid strategies: 7.0% | threshold is 0.82 - counter = 3/5 - stuck value = 31
[EA] Generation 253 - Bruteforce solution: 01:28:22.639 -> best overall: 01:28:33.461 - difference: 00:10.822 - valid strategies: 7.0% | threshold is 0.82 - counter = 4/5 - stuck value = 31
[EA] Generation 254 - Bruteforce solution: 01:28:22.639 -> best overall: 01:28:33.461 - difference: 00:10.822 - valid strategies: 7.0% | threshold is 0.77 - counter = 0/5 - stuck value = 32
[EA] Generation 255 - Bruteforce solution: 01:28:22.639 -> best overall: 01:28:33.461 - difference: 00:10.822 - valid strategies: 6.0% | threshold is 0.77 - counter = 1/5 - stuck value = 32
[EA] Generation 256 - Bruteforce solution: 01:28:22.639 -> best overall: 01:28:33.461 - difference: 00:10.822 - valid strategies: 8.0% | threshold is 0.77 - counter = 2/5 - stuck value = 32
[EA] Generation 257 - Bruteforce solution: 01:28:22.639 -> best overall: 01:28:33.461 - difference: 00:10.822 - valid strategies: 7.0% | threshold is 0.77 - counter = 3/5 - stuck value = 32
[EA] Generation 258 - Bruteforce solution: 01:28:22.639 -> best overall: 01:28:33.461 - difference: 00:10.822 - valid strategies: 7.0% | threshold is 0.77 - counter = 4/5 - stuck value = 32
[EA] Generation 259 - Bruteforce solution: 01:28:22.639 -> best overall: 01:28:33.461 - difference: 00:10.822 - valid strategies: 8.0% | threshold is 0.72 - counter = 0/5 - stuck value = 33
[EA] Generation 260 - Bruteforce solution: 01:28:22.639 -> best overall: 01:28:33.461 - difference: 00:10.822 - valid strategies: 7.0% | threshold is 0.72 - counter = 1/5 - stuck value = 33
[EA] Generation 261 - Bruteforce solution: 01:28:22.639 -> best overall: 01:28:33.461 - difference: 00:10.822 - valid strategies: 5.0% | threshold is 0.72 - counter = 2/5 - stuck value = 33
[EA] Generation 262 - Bruteforce solution: 01:28:22.639 -> best overall: 01:28:33.461 - difference: 00:10.822 - valid strategies: 7.0% | threshold is 0.72 - counter = 3/5 - stuck value = 33
[EA] Generation 263 - Bruteforce solution: 01:28:22.639 -> best overall: 01:28:33.461 - difference: 00:10.822 - valid strategies: 7.0% | threshold is 0.72 - counter = 4/5 - stuck value = 33
[EA] Generation 264 - Bruteforce solution: 01:28:22.639 -> best overall: 01:28:33.461 - difference: 00:10.822 - valid strategies: 7.0% | threshold is 0.67 - counter = 0/5 - stuck value = 34
[EA] Generation 265 - Bruteforce solution: 01:28:22.639 -> best overall: 01:28:33.461 - difference: 00:10.822 - valid strategies: 7.0% | threshold is 0.67 - counter = 1/5 - stuck value = 34
[EA] Generation 266 - Bruteforce solution: 01:28:22.639 -> best overall: 01:28:33.461 - difference: 00:10.822 - valid strategies: 7.0% | threshold is 0.67 - counter = 2/5 - stuck value = 34
[EA] Generation 267 - Bruteforce solution: 01:28:22.639 -> best overall: 01:28:33.461 - difference: 00:10.822 - valid strategies: 7.0% | threshold is 0.67 - counter = 3/5 - stuck value = 34
[EA] Generation 268 - Bruteforce solution: 01:28:22.639 -> best overall: 01:28:33.461 - difference: 00:10.822 - valid strategies: 7.0% | threshold is 0.67 - counter = 4/5 - stuck value = 34
[EA] Generation 269 - Bruteforce solution: 01:28:22.639 -> best overall: 01:28:33.461 - difference: 00:10.822 - valid strategies: 8.0% | threshold is 0.62 - counter = 0/5 - stuck value = 35
[EA] Generation 270 - Bruteforce solution: 01:28:22.639 -> best overall: 01:28:33.461 - difference: 00:10.822 - valid strategies: 8.0% | threshold is 0.62 - counter = 1/5 - stuck value = 35
[EA] Generation 271 - Bruteforce solution: 01:28:22.639 -> best overall: 01:28:33.461 - difference: 00:10.822 - valid strategies: 7.0% | threshold is 0.62 - counter = 2/5 - stuck value = 35
[EA] Generation 272 - Bruteforce solution: 01:28:22.639 -> best overall: 01:28:33.461 - difference: 00:10.822 - valid strategies: 7.0% | threshold is 0.62 - counter = 3/5 - stuck value = 35
[EA] Generation 273 - Bruteforce solution: 01:28:22.639 -> best overall: 01:28:33.461 - difference: 00:10.822 - valid strategies: 7.0% | threshold is 0.62 - counter = 4/5 - stuck value = 35
[EA] Generation 274 - Bruteforce solution: 01:28:22.639 -> best overall: 01:28:33.461 - difference: 00:10.822 - valid strategies: 8.0% | threshold is 0.57 - counter = 0/5 - stuck value = 36
[EA] Generation 275 - Bruteforce solution: 01:28:22.639 -> best overall: 01:28:33.461 - difference: 00:10.822 - valid strategies: 8.0% | threshold is 0.57 - counter = 1/5 - stuck value = 36
[EA] Generation 276 - Bruteforce solution: 01:28:22.639 -> best overall: 01:28:33.461 - difference: 00:10.822 - valid strategies: 5.0% | threshold is 0.57 - counter = 2/5 - stuck value = 36
[EA] Generation 277 - Bruteforce solution: 01:28:22.639 -> best overall: 01:28:33.461 - difference: 00:10.822 - valid strategies: 9.0% | threshold is 0.57 - counter = 3/5 - stuck value = 36
[EA] Generation 278 - Bruteforce solution: 01:28:22.639 -> best overall: 01:28:33.461 - difference: 00:10.822 - valid strategies: 8.0% | threshold is 0.57 - counter = 4/5 - stuck value = 36
[EA] Generation 279 - Bruteforce solution: 01:28:22.639 -> best overall: 01:28:33.461 - difference: 00:10.822 - valid strategies: 6.0% | threshold is 0.52 - counter = 0/5 - stuck value = 37
[EA] Generation 280 - Bruteforce solution: 01:28:22.639 -> best overall: 01:28:33.461 - difference: 00:10.822 - valid strategies: 7.0% | threshold is 0.52 - counter = 1/5 - stuck value = 37
[EA] Generation 281 - Bruteforce solution: 01:28:22.639 -> best overall: 01:28:33.461 - difference: 00:10.822 - valid strategies: 6.0% | threshold is 0.52 - counter = 2/5 - stuck value = 37
[EA] Generation 282 - Bruteforce solution: 01:28:22.639 -> best overall: 01:28:33.461 - difference: 00:10.822 - valid strategies: 8.0% | threshold is 0.52 - counter = 3/5 - stuck value = 37
[EA] Generation 283 - Bruteforce solution: 01:28:22.639 -> best overall: 01:28:33.461 - difference: 00:10.822 - valid strategies: 7.0% | threshold is 0.52 - counter = 4/5 - stuck value = 37
[EA] Generation 284 - Bruteforce solution: 01:28:22.639 -> best overall: 01:28:33.461 - difference: 00:10.822 - valid strategies: 6.0% | threshold is 0.47 - counter = 0/5 - stuck value = 38
[EA] Generation 285 - Bruteforce solution: 01:28:22.639 -> best overall: 01:28:33.461 - difference: 00:10.822 - valid strategies: 8.0% | threshold is 0.47 - counter = 1/5 - stuck value = 38
[EA] Generation 286 - Bruteforce solution: 01:28:22.639 -> best overall: 01:28:33.461 - difference: 00:10.822 - valid strategies: 6.0% | threshold is 0.47 - counter = 2/5 - stuck value = 38
[EA] Generation 287 - Bruteforce solution: 01:28:22.639 -> best overall: 01:28:33.461 - difference: 00:10.822 - valid strategies: 4.0% | threshold is 0.47 - counter = 3/5 - stuck value = 38
[EA] Generation 288 - Bruteforce solution: 01:28:22.639 -> best overall: 01:28:33.461 - difference: 00:10.822 - valid strategies: 5.0% | threshold is 0.47 - counter = 4/5 - stuck value = 38
[EA] Generation 289 - Bruteforce solution: 01:28:22.639 -> best overall: 01:28:33.461 - difference: 00:10.822 - valid strategies: 6.0% | threshold is 0.42 - counter = 0/5 - stuck value = 39
[EA] Generation 290 - Bruteforce solution: 01:28:22.639 -> best overall: 01:28:33.461 - difference: 00:10.822 - valid strategies: 8.0% | threshold is 0.42 - counter = 1/5 - stuck value = 39
[EA] Generation 291 - Bruteforce solution: 01:28:22.639 -> best overall: 01:28:33.461 - difference: 00:10.822 - valid strategies: 5.0% | threshold is 0.42 - counter = 2/5 - stuck value = 39
[EA] Generation 292 - Bruteforce solution: 01:28:22.639 -> best overall: 01:28:33.461 - difference: 00:10.822 - valid strategies: 3.0% | threshold is 0.42 - counter = 3/5 - stuck value = 39
[EA] Generation 293 - Bruteforce solution: 01:28:22.639 -> best overall: 01:28:33.461 - difference: 00:10.822 - valid strategies: 7.0% | threshold is 0.42 - counter = 4/5 - stuck value = 39
[EA] Generation 294 - Bruteforce solution: 01:28:22.639 -> best overall: 01:28:33.461 - difference: 00:10.822 - valid strategies: 7.0% | threshold is 0.37 - counter = 0/5 - stuck value = 40
[EA] Generation 295 - Bruteforce solution: 01:28:22.639 -> best overall: 01:28:33.461 - difference: 00:10.822 - valid strategies: 7.0% | threshold is 0.37 - counter = 1/5 - stuck value = 40
[EA] Generation 296 - Bruteforce solution: 01:28:22.639 -> best overall: 01:28:33.461 - difference: 00:10.822 - valid strategies: 7.0% | threshold is 0.37 - counter = 2/5 - stuck value = 40
[EA] Generation 297 - Bruteforce solution: 01:28:22.639 -> best overall: 01:28:33.461 - difference: 00:10.822 - valid strategies: 6.0% | threshold is 0.37 - counter = 3/5 - stuck value = 40
[EA] Generation 298 - Bruteforce solution: 01:28:22.639 -> best overall: 01:28:33.461 - difference: 00:10.822 - valid strategies: 4.0% | threshold is 0.37 - counter = 4/5 - stuck value = 40
[EA] Generation 299 - Bruteforce solution: 01:28:22.639 -> best overall: 01:28:33.461 - difference: 00:10.822 - valid strategies: 4.0% | threshold is 0.32 - counter = 0/5 - stuck value = 41
[EA] Generation 300 - Bruteforce solution: 01:28:22.639 -> best overall: 01:28:33.461 - difference: 00:10.822 - valid strategies: 6.0% | threshold is 0.32 - counter = 1/5 - stuck value = 41
[EA] Generation 301 - Bruteforce solution: 01:28:22.639 -> best overall: 01:28:33.461 - difference: 00:10.822 - valid strategies: 6.0% | threshold is 0.32 - counter = 2/5 - stuck value = 41
[EA] Generation 302 - Bruteforce solution: 01:28:22.639 -> best overall: 01:28:33.461 - difference: 00:10.822 - valid strategies: 5.0% | threshold is 0.32 - counter = 3/5 - stuck value = 41
[EA] Generation 303 - Bruteforce solution: 01:28:22.639 -> best overall: 01:28:33.461 - difference: 00:10.822 - valid strategies: 6.0% | threshold is 0.32 - counter = 4/5 - stuck value = 41
[EA] Generation 304 - Bruteforce solution: 01:28:22.639 -> best overall: 01:28:33.461 - difference: 00:10.822 - valid strategies: 6.0% | threshold is 0.27 - counter = 0/5 - stuck value = 42
[EA] Generation 305 - Bruteforce solution: 01:28:22.639 -> best overall: 01:28:33.461 - difference: 00:10.822 - valid strategies: 6.0% | threshold is 0.27 - counter = 1/5 - stuck value = 42
[EA] Generation 306 - Bruteforce solution: 01:28:22.639 -> best overall: 01:28:33.461 - difference: 00:10.822 - valid strategies: 7.0% | threshold is 0.27 - counter = 2/5 - stuck value = 42
[EA] Generation 307 - Bruteforce solution: 01:28:22.639 -> best overall: 01:28:33.461 - difference: 00:10.822 - valid strategies: 8.0% | threshold is 0.27 - counter = 3/5 - stuck value = 42
[EA] Generation 308 - Bruteforce solution: 01:28:22.639 -> best overall: 01:28:33.461 - difference: 00:10.822 - valid strategies: 7.0% | threshold is 0.27 - counter = 4/5 - stuck value = 42
[EA] Generation 309 - Bruteforce solution: 01:28:22.639 -> best overall: 01:28:33.461 - difference: 00:10.822 - valid strategies: 6.0% | threshold is 0.22 - counter = 0/5 - stuck value = 43
[EA] Generation 310 - Bruteforce solution: 01:28:22.639 -> best overall: 01:28:33.461 - difference: 00:10.822 - valid strategies: 6.0% | threshold is 0.22 - counter = 1/5 - stuck value = 43
[EA] Generation 311 - Bruteforce solution: 01:28:22.639 -> best overall: 01:28:33.461 - difference: 00:10.822 - valid strategies: 4.0% | threshold is 0.22 - counter = 2/5 - stuck value = 43
[EA] Generation 312 - Bruteforce solution: 01:28:22.639 -> best overall: 01:28:33.461 - difference: 00:10.822 - valid strategies: 4.0% | threshold is 0.22 - counter = 3/5 - stuck value = 43
[EA] Generation 313 - Bruteforce solution: 01:28:22.639 -> best overall: 01:28:33.461 - difference: 00:10.822 - valid strategies: 6.0% | threshold is 0.22 - counter = 4/5 - stuck value = 43
[EA] Generation 314 - Bruteforce solution: 01:28:22.639 -> best overall: 01:28:33.461 - difference: 00:10.822 - valid strategies: 6.0% | threshold is 0.17 - counter = 0/5 - stuck value = 44
[EA] Generation 315 - Bruteforce solution: 01:28:22.639 -> best overall: 01:28:33.461 - difference: 00:10.822 - valid strategies: 7.0% | threshold is 0.17 - counter = 1/5 - stuck value = 44
[EA] Generation 316 - Bruteforce solution: 01:28:22.639 -> best overall: 01:28:33.461 - difference: 00:10.822 - valid strategies: 5.0% | threshold is 0.17 - counter = 2/5 - stuck value = 44
[EA] Generation 317 - Bruteforce solution: 01:28:22.639 -> best overall: 01:28:33.461 - difference: 00:10.822 - valid strategies: 7.0% | threshold is 0.17 - counter = 3/5 - stuck value = 44
[EA] Generation 318 - Bruteforce solution: 01:28:22.639 -> best overall: 01:28:33.461 - difference: 00:10.822 - valid strategies: 5.0% | threshold is 0.17 - counter = 4/5 - stuck value = 44
[EA] Generation 319 - Bruteforce solution: 01:28:22.639 -> best overall: 01:28:33.461 - difference: 00:10.822 - valid strategies: 6.0% | threshold is 0.12 - counter = 0/5 - stuck value = 45
[EA] Generation 320 - Bruteforce solution: 01:28:22.639 -> best overall: 01:28:33.461 - difference: 00:10.822 - valid strategies: 5.0% | threshold is 0.12 - counter = 1/5 - stuck value = 45
[EA] Generation 321 - Bruteforce solution: 01:28:22.639 -> best overall: 01:28:33.461 - difference: 00:10.822 - valid strategies: 5.0% | threshold is 0.12 - counter = 2/5 - stuck value = 45
[EA] Generation 322 - Bruteforce solution: 01:28:22.639 -> best overall: 01:28:33.461 - difference: 00:10.822 - valid strategies: 7.0% | threshold is 0.12 - counter = 3/5 - stuck value = 45
[EA] Generation 323 - Bruteforce solution: 01:28:22.639 -> best overall: 01:28:33.461 - difference: 00:10.822 - valid strategies: 9.0% | threshold is 0.12 - counter = 4/5 - stuck value = 45
[EA] Generation 324 - Bruteforce solution: 01:28:22.639 -> best overall: 01:28:33.461 - difference: 00:10.822 - valid strategies: 9.0% | threshold is 0.07 - counter = 0/5 - stuck value = 46
[EA] Generation 325 - Bruteforce solution: 01:28:22.639 -> best overall: 01:28:33.461 - difference: 00:10.822 - valid strategies: 8.0% | threshold is 0.07 - counter = 1/5 - stuck value = 46
[EA] Generation 326 - Bruteforce solution: 01:28:22.639 -> best overall: 01:28:33.461 - difference: 00:10.822 - valid strategies: 11.0% | threshold is 0.07 - counter = 2/5 - stuck value = 46
[EA] Generation 327 - Bruteforce solution: 01:28:22.639 -> best overall: 01:28:33.461 - difference: 00:10.822 - valid strategies: 11.0% | threshold is 0.07 - counter = 3/5 - stuck value = 46
[EA] Generation 328 - Bruteforce solution: 01:28:22.639 -> best overall: 01:28:33.461 - difference: 00:10.822 - valid strategies: 9.0% | threshold is 0.07 - counter = 4/5 - stuck value = 46
[EA] Generation 329 - Bruteforce solution: 01:28:22.639 -> best overall: 01:28:33.461 - difference: 00:10.822 - valid strategies: 10.0% | threshold is 0.02 - counter = 0/5 - stuck value = 47
[EA] Generation 330 - Bruteforce solution: 01:28:22.639 -> best overall: 01:28:33.461 - difference: 00:10.822 - valid strategies: 10.0% | threshold is 0.02 - counter = 1/5 - stuck value = 47
[EA] Generation 331 - Bruteforce solution: 01:28:22.639 -> best overall: 01:28:33.461 - difference: 00:10.822 - valid strategies: 11.0% | threshold is 0.02 - counter = 2/5 - stuck value = 47
[EA] Generation 332 - Bruteforce solution: 01:28:22.639 -> best overall: 01:28:33.461 - difference: 00:10.822 - valid strategies: 12.0% | threshold is 0.02 - counter = 3/5 - stuck value = 47
[EA] Generation 333 - Bruteforce solution: 01:28:22.639 -> best overall: 01:28:33.461 - difference: 00:10.822 - valid strategies: 9.0% | threshold is 0.02 - counter = 4/5 - stuck value = 47
[EA] Generation 334 - Bruteforce solution: 01:28:22.639 -> best overall: 01:28:33.461 - difference: 00:10.822 - valid strategies: 9.0% | threshold is 0.77 - counter = 0/5 - stuck value = 48
[EA] Generation 335 - Bruteforce solution: 01:28:22.639 -> best overall: 01:28:33.461 - difference: 00:10.822 - valid strategies: 17.0% | threshold is 0.77 - counter = 1/5 - stuck value = 48
[EA] Generation 336 - Bruteforce solution: 01:28:22.639 -> best overall: 01:28:33.451 - difference: 00:10.812 - valid strategies: 21.0% | threshold is 0.3 - counter = 0/5 - stuck value = 0
[EA] Generation 337 - Bruteforce solution: 01:28:22.639 -> best overall: 01:28:33.451 - difference: 00:10.812 - valid strategies: 14.0% | threshold is 0.3 - counter = 1/5 - stuck value = 0
[EA] Generation 338 - Bruteforce solution: 01:28:22.639 -> best overall: 01:28:33.451 - difference: 00:10.812 - valid strategies: 11.0% | threshold is 0.3 - counter = 2/5 - stuck value = 0
[EA] Generation 339 - Bruteforce solution: 01:28:22.639 -> best overall: 01:28:33.451 - difference: 00:10.812 - valid strategies: 14.0% | threshold is 0.3 - counter = 3/5 - stuck value = 0
[EA] Generation 340 - Bruteforce solution: 01:28:22.639 -> best overall: 01:28:33.451 - difference: 00:10.812 - valid strategies: 13.0% | threshold is 0.3 - counter = 4/5 - stuck value = 0
[EA] Generation 341 - Bruteforce solution: 01:28:22.639 -> best overall: 01:28:33.451 - difference: 00:10.812 - valid strategies: 11.0% | threshold is 0.25 - counter = 0/5 - stuck value = 1
[EA] Generation 342 - Bruteforce solution: 01:28:22.639 -> best overall: 01:28:33.451 - difference: 00:10.812 - valid strategies: 13.0% | threshold is 0.25 - counter = 1/5 - stuck value = 1
[EA] Generation 343 - Bruteforce solution: 01:28:22.639 -> best overall: 01:28:33.451 - difference: 00:10.812 - valid strategies: 13.0% | threshold is 0.25 - counter = 2/5 - stuck value = 1
[EA] Generation 344 - Bruteforce solution: 01:28:22.639 -> best overall: 01:28:33.451 - difference: 00:10.812 - valid strategies: 12.0% | threshold is 0.25 - counter = 3/5 - stuck value = 1
[EA] Generation 345 - Bruteforce solution: 01:28:22.639 -> best overall: 01:28:33.451 - difference: 00:10.812 - valid strategies: 12.0% | threshold is 0.25 - counter = 4/5 - stuck value = 1
[EA] Generation 346 - Bruteforce solution: 01:28:22.639 -> best overall: 01:28:33.451 - difference: 00:10.812 - valid strategies: 11.0% | threshold is 0.2 - counter = 0/5 - stuck value = 2
[EA] Generation 347 - Bruteforce solution: 01:28:22.639 -> best overall: 01:28:33.451 - difference: 00:10.812 - valid strategies: 11.0% | threshold is 0.2 - counter = 1/5 - stuck value = 2
[EA] Generation 348 - Bruteforce solution: 01:28:22.639 -> best overall: 01:28:33.451 - difference: 00:10.812 - valid strategies: 8.0% | threshold is 0.2 - counter = 2/5 - stuck value = 2
[EA] Generation 349 - Bruteforce solution: 01:28:22.639 -> best overall: 01:28:33.451 - difference: 00:10.812 - valid strategies: 10.0% | threshold is 0.2 - counter = 3/5 - stuck value = 2
[EA] Generation 350 - Bruteforce solution: 01:28:22.639 -> best overall: 01:28:33.451 - difference: 00:10.812 - valid strategies: 13.0% | threshold is 0.2 - counter = 4/5 - stuck value = 2
[EA] Generation 351 - Bruteforce solution: 01:28:22.639 -> best overall: 01:28:33.451 - difference: 00:10.812 - valid strategies: 15.0% | threshold is 0.15 - counter = 0/5 - stuck value = 3
[EA] Generation 352 - Bruteforce solution: 01:28:22.639 -> best overall: 01:28:33.451 - difference: 00:10.812 - valid strategies: 12.0% | threshold is 0.15 - counter = 1/5 - stuck value = 3
[EA] Generation 353 - Bruteforce solution: 01:28:22.639 -> best overall: 01:28:33.451 - difference: 00:10.812 - valid strategies: 11.0% | threshold is 0.15 - counter = 2/5 - stuck value = 3
[EA] Generation 354 - Bruteforce solution: 01:28:22.639 -> best overall: 01:28:33.451 - difference: 00:10.812 - valid strategies: 13.0% | threshold is 0.15 - counter = 3/5 - stuck value = 3
[EA] Generation 355 - Bruteforce solution: 01:28:22.639 -> best overall: 01:28:33.451 - difference: 00:10.812 - valid strategies: 13.0% | threshold is 0.15 - counter = 4/5 - stuck value = 3
[EA] Generation 356 - Bruteforce solution: 01:28:22.639 -> best overall: 01:28:33.451 - difference: 00:10.812 - valid strategies: 13.0% | threshold is 0.1 - counter = 0/5 - stuck value = 4
[EA] Generation 357 - Bruteforce solution: 01:28:22.639 -> best overall: 01:28:33.451 - difference: 00:10.812 - valid strategies: 14.0% | threshold is 0.1 - counter = 1/5 - stuck value = 4
[EA] Generation 358 - Bruteforce solution: 01:28:22.639 -> best overall: 01:28:33.451 - difference: 00:10.812 - valid strategies: 14.0% | threshold is 0.1 - counter = 2/5 - stuck value = 4
[EA] Generation 359 - Bruteforce solution: 01:28:22.639 -> best overall: 01:28:33.451 - difference: 00:10.812 - valid strategies: 13.0% | threshold is 0.1 - counter = 3/5 - stuck value = 4
[EA] Generation 360 - Bruteforce solution: 01:28:22.639 -> best overall: 01:28:33.451 - difference: 00:10.812 - valid strategies: 13.0% | threshold is 0.1 - counter = 4/5 - stuck value = 4
[EA] Generation 361 - Bruteforce solution: 01:28:22.639 -> best overall: 01:28:33.451 - difference: 00:10.812 - valid strategies: 16.0% | threshold is 0.05 - counter = 0/5 - stuck value = 5
[EA] Generation 362 - Bruteforce solution: 01:28:22.639 -> best overall: 01:28:33.451 - difference: 00:10.812 - valid strategies: 13.0% | threshold is 0.05 - counter = 1/5 - stuck value = 5
[EA] Generation 363 - Bruteforce solution: 01:28:22.639 -> best overall: 01:28:33.451 - difference: 00:10.812 - valid strategies: 15.0% | threshold is 0.05 - counter = 2/5 - stuck value = 5
[EA] Generation 364 - Bruteforce solution: 01:28:22.639 -> best overall: 01:28:33.451 - difference: 00:10.812 - valid strategies: 18.0% | threshold is 0.05 - counter = 3/5 - stuck value = 5
[EA] Generation 365 - Bruteforce solution: 01:28:22.639 -> best overall: 01:28:33.451 - difference: 00:10.812 - valid strategies: 17.0% | threshold is 0.05 - counter = 4/5 - stuck value = 5
[EA] Generation 366 - Bruteforce solution: 01:28:22.639 -> best overall: 01:28:33.451 - difference: 00:10.812 - valid strategies: 15.0% | threshold is 0.9 - counter = 0/5 - stuck value = 6
[EA] Generation 367 - Bruteforce solution: 01:28:22.639 -> best overall: 01:28:33.451 - difference: 00:10.812 - valid strategies: 23.0% | threshold is 0.9 - counter = 1/5 - stuck value = 6
[EA] Generation 368 - Bruteforce solution: 01:28:22.639 -> best overall: 01:28:33.451 - difference: 00:10.812 - valid strategies: 11.0% | threshold is 0.9 - counter = 2/5 - stuck value = 6
[EA] Generation 369 - Bruteforce solution: 01:28:22.639 -> best overall: 01:28:33.451 - difference: 00:10.812 - valid strategies: 13.0% | threshold is 0.9 - counter = 3/5 - stuck value = 6
[EA] Generation 370 - Bruteforce solution: 01:28:22.639 -> best overall: 01:28:33.451 - difference: 00:10.812 - valid strategies: 10.0% | threshold is 0.9 - counter = 4/5 - stuck value = 6


Best Strategy fitness: 5313451
Best Strategy time: 01:28:33.451

 vs 

Bruteforce fitness: 5302639
Bruteforce time: 01:28:22.639
Lap 1: Rain 0% -> Compound 'Soft', TyresAge 0, Wear '0.0'% | '0.0'% | '0.0'% | '0.0'%, Fuel '105.38' Kg, PitStop 'No', Time '01:23.949' ms
Lap 2: Rain 0% -> Compound 'Soft', TyresAge 1, Wear '2.0'% | '2.0'% | '2.0'% | '2.0'%, Fuel '103.79' Kg, PitStop 'No', Time '01:22.013' ms
Lap 3: Rain 0% -> Compound 'Soft', TyresAge 2, Wear '4.0'% | '3.0'% | '4.0'% | '3.0'%, Fuel '102.2' Kg, PitStop 'No', Time '01:21.956' ms
Lap 4: Rain 0% -> Compound 'Soft', TyresAge 3, Wear '6.0'% | '5.0'% | '6.0'% | '5.0'%, Fuel '100.61' Kg, PitStop 'No', Time '01:21.909' ms
Lap 5: Rain 0% -> Compound 'Soft', TyresAge 4, Wear '9.0'% | '7.0'% | '7.0'% | '7.0'%, Fuel '99.02' Kg, PitStop 'No', Time '01:21.862' ms
Lap 6: Rain 0% -> Compound 'Soft', TyresAge 5, Wear '11.0'% | '8.0'% | '9.0'% | '8.0'%, Fuel '97.43' Kg, PitStop 'No', Time '01:21.806' ms
Lap 7: Rain 0% -> Compound 'Soft', TyresAge 6, Wear '13.0'% | '10.0'% | '11.0'% | '10.0'%, Fuel '95.84' Kg, PitStop 'No', Time '01:21.760' ms
Lap 8: Rain 0% -> Compound 'Soft', TyresAge 7, Wear '15.0'% | '12.0'% | '13.0'% | '12.0'%, Fuel '94.25' Kg, PitStop 'No', Time '01:21.717' ms
Lap 9: Rain 0% -> Compound 'Soft', TyresAge 8, Wear '17.0'% | '14.0'% | '15.0'% | '13.0'%, Fuel '92.66' Kg, PitStop 'No', Time '01:21.666' ms
Lap 10: Rain 0% -> Compound 'Soft', TyresAge 9, Wear '19.0'% | '15.0'% | '17.0'% | '15.0'%, Fuel '91.07' Kg, PitStop 'No', Time '01:21.618' ms
Lap 11: Rain 0% -> Compound 'Soft', TyresAge 10, Wear '22.0'% | '17.0'% | '19.0'% | '17.0'%, Fuel '89.48' Kg, PitStop 'No', Time '01:21.580' ms
Lap 12: Rain 0% -> Compound 'Soft', TyresAge 11, Wear '24.0'% | '19.0'% | '21.0'% | '18.0'%, Fuel '87.89' Kg, PitStop 'No', Time '01:21.533' ms
Lap 13: Rain 0% -> Compound 'Soft', TyresAge 12, Wear '26.0'% | '20.0'% | '22.0'% | '20.0'%, Fuel '86.3' Kg, PitStop 'No', Time '01:21.480' ms
Lap 14: Rain 0% -> Compound 'Soft', TyresAge 13, Wear '28.0'% | '22.0'% | '24.0'% | '22.0'%, Fuel '84.71' Kg, PitStop 'No', Time '01:21.440' ms
Lap 15: Rain 0% -> Compound 'Soft', TyresAge 14, Wear '30.0'% | '24.0'% | '26.0'% | '23.0'%, Fuel '83.12' Kg, PitStop 'No', Time '01:21.396' ms
Lap 16: Rain 0% -> Compound 'Soft', TyresAge 15, Wear '32.0'% | '25.0'% | '28.0'% | '25.0'%, Fuel '81.53' Kg, PitStop 'No', Time '01:21.352' ms
Lap 17: Rain 0% -> Compound 'Soft', TyresAge 16, Wear '35.0'% | '27.0'% | '30.0'% | '26.0'%, Fuel '79.94' Kg, PitStop 'No', Time '01:21.317' ms
Lap 18: Rain 0% -> Compound 'Soft', TyresAge 17, Wear '37.0'% | '29.0'% | '32.0'% | '28.0'%, Fuel '78.35' Kg, PitStop 'No', Time '01:21.282' ms
Lap 19: Rain 0% -> Compound 'Soft', TyresAge 18, Wear '39.0'% | '30.0'% | '34.0'% | '30.0'%, Fuel '76.76' Kg, PitStop 'No', Time '01:21.242' ms
Lap 20: Rain 0% -> Compound 'Soft', TyresAge 19, Wear '41.0'% | '32.0'% | '35.0'% | '31.0'%, Fuel '75.17' Kg, PitStop 'No', Time '01:21.197' ms
Lap 21: Rain 0% -> Compound 'Soft', TyresAge 20, Wear '43.0'% | '34.0'% | '37.0'% | '33.0'%, Fuel '73.58' Kg, PitStop 'No', Time '01:21.166' ms
Lap 22: Rain 0% -> Compound 'Soft', TyresAge 21, Wear '45.0'% | '36.0'% | '39.0'% | '35.0'%, Fuel '71.99' Kg, PitStop 'No', Time '01:21.138' ms
Lap 23: Rain 0% -> Compound 'Soft', TyresAge 22, Wear '47.0'% | '37.0'% | '41.0'% | '36.0'%, Fuel '70.4' Kg, PitStop 'No', Time '01:21.097' ms
Lap 24: Rain 0% -> Compound 'Soft', TyresAge 23, Wear '50.0'% | '39.0'% | '43.0'% | '38.0'%, Fuel '68.81' Kg, PitStop 'No', Time '01:21.081' ms
Lap 25: Rain 0% -> Compound 'Soft', TyresAge 24, Wear '52.0'% | '41.0'% | '45.0'% | '40.0'%, Fuel '67.22' Kg, PitStop 'No', Time '01:21.059' ms
Lap 26: Rain 0% -> Compound 'Soft', TyresAge 25, Wear '54.0'% | '42.0'% | '47.0'% | '41.0'%, Fuel '65.63' Kg, PitStop 'No', Time '01:21.022' ms
Lap 27: Rain 0% -> Compound 'Soft', TyresAge 26, Wear '56.0'% | '44.0'% | '49.0'% | '43.0'%, Fuel '64.04' Kg, PitStop 'No', Time '01:21.004' ms
Lap 28: Rain 0% -> Compound 'Soft', TyresAge 27, Wear '58.0'% | '46.0'% | '50.0'% | '45.0'%, Fuel '62.45' Kg, PitStop 'No', Time '01:20.979' ms
Lap 29: Rain 0% -> Compound 'Soft', TyresAge 28, Wear '60.0'% | '47.0'% | '52.0'% | '46.0'%, Fuel '60.86' Kg, PitStop 'No', Time '01:20.946' ms
Lap 30: Rain 0% -> Compound 'Soft', TyresAge 29, Wear '63.0'% | '49.0'% | '54.0'% | '48.0'%, Fuel '59.27' Kg, PitStop 'No', Time '01:20.946' ms
Lap 31: Rain 0% -> Compound 'Soft', TyresAge 30, Wear '65.0'% | '51.0'% | '56.0'% | '50.0'%, Fuel '57.68' Kg, PitStop 'No', Time '01:20.938' ms
Lap 32: Rain 0% -> Compound 'Soft', TyresAge 31, Wear '67.0'% | '52.0'% | '58.0'% | '51.0'%, Fuel '56.09' Kg, PitStop 'No', Time '01:20.913' ms
Lap 33: Rain 0% -> Compound 'Soft', TyresAge 32, Wear '69.0'% | '54.0'% | '60.0'% | '53.0'%, Fuel '54.5' Kg, PitStop 'No', Time '01:20.910' ms
Lap 34: Rain 0% -> Compound 'Soft', TyresAge 33, Wear '71.0'% | '56.0'% | '62.0'% | '55.0'%, Fuel '52.91' Kg, PitStop 'No', Time '01:20.908' ms
Lap 35: Rain 0% -> Compound 'Soft', TyresAge 34, Wear '73.0'% | '58.0'% | '63.0'% | '56.0'%, Fuel '51.32' Kg, PitStop 'No', Time '01:20.890' ms
Lap 36: Rain 0% -> Compound 'Soft', TyresAge 0, Wear '0.0'% | '0.0'% | '0.0'% | '0.0'%, Fuel '49.73' Kg, PitStop 'Yes', Time '01:40.942' ms
Lap 37: Rain 0% -> Compound 'Soft', TyresAge 1, Wear '2.0'% | '2.0'% | '2.0'% | '2.0'%, Fuel '48.14' Kg, PitStop 'No', Time '01:18.896' ms
Lap 38: Rain 0% -> Compound 'Soft', TyresAge 2, Wear '4.0'% | '3.0'% | '4.0'% | '3.0'%, Fuel '46.55' Kg, PitStop 'No', Time '01:18.839' ms
Lap 39: Rain 0% -> Compound 'Soft', TyresAge 3, Wear '6.0'% | '5.0'% | '6.0'% | '5.0'%, Fuel '44.96' Kg, PitStop 'No', Time '01:18.792' ms
Lap 40: Rain 0% -> Compound 'Soft', TyresAge 4, Wear '9.0'% | '7.0'% | '7.0'% | '7.0'%, Fuel '43.37' Kg, PitStop 'No', Time '01:18.746' ms
Lap 41: Rain 0% -> Compound 'Soft', TyresAge 5, Wear '11.0'% | '8.0'% | '9.0'% | '8.0'%, Fuel '41.78' Kg, PitStop 'No', Time '01:18.690' ms
Lap 42: Rain 0% -> Compound 'Soft', TyresAge 6, Wear '13.0'% | '10.0'% | '11.0'% | '10.0'%, Fuel '40.19' Kg, PitStop 'No', Time '01:18.644' ms
Lap 43: Rain 0% -> Compound 'Soft', TyresAge 7, Wear '15.0'% | '12.0'% | '13.0'% | '12.0'%, Fuel '38.6' Kg, PitStop 'No', Time '01:18.601' ms
Lap 44: Rain 0% -> Compound 'Soft', TyresAge 8, Wear '17.0'% | '14.0'% | '15.0'% | '13.0'%, Fuel '37.01' Kg, PitStop 'No', Time '01:18.550' ms
Lap 45: Rain 0% -> Compound 'Soft', TyresAge 9, Wear '19.0'% | '15.0'% | '17.0'% | '15.0'%, Fuel '35.42' Kg, PitStop 'No', Time '01:18.502' ms
Lap 46: Rain 0% -> Compound 'Soft', TyresAge 10, Wear '22.0'% | '17.0'% | '19.0'% | '17.0'%, Fuel '33.83' Kg, PitStop 'No', Time '01:18.464' ms
Lap 47: Rain 0% -> Compound 'Soft', TyresAge 11, Wear '24.0'% | '19.0'% | '21.0'% | '18.0'%, Fuel '32.24' Kg, PitStop 'No', Time '01:18.417' ms
Lap 48: Rain 0% -> Compound 'Soft', TyresAge 12, Wear '26.0'% | '20.0'% | '22.0'% | '20.0'%, Fuel '30.65' Kg, PitStop 'No', Time '01:18.364' ms
Lap 49: Rain 0% -> Compound 'Soft', TyresAge 13, Wear '28.0'% | '22.0'% | '24.0'% | '22.0'%, Fuel '29.06' Kg, PitStop 'No', Time '01:18.324' ms
Lap 50: Rain 0% -> Compound 'Soft', TyresAge 14, Wear '30.0'% | '24.0'% | '26.0'% | '23.0'%, Fuel '27.47' Kg, PitStop 'No', Time '01:18.280' ms
Lap 51: Rain 0% -> Compound 'Soft', TyresAge 15, Wear '32.0'% | '25.0'% | '28.0'% | '25.0'%, Fuel '25.88' Kg, PitStop 'No', Time '01:18.236' ms
Lap 52: Rain 0% -> Compound 'Soft', TyresAge 16, Wear '35.0'% | '27.0'% | '30.0'% | '26.0'%, Fuel '24.29' Kg, PitStop 'No', Time '01:18.201' ms
Lap 53: Rain 0% -> Compound 'Soft', TyresAge 17, Wear '37.0'% | '29.0'% | '32.0'% | '28.0'%, Fuel '22.7' Kg, PitStop 'No', Time '01:18.165' ms
Lap 54: Rain 0% -> Compound 'Soft', TyresAge 18, Wear '39.0'% | '30.0'% | '34.0'% | '30.0'%, Fuel '21.11' Kg, PitStop 'No', Time '01:18.125' ms
Lap 55: Rain 0% -> Compound 'Soft', TyresAge 19, Wear '41.0'% | '32.0'% | '35.0'% | '31.0'%, Fuel '19.52' Kg, PitStop 'No', Time '01:18.080' ms
Lap 56: Rain 0% -> Compound 'Soft', TyresAge 20, Wear '43.0'% | '34.0'% | '37.0'% | '33.0'%, Fuel '17.93' Kg, PitStop 'No', Time '01:18.049' ms
Lap 57: Rain 0% -> Compound 'Soft', TyresAge 21, Wear '45.0'% | '36.0'% | '39.0'% | '35.0'%, Fuel '16.34' Kg, PitStop 'No', Time '01:18.021' ms
Lap 58: Rain 0% -> Compound 'Soft', TyresAge 22, Wear '47.0'% | '37.0'% | '41.0'% | '36.0'%, Fuel '14.75' Kg, PitStop 'No', Time '01:17.980' ms
Lap 59: Rain 0% -> Compound 'Medium', TyresAge 0, Wear '0.0'% | '0.0'% | '0.0'% | '0.0'%, Fuel '13.16' Kg, PitStop 'Yes', Time '01:39.259' ms
Lap 60: Rain 0% -> Compound 'Medium', TyresAge 1, Wear '2.0'% | '1.0'% | '1.0'% | '1.0'%, Fuel '11.57' Kg, PitStop 'No', Time '01:17.201' ms
Lap 61: Rain 0% -> Compound 'Medium', TyresAge 2, Wear '3.0'% | '2.0'% | '3.0'% | '2.0'%, Fuel '9.98' Kg, PitStop 'No', Time '01:17.142' ms
Lap 62: Rain 0% -> Compound 'Medium', TyresAge 3, Wear '5.0'% | '4.0'% | '4.0'% | '3.0'%, Fuel '8.39' Kg, PitStop 'No', Time '01:17.089' ms
Lap 63: Rain 0% -> Compound 'Medium', TyresAge 4, Wear '6.0'% | '5.0'% | '5.0'% | '5.0'%, Fuel '6.8' Kg, PitStop 'No', Time '01:17.031' ms
Lap 64: Rain 0% -> Compound 'Medium', TyresAge 5, Wear '8.0'% | '6.0'% | '7.0'% | '6.0'%, Fuel '5.21' Kg, PitStop 'No', Time '01:16.979' ms
Lap 65: Rain 0% -> Compound 'Medium', TyresAge 6, Wear '9.0'% | '7.0'% | '8.0'% | '7.0'%, Fuel '3.62' Kg, PitStop 'No', Time '01:16.914' ms
Lap 66: Rain 0% -> Compound 'Medium', TyresAge 7, Wear '11.0'% | '8.0'% | '9.0'% | '8.0'%, Fuel '2.03' Kg, PitStop 'No', Time '01:16.856' ms
Time elapsed: 02:18.715
