Log file of circuit Portimao at 22/08/2022 17:55:36

Population: 400
Iterations: 2500
Mutation: 0.9
Crossover: 0.6
PitStopTime: 00:22.000
Weather: 'S'

[EA] Generation 1 - Bruteforce solution: 01:28:22.639 -> best overall: 01:42:40.262 - difference: 14:17.623 - valid strategies: 3.5% | threshold is 0.3 - counter = 0/25 - stuck value = 0
[EA] Generation 2 - Bruteforce solution: 01:28:22.639 -> best overall: 01:42:13.842 - difference: 13:51.203 - valid strategies: 1.75% | threshold is 0.3 - counter = 0/25 - stuck value = 0
[EA] Generation 3 - Bruteforce solution: 01:28:22.639 -> best overall: 01:40:56.090 - difference: 12:33.451 - valid strategies: 1.75% | threshold is 0.3 - counter = 0/25 - stuck value = 0
[EA] Generation 4 - Bruteforce solution: 01:28:22.639 -> best overall: 01:40:32.611 - difference: 12:09.972 - valid strategies: 4.75% | threshold is 0.3 - counter = 0/25 - stuck value = 0
[EA] Generation 5 - Bruteforce solution: 01:28:22.639 -> best overall: 01:39:15.096 - difference: 10:52.457 - valid strategies: 4.75% | threshold is 0.3 - counter = 0/25 - stuck value = 0
[EA] Generation 6 - Bruteforce solution: 01:28:22.639 -> best overall: 01:38:53.171 - difference: 10:30.532 - valid strategies: 13.0% | threshold is 0.3 - counter = 0/25 - stuck value = 0
[EA] Generation 7 - Bruteforce solution: 01:28:22.639 -> best overall: 01:38:15.487 - difference: 09:52.848 - valid strategies: 11.3% | threshold is 0.3 - counter = 0/25 - stuck value = 0
[EA] Generation 8 - Bruteforce solution: 01:28:22.639 -> best overall: 01:37:14.002 - difference: 08:51.363 - valid strategies: 8.11% | threshold is 0.3 - counter = 0/25 - stuck value = 0
[EA] Generation 9 - Bruteforce solution: 01:28:22.639 -> best overall: 01:36:52.966 - difference: 08:30.327 - valid strategies: 10.0% | threshold is 0.3 - counter = 0/25 - stuck value = 0
[EA] Generation 10 - Bruteforce solution: 01:28:22.639 -> best overall: 01:36:21.246 - difference: 07:58.607 - valid strategies: 11.5% | threshold is 0.3 - counter = 0/25 - stuck value = 0
[EA] Generation 11 - Bruteforce solution: 01:28:22.639 -> best overall: 01:35:59.373 - difference: 07:36.734 - valid strategies: 4.75% | threshold is 0.3 - counter = 0/25 - stuck value = 0
[EA] Generation 12 - Bruteforce solution: 01:28:22.639 -> best overall: 01:35:29.087 - difference: 07:06.448 - valid strategies: 5.0% | threshold is 0.3 - counter = 0/25 - stuck value = 0
[EA] Generation 13 - Bruteforce solution: 01:28:22.639 -> best overall: 01:35:11.894 - difference: 06:49.255 - valid strategies: 2.75% | threshold is 0.3 - counter = 0/25 - stuck value = 0
[EA] Generation 14 - Bruteforce solution: 01:28:22.639 -> best overall: 01:34:58.472 - difference: 06:35.833 - valid strategies: 1.25% | threshold is 0.3 - counter = 0/25 - stuck value = 0
[EA] Generation 15 - Bruteforce solution: 01:28:22.639 -> best overall: 01:34:58.472 - difference: 06:35.833 - valid strategies: 3.5% | threshold is 0.3 - counter = 1/25 - stuck value = 0
[EA] Generation 16 - Bruteforce solution: 01:28:22.639 -> best overall: 01:34:27.096 - difference: 06:04.457 - valid strategies: 3.25% | threshold is 0.3 - counter = 0/25 - stuck value = 0
[EA] Generation 17 - Bruteforce solution: 01:28:22.639 -> best overall: 01:34:08.619 - difference: 05:45.980 - valid strategies: 1.5% | threshold is 0.3 - counter = 0/25 - stuck value = 0
[EA] Generation 18 - Bruteforce solution: 01:28:22.639 -> best overall: 01:33:54.761 - difference: 05:32.122 - valid strategies: 1.5% | threshold is 0.3 - counter = 0/25 - stuck value = 0
[EA] Generation 19 - Bruteforce solution: 01:28:22.639 -> best overall: 01:33:31.868 - difference: 05:09.229 - valid strategies: 3.24% | threshold is 0.3 - counter = 0/25 - stuck value = 0
[EA] Generation 20 - Bruteforce solution: 01:28:22.639 -> best overall: 01:33:11.691 - difference: 04:49.052 - valid strategies: 1.72% | threshold is 0.3 - counter = 0/25 - stuck value = 0
[EA] Generation 21 - Bruteforce solution: 01:28:22.639 -> best overall: 01:32:41.401 - difference: 04:18.762 - valid strategies: 1.5% | threshold is 0.3 - counter = 0/25 - stuck value = 0
[EA] Generation 22 - Bruteforce solution: 01:28:22.639 -> best overall: 01:32:19.609 - difference: 03:56.970 - valid strategies: 1.75% | threshold is 0.3 - counter = 0/25 - stuck value = 0
[EA] Generation 23 - Bruteforce solution: 01:28:22.639 -> best overall: 01:31:58.857 - difference: 03:36.218 - valid strategies: 1.46% | threshold is 0.3 - counter = 0/25 - stuck value = 0
[EA] Generation 24 - Bruteforce solution: 01:28:22.639 -> best overall: 01:31:37.253 - difference: 03:14.614 - valid strategies: 1.75% | threshold is 0.3 - counter = 0/25 - stuck value = 0
[EA] Generation 25 - Bruteforce solution: 01:28:22.639 -> best overall: 01:31:15.328 - difference: 02:52.689 - valid strategies: 1.75% | threshold is 0.3 - counter = 0/25 - stuck value = 0
[EA] Generation 26 - Bruteforce solution: 01:28:22.639 -> best overall: 01:30:54.625 - difference: 02:31.986 - valid strategies: 4.75% | threshold is 0.3 - counter = 0/25 - stuck value = 0
[EA] Generation 27 - Bruteforce solution: 01:28:22.639 -> best overall: 01:30:28.704 - difference: 02:06.065 - valid strategies: 1.24% | threshold is 0.3 - counter = 0/25 - stuck value = 0
[EA] Generation 28 - Bruteforce solution: 01:28:22.639 -> best overall: 01:29:52.262 - difference: 01:29.623 - valid strategies: 1.25% | threshold is 0.3 - counter = 0/25 - stuck value = 0
[EA] Generation 29 - Bruteforce solution: 01:28:22.639 -> best overall: 01:29:33.160 - difference: 01:10.521 - valid strategies: 3.5% | threshold is 0.3 - counter = 0/25 - stuck value = 0
[EA] Generation 30 - Bruteforce solution: 01:28:22.639 -> best overall: 01:29:02.861 - difference: 00:40.222 - valid strategies: 1.75% | threshold is 0.3 - counter = 0/25 - stuck value = 0
[EA] Generation 31 - Bruteforce solution: 01:28:22.639 -> best overall: 01:28:38.970 - difference: 00:16.331 - valid strategies: 1.75% | threshold is 0.3 - counter = 0/25 - stuck value = 0
[EA] Generation 32 - Bruteforce solution: 01:28:22.639 -> best overall: 01:28:32.803 - difference: 00:10.164 - valid strategies: 3.5% | threshold is 0.3 - counter = 0/25 - stuck value = 0
[EA] Generation 33 - Bruteforce solution: 01:28:22.639 -> best overall: 01:28:32.803 - difference: 00:10.164 - valid strategies: 2.0% | threshold is 0.3 - counter = 1/25 - stuck value = 0
[EA] Generation 34 - Bruteforce solution: 01:28:22.639 -> best overall: 01:28:32.803 - difference: 00:10.164 - valid strategies: 3.25% | threshold is 0.3 - counter = 2/25 - stuck value = 0
[EA] Generation 35 - Bruteforce solution: 01:28:22.639 -> best overall: 01:28:27.331 - difference: 00:04.692 - valid strategies: 1.48% | threshold is 0.3 - counter = 0/25 - stuck value = 0
[EA] Generation 36 - Bruteforce solution: 01:28:22.639 -> best overall: 01:28:27.331 - difference: 00:04.692 - valid strategies: 0.75% | threshold is 0.3 - counter = 1/25 - stuck value = 0
[EA] Generation 37 - Bruteforce solution: 01:28:22.639 -> best overall: 01:28:27.331 - difference: 00:04.692 - valid strategies: 1.25% | threshold is 0.3 - counter = 2/25 - stuck value = 0
[EA] Generation 38 - Bruteforce solution: 01:28:22.639 -> best overall: 01:28:27.331 - difference: 00:04.692 - valid strategies: 1.25% | threshold is 0.3 - counter = 3/25 - stuck value = 0
[EA] Generation 39 - Bruteforce solution: 01:28:22.639 -> best overall: 01:28:27.331 - difference: 00:04.692 - valid strategies: 1.5% | threshold is 0.3 - counter = 4/25 - stuck value = 0
[EA] Generation 40 - Bruteforce solution: 01:28:22.639 -> best overall: 01:28:27.331 - difference: 00:04.692 - valid strategies: 1.5% | threshold is 0.3 - counter = 5/25 - stuck value = 0
[EA] Generation 41 - Bruteforce solution: 01:28:22.639 -> best overall: 01:28:27.331 - difference: 00:04.692 - valid strategies: 0.75% | threshold is 0.3 - counter = 6/25 - stuck value = 0
[EA] Generation 42 - Bruteforce solution: 01:28:22.639 -> best overall: 01:28:27.331 - difference: 00:04.692 - valid strategies: 1.25% | threshold is 0.3 - counter = 7/25 - stuck value = 0
[EA] Generation 43 - Bruteforce solution: 01:28:22.639 -> best overall: 01:28:27.331 - difference: 00:04.692 - valid strategies: 0.99% | threshold is 0.3 - counter = 8/25 - stuck value = 0
[EA] Generation 44 - Bruteforce solution: 01:28:22.639 -> best overall: 01:28:27.331 - difference: 00:04.692 - valid strategies: 2.0% | threshold is 0.3 - counter = 9/25 - stuck value = 0
[EA] Generation 45 - Bruteforce solution: 01:28:22.639 -> best overall: 01:28:27.331 - difference: 00:04.692 - valid strategies: 1.5% | threshold is 0.3 - counter = 10/25 - stuck value = 0
[EA] Generation 46 - Bruteforce solution: 01:28:22.639 -> best overall: 01:28:27.331 - difference: 00:04.692 - valid strategies: 1.25% | threshold is 0.3 - counter = 11/25 - stuck value = 0
[EA] Generation 47 - Bruteforce solution: 01:28:22.639 -> best overall: 01:28:27.331 - difference: 00:04.692 - valid strategies: 1.72% | threshold is 0.3 - counter = 12/25 - stuck value = 0
[EA] Generation 48 - Bruteforce solution: 01:28:22.639 -> best overall: 01:28:27.331 - difference: 00:04.692 - valid strategies: 1.25% | threshold is 0.3 - counter = 13/25 - stuck value = 0
[EA] Generation 49 - Bruteforce solution: 01:28:22.639 -> best overall: 01:28:27.331 - difference: 00:04.692 - valid strategies: 1.25% | threshold is 0.3 - counter = 14/25 - stuck value = 0
[EA] Generation 50 - Bruteforce solution: 01:28:22.639 -> best overall: 01:28:27.331 - difference: 00:04.692 - valid strategies: 1.5% | threshold is 0.3 - counter = 15/25 - stuck value = 0
[EA] Generation 51 - Bruteforce solution: 01:28:22.639 -> best overall: 01:28:27.331 - difference: 00:04.692 - valid strategies: 1.47% | threshold is 0.3 - counter = 16/25 - stuck value = 0
[EA] Generation 52 - Bruteforce solution: 01:28:22.639 -> best overall: 01:28:27.331 - difference: 00:04.692 - valid strategies: 1.25% | threshold is 0.3 - counter = 17/25 - stuck value = 0
[EA] Generation 53 - Bruteforce solution: 01:28:22.639 -> best overall: 01:28:27.331 - difference: 00:04.692 - valid strategies: 1.75% | threshold is 0.3 - counter = 18/25 - stuck value = 0
[EA] Generation 54 - Bruteforce solution: 01:28:22.639 -> best overall: 01:28:27.331 - difference: 00:04.692 - valid strategies: 1.5% | threshold is 0.3 - counter = 19/25 - stuck value = 0
[EA] Generation 55 - Bruteforce solution: 01:28:22.639 -> best overall: 01:28:27.331 - difference: 00:04.692 - valid strategies: 1.5% | threshold is 0.3 - counter = 20/25 - stuck value = 0
[EA] Generation 56 - Bruteforce solution: 01:28:22.639 -> best overall: 01:28:27.331 - difference: 00:04.692 - valid strategies: 1.22% | threshold is 0.3 - counter = 21/25 - stuck value = 0
[EA] Generation 57 - Bruteforce solution: 01:28:22.639 -> best overall: 01:28:27.331 - difference: 00:04.692 - valid strategies: 1.75% | threshold is 0.3 - counter = 22/25 - stuck value = 0
[EA] Generation 58 - Bruteforce solution: 01:28:22.639 -> best overall: 01:28:27.331 - difference: 00:04.692 - valid strategies: 1.49% | threshold is 0.3 - counter = 23/25 - stuck value = 0
[EA] Generation 59 - Bruteforce solution: 01:28:22.639 -> best overall: 01:28:26.335 - difference: 00:03.696 - valid strategies: 3.25% | threshold is 0.3 - counter = 0/25 - stuck value = 0
[EA] Generation 60 - Bruteforce solution: 01:28:22.639 -> best overall: 01:28:26.335 - difference: 00:03.696 - valid strategies: 2.75% | threshold is 0.3 - counter = 1/25 - stuck value = 0
[EA] Generation 61 - Bruteforce solution: 01:28:22.639 -> best overall: 01:28:26.335 - difference: 00:03.696 - valid strategies: 3.0% | threshold is 0.3 - counter = 2/25 - stuck value = 0
[EA] Generation 62 - Bruteforce solution: 01:28:22.639 -> best overall: 01:28:26.335 - difference: 00:03.696 - valid strategies: 2.75% | threshold is 0.3 - counter = 3/25 - stuck value = 0
[EA] Generation 63 - Bruteforce solution: 01:28:22.639 -> best overall: 01:28:26.335 - difference: 00:03.696 - valid strategies: 2.75% | threshold is 0.3 - counter = 4/25 - stuck value = 0
[EA] Generation 64 - Bruteforce solution: 01:28:22.639 -> best overall: 01:28:26.335 - difference: 00:03.696 - valid strategies: 1.25% | threshold is 0.3 - counter = 5/25 - stuck value = 0
[EA] Generation 65 - Bruteforce solution: 01:28:22.639 -> best overall: 01:28:26.335 - difference: 00:03.696 - valid strategies: 1.5% | threshold is 0.3 - counter = 6/25 - stuck value = 0
[EA] Generation 66 - Bruteforce solution: 01:28:22.639 -> best overall: 01:28:26.335 - difference: 00:03.696 - valid strategies: 1.72% | threshold is 0.3 - counter = 7/25 - stuck value = 0
[EA] Generation 67 - Bruteforce solution: 01:28:22.639 -> best overall: 01:28:26.335 - difference: 00:03.696 - valid strategies: 1.23% | threshold is 0.3 - counter = 8/25 - stuck value = 0
[EA] Generation 68 - Bruteforce solution: 01:28:22.639 -> best overall: 01:28:26.335 - difference: 00:03.696 - valid strategies: 1.25% | threshold is 0.3 - counter = 9/25 - stuck value = 0
[EA] Generation 69 - Bruteforce solution: 01:28:22.639 -> best overall: 01:28:26.335 - difference: 00:03.696 - valid strategies: 1.5% | threshold is 0.3 - counter = 10/25 - stuck value = 0
[EA] Generation 70 - Bruteforce solution: 01:28:22.639 -> best overall: 01:28:26.335 - difference: 00:03.696 - valid strategies: 1.25% | threshold is 0.3 - counter = 11/25 - stuck value = 0
[EA] Generation 71 - Bruteforce solution: 01:28:22.639 -> best overall: 01:28:26.335 - difference: 00:03.696 - valid strategies: 1.5% | threshold is 0.3 - counter = 12/25 - stuck value = 0
[EA] Generation 72 - Bruteforce solution: 01:28:22.639 -> best overall: 01:28:26.335 - difference: 00:03.696 - valid strategies: 1.75% | threshold is 0.3 - counter = 13/25 - stuck value = 0
[EA] Generation 73 - Bruteforce solution: 01:28:22.639 -> best overall: 01:28:26.335 - difference: 00:03.696 - valid strategies: 1.5% | threshold is 0.3 - counter = 14/25 - stuck value = 0
[EA] Generation 74 - Bruteforce solution: 01:28:22.639 -> best overall: 01:28:26.335 - difference: 00:03.696 - valid strategies: 1.5% | threshold is 0.3 - counter = 15/25 - stuck value = 0
[EA] Generation 75 - Bruteforce solution: 01:28:22.639 -> best overall: 01:28:26.335 - difference: 00:03.696 - valid strategies: 1.5% | threshold is 0.3 - counter = 16/25 - stuck value = 0
[EA] Generation 76 - Bruteforce solution: 01:28:22.639 -> best overall: 01:28:26.335 - difference: 00:03.696 - valid strategies: 1.75% | threshold is 0.3 - counter = 17/25 - stuck value = 0
[EA] Generation 77 - Bruteforce solution: 01:28:22.639 -> best overall: 01:28:26.335 - difference: 00:03.696 - valid strategies: 1.5% | threshold is 0.3 - counter = 18/25 - stuck value = 0
[EA] Generation 78 - Bruteforce solution: 01:28:22.639 -> best overall: 01:28:26.335 - difference: 00:03.696 - valid strategies: 1.5% | threshold is 0.3 - counter = 19/25 - stuck value = 0
[EA] Generation 79 - Bruteforce solution: 01:28:22.639 -> best overall: 01:28:26.335 - difference: 00:03.696 - valid strategies: 1.5% | threshold is 0.3 - counter = 20/25 - stuck value = 0
[EA] Generation 80 - Bruteforce solution: 01:28:22.639 -> best overall: 01:28:26.335 - difference: 00:03.696 - valid strategies: 1.25% | threshold is 0.3 - counter = 21/25 - stuck value = 0
[EA] Generation 81 - Bruteforce solution: 01:28:22.639 -> best overall: 01:28:26.335 - difference: 00:03.696 - valid strategies: 1.5% | threshold is 0.3 - counter = 22/25 - stuck value = 0
[EA] Generation 82 - Bruteforce solution: 01:28:22.639 -> best overall: 01:28:26.335 - difference: 00:03.696 - valid strategies: 1.25% | threshold is 0.3 - counter = 23/25 - stuck value = 0
[EA] Generation 83 - Bruteforce solution: 01:28:22.639 -> best overall: 01:28:26.335 - difference: 00:03.696 - valid strategies: 1.5% | threshold is 0.3 - counter = 24/25 - stuck value = 0
[EA] Generation 84 - Bruteforce solution: 01:28:22.639 -> best overall: 01:28:26.335 - difference: 00:03.696 - valid strategies: 1.25% | threshold is 0.25 - counter = 0/25 - stuck value = 1
[EA] Generation 85 - Bruteforce solution: 01:28:22.639 -> best overall: 01:28:26.335 - difference: 00:03.696 - valid strategies: 1.5% | threshold is 0.25 - counter = 1/25 - stuck value = 1
[EA] Generation 86 - Bruteforce solution: 01:28:22.639 -> best overall: 01:28:26.335 - difference: 00:03.696 - valid strategies: 1.49% | threshold is 0.25 - counter = 2/25 - stuck value = 1
[EA] Generation 87 - Bruteforce solution: 01:28:22.639 -> best overall: 01:28:26.335 - difference: 00:03.696 - valid strategies: 1.5% | threshold is 0.25 - counter = 3/25 - stuck value = 1
[EA] Generation 88 - Bruteforce solution: 01:28:22.639 -> best overall: 01:28:26.335 - difference: 00:03.696 - valid strategies: 1.75% | threshold is 0.25 - counter = 4/25 - stuck value = 1
[EA] Generation 89 - Bruteforce solution: 01:28:22.639 -> best overall: 01:28:26.335 - difference: 00:03.696 - valid strategies: 1.5% | threshold is 0.25 - counter = 5/25 - stuck value = 1
[EA] Generation 90 - Bruteforce solution: 01:28:22.639 -> best overall: 01:28:26.335 - difference: 00:03.696 - valid strategies: 1.5% | threshold is 0.25 - counter = 6/25 - stuck value = 1
[EA] Generation 91 - Bruteforce solution: 01:28:22.639 -> best overall: 01:28:26.335 - difference: 00:03.696 - valid strategies: 1.5% | threshold is 0.25 - counter = 7/25 - stuck value = 1
[EA] Generation 92 - Bruteforce solution: 01:28:22.639 -> best overall: 01:28:26.335 - difference: 00:03.696 - valid strategies: 1.49% | threshold is 0.25 - counter = 8/25 - stuck value = 1
[EA] Generation 93 - Bruteforce solution: 01:28:22.639 -> best overall: 01:28:26.335 - difference: 00:03.696 - valid strategies: 1.75% | threshold is 0.25 - counter = 9/25 - stuck value = 1
[EA] Generation 94 - Bruteforce solution: 01:28:22.639 -> best overall: 01:28:26.335 - difference: 00:03.696 - valid strategies: 1.5% | threshold is 0.25 - counter = 10/25 - stuck value = 1
[EA] Generation 95 - Bruteforce solution: 01:28:22.639 -> best overall: 01:28:26.335 - difference: 00:03.696 - valid strategies: 1.25% | threshold is 0.25 - counter = 11/25 - stuck value = 1
[EA] Generation 96 - Bruteforce solution: 01:28:22.639 -> best overall: 01:28:26.335 - difference: 00:03.696 - valid strategies: 1.75% | threshold is 0.25 - counter = 12/25 - stuck value = 1
[EA] Generation 97 - Bruteforce solution: 01:28:22.639 -> best overall: 01:28:26.335 - difference: 00:03.696 - valid strategies: 1.5% | threshold is 0.25 - counter = 13/25 - stuck value = 1
[EA] Generation 98 - Bruteforce solution: 01:28:22.639 -> best overall: 01:28:26.335 - difference: 00:03.696 - valid strategies: 1.0% | threshold is 0.25 - counter = 14/25 - stuck value = 1
[EA] Generation 99 - Bruteforce solution: 01:28:22.639 -> best overall: 01:28:26.335 - difference: 00:03.696 - valid strategies: 1.49% | threshold is 0.25 - counter = 15/25 - stuck value = 1
[EA] Generation 100 - Bruteforce solution: 01:28:22.639 -> best overall: 01:28:26.335 - difference: 00:03.696 - valid strategies: 1.5% | threshold is 0.25 - counter = 16/25 - stuck value = 1
[EA] Generation 101 - Bruteforce solution: 01:28:22.639 -> best overall: 01:28:26.335 - difference: 00:03.696 - valid strategies: 1.5% | threshold is 0.25 - counter = 17/25 - stuck value = 1
[EA] Generation 102 - Bruteforce solution: 01:28:22.639 -> best overall: 01:28:26.335 - difference: 00:03.696 - valid strategies: 2.0% | threshold is 0.25 - counter = 18/25 - stuck value = 1
[EA] Generation 103 - Bruteforce solution: 01:28:22.639 -> best overall: 01:28:26.335 - difference: 00:03.696 - valid strategies: 1.24% | threshold is 0.25 - counter = 19/25 - stuck value = 1
[EA] Generation 104 - Bruteforce solution: 01:28:22.639 -> best overall: 01:28:26.335 - difference: 00:03.696 - valid strategies: 1.25% | threshold is 0.25 - counter = 20/25 - stuck value = 1
[EA] Generation 105 - Bruteforce solution: 01:28:22.639 -> best overall: 01:28:26.335 - difference: 00:03.696 - valid strategies: 1.49% | threshold is 0.25 - counter = 21/25 - stuck value = 1
[EA] Generation 106 - Bruteforce solution: 01:28:22.639 -> best overall: 01:28:26.335 - difference: 00:03.696 - valid strategies: 1.25% | threshold is 0.25 - counter = 22/25 - stuck value = 1
[EA] Generation 107 - Bruteforce solution: 01:28:22.639 -> best overall: 01:28:26.335 - difference: 00:03.696 - valid strategies: 1.75% | threshold is 0.25 - counter = 23/25 - stuck value = 1
[EA] Generation 108 - Bruteforce solution: 01:28:22.639 -> best overall: 01:28:26.335 - difference: 00:03.696 - valid strategies: 1.5% | threshold is 0.25 - counter = 24/25 - stuck value = 1
[EA] Generation 109 - Bruteforce solution: 01:28:22.639 -> best overall: 01:28:26.335 - difference: 00:03.696 - valid strategies: 1.25% | threshold is 0.2 - counter = 0/25 - stuck value = 2
[EA] Generation 110 - Bruteforce solution: 01:28:22.639 -> best overall: 01:28:26.335 - difference: 00:03.696 - valid strategies: 1.5% | threshold is 0.2 - counter = 1/25 - stuck value = 2
[EA] Generation 111 - Bruteforce solution: 01:28:22.639 -> best overall: 01:28:26.335 - difference: 00:03.696 - valid strategies: 1.75% | threshold is 0.2 - counter = 2/25 - stuck value = 2
[EA] Generation 112 - Bruteforce solution: 01:28:22.639 -> best overall: 01:28:26.335 - difference: 00:03.696 - valid strategies: 1.75% | threshold is 0.2 - counter = 3/25 - stuck value = 2
[EA] Generation 113 - Bruteforce solution: 01:28:22.639 -> best overall: 01:28:26.335 - difference: 00:03.696 - valid strategies: 1.71% | threshold is 0.2 - counter = 4/25 - stuck value = 2
[EA] Generation 114 - Bruteforce solution: 01:28:22.639 -> best overall: 01:28:26.335 - difference: 00:03.696 - valid strategies: 1.75% | threshold is 0.2 - counter = 5/25 - stuck value = 2
[EA] Generation 115 - Bruteforce solution: 01:28:22.639 -> best overall: 01:28:26.335 - difference: 00:03.696 - valid strategies: 2.0% | threshold is 0.2 - counter = 6/25 - stuck value = 2
[EA] Generation 116 - Bruteforce solution: 01:28:22.639 -> best overall: 01:28:25.711 - difference: 00:03.072 - valid strategies: 3.25% | threshold is 0.3 - counter = 0/25 - stuck value = 0
[EA] Generation 117 - Bruteforce solution: 01:28:22.639 -> best overall: 01:28:25.711 - difference: 00:03.072 - valid strategies: 3.25% | threshold is 0.3 - counter = 1/25 - stuck value = 0
[EA] Generation 118 - Bruteforce solution: 01:28:22.639 -> best overall: 01:28:25.711 - difference: 00:03.072 - valid strategies: 2.5% | threshold is 0.3 - counter = 2/25 - stuck value = 0
[EA] Generation 119 - Bruteforce solution: 01:28:22.639 -> best overall: 01:28:25.711 - difference: 00:03.072 - valid strategies: 2.22% | threshold is 0.3 - counter = 3/25 - stuck value = 0
[EA] Generation 120 - Bruteforce solution: 01:28:22.639 -> best overall: 01:28:25.711 - difference: 00:03.072 - valid strategies: 3.25% | threshold is 0.3 - counter = 4/25 - stuck value = 0
[EA] Generation 121 - Bruteforce solution: 01:28:22.639 -> best overall: 01:28:25.711 - difference: 00:03.072 - valid strategies: 3.25% | threshold is 0.3 - counter = 5/25 - stuck value = 0
[EA] Generation 122 - Bruteforce solution: 01:28:22.639 -> best overall: 01:28:25.711 - difference: 00:03.072 - valid strategies: 2.73% | threshold is 0.3 - counter = 6/25 - stuck value = 0
[EA] Generation 123 - Bruteforce solution: 01:28:22.639 -> best overall: 01:28:25.711 - difference: 00:03.072 - valid strategies: 3.0% | threshold is 0.3 - counter = 7/25 - stuck value = 0
[EA] Generation 124 - Bruteforce solution: 01:28:22.639 -> best overall: 01:28:25.711 - difference: 00:03.072 - valid strategies: 1.49% | threshold is 0.3 - counter = 8/25 - stuck value = 0
[EA] Generation 125 - Bruteforce solution: 01:28:22.639 -> best overall: 01:28:25.711 - difference: 00:03.072 - valid strategies: 1.0% | threshold is 0.3 - counter = 9/25 - stuck value = 0
[EA] Generation 126 - Bruteforce solution: 01:28:22.639 -> best overall: 01:28:25.711 - difference: 00:03.072 - valid strategies: 1.0% | threshold is 0.3 - counter = 10/25 - stuck value = 0
[EA] Generation 127 - Bruteforce solution: 01:28:22.639 -> best overall: 01:28:25.711 - difference: 00:03.072 - valid strategies: 1.5% | threshold is 0.3 - counter = 11/25 - stuck value = 0
[EA] Generation 128 - Bruteforce solution: 01:28:22.639 -> best overall: 01:28:25.711 - difference: 00:03.072 - valid strategies: 1.5% | threshold is 0.3 - counter = 12/25 - stuck value = 0
[EA] Generation 129 - Bruteforce solution: 01:28:22.639 -> best overall: 01:28:25.711 - difference: 00:03.072 - valid strategies: 1.5% | threshold is 0.3 - counter = 13/25 - stuck value = 0
[EA] Generation 130 - Bruteforce solution: 01:28:22.639 -> best overall: 01:28:25.711 - difference: 00:03.072 - valid strategies: 1.75% | threshold is 0.3 - counter = 14/25 - stuck value = 0
[EA] Generation 131 - Bruteforce solution: 01:28:22.639 -> best overall: 01:28:25.711 - difference: 00:03.072 - valid strategies: 1.5% | threshold is 0.3 - counter = 15/25 - stuck value = 0
[EA] Generation 132 - Bruteforce solution: 01:28:22.639 -> best overall: 01:28:25.711 - difference: 00:03.072 - valid strategies: 1.25% | threshold is 0.3 - counter = 16/25 - stuck value = 0
[EA] Generation 133 - Bruteforce solution: 01:28:22.639 -> best overall: 01:28:25.711 - difference: 00:03.072 - valid strategies: 1.25% | threshold is 0.3 - counter = 17/25 - stuck value = 0
[EA] Generation 134 - Bruteforce solution: 01:28:22.639 -> best overall: 01:28:25.711 - difference: 00:03.072 - valid strategies: 1.75% | threshold is 0.3 - counter = 18/25 - stuck value = 0
[EA] Generation 135 - Bruteforce solution: 01:28:22.639 -> best overall: 01:28:25.711 - difference: 00:03.072 - valid strategies: 1.5% | threshold is 0.3 - counter = 19/25 - stuck value = 0
[EA] Generation 136 - Bruteforce solution: 01:28:22.639 -> best overall: 01:28:25.711 - difference: 00:03.072 - valid strategies: 1.49% | threshold is 0.3 - counter = 20/25 - stuck value = 0
[EA] Generation 137 - Bruteforce solution: 01:28:22.639 -> best overall: 01:28:25.711 - difference: 00:03.072 - valid strategies: 1.5% | threshold is 0.3 - counter = 21/25 - stuck value = 0
[EA] Generation 138 - Bruteforce solution: 01:28:22.639 -> best overall: 01:28:25.711 - difference: 00:03.072 - valid strategies: 1.75% | threshold is 0.3 - counter = 22/25 - stuck value = 0
[EA] Generation 139 - Bruteforce solution: 01:28:22.639 -> best overall: 01:28:25.711 - difference: 00:03.072 - valid strategies: 1.75% | threshold is 0.3 - counter = 23/25 - stuck value = 0
[EA] Generation 140 - Bruteforce solution: 01:28:22.639 -> best overall: 01:28:25.711 - difference: 00:03.072 - valid strategies: 1.23% | threshold is 0.3 - counter = 24/25 - stuck value = 0
[EA] Generation 141 - Bruteforce solution: 01:28:22.639 -> best overall: 01:28:25.711 - difference: 00:03.072 - valid strategies: 1.5% | threshold is 0.25 - counter = 0/25 - stuck value = 1
[EA] Generation 142 - Bruteforce solution: 01:28:22.639 -> best overall: 01:28:25.711 - difference: 00:03.072 - valid strategies: 1.75% | threshold is 0.25 - counter = 1/25 - stuck value = 1
[EA] Generation 143 - Bruteforce solution: 01:28:22.639 -> best overall: 01:28:25.711 - difference: 00:03.072 - valid strategies: 1.5% | threshold is 0.25 - counter = 2/25 - stuck value = 1
[EA] Generation 144 - Bruteforce solution: 01:28:22.639 -> best overall: 01:28:25.711 - difference: 00:03.072 - valid strategies: 1.75% | threshold is 0.25 - counter = 3/25 - stuck value = 1
[EA] Generation 145 - Bruteforce solution: 01:28:22.639 -> best overall: 01:28:25.711 - difference: 00:03.072 - valid strategies: 3.0% | threshold is 0.25 - counter = 4/25 - stuck value = 1
[EA] Generation 146 - Bruteforce solution: 01:28:22.639 -> best overall: 01:28:25.711 - difference: 00:03.072 - valid strategies: 2.71% | threshold is 0.25 - counter = 5/25 - stuck value = 1
[EA] Generation 147 - Bruteforce solution: 01:28:22.639 -> best overall: 01:28:25.711 - difference: 00:03.072 - valid strategies: 2.96% | threshold is 0.25 - counter = 6/25 - stuck value = 1
[EA] Generation 148 - Bruteforce solution: 01:28:22.639 -> best overall: 01:28:25.711 - difference: 00:03.072 - valid strategies: 2.93% | threshold is 0.25 - counter = 7/25 - stuck value = 1
[EA] Generation 149 - Bruteforce solution: 01:28:22.639 -> best overall: 01:28:25.711 - difference: 00:03.072 - valid strategies: 2.75% | threshold is 0.25 - counter = 8/25 - stuck value = 1
[EA] Generation 150 - Bruteforce solution: 01:28:22.639 -> best overall: 01:28:25.711 - difference: 00:03.072 - valid strategies: 3.25% | threshold is 0.25 - counter = 9/25 - stuck value = 1
[EA] Generation 151 - Bruteforce solution: 01:28:22.639 -> best overall: 01:28:25.711 - difference: 00:03.072 - valid strategies: 1.25% | threshold is 0.25 - counter = 10/25 - stuck value = 1
[EA] Generation 152 - Bruteforce solution: 01:28:22.639 -> best overall: 01:28:25.711 - difference: 00:03.072 - valid strategies: 1.25% | threshold is 0.25 - counter = 11/25 - stuck value = 1
[EA] Generation 153 - Bruteforce solution: 01:28:22.639 -> best overall: 01:28:25.711 - difference: 00:03.072 - valid strategies: 1.5% | threshold is 0.25 - counter = 12/25 - stuck value = 1
[EA] Generation 154 - Bruteforce solution: 01:28:22.639 -> best overall: 01:28:25.711 - difference: 00:03.072 - valid strategies: 1.49% | threshold is 0.25 - counter = 13/25 - stuck value = 1
[EA] Generation 155 - Bruteforce solution: 01:28:22.639 -> best overall: 01:28:25.711 - difference: 00:03.072 - valid strategies: 1.24% | threshold is 0.25 - counter = 14/25 - stuck value = 1
[EA] Generation 156 - Bruteforce solution: 01:28:22.639 -> best overall: 01:28:25.711 - difference: 00:03.072 - valid strategies: 1.24% | threshold is 0.25 - counter = 15/25 - stuck value = 1
[EA] Generation 157 - Bruteforce solution: 01:28:22.639 -> best overall: 01:28:25.711 - difference: 00:03.072 - valid strategies: 1.5% | threshold is 0.25 - counter = 16/25 - stuck value = 1
[EA] Generation 158 - Bruteforce solution: 01:28:22.639 -> best overall: 01:28:25.711 - difference: 00:03.072 - valid strategies: 1.49% | threshold is 0.25 - counter = 17/25 - stuck value = 1
[EA] Generation 159 - Bruteforce solution: 01:28:22.639 -> best overall: 01:28:25.711 - difference: 00:03.072 - valid strategies: 1.5% | threshold is 0.25 - counter = 18/25 - stuck value = 1
[EA] Generation 160 - Bruteforce solution: 01:28:22.639 -> best overall: 01:28:25.711 - difference: 00:03.072 - valid strategies: 1.5% | threshold is 0.25 - counter = 19/25 - stuck value = 1
[EA] Generation 161 - Bruteforce solution: 01:28:22.639 -> best overall: 01:28:25.711 - difference: 00:03.072 - valid strategies: 1.49% | threshold is 0.25 - counter = 20/25 - stuck value = 1
[EA] Generation 162 - Bruteforce solution: 01:28:22.639 -> best overall: 01:28:25.711 - difference: 00:03.072 - valid strategies: 1.5% | threshold is 0.25 - counter = 21/25 - stuck value = 1
[EA] Generation 163 - Bruteforce solution: 01:28:22.639 -> best overall: 01:28:25.711 - difference: 00:03.072 - valid strategies: 1.0% | threshold is 0.25 - counter = 22/25 - stuck value = 1
[EA] Generation 164 - Bruteforce solution: 01:28:22.639 -> best overall: 01:28:25.711 - difference: 00:03.072 - valid strategies: 1.5% | threshold is 0.25 - counter = 23/25 - stuck value = 1
[EA] Generation 165 - Bruteforce solution: 01:28:22.639 -> best overall: 01:28:25.711 - difference: 00:03.072 - valid strategies: 1.5% | threshold is 0.25 - counter = 24/25 - stuck value = 1
[EA] Generation 166 - Bruteforce solution: 01:28:22.639 -> best overall: 01:28:25.711 - difference: 00:03.072 - valid strategies: 1.5% | threshold is 0.2 - counter = 0/25 - stuck value = 2
[EA] Generation 167 - Bruteforce solution: 01:28:22.639 -> best overall: 01:28:25.711 - difference: 00:03.072 - valid strategies: 1.47% | threshold is 0.2 - counter = 1/25 - stuck value = 2
[EA] Generation 168 - Bruteforce solution: 01:28:22.639 -> best overall: 01:28:25.711 - difference: 00:03.072 - valid strategies: 1.25% | threshold is 0.2 - counter = 2/25 - stuck value = 2
[EA] Generation 169 - Bruteforce solution: 01:28:22.639 -> best overall: 01:28:25.711 - difference: 00:03.072 - valid strategies: 1.24% | threshold is 0.2 - counter = 3/25 - stuck value = 2
[EA] Generation 170 - Bruteforce solution: 01:28:22.639 -> best overall: 01:28:25.711 - difference: 00:03.072 - valid strategies: 1.5% | threshold is 0.2 - counter = 4/25 - stuck value = 2
[EA] Generation 171 - Bruteforce solution: 01:28:22.639 -> best overall: 01:28:25.711 - difference: 00:03.072 - valid strategies: 1.75% | threshold is 0.2 - counter = 5/25 - stuck value = 2
[EA] Generation 172 - Bruteforce solution: 01:28:22.639 -> best overall: 01:28:25.711 - difference: 00:03.072 - valid strategies: 1.25% | threshold is 0.2 - counter = 6/25 - stuck value = 2
[EA] Generation 173 - Bruteforce solution: 01:28:22.639 -> best overall: 01:28:25.711 - difference: 00:03.072 - valid strategies: 1.5% | threshold is 0.2 - counter = 7/25 - stuck value = 2
[EA] Generation 174 - Bruteforce solution: 01:28:22.639 -> best overall: 01:28:25.711 - difference: 00:03.072 - valid strategies: 1.0% | threshold is 0.2 - counter = 8/25 - stuck value = 2
[EA] Generation 175 - Bruteforce solution: 01:28:22.639 -> best overall: 01:28:25.711 - difference: 00:03.072 - valid strategies: 1.5% | threshold is 0.2 - counter = 9/25 - stuck value = 2
[EA] Generation 176 - Bruteforce solution: 01:28:22.639 -> best overall: 01:28:25.711 - difference: 00:03.072 - valid strategies: 1.75% | threshold is 0.2 - counter = 10/25 - stuck value = 2
[EA] Generation 177 - Bruteforce solution: 01:28:22.639 -> best overall: 01:28:25.711 - difference: 00:03.072 - valid strategies: 1.5% | threshold is 0.2 - counter = 11/25 - stuck value = 2
[EA] Generation 178 - Bruteforce solution: 01:28:22.639 -> best overall: 01:28:25.711 - difference: 00:03.072 - valid strategies: 1.5% | threshold is 0.2 - counter = 12/25 - stuck value = 2
[EA] Generation 179 - Bruteforce solution: 01:28:22.639 -> best overall: 01:28:25.711 - difference: 00:03.072 - valid strategies: 1.25% | threshold is 0.2 - counter = 13/25 - stuck value = 2
[EA] Generation 180 - Bruteforce solution: 01:28:22.639 -> best overall: 01:28:25.711 - difference: 00:03.072 - valid strategies: 1.5% | threshold is 0.2 - counter = 14/25 - stuck value = 2
[EA] Generation 181 - Bruteforce solution: 01:28:22.639 -> best overall: 01:28:25.711 - difference: 00:03.072 - valid strategies: 2.97% | threshold is 0.2 - counter = 15/25 - stuck value = 2
[EA] Generation 182 - Bruteforce solution: 01:28:22.639 -> best overall: 01:28:25.711 - difference: 00:03.072 - valid strategies: 2.97% | threshold is 0.2 - counter = 16/25 - stuck value = 2
[EA] Generation 183 - Bruteforce solution: 01:28:22.639 -> best overall: 01:28:25.711 - difference: 00:03.072 - valid strategies: 2.5% | threshold is 0.2 - counter = 17/25 - stuck value = 2
[EA] Generation 184 - Bruteforce solution: 01:28:22.639 -> best overall: 01:28:25.711 - difference: 00:03.072 - valid strategies: 3.25% | threshold is 0.2 - counter = 18/25 - stuck value = 2
[EA] Generation 185 - Bruteforce solution: 01:28:22.639 -> best overall: 01:28:25.711 - difference: 00:03.072 - valid strategies: 2.5% | threshold is 0.2 - counter = 19/25 - stuck value = 2
[EA] Generation 186 - Bruteforce solution: 01:28:22.639 -> best overall: 01:28:25.711 - difference: 00:03.072 - valid strategies: 2.5% | threshold is 0.2 - counter = 20/25 - stuck value = 2
[EA] Generation 187 - Bruteforce solution: 01:28:22.639 -> best overall: 01:28:25.711 - difference: 00:03.072 - valid strategies: 3.25% | threshold is 0.2 - counter = 21/25 - stuck value = 2
[EA] Generation 188 - Bruteforce solution: 01:28:22.639 -> best overall: 01:28:25.711 - difference: 00:03.072 - valid strategies: 2.25% | threshold is 0.2 - counter = 22/25 - stuck value = 2
[EA] Generation 189 - Bruteforce solution: 01:28:22.639 -> best overall: 01:28:25.711 - difference: 00:03.072 - valid strategies: 2.25% | threshold is 0.2 - counter = 23/25 - stuck value = 2
[EA] Generation 190 - Bruteforce solution: 01:28:22.639 -> best overall: 01:28:25.711 - difference: 00:03.072 - valid strategies: 3.25% | threshold is 0.2 - counter = 24/25 - stuck value = 2
[EA] Generation 191 - Bruteforce solution: 01:28:22.639 -> best overall: 01:28:25.711 - difference: 00:03.072 - valid strategies: 2.5% | threshold is 0.15 - counter = 0/25 - stuck value = 3
[EA] Generation 192 - Bruteforce solution: 01:28:22.639 -> best overall: 01:28:25.711 - difference: 00:03.072 - valid strategies: 2.0% | threshold is 0.15 - counter = 1/25 - stuck value = 3
[EA] Generation 193 - Bruteforce solution: 01:28:22.639 -> best overall: 01:28:25.711 - difference: 00:03.072 - valid strategies: 3.0% | threshold is 0.15 - counter = 2/25 - stuck value = 3
[EA] Generation 194 - Bruteforce solution: 01:28:22.639 -> best overall: 01:28:25.711 - difference: 00:03.072 - valid strategies: 3.25% | threshold is 0.15 - counter = 3/25 - stuck value = 3
[EA] Generation 195 - Bruteforce solution: 01:28:22.639 -> best overall: 01:28:25.711 - difference: 00:03.072 - valid strategies: 3.25% | threshold is 0.15 - counter = 4/25 - stuck value = 3
[EA] Generation 196 - Bruteforce solution: 01:28:22.639 -> best overall: 01:28:25.711 - difference: 00:03.072 - valid strategies: 3.25% | threshold is 0.15 - counter = 5/25 - stuck value = 3
[EA] Generation 197 - Bruteforce solution: 01:28:22.639 -> best overall: 01:28:25.711 - difference: 00:03.072 - valid strategies: 3.0% | threshold is 0.15 - counter = 6/25 - stuck value = 3
[EA] Generation 198 - Bruteforce solution: 01:28:22.639 -> best overall: 01:28:25.711 - difference: 00:03.072 - valid strategies: 3.5% | threshold is 0.15 - counter = 7/25 - stuck value = 3
[EA] Generation 199 - Bruteforce solution: 01:28:22.639 -> best overall: 01:28:25.711 - difference: 00:03.072 - valid strategies: 3.5% | threshold is 0.15 - counter = 8/25 - stuck value = 3
[EA] Generation 200 - Bruteforce solution: 01:28:22.639 -> best overall: 01:28:25.711 - difference: 00:03.072 - valid strategies: 3.25% | threshold is 0.15 - counter = 9/25 - stuck value = 3
[EA] Generation 201 - Bruteforce solution: 01:28:22.639 -> best overall: 01:28:25.711 - difference: 00:03.072 - valid strategies: 3.0% | threshold is 0.15 - counter = 10/25 - stuck value = 3
[EA] Generation 202 - Bruteforce solution: 01:28:22.639 -> best overall: 01:28:25.711 - difference: 00:03.072 - valid strategies: 3.5% | threshold is 0.15 - counter = 11/25 - stuck value = 3
[EA] Generation 203 - Bruteforce solution: 01:28:22.639 -> best overall: 01:28:25.711 - difference: 00:03.072 - valid strategies: 4.0% | threshold is 0.15 - counter = 12/25 - stuck value = 3
[EA] Generation 204 - Bruteforce solution: 01:28:22.639 -> best overall: 01:28:25.711 - difference: 00:03.072 - valid strategies: 3.75% | threshold is 0.15 - counter = 13/25 - stuck value = 3
[EA] Generation 205 - Bruteforce solution: 01:28:22.639 -> best overall: 01:28:25.711 - difference: 00:03.072 - valid strategies: 3.25% | threshold is 0.15 - counter = 14/25 - stuck value = 3
[EA] Generation 206 - Bruteforce solution: 01:28:22.639 -> best overall: 01:28:25.711 - difference: 00:03.072 - valid strategies: 3.5% | threshold is 0.15 - counter = 15/25 - stuck value = 3
[EA] Generation 207 - Bruteforce solution: 01:28:22.639 -> best overall: 01:28:25.711 - difference: 00:03.072 - valid strategies: 3.5% | threshold is 0.15 - counter = 16/25 - stuck value = 3
[EA] Generation 208 - Bruteforce solution: 01:28:22.639 -> best overall: 01:28:25.711 - difference: 00:03.072 - valid strategies: 3.0% | threshold is 0.15 - counter = 17/25 - stuck value = 3
[EA] Generation 209 - Bruteforce solution: 01:28:22.639 -> best overall: 01:28:25.711 - difference: 00:03.072 - valid strategies: 3.75% | threshold is 0.15 - counter = 18/25 - stuck value = 3
[EA] Generation 210 - Bruteforce solution: 01:28:22.639 -> best overall: 01:28:25.711 - difference: 00:03.072 - valid strategies: 3.75% | threshold is 0.15 - counter = 19/25 - stuck value = 3
[EA] Generation 211 - Bruteforce solution: 01:28:22.639 -> best overall: 01:28:25.711 - difference: 00:03.072 - valid strategies: 3.5% | threshold is 0.15 - counter = 20/25 - stuck value = 3
[EA] Generation 212 - Bruteforce solution: 01:28:22.639 -> best overall: 01:28:25.711 - difference: 00:03.072 - valid strategies: 3.5% | threshold is 0.15 - counter = 21/25 - stuck value = 3
[EA] Generation 213 - Bruteforce solution: 01:28:22.639 -> best overall: 01:28:25.711 - difference: 00:03.072 - valid strategies: 3.75% | threshold is 0.15 - counter = 22/25 - stuck value = 3
[EA] Generation 214 - Bruteforce solution: 01:28:22.639 -> best overall: 01:28:25.711 - difference: 00:03.072 - valid strategies: 2.75% | threshold is 0.15 - counter = 23/25 - stuck value = 3
[EA] Generation 215 - Bruteforce solution: 01:28:22.639 -> best overall: 01:28:25.711 - difference: 00:03.072 - valid strategies: 3.25% | threshold is 0.15 - counter = 24/25 - stuck value = 3
[EA] Generation 216 - Bruteforce solution: 01:28:22.639 -> best overall: 01:28:25.711 - difference: 00:03.072 - valid strategies: 3.25% | threshold is 0.1 - counter = 0/25 - stuck value = 4
[EA] Generation 217 - Bruteforce solution: 01:28:22.639 -> best overall: 01:28:25.711 - difference: 00:03.072 - valid strategies: 2.75% | threshold is 0.1 - counter = 1/25 - stuck value = 4
[EA] Generation 218 - Bruteforce solution: 01:28:22.639 -> best overall: 01:28:25.711 - difference: 00:03.072 - valid strategies: 4.25% | threshold is 0.1 - counter = 2/25 - stuck value = 4
[EA] Generation 219 - Bruteforce solution: 01:28:22.639 -> best overall: 01:28:25.711 - difference: 00:03.072 - valid strategies: 2.75% | threshold is 0.1 - counter = 3/25 - stuck value = 4
[EA] Generation 220 - Bruteforce solution: 01:28:22.639 -> best overall: 01:28:25.711 - difference: 00:03.072 - valid strategies: 4.5% | threshold is 0.1 - counter = 4/25 - stuck value = 4
[EA] Generation 221 - Bruteforce solution: 01:28:22.639 -> best overall: 01:28:25.711 - difference: 00:03.072 - valid strategies: 2.5% | threshold is 0.1 - counter = 5/25 - stuck value = 4
[EA] Generation 222 - Bruteforce solution: 01:28:22.639 -> best overall: 01:28:25.711 - difference: 00:03.072 - valid strategies: 2.0% | threshold is 0.1 - counter = 6/25 - stuck value = 4
[EA] Generation 223 - Bruteforce solution: 01:28:22.639 -> best overall: 01:28:25.711 - difference: 00:03.072 - valid strategies: 3.5% | threshold is 0.1 - counter = 7/25 - stuck value = 4
[EA] Generation 224 - Bruteforce solution: 01:28:22.639 -> best overall: 01:28:25.711 - difference: 00:03.072 - valid strategies: 3.5% | threshold is 0.1 - counter = 8/25 - stuck value = 4
[EA] Generation 225 - Bruteforce solution: 01:28:22.639 -> best overall: 01:28:25.711 - difference: 00:03.072 - valid strategies: 3.5% | threshold is 0.1 - counter = 9/25 - stuck value = 4
[EA] Generation 226 - Bruteforce solution: 01:28:22.639 -> best overall: 01:28:25.711 - difference: 00:03.072 - valid strategies: 3.0% | threshold is 0.1 - counter = 10/25 - stuck value = 4
[EA] Generation 227 - Bruteforce solution: 01:28:22.639 -> best overall: 01:28:25.711 - difference: 00:03.072 - valid strategies: 3.75% | threshold is 0.1 - counter = 11/25 - stuck value = 4
[EA] Generation 228 - Bruteforce solution: 01:28:22.639 -> best overall: 01:28:25.711 - difference: 00:03.072 - valid strategies: 3.75% | threshold is 0.1 - counter = 12/25 - stuck value = 4
[EA] Generation 229 - Bruteforce solution: 01:28:22.639 -> best overall: 01:28:25.711 - difference: 00:03.072 - valid strategies: 2.25% | threshold is 0.1 - counter = 13/25 - stuck value = 4
[EA] Generation 230 - Bruteforce solution: 01:28:22.639 -> best overall: 01:28:25.711 - difference: 00:03.072 - valid strategies: 2.25% | threshold is 0.1 - counter = 14/25 - stuck value = 4
[EA] Generation 231 - Bruteforce solution: 01:28:22.639 -> best overall: 01:28:25.711 - difference: 00:03.072 - valid strategies: 4.0% | threshold is 0.1 - counter = 15/25 - stuck value = 4
[EA] Generation 232 - Bruteforce solution: 01:28:22.639 -> best overall: 01:28:25.711 - difference: 00:03.072 - valid strategies: 4.5% | threshold is 0.1 - counter = 16/25 - stuck value = 4
[EA] Generation 233 - Bruteforce solution: 01:28:22.639 -> best overall: 01:28:25.711 - difference: 00:03.072 - valid strategies: 3.0% | threshold is 0.1 - counter = 17/25 - stuck value = 4
[EA] Generation 234 - Bruteforce solution: 01:28:22.639 -> best overall: 01:28:25.711 - difference: 00:03.072 - valid strategies: 4.0% | threshold is 0.1 - counter = 18/25 - stuck value = 4
[EA] Generation 235 - Bruteforce solution: 01:28:22.639 -> best overall: 01:28:25.711 - difference: 00:03.072 - valid strategies: 3.0% | threshold is 0.1 - counter = 19/25 - stuck value = 4
[EA] Generation 236 - Bruteforce solution: 01:28:22.639 -> best overall: 01:28:25.711 - difference: 00:03.072 - valid strategies: 3.75% | threshold is 0.1 - counter = 20/25 - stuck value = 4
[EA] Generation 237 - Bruteforce solution: 01:28:22.639 -> best overall: 01:28:25.711 - difference: 00:03.072 - valid strategies: 5.0% | threshold is 0.1 - counter = 21/25 - stuck value = 4
[EA] Generation 238 - Bruteforce solution: 01:28:22.639 -> best overall: 01:28:25.711 - difference: 00:03.072 - valid strategies: 3.0% | threshold is 0.1 - counter = 22/25 - stuck value = 4
[EA] Generation 239 - Bruteforce solution: 01:28:22.639 -> best overall: 01:28:25.711 - difference: 00:03.072 - valid strategies: 2.5% | threshold is 0.1 - counter = 23/25 - stuck value = 4
[EA] Generation 240 - Bruteforce solution: 01:28:22.639 -> best overall: 01:28:25.711 - difference: 00:03.072 - valid strategies: 2.5% | threshold is 0.1 - counter = 24/25 - stuck value = 4
[EA] Generation 241 - Bruteforce solution: 01:28:22.639 -> best overall: 01:28:25.711 - difference: 00:03.072 - valid strategies: 3.0% | threshold is 0.05 - counter = 0/25 - stuck value = 5
[EA] Generation 242 - Bruteforce solution: 01:28:22.639 -> best overall: 01:28:25.711 - difference: 00:03.072 - valid strategies: 4.25% | threshold is 0.05 - counter = 1/25 - stuck value = 5
[EA] Generation 243 - Bruteforce solution: 01:28:22.639 -> best overall: 01:28:25.711 - difference: 00:03.072 - valid strategies: 4.0% | threshold is 0.05 - counter = 2/25 - stuck value = 5
[EA] Generation 244 - Bruteforce solution: 01:28:22.639 -> best overall: 01:28:25.711 - difference: 00:03.072 - valid strategies: 5.25% | threshold is 0.05 - counter = 3/25 - stuck value = 5
[EA] Generation 245 - Bruteforce solution: 01:28:22.639 -> best overall: 01:28:25.711 - difference: 00:03.072 - valid strategies: 4.0% | threshold is 0.05 - counter = 4/25 - stuck value = 5
[EA] Generation 246 - Bruteforce solution: 01:28:22.639 -> best overall: 01:28:25.711 - difference: 00:03.072 - valid strategies: 5.75% | threshold is 0.05 - counter = 5/25 - stuck value = 5
[EA] Generation 247 - Bruteforce solution: 01:28:22.639 -> best overall: 01:28:25.711 - difference: 00:03.072 - valid strategies: 5.5% | threshold is 0.05 - counter = 6/25 - stuck value = 5
[EA] Generation 248 - Bruteforce solution: 01:28:22.639 -> best overall: 01:28:25.711 - difference: 00:03.072 - valid strategies: 5.25% | threshold is 0.05 - counter = 7/25 - stuck value = 5
[EA] Generation 249 - Bruteforce solution: 01:28:22.639 -> best overall: 01:28:25.711 - difference: 00:03.072 - valid strategies: 5.0% | threshold is 0.05 - counter = 8/25 - stuck value = 5
[EA] Generation 250 - Bruteforce solution: 01:28:22.639 -> best overall: 01:28:25.711 - difference: 00:03.072 - valid strategies: 5.0% | threshold is 0.05 - counter = 9/25 - stuck value = 5
[EA] Generation 251 - Bruteforce solution: 01:28:22.639 -> best overall: 01:28:25.711 - difference: 00:03.072 - valid strategies: 4.0% | threshold is 0.05 - counter = 10/25 - stuck value = 5
[EA] Generation 252 - Bruteforce solution: 01:28:22.639 -> best overall: 01:28:25.711 - difference: 00:03.072 - valid strategies: 4.75% | threshold is 0.05 - counter = 11/25 - stuck value = 5
[EA] Generation 253 - Bruteforce solution: 01:28:22.639 -> best overall: 01:28:25.711 - difference: 00:03.072 - valid strategies: 5.0% | threshold is 0.05 - counter = 12/25 - stuck value = 5
[EA] Generation 254 - Bruteforce solution: 01:28:22.639 -> best overall: 01:28:25.711 - difference: 00:03.072 - valid strategies: 5.0% | threshold is 0.05 - counter = 13/25 - stuck value = 5
[EA] Generation 255 - Bruteforce solution: 01:28:22.639 -> best overall: 01:28:25.711 - difference: 00:03.072 - valid strategies: 4.5% | threshold is 0.05 - counter = 14/25 - stuck value = 5
[EA] Generation 256 - Bruteforce solution: 01:28:22.639 -> best overall: 01:28:25.711 - difference: 00:03.072 - valid strategies: 4.0% | threshold is 0.05 - counter = 15/25 - stuck value = 5
[EA] Generation 257 - Bruteforce solution: 01:28:22.639 -> best overall: 01:28:25.711 - difference: 00:03.072 - valid strategies: 4.0% | threshold is 0.05 - counter = 16/25 - stuck value = 5
[EA] Generation 258 - Bruteforce solution: 01:28:22.639 -> best overall: 01:28:25.711 - difference: 00:03.072 - valid strategies: 4.5% | threshold is 0.05 - counter = 17/25 - stuck value = 5
[EA] Generation 259 - Bruteforce solution: 01:28:22.639 -> best overall: 01:28:25.711 - difference: 00:03.072 - valid strategies: 4.0% | threshold is 0.05 - counter = 18/25 - stuck value = 5
[EA] Generation 260 - Bruteforce solution: 01:28:22.639 -> best overall: 01:28:25.711 - difference: 00:03.072 - valid strategies: 3.75% | threshold is 0.05 - counter = 19/25 - stuck value = 5
[EA] Generation 261 - Bruteforce solution: 01:28:22.639 -> best overall: 01:28:25.711 - difference: 00:03.072 - valid strategies: 3.25% | threshold is 0.05 - counter = 20/25 - stuck value = 5
[EA] Generation 262 - Bruteforce solution: 01:28:22.639 -> best overall: 01:28:25.711 - difference: 00:03.072 - valid strategies: 6.25% | threshold is 0.05 - counter = 21/25 - stuck value = 5
[EA] Generation 263 - Bruteforce solution: 01:28:22.639 -> best overall: 01:28:25.711 - difference: 00:03.072 - valid strategies: 5.0% | threshold is 0.05 - counter = 22/25 - stuck value = 5
[EA] Generation 264 - Bruteforce solution: 01:28:22.639 -> best overall: 01:28:25.711 - difference: 00:03.072 - valid strategies: 6.25% | threshold is 0.05 - counter = 23/25 - stuck value = 5
[EA] Generation 265 - Bruteforce solution: 01:28:22.639 -> best overall: 01:28:25.711 - difference: 00:03.072 - valid strategies: 5.75% | threshold is 0.05 - counter = 24/25 - stuck value = 5
[EA] Generation 266 - Bruteforce solution: 01:28:22.639 -> best overall: 01:28:25.711 - difference: 00:03.072 - valid strategies: 3.25% | threshold is 0.69 - counter = 0/25 - stuck value = 6
[EA] Generation 267 - Bruteforce solution: 01:28:22.639 -> best overall: 01:28:25.711 - difference: 00:03.072 - valid strategies: 6.22% | threshold is 0.69 - counter = 1/25 - stuck value = 6
[EA] Generation 268 - Bruteforce solution: 01:28:22.639 -> best overall: 01:28:25.711 - difference: 00:03.072 - valid strategies: 4.5% | threshold is 0.69 - counter = 2/25 - stuck value = 6
[EA] Generation 269 - Bruteforce solution: 01:28:22.639 -> best overall: 01:28:25.711 - difference: 00:03.072 - valid strategies: 2.74% | threshold is 0.69 - counter = 3/25 - stuck value = 6
[EA] Generation 270 - Bruteforce solution: 01:28:22.639 -> best overall: 01:28:25.711 - difference: 00:03.072 - valid strategies: 3.25% | threshold is 0.69 - counter = 4/25 - stuck value = 6
[EA] Generation 271 - Bruteforce solution: 01:28:22.639 -> best overall: 01:28:25.711 - difference: 00:03.072 - valid strategies: 4.25% | threshold is 0.69 - counter = 5/25 - stuck value = 6
[EA] Generation 272 - Bruteforce solution: 01:28:22.639 -> best overall: 01:28:25.711 - difference: 00:03.072 - valid strategies: 2.5% | threshold is 0.69 - counter = 6/25 - stuck value = 6
[EA] Generation 273 - Bruteforce solution: 01:28:22.639 -> best overall: 01:28:25.711 - difference: 00:03.072 - valid strategies: 2.75% | threshold is 0.69 - counter = 7/25 - stuck value = 6
[EA] Generation 274 - Bruteforce solution: 01:28:22.639 -> best overall: 01:28:25.711 - difference: 00:03.072 - valid strategies: 2.98% | threshold is 0.69 - counter = 8/25 - stuck value = 6
[EA] Generation 275 - Bruteforce solution: 01:28:22.639 -> best overall: 01:28:25.711 - difference: 00:03.072 - valid strategies: 3.5% | threshold is 0.69 - counter = 9/25 - stuck value = 6
[EA] Generation 276 - Bruteforce solution: 01:28:22.639 -> best overall: 01:28:25.711 - difference: 00:03.072 - valid strategies: 3.0% | threshold is 0.69 - counter = 10/25 - stuck value = 6
[EA] Generation 277 - Bruteforce solution: 01:28:22.639 -> best overall: 01:28:22.688 - difference: 00:00.49 - valid strategies: 3.96% | threshold is 0.3 - counter = 0/25 - stuck value = 0
[EA] Generation 278 - Bruteforce solution: 01:28:22.639 -> best overall: 01:28:22.688 - difference: 00:00.49 - valid strategies: 4.47% | threshold is 0.3 - counter = 1/25 - stuck value = 0
[EA] Generation 279 - Bruteforce solution: 01:28:22.639 -> best overall: 01:28:22.688 - difference: 00:00.49 - valid strategies: 3.5% | threshold is 0.3 - counter = 2/25 - stuck value = 0
[EA] Generation 280 - Bruteforce solution: 01:28:22.639 -> best overall: 01:28:22.688 - difference: 00:00.49 - valid strategies: 4.0% | threshold is 0.3 - counter = 3/25 - stuck value = 0
[EA] Generation 281 - Bruteforce solution: 01:28:22.639 -> best overall: 01:28:22.688 - difference: 00:00.49 - valid strategies: 4.75% | threshold is 0.3 - counter = 4/25 - stuck value = 0
[EA] Generation 282 - Bruteforce solution: 01:28:22.639 -> best overall: 01:28:22.688 - difference: 00:00.49 - valid strategies: 4.42% | threshold is 0.3 - counter = 5/25 - stuck value = 0
[EA] Generation 283 - Bruteforce solution: 01:28:22.639 -> best overall: 01:28:22.688 - difference: 00:00.49 - valid strategies: 4.25% | threshold is 0.3 - counter = 6/25 - stuck value = 0
[EA] Generation 284 - Bruteforce solution: 01:28:22.639 -> best overall: 01:28:22.688 - difference: 00:00.49 - valid strategies: 3.75% | threshold is 0.3 - counter = 7/25 - stuck value = 0
[EA] Generation 285 - Bruteforce solution: 01:28:22.639 -> best overall: 01:28:22.688 - difference: 00:00.49 - valid strategies: 4.93% | threshold is 0.3 - counter = 8/25 - stuck value = 0
[EA] Generation 286 - Bruteforce solution: 01:28:22.639 -> best overall: 01:28:22.688 - difference: 00:00.49 - valid strategies: 4.75% | threshold is 0.3 - counter = 9/25 - stuck value = 0
[EA] Generation 287 - Bruteforce solution: 01:28:22.639 -> best overall: 01:28:22.688 - difference: 00:00.49 - valid strategies: 3.5% | threshold is 0.3 - counter = 10/25 - stuck value = 0
[EA] Generation 288 - Bruteforce solution: 01:28:22.639 -> best overall: 01:28:22.688 - difference: 00:00.49 - valid strategies: 4.75% | threshold is 0.3 - counter = 11/25 - stuck value = 0
[EA] Generation 289 - Bruteforce solution: 01:28:22.639 -> best overall: 01:28:22.688 - difference: 00:00.49 - valid strategies: 4.73% | threshold is 0.3 - counter = 12/25 - stuck value = 0
[EA] Generation 290 - Bruteforce solution: 01:28:22.639 -> best overall: 01:28:22.688 - difference: 00:00.49 - valid strategies: 4.25% | threshold is 0.3 - counter = 13/25 - stuck value = 0
[EA] Generation 291 - Bruteforce solution: 01:28:22.639 -> best overall: 01:28:22.688 - difference: 00:00.49 - valid strategies: 4.75% | threshold is 0.3 - counter = 14/25 - stuck value = 0
[EA] Generation 292 - Bruteforce solution: 01:28:22.639 -> best overall: 01:28:22.688 - difference: 00:00.49 - valid strategies: 4.25% | threshold is 0.3 - counter = 15/25 - stuck value = 0
[EA] Generation 293 - Bruteforce solution: 01:28:22.639 -> best overall: 01:28:22.688 - difference: 00:00.49 - valid strategies: 4.75% | threshold is 0.3 - counter = 16/25 - stuck value = 0
[EA] Generation 294 - Bruteforce solution: 01:28:22.639 -> best overall: 01:28:22.688 - difference: 00:00.49 - valid strategies: 3.75% | threshold is 0.3 - counter = 17/25 - stuck value = 0
[EA] Generation 295 - Bruteforce solution: 01:28:22.639 -> best overall: 01:28:22.688 - difference: 00:00.49 - valid strategies: 3.71% | threshold is 0.3 - counter = 18/25 - stuck value = 0
[EA] Generation 296 - Bruteforce solution: 01:28:22.639 -> best overall: 01:28:22.688 - difference: 00:00.49 - valid strategies: 4.5% | threshold is 0.3 - counter = 19/25 - stuck value = 0
[EA] Generation 297 - Bruteforce solution: 01:28:22.639 -> best overall: 01:28:22.688 - difference: 00:00.49 - valid strategies: 4.47% | threshold is 0.3 - counter = 20/25 - stuck value = 0
[EA] Generation 298 - Bruteforce solution: 01:28:22.639 -> best overall: 01:28:22.688 - difference: 00:00.49 - valid strategies: 4.5% | threshold is 0.3 - counter = 21/25 - stuck value = 0
[EA] Generation 299 - Bruteforce solution: 01:28:22.639 -> best overall: 01:28:22.688 - difference: 00:00.49 - valid strategies: 4.5% | threshold is 0.3 - counter = 22/25 - stuck value = 0
[EA] Generation 300 - Bruteforce solution: 01:28:22.639 -> best overall: 01:28:22.688 - difference: 00:00.49 - valid strategies: 4.23% | threshold is 0.3 - counter = 23/25 - stuck value = 0
[EA] Generation 301 - Bruteforce solution: 01:28:22.639 -> best overall: 01:28:22.688 - difference: 00:00.49 - valid strategies: 4.75% | threshold is 0.3 - counter = 24/25 - stuck value = 0
[EA] Generation 302 - Bruteforce solution: 01:28:22.639 -> best overall: 01:28:22.688 - difference: 00:00.49 - valid strategies: 4.5% | threshold is 0.25 - counter = 0/25 - stuck value = 1
[EA] Generation 303 - Bruteforce solution: 01:28:22.639 -> best overall: 01:28:22.688 - difference: 00:00.49 - valid strategies: 2.75% | threshold is 0.25 - counter = 1/25 - stuck value = 1
[EA] Generation 304 - Bruteforce solution: 01:28:22.639 -> best overall: 01:28:22.688 - difference: 00:00.49 - valid strategies: 2.75% | threshold is 0.25 - counter = 2/25 - stuck value = 1
[EA] Generation 305 - Bruteforce solution: 01:28:22.639 -> best overall: 01:28:22.688 - difference: 00:00.49 - valid strategies: 2.97% | threshold is 0.25 - counter = 3/25 - stuck value = 1
[EA] Generation 306 - Bruteforce solution: 01:28:22.639 -> best overall: 01:28:22.688 - difference: 00:00.49 - valid strategies: 1.73% | threshold is 0.25 - counter = 4/25 - stuck value = 1
[EA] Generation 307 - Bruteforce solution: 01:28:22.639 -> best overall: 01:28:22.688 - difference: 00:00.49 - valid strategies: 1.75% | threshold is 0.25 - counter = 5/25 - stuck value = 1
[EA] Generation 308 - Bruteforce solution: 01:28:22.639 -> best overall: 01:28:22.688 - difference: 00:00.49 - valid strategies: 1.5% | threshold is 0.25 - counter = 6/25 - stuck value = 1
[EA] Generation 309 - Bruteforce solution: 01:28:22.639 -> best overall: 01:28:22.688 - difference: 00:00.49 - valid strategies: 1.23% | threshold is 0.25 - counter = 7/25 - stuck value = 1
[EA] Generation 310 - Bruteforce solution: 01:28:22.639 -> best overall: 01:28:22.688 - difference: 00:00.49 - valid strategies: 1.5% | threshold is 0.25 - counter = 8/25 - stuck value = 1
[EA] Generation 311 - Bruteforce solution: 01:28:22.639 -> best overall: 01:28:22.688 - difference: 00:00.49 - valid strategies: 1.75% | threshold is 0.25 - counter = 9/25 - stuck value = 1
[EA] Generation 312 - Bruteforce solution: 01:28:22.639 -> best overall: 01:28:22.688 - difference: 00:00.49 - valid strategies: 1.24% | threshold is 0.25 - counter = 10/25 - stuck value = 1
[EA] Generation 313 - Bruteforce solution: 01:28:22.639 -> best overall: 01:28:22.688 - difference: 00:00.49 - valid strategies: 1.5% | threshold is 0.25 - counter = 11/25 - stuck value = 1
[EA] Generation 314 - Bruteforce solution: 01:28:22.639 -> best overall: 01:28:22.688 - difference: 00:00.49 - valid strategies: 1.49% | threshold is 0.25 - counter = 12/25 - stuck value = 1
[EA] Generation 315 - Bruteforce solution: 01:28:22.639 -> best overall: 01:28:22.688 - difference: 00:00.49 - valid strategies: 1.5% | threshold is 0.25 - counter = 13/25 - stuck value = 1
[EA] Generation 316 - Bruteforce solution: 01:28:22.639 -> best overall: 01:28:22.688 - difference: 00:00.49 - valid strategies: 1.5% | threshold is 0.25 - counter = 14/25 - stuck value = 1
[EA] Generation 317 - Bruteforce solution: 01:28:22.639 -> best overall: 01:28:22.688 - difference: 00:00.49 - valid strategies: 1.5% | threshold is 0.25 - counter = 15/25 - stuck value = 1
[EA] Generation 318 - Bruteforce solution: 01:28:22.639 -> best overall: 01:28:22.688 - difference: 00:00.49 - valid strategies: 1.25% | threshold is 0.25 - counter = 16/25 - stuck value = 1
[EA] Generation 319 - Bruteforce solution: 01:28:22.639 -> best overall: 01:28:22.688 - difference: 00:00.49 - valid strategies: 1.5% | threshold is 0.25 - counter = 17/25 - stuck value = 1
[EA] Generation 320 - Bruteforce solution: 01:28:22.639 -> best overall: 01:28:22.688 - difference: 00:00.49 - valid strategies: 1.75% | threshold is 0.25 - counter = 18/25 - stuck value = 1
[EA] Generation 321 - Bruteforce solution: 01:28:22.639 -> best overall: 01:28:22.688 - difference: 00:00.49 - valid strategies: 1.5% | threshold is 0.25 - counter = 19/25 - stuck value = 1
[EA] Generation 322 - Bruteforce solution: 01:28:22.639 -> best overall: 01:28:22.688 - difference: 00:00.49 - valid strategies: 1.5% | threshold is 0.25 - counter = 20/25 - stuck value = 1
[EA] Generation 323 - Bruteforce solution: 01:28:22.639 -> best overall: 01:28:22.688 - difference: 00:00.49 - valid strategies: 0.98% | threshold is 0.25 - counter = 21/25 - stuck value = 1
[EA] Generation 324 - Bruteforce solution: 01:28:22.639 -> best overall: 01:28:22.688 - difference: 00:00.49 - valid strategies: 1.25% | threshold is 0.25 - counter = 22/25 - stuck value = 1
[EA] Generation 325 - Bruteforce solution: 01:28:22.639 -> best overall: 01:28:22.688 - difference: 00:00.49 - valid strategies: 1.46% | threshold is 0.25 - counter = 23/25 - stuck value = 1
[EA] Generation 326 - Bruteforce solution: 01:28:22.639 -> best overall: 01:28:22.688 - difference: 00:00.49 - valid strategies: 1.5% | threshold is 0.25 - counter = 24/25 - stuck value = 1
[EA] Generation 327 - Bruteforce solution: 01:28:22.639 -> best overall: 01:28:22.688 - difference: 00:00.49 - valid strategies: 1.5% | threshold is 0.2 - counter = 0/25 - stuck value = 2
[EA] Generation 328 - Bruteforce solution: 01:28:22.639 -> best overall: 01:28:22.688 - difference: 00:00.49 - valid strategies: 1.49% | threshold is 0.2 - counter = 1/25 - stuck value = 2
[EA] Generation 329 - Bruteforce solution: 01:28:22.639 -> best overall: 01:28:22.688 - difference: 00:00.49 - valid strategies: 1.5% | threshold is 0.2 - counter = 2/25 - stuck value = 2
[EA] Generation 330 - Bruteforce solution: 01:28:22.639 -> best overall: 01:28:22.688 - difference: 00:00.49 - valid strategies: 1.25% | threshold is 0.2 - counter = 3/25 - stuck value = 2
[EA] Generation 331 - Bruteforce solution: 01:28:22.639 -> best overall: 01:28:22.688 - difference: 00:00.49 - valid strategies: 1.5% | threshold is 0.2 - counter = 4/25 - stuck value = 2
[EA] Generation 332 - Bruteforce solution: 01:28:22.639 -> best overall: 01:28:22.688 - difference: 00:00.49 - valid strategies: 1.75% | threshold is 0.2 - counter = 5/25 - stuck value = 2
[EA] Generation 333 - Bruteforce solution: 01:28:22.639 -> best overall: 01:28:22.688 - difference: 00:00.49 - valid strategies: 1.5% | threshold is 0.2 - counter = 6/25 - stuck value = 2
[EA] Generation 334 - Bruteforce solution: 01:28:22.639 -> best overall: 01:28:22.688 - difference: 00:00.49 - valid strategies: 2.0% | threshold is 0.2 - counter = 7/25 - stuck value = 2
[EA] Generation 335 - Bruteforce solution: 01:28:22.639 -> best overall: 01:28:22.688 - difference: 00:00.49 - valid strategies: 1.0% | threshold is 0.2 - counter = 8/25 - stuck value = 2
[EA] Generation 336 - Bruteforce solution: 01:28:22.639 -> best overall: 01:28:22.688 - difference: 00:00.49 - valid strategies: 1.75% | threshold is 0.2 - counter = 9/25 - stuck value = 2
[EA] Generation 337 - Bruteforce solution: 01:28:22.639 -> best overall: 01:28:22.688 - difference: 00:00.49 - valid strategies: 1.49% | threshold is 0.2 - counter = 10/25 - stuck value = 2
[EA] Generation 338 - Bruteforce solution: 01:28:22.639 -> best overall: 01:28:22.688 - difference: 00:00.49 - valid strategies: 1.0% | threshold is 0.2 - counter = 11/25 - stuck value = 2
[EA] Generation 339 - Bruteforce solution: 01:28:22.639 -> best overall: 01:28:22.688 - difference: 00:00.49 - valid strategies: 1.75% | threshold is 0.2 - counter = 12/25 - stuck value = 2
[EA] Generation 340 - Bruteforce solution: 01:28:22.639 -> best overall: 01:28:22.688 - difference: 00:00.49 - valid strategies: 1.5% | threshold is 0.2 - counter = 13/25 - stuck value = 2
[EA] Generation 341 - Bruteforce solution: 01:28:22.639 -> best overall: 01:28:22.688 - difference: 00:00.49 - valid strategies: 1.5% | threshold is 0.2 - counter = 14/25 - stuck value = 2
[EA] Generation 342 - Bruteforce solution: 01:28:22.639 -> best overall: 01:28:22.688 - difference: 00:00.49 - valid strategies: 1.5% | threshold is 0.2 - counter = 15/25 - stuck value = 2
[EA] Generation 343 - Bruteforce solution: 01:28:22.639 -> best overall: 01:28:22.688 - difference: 00:00.49 - valid strategies: 1.75% | threshold is 0.2 - counter = 16/25 - stuck value = 2
[EA] Generation 344 - Bruteforce solution: 01:28:22.639 -> best overall: 01:28:22.688 - difference: 00:00.49 - valid strategies: 1.25% | threshold is 0.2 - counter = 17/25 - stuck value = 2
[EA] Generation 345 - Bruteforce solution: 01:28:22.639 -> best overall: 01:28:22.688 - difference: 00:00.49 - valid strategies: 1.74% | threshold is 0.2 - counter = 18/25 - stuck value = 2
[EA] Generation 346 - Bruteforce solution: 01:28:22.639 -> best overall: 01:28:22.688 - difference: 00:00.49 - valid strategies: 0.75% | threshold is 0.2 - counter = 19/25 - stuck value = 2
[EA] Generation 347 - Bruteforce solution: 01:28:22.639 -> best overall: 01:28:22.688 - difference: 00:00.49 - valid strategies: 1.49% | threshold is 0.2 - counter = 20/25 - stuck value = 2
[EA] Generation 348 - Bruteforce solution: 01:28:22.639 -> best overall: 01:28:22.688 - difference: 00:00.49 - valid strategies: 1.5% | threshold is 0.2 - counter = 21/25 - stuck value = 2
[EA] Generation 349 - Bruteforce solution: 01:28:22.639 -> best overall: 01:28:22.688 - difference: 00:00.49 - valid strategies: 1.24% | threshold is 0.2 - counter = 22/25 - stuck value = 2
[EA] Generation 350 - Bruteforce solution: 01:28:22.639 -> best overall: 01:28:22.688 - difference: 00:00.49 - valid strategies: 1.23% | threshold is 0.2 - counter = 23/25 - stuck value = 2
[EA] Generation 351 - Bruteforce solution: 01:28:22.639 -> best overall: 01:28:22.688 - difference: 00:00.49 - valid strategies: 1.75% | threshold is 0.2 - counter = 24/25 - stuck value = 2
[EA] Generation 352 - Bruteforce solution: 01:28:22.639 -> best overall: 01:28:22.688 - difference: 00:00.49 - valid strategies: 1.75% | threshold is 0.15 - counter = 0/25 - stuck value = 3
[EA] Generation 353 - Bruteforce solution: 01:28:22.639 -> best overall: 01:28:22.688 - difference: 00:00.49 - valid strategies: 1.0% | threshold is 0.15 - counter = 1/25 - stuck value = 3
[EA] Generation 354 - Bruteforce solution: 01:28:22.639 -> best overall: 01:28:22.688 - difference: 00:00.49 - valid strategies: 2.75% | threshold is 0.15 - counter = 2/25 - stuck value = 3
[EA] Generation 355 - Bruteforce solution: 01:28:22.639 -> best overall: 01:28:22.688 - difference: 00:00.49 - valid strategies: 1.25% | threshold is 0.15 - counter = 3/25 - stuck value = 3
[EA] Generation 356 - Bruteforce solution: 01:28:22.639 -> best overall: 01:28:22.688 - difference: 00:00.49 - valid strategies: 2.25% | threshold is 0.15 - counter = 4/25 - stuck value = 3
[EA] Generation 357 - Bruteforce solution: 01:28:22.639 -> best overall: 01:28:22.688 - difference: 00:00.49 - valid strategies: 1.5% | threshold is 0.15 - counter = 5/25 - stuck value = 3
[EA] Generation 358 - Bruteforce solution: 01:28:22.639 -> best overall: 01:28:22.688 - difference: 00:00.49 - valid strategies: 2.25% | threshold is 0.15 - counter = 6/25 - stuck value = 3
[EA] Generation 359 - Bruteforce solution: 01:28:22.639 -> best overall: 01:28:22.688 - difference: 00:00.49 - valid strategies: 1.5% | threshold is 0.15 - counter = 7/25 - stuck value = 3
[EA] Generation 360 - Bruteforce solution: 01:28:22.639 -> best overall: 01:28:22.688 - difference: 00:00.49 - valid strategies: 2.0% | threshold is 0.15 - counter = 8/25 - stuck value = 3
[EA] Generation 361 - Bruteforce solution: 01:28:22.639 -> best overall: 01:28:22.688 - difference: 00:00.49 - valid strategies: 2.75% | threshold is 0.15 - counter = 9/25 - stuck value = 3
[EA] Generation 362 - Bruteforce solution: 01:28:22.639 -> best overall: 01:28:22.688 - difference: 00:00.49 - valid strategies: 1.75% | threshold is 0.15 - counter = 10/25 - stuck value = 3
[EA] Generation 363 - Bruteforce solution: 01:28:22.639 -> best overall: 01:28:22.688 - difference: 00:00.49 - valid strategies: 1.5% | threshold is 0.15 - counter = 11/25 - stuck value = 3
[EA] Generation 364 - Bruteforce solution: 01:28:22.639 -> best overall: 01:28:22.688 - difference: 00:00.49 - valid strategies: 2.0% | threshold is 0.15 - counter = 12/25 - stuck value = 3
[EA] Generation 365 - Bruteforce solution: 01:28:22.639 -> best overall: 01:28:22.688 - difference: 00:00.49 - valid strategies: 1.75% | threshold is 0.15 - counter = 13/25 - stuck value = 3
[EA] Generation 366 - Bruteforce solution: 01:28:22.639 -> best overall: 01:28:22.688 - difference: 00:00.49 - valid strategies: 2.0% | threshold is 0.15 - counter = 14/25 - stuck value = 3
[EA] Generation 367 - Bruteforce solution: 01:28:22.639 -> best overall: 01:28:22.688 - difference: 00:00.49 - valid strategies: 1.5% | threshold is 0.15 - counter = 15/25 - stuck value = 3
[EA] Generation 368 - Bruteforce solution: 01:28:22.639 -> best overall: 01:28:22.688 - difference: 00:00.49 - valid strategies: 2.5% | threshold is 0.15 - counter = 16/25 - stuck value = 3
[EA] Generation 369 - Bruteforce solution: 01:28:22.639 -> best overall: 01:28:22.688 - difference: 00:00.49 - valid strategies: 2.0% | threshold is 0.15 - counter = 17/25 - stuck value = 3
[EA] Generation 370 - Bruteforce solution: 01:28:22.639 -> best overall: 01:28:22.688 - difference: 00:00.49 - valid strategies: 1.75% | threshold is 0.15 - counter = 18/25 - stuck value = 3
[EA] Generation 371 - Bruteforce solution: 01:28:22.639 -> best overall: 01:28:22.688 - difference: 00:00.49 - valid strategies: 1.75% | threshold is 0.15 - counter = 19/25 - stuck value = 3
[EA] Generation 372 - Bruteforce solution: 01:28:22.639 -> best overall: 01:28:22.688 - difference: 00:00.49 - valid strategies: 1.25% | threshold is 0.15 - counter = 20/25 - stuck value = 3


Best Strategy fitness: 5302688
Best Strategy time: 01:28:22.688

 vs 

Bruteforce fitness: 5302639
Bruteforce time: 01:28:22.639
Lap 1: Rain 0% -> Compound 'Medium', TyresAge 0, Wear '0.0'% | '0.0'% | '0.0'% | '0.0'%, Fuel '104.94' Kg, PitStop 'No', Time '01:24.416' ms
Lap 2: Rain 0% -> Compound 'Medium', TyresAge 1, Wear '2.0'% | '1.0'% | '1.0'% | '1.0'%, Fuel '103.35' Kg, PitStop 'No', Time '01:22.353' ms
Lap 3: Rain 0% -> Compound 'Medium', TyresAge 2, Wear '3.0'% | '2.0'% | '3.0'% | '2.0'%, Fuel '101.76' Kg, PitStop 'No', Time '01:22.294' ms
Lap 4: Rain 0% -> Compound 'Medium', TyresAge 3, Wear '5.0'% | '4.0'% | '4.0'% | '3.0'%, Fuel '100.17' Kg, PitStop 'No', Time '01:22.241' ms
Lap 5: Rain 0% -> Compound 'Medium', TyresAge 4, Wear '6.0'% | '5.0'% | '5.0'% | '5.0'%, Fuel '98.58' Kg, PitStop 'No', Time '01:22.183' ms
Lap 6: Rain 0% -> Compound 'Medium', TyresAge 5, Wear '8.0'% | '6.0'% | '7.0'% | '6.0'%, Fuel '96.99' Kg, PitStop 'No', Time '01:22.131' ms
Lap 7: Rain 0% -> Compound 'Medium', TyresAge 6, Wear '9.0'% | '7.0'% | '8.0'% | '7.0'%, Fuel '95.4' Kg, PitStop 'No', Time '01:22.066' ms
Lap 8: Rain 0% -> Compound 'Medium', TyresAge 7, Wear '11.0'% | '8.0'% | '9.0'% | '8.0'%, Fuel '93.81' Kg, PitStop 'No', Time '01:22.008' ms
Lap 9: Rain 0% -> Compound 'Medium', TyresAge 8, Wear '12.0'% | '10.0'% | '10.0'% | '9.0'%, Fuel '92.22' Kg, PitStop 'No', Time '01:21.950' ms
Lap 10: Rain 0% -> Compound 'Medium', TyresAge 9, Wear '14.0'% | '11.0'% | '12.0'% | '10.0'%, Fuel '90.63' Kg, PitStop 'No', Time '01:21.897' ms
Lap 11: Rain 0% -> Compound 'Medium', TyresAge 10, Wear '16.0'% | '12.0'% | '13.0'% | '12.0'%, Fuel '89.04' Kg, PitStop 'No', Time '01:21.847' ms
Lap 12: Rain 0% -> Compound 'Medium', TyresAge 11, Wear '17.0'% | '13.0'% | '14.0'% | '13.0'%, Fuel '87.45' Kg, PitStop 'No', Time '01:21.784' ms
Lap 13: Rain 0% -> Compound 'Medium', TyresAge 12, Wear '19.0'% | '14.0'% | '16.0'% | '14.0'%, Fuel '85.86' Kg, PitStop 'No', Time '01:21.735' ms
Lap 14: Rain 0% -> Compound 'Medium', TyresAge 13, Wear '20.0'% | '16.0'% | '17.0'% | '15.0'%, Fuel '84.27' Kg, PitStop 'No', Time '01:21.678' ms
Lap 15: Rain 0% -> Compound 'Medium', TyresAge 14, Wear '22.0'% | '17.0'% | '18.0'% | '16.0'%, Fuel '82.68' Kg, PitStop 'No', Time '01:21.621' ms
Lap 16: Rain 0% -> Compound 'Medium', TyresAge 15, Wear '23.0'% | '18.0'% | '20.0'% | '17.0'%, Fuel '81.09' Kg, PitStop 'No', Time '01:21.567' ms
Lap 17: Rain 0% -> Compound 'Medium', TyresAge 16, Wear '25.0'% | '19.0'% | '21.0'% | '18.0'%, Fuel '79.5' Kg, PitStop 'No', Time '01:21.512' ms
Lap 18: Rain 0% -> Compound 'Medium', TyresAge 17, Wear '27.0'% | '20.0'% | '22.0'% | '20.0'%, Fuel '77.91' Kg, PitStop 'No', Time '01:21.464' ms
Lap 19: Rain 0% -> Compound 'Medium', TyresAge 18, Wear '28.0'% | '22.0'% | '23.0'% | '21.0'%, Fuel '76.32' Kg, PitStop 'No', Time '01:21.410' ms
Lap 20: Rain 0% -> Compound 'Medium', TyresAge 19, Wear '30.0'% | '23.0'% | '25.0'% | '22.0'%, Fuel '74.73' Kg, PitStop 'No', Time '01:21.363' ms
Lap 21: Rain 0% -> Compound 'Medium', TyresAge 20, Wear '31.0'% | '24.0'% | '26.0'% | '23.0'%, Fuel '73.14' Kg, PitStop 'No', Time '01:21.303' ms
Lap 22: Rain 0% -> Compound 'Medium', TyresAge 21, Wear '33.0'% | '25.0'% | '27.0'% | '24.0'%, Fuel '71.55' Kg, PitStop 'No', Time '01:21.252' ms
Lap 23: Rain 0% -> Compound 'Medium', TyresAge 22, Wear '34.0'% | '26.0'% | '29.0'% | '25.0'%, Fuel '69.96' Kg, PitStop 'No', Time '01:21.199' ms
Lap 24: Rain 0% -> Compound 'Medium', TyresAge 23, Wear '36.0'% | '28.0'% | '30.0'% | '27.0'%, Fuel '68.37' Kg, PitStop 'No', Time '01:21.163' ms
Lap 25: Rain 0% -> Compound 'Medium', TyresAge 24, Wear '37.0'% | '29.0'% | '31.0'% | '28.0'%, Fuel '66.78' Kg, PitStop 'No', Time '01:21.106' ms
Lap 26: Rain 0% -> Compound 'Medium', TyresAge 25, Wear '39.0'% | '30.0'% | '33.0'% | '29.0'%, Fuel '65.19' Kg, PitStop 'No', Time '01:21.066' ms
Lap 27: Rain 0% -> Compound 'Medium', TyresAge 26, Wear '41.0'% | '31.0'% | '34.0'% | '30.0'%, Fuel '63.6' Kg, PitStop 'No', Time '01:21.018' ms
Lap 28: Rain 0% -> Compound 'Medium', TyresAge 27, Wear '42.0'% | '32.0'% | '35.0'% | '31.0'%, Fuel '62.01' Kg, PitStop 'No', Time '01:20.961' ms
Lap 29: Rain 0% -> Compound 'Medium', TyresAge 28, Wear '44.0'% | '34.0'% | '36.0'% | '32.0'%, Fuel '60.42' Kg, PitStop 'No', Time '01:20.922' ms
Lap 30: Rain 0% -> Compound 'Medium', TyresAge 29, Wear '45.0'% | '35.0'% | '38.0'% | '33.0'%, Fuel '58.83' Kg, PitStop 'No', Time '01:20.877' ms
Lap 31: Rain 0% -> Compound 'Medium', TyresAge 30, Wear '47.0'% | '36.0'% | '39.0'% | '35.0'%, Fuel '57.24' Kg, PitStop 'No', Time '01:20.841' ms
Lap 32: Rain 0% -> Compound 'Medium', TyresAge 31, Wear '48.0'% | '37.0'% | '40.0'% | '36.0'%, Fuel '55.65' Kg, PitStop 'No', Time '01:20.789' ms
Lap 33: Rain 0% -> Compound 'Medium', TyresAge 32, Wear '50.0'% | '38.0'% | '42.0'% | '37.0'%, Fuel '54.06' Kg, PitStop 'No', Time '01:20.755' ms
Lap 34: Rain 0% -> Compound 'Medium', TyresAge 33, Wear '51.0'% | '40.0'% | '43.0'% | '38.0'%, Fuel '52.47' Kg, PitStop 'No', Time '01:20.712' ms
Lap 35: Rain 0% -> Compound 'Soft', TyresAge 0, Wear '0.0'% | '0.0'% | '0.0'% | '0.0'%, Fuel '50.88' Kg, PitStop 'Yes', Time '01:41.019' ms
Lap 36: Rain 0% -> Compound 'Soft', TyresAge 1, Wear '2.0'% | '2.0'% | '2.0'% | '2.0'%, Fuel '49.29' Kg, PitStop 'No', Time '01:18.973' ms
Lap 37: Rain 0% -> Compound 'Soft', TyresAge 2, Wear '4.0'% | '3.0'% | '4.0'% | '3.0'%, Fuel '47.7' Kg, PitStop 'No', Time '01:18.916' ms
Lap 38: Rain 0% -> Compound 'Soft', TyresAge 3, Wear '6.0'% | '5.0'% | '6.0'% | '5.0'%, Fuel '46.11' Kg, PitStop 'No', Time '01:18.869' ms
Lap 39: Rain 0% -> Compound 'Soft', TyresAge 4, Wear '9.0'% | '7.0'% | '7.0'% | '7.0'%, Fuel '44.52' Kg, PitStop 'No', Time '01:18.823' ms
Lap 40: Rain 0% -> Compound 'Soft', TyresAge 5, Wear '11.0'% | '8.0'% | '9.0'% | '8.0'%, Fuel '42.93' Kg, PitStop 'No', Time '01:18.767' ms
Lap 41: Rain 0% -> Compound 'Soft', TyresAge 6, Wear '13.0'% | '10.0'% | '11.0'% | '10.0'%, Fuel '41.34' Kg, PitStop 'No', Time '01:18.721' ms
Lap 42: Rain 0% -> Compound 'Soft', TyresAge 7, Wear '15.0'% | '12.0'% | '13.0'% | '12.0'%, Fuel '39.75' Kg, PitStop 'No', Time '01:18.678' ms
Lap 43: Rain 0% -> Compound 'Soft', TyresAge 8, Wear '17.0'% | '14.0'% | '15.0'% | '13.0'%, Fuel '38.16' Kg, PitStop 'No', Time '01:18.627' ms
Lap 44: Rain 0% -> Compound 'Soft', TyresAge 9, Wear '19.0'% | '15.0'% | '17.0'% | '15.0'%, Fuel '36.57' Kg, PitStop 'No', Time '01:18.579' ms
Lap 45: Rain 0% -> Compound 'Soft', TyresAge 10, Wear '22.0'% | '17.0'% | '19.0'% | '17.0'%, Fuel '34.98' Kg, PitStop 'No', Time '01:18.540' ms
Lap 46: Rain 0% -> Compound 'Soft', TyresAge 11, Wear '24.0'% | '19.0'% | '21.0'% | '18.0'%, Fuel '33.39' Kg, PitStop 'No', Time '01:18.493' ms
Lap 47: Rain 0% -> Compound 'Soft', TyresAge 12, Wear '26.0'% | '20.0'% | '22.0'% | '20.0'%, Fuel '31.8' Kg, PitStop 'No', Time '01:18.440' ms
Lap 48: Rain 0% -> Compound 'Soft', TyresAge 13, Wear '28.0'% | '22.0'% | '24.0'% | '22.0'%, Fuel '30.21' Kg, PitStop 'No', Time '01:18.400' ms
Lap 49: Rain 0% -> Compound 'Soft', TyresAge 14, Wear '30.0'% | '24.0'% | '26.0'% | '23.0'%, Fuel '28.62' Kg, PitStop 'No', Time '01:18.356' ms
Lap 50: Rain 0% -> Compound 'Soft', TyresAge 15, Wear '32.0'% | '25.0'% | '28.0'% | '25.0'%, Fuel '27.03' Kg, PitStop 'No', Time '01:18.312' ms
Lap 51: Rain 0% -> Compound 'Soft', TyresAge 16, Wear '35.0'% | '27.0'% | '30.0'% | '26.0'%, Fuel '25.44' Kg, PitStop 'No', Time '01:18.277' ms
Lap 52: Rain 0% -> Compound 'Soft', TyresAge 17, Wear '37.0'% | '29.0'% | '32.0'% | '28.0'%, Fuel '23.85' Kg, PitStop 'No', Time '01:18.242' ms
Lap 53: Rain 0% -> Compound 'Soft', TyresAge 18, Wear '39.0'% | '30.0'% | '34.0'% | '30.0'%, Fuel '22.26' Kg, PitStop 'No', Time '01:18.202' ms
Lap 54: Rain 0% -> Compound 'Soft', TyresAge 19, Wear '41.0'% | '32.0'% | '35.0'% | '31.0'%, Fuel '20.67' Kg, PitStop 'No', Time '01:18.157' ms
Lap 55: Rain 0% -> Compound 'Soft', TyresAge 20, Wear '43.0'% | '34.0'% | '37.0'% | '33.0'%, Fuel '19.08' Kg, PitStop 'No', Time '01:18.126' ms
Lap 56: Rain 0% -> Compound 'Soft', TyresAge 21, Wear '45.0'% | '36.0'% | '39.0'% | '35.0'%, Fuel '17.49' Kg, PitStop 'No', Time '01:18.098' ms
Lap 57: Rain 0% -> Compound 'Soft', TyresAge 22, Wear '47.0'% | '37.0'% | '41.0'% | '36.0'%, Fuel '15.9' Kg, PitStop 'No', Time '01:18.057' ms
Lap 58: Rain 0% -> Compound 'Soft', TyresAge 23, Wear '50.0'% | '39.0'% | '43.0'% | '38.0'%, Fuel '14.31' Kg, PitStop 'No', Time '01:18.041' ms
Lap 59: Rain 0% -> Compound 'Soft', TyresAge 24, Wear '52.0'% | '41.0'% | '45.0'% | '40.0'%, Fuel '12.72' Kg, PitStop 'No', Time '01:18.019' ms
Lap 60: Rain 0% -> Compound 'Soft', TyresAge 25, Wear '54.0'% | '42.0'% | '47.0'% | '41.0'%, Fuel '11.13' Kg, PitStop 'No', Time '01:17.982' ms
Lap 61: Rain 0% -> Compound 'Soft', TyresAge 26, Wear '56.0'% | '44.0'% | '49.0'% | '43.0'%, Fuel '9.54' Kg, PitStop 'No', Time '01:17.964' ms
Lap 62: Rain 0% -> Compound 'Soft', TyresAge 27, Wear '58.0'% | '46.0'% | '50.0'% | '45.0'%, Fuel '7.95' Kg, PitStop 'No', Time '01:17.939' ms
Lap 63: Rain 0% -> Compound 'Soft', TyresAge 28, Wear '60.0'% | '47.0'% | '52.0'% | '46.0'%, Fuel '6.36' Kg, PitStop 'No', Time '01:17.907' ms
Lap 64: Rain 0% -> Compound 'Soft', TyresAge 29, Wear '63.0'% | '49.0'% | '54.0'% | '48.0'%, Fuel '4.77' Kg, PitStop 'No', Time '01:17.907' ms
Lap 65: Rain 0% -> Compound 'Soft', TyresAge 30, Wear '65.0'% | '51.0'% | '56.0'% | '50.0'%, Fuel '3.18' Kg, PitStop 'No', Time '01:17.899' ms
Lap 66: Rain 0% -> Compound 'Soft', TyresAge 31, Wear '67.0'% | '52.0'% | '58.0'% | '51.0'%, Fuel '1.59' Kg, PitStop 'No', Time '01:17.874' ms
Time elapsed: 08:24.513
