Log file of circuit Portimao at 22/08/2022 18:04:02

Population: 500
Iterations: 2500
Mutation: 0.9
Crossover: 0.6
PitStopTime: 00:22.000
Weather: 'S'

[EA] Generation 1 - Bruteforce solution: 01:28:22.639 -> best overall: 01:41:22.717 - difference: 13:00.078 - valid strategies: 1.19% | threshold is 0.3 - counter = 0/25 - stuck value = 0
[EA] Generation 2 - Bruteforce solution: 01:28:22.639 -> best overall: 01:38:07.288 - difference: 09:44.649 - valid strategies: 1.18% | threshold is 0.3 - counter = 0/25 - stuck value = 0
[EA] Generation 3 - Bruteforce solution: 01:28:22.639 -> best overall: 01:38:04.155 - difference: 09:41.516 - valid strategies: 5.1% | threshold is 0.3 - counter = 0/25 - stuck value = 0
[EA] Generation 4 - Bruteforce solution: 01:28:22.639 -> best overall: 01:37:42.453 - difference: 09:19.814 - valid strategies: 9.6% | threshold is 0.3 - counter = 0/25 - stuck value = 0


Best Strategy fitness: 5840514
Best Strategy time: 01:37:20.514

 vs 

Bruteforce fitness: 5302639
Bruteforce time: 01:28:22.639
Lap 1: Rain 0% -> Compound 'Medium', TyresAge 0, Wear '0.0'% | '0.0'% | '0.0'% | '0.0'%, Fuel '113.04' Kg, PitStop 'No', Time '01:24.638' ms
Lap 2: Rain 0% -> Compound 'Medium', TyresAge 1, Wear '2.0'% | '1.0'% | '1.0'% | '1.0'%, Fuel '111.45' Kg, PitStop 'No', Time '01:22.580' ms
Lap 3: Rain 0% -> Compound 'Medium', TyresAge 2, Wear '3.0'% | '2.0'% | '3.0'% | '2.0'%, Fuel '109.86' Kg, PitStop 'No', Time '01:22.521' ms
Lap 4: Rain 0% -> Compound 'Medium', TyresAge 3, Wear '5.0'% | '4.0'% | '4.0'% | '3.0'%, Fuel '108.27' Kg, PitStop 'No', Time '01:22.468' ms
Lap 5: Rain 0% -> Compound 'Medium', TyresAge 4, Wear '6.0'% | '5.0'% | '5.0'% | '5.0'%, Fuel '106.68' Kg, PitStop 'No', Time '01:22.410' ms
Lap 6: Rain 0% -> Compound 'Medium', TyresAge 5, Wear '8.0'% | '6.0'% | '7.0'% | '6.0'%, Fuel '105.09' Kg, PitStop 'No', Time '01:22.358' ms
Lap 7: Rain 0% -> Compound 'Medium', TyresAge 0, Wear '0.0'% | '0.0'% | '0.0'% | '0.0'%, Fuel '103.5' Kg, PitStop 'Yes', Time '01:44.104' ms
Lap 8: Rain 0% -> Compound 'Medium', TyresAge 1, Wear '2.0'% | '1.0'% | '1.0'% | '1.0'%, Fuel '101.91' Kg, PitStop 'No', Time '01:22.046' ms
Lap 9: Rain 0% -> Compound 'Medium', TyresAge 2, Wear '3.0'% | '2.0'% | '3.0'% | '2.0'%, Fuel '100.32' Kg, PitStop 'No', Time '01:21.987' ms
Lap 10: Rain 0% -> Compound 'Medium', TyresAge 3, Wear '5.0'% | '4.0'% | '4.0'% | '3.0'%, Fuel '98.73' Kg, PitStop 'No', Time '01:21.934' ms
Lap 11: Rain 0% -> Compound 'Medium', TyresAge 4, Wear '6.0'% | '5.0'% | '5.0'% | '5.0'%, Fuel '97.14' Kg, PitStop 'No', Time '01:21.876' ms
Lap 12: Rain 0% -> Compound 'Medium', TyresAge 0, Wear '0.0'% | '0.0'% | '0.0'% | '0.0'%, Fuel '95.55' Kg, PitStop 'Yes', Time '01:43.659' ms
Lap 13: Rain 0% -> Compound 'Medium', TyresAge 1, Wear '2.0'% | '1.0'% | '1.0'% | '1.0'%, Fuel '93.96' Kg, PitStop 'No', Time '01:21.601' ms
Lap 14: Rain 0% -> Compound 'Medium', TyresAge 2, Wear '3.0'% | '2.0'% | '3.0'% | '2.0'%, Fuel '92.37' Kg, PitStop 'No', Time '01:21.542' ms
Lap 15: Rain 0% -> Compound 'Medium', TyresAge 0, Wear '0.0'% | '0.0'% | '0.0'% | '0.0'%, Fuel '90.78' Kg, PitStop 'Yes', Time '01:43.392' ms
Lap 16: Rain 0% -> Compound 'Medium', TyresAge 1, Wear '2.0'% | '1.0'% | '1.0'% | '1.0'%, Fuel '89.19' Kg, PitStop 'No', Time '01:21.333' ms
Lap 17: Rain 0% -> Compound 'Medium', TyresAge 2, Wear '3.0'% | '2.0'% | '3.0'% | '2.0'%, Fuel '87.6' Kg, PitStop 'No', Time '01:21.274' ms
Lap 18: Rain 0% -> Compound 'Medium', TyresAge 3, Wear '5.0'% | '4.0'% | '4.0'% | '3.0'%, Fuel '86.01' Kg, PitStop 'No', Time '01:21.221' ms
Lap 19: Rain 0% -> Compound 'Medium', TyresAge 0, Wear '0.0'% | '0.0'% | '0.0'% | '0.0'%, Fuel '84.42' Kg, PitStop 'Yes', Time '01:43.035' ms
Lap 20: Rain 0% -> Compound 'Medium', TyresAge 1, Wear '2.0'% | '1.0'% | '1.0'% | '1.0'%, Fuel '82.83' Kg, PitStop 'No', Time '01:20.977' ms
Lap 21: Rain 0% -> Compound 'Medium', TyresAge 0, Wear '0.0'% | '0.0'% | '0.0'% | '0.0'%, Fuel '81.24' Kg, PitStop 'Yes', Time '01:42.857' ms
Lap 22: Rain 0% -> Compound 'Medium', TyresAge 1, Wear '2.0'% | '1.0'% | '1.0'% | '1.0'%, Fuel '79.65' Kg, PitStop 'No', Time '01:20.799' ms
Lap 23: Rain 0% -> Compound 'Medium', TyresAge 2, Wear '3.0'% | '2.0'% | '3.0'% | '2.0'%, Fuel '78.06' Kg, PitStop 'No', Time '01:20.740' ms
Lap 24: Rain 0% -> Compound 'Medium', TyresAge 0, Wear '0.0'% | '0.0'% | '0.0'% | '0.0'%, Fuel '76.47' Kg, PitStop 'Yes', Time '01:42.590' ms
Lap 25: Rain 0% -> Compound 'Medium', TyresAge 1, Wear '2.0'% | '1.0'% | '1.0'% | '1.0'%, Fuel '74.88' Kg, PitStop 'No', Time '01:20.532' ms
Lap 26: Rain 0% -> Compound 'Medium', TyresAge 0, Wear '0.0'% | '0.0'% | '0.0'% | '0.0'%, Fuel '73.29' Kg, PitStop 'Yes', Time '01:42.412' ms
Lap 27: Rain 0% -> Compound 'Medium', TyresAge 1, Wear '2.0'% | '1.0'% | '1.0'% | '1.0'%, Fuel '71.7' Kg, PitStop 'No', Time '01:20.354' ms
Lap 28: Rain 0% -> Compound 'Medium', TyresAge 2, Wear '3.0'% | '2.0'% | '3.0'% | '2.0'%, Fuel '70.11' Kg, PitStop 'No', Time '01:20.295' ms
Lap 29: Rain 0% -> Compound 'Soft', TyresAge 0, Wear '0.0'% | '0.0'% | '0.0'% | '0.0'%, Fuel '68.52' Kg, PitStop 'Yes', Time '01:41.780' ms
Lap 30: Rain 0% -> Compound 'Medium', TyresAge 0, Wear '0.0'% | '0.0'% | '0.0'% | '0.0'%, Fuel '66.93' Kg, PitStop 'Yes', Time '01:42.056' ms
Lap 31: Rain 0% -> Compound 'Medium', TyresAge 1, Wear '2.0'% | '1.0'% | '1.0'% | '1.0'%, Fuel '65.34' Kg, PitStop 'No', Time '01:19.998' ms
Lap 32: Rain 0% -> Compound 'Hard', TyresAge 0, Wear '0.0'% | '0.0'% | '0.0'% | '0.0'%, Fuel '63.75' Kg, PitStop 'Yes', Time '01:43.079' ms
Lap 33: Rain 0% -> Compound 'Medium', TyresAge 0, Wear '0.0'% | '0.0'% | '0.0'% | '0.0'%, Fuel '62.16' Kg, PitStop 'Yes', Time '01:41.789' ms
Lap 34: Rain 0% -> Compound 'Medium', TyresAge 1, Wear '2.0'% | '1.0'% | '1.0'% | '1.0'%, Fuel '60.57' Kg, PitStop 'No', Time '01:19.731' ms
Lap 35: Rain 0% -> Compound 'Medium', TyresAge 0, Wear '0.0'% | '0.0'% | '0.0'% | '0.0'%, Fuel '58.98' Kg, PitStop 'Yes', Time '01:41.611' ms
Lap 36: Rain 0% -> Compound 'Medium', TyresAge 1, Wear '2.0'% | '1.0'% | '1.0'% | '1.0'%, Fuel '57.39' Kg, PitStop 'No', Time '01:19.553' ms
Lap 37: Rain 0% -> Compound 'Medium', TyresAge 2, Wear '3.0'% | '2.0'% | '3.0'% | '2.0'%, Fuel '55.8' Kg, PitStop 'No', Time '01:19.494' ms
Lap 38: Rain 0% -> Compound 'Medium', TyresAge 0, Wear '0.0'% | '0.0'% | '0.0'% | '0.0'%, Fuel '54.21' Kg, PitStop 'Yes', Time '01:41.344' ms
Lap 39: Rain 0% -> Compound 'Medium', TyresAge 0, Wear '0.0'% | '0.0'% | '0.0'% | '0.0'%, Fuel '52.62' Kg, PitStop 'Yes', Time '01:41.255' ms
Lap 40: Rain 0% -> Compound 'Medium', TyresAge 1, Wear '2.0'% | '1.0'% | '1.0'% | '1.0'%, Fuel '51.03' Kg, PitStop 'No', Time '01:19.196' ms
Lap 41: Rain 0% -> Compound 'Medium', TyresAge 2, Wear '3.0'% | '2.0'% | '3.0'% | '2.0'%, Fuel '49.44' Kg, PitStop 'No', Time '01:19.137' ms
Lap 42: Rain 0% -> Compound 'Medium', TyresAge 3, Wear '5.0'% | '4.0'% | '4.0'% | '3.0'%, Fuel '47.85' Kg, PitStop 'No', Time '01:19.084' ms
Lap 43: Rain 0% -> Compound 'Medium', TyresAge 4, Wear '6.0'% | '5.0'% | '5.0'% | '5.0'%, Fuel '46.26' Kg, PitStop 'No', Time '01:19.026' ms
Lap 44: Rain 0% -> Compound 'Medium', TyresAge 5, Wear '8.0'% | '6.0'% | '7.0'% | '6.0'%, Fuel '44.67' Kg, PitStop 'No', Time '01:18.974' ms
Lap 45: Rain 0% -> Compound 'Medium', TyresAge 6, Wear '9.0'% | '7.0'% | '8.0'% | '7.0'%, Fuel '43.08' Kg, PitStop 'No', Time '01:18.909' ms
Lap 46: Rain 0% -> Compound 'Medium', TyresAge 0, Wear '0.0'% | '0.0'% | '0.0'% | '0.0'%, Fuel '41.49' Kg, PitStop 'Yes', Time '01:40.631' ms
Lap 47: Rain 0% -> Compound 'Medium', TyresAge 0, Wear '0.0'% | '0.0'% | '0.0'% | '0.0'%, Fuel '39.9' Kg, PitStop 'Yes', Time '01:40.542' ms
Lap 48: Rain 0% -> Compound 'Medium', TyresAge 0, Wear '0.0'% | '0.0'% | '0.0'% | '0.0'%, Fuel '38.31' Kg, PitStop 'Yes', Time '01:40.453' ms
Lap 49: Rain 0% -> Compound 'Medium', TyresAge 0, Wear '0.0'% | '0.0'% | '0.0'% | '0.0'%, Fuel '36.72' Kg, PitStop 'Yes', Time '01:40.364' ms
Lap 50: Rain 0% -> Compound 'Medium', TyresAge 1, Wear '2.0'% | '1.0'% | '1.0'% | '1.0'%, Fuel '35.13' Kg, PitStop 'No', Time '01:18.306' ms
Lap 51: Rain 0% -> Compound 'Medium', TyresAge 0, Wear '0.0'% | '0.0'% | '0.0'% | '0.0'%, Fuel '33.54' Kg, PitStop 'Yes', Time '01:40.186' ms
Lap 52: Rain 0% -> Compound 'Medium', TyresAge 1, Wear '2.0'% | '1.0'% | '1.0'% | '1.0'%, Fuel '31.95' Kg, PitStop 'No', Time '01:18.128' ms
Lap 53: Rain 0% -> Compound 'Medium', TyresAge 2, Wear '3.0'% | '2.0'% | '3.0'% | '2.0'%, Fuel '30.36' Kg, PitStop 'No', Time '01:18.069' ms
Lap 54: Rain 0% -> Compound 'Medium', TyresAge 3, Wear '5.0'% | '4.0'% | '4.0'% | '3.0'%, Fuel '28.77' Kg, PitStop 'No', Time '01:18.016' ms
Lap 55: Rain 0% -> Compound 'Medium', TyresAge 0, Wear '0.0'% | '0.0'% | '0.0'% | '0.0'%, Fuel '27.18' Kg, PitStop 'Yes', Time '01:39.830' ms
Lap 56: Rain 0% -> Compound 'Medium', TyresAge 0, Wear '0.0'% | '0.0'% | '0.0'% | '0.0'%, Fuel '25.59' Kg, PitStop 'Yes', Time '01:39.741' ms
Lap 57: Rain 0% -> Compound 'Medium', TyresAge 1, Wear '2.0'% | '1.0'% | '1.0'% | '1.0'%, Fuel '24.0' Kg, PitStop 'No', Time '01:17.683' ms
Lap 58: Rain 0% -> Compound 'Medium', TyresAge 0, Wear '0.0'% | '0.0'% | '0.0'% | '0.0'%, Fuel '22.41' Kg, PitStop 'Yes', Time '01:39.563' ms
Lap 59: Rain 0% -> Compound 'Medium', TyresAge 1, Wear '2.0'% | '1.0'% | '1.0'% | '1.0'%, Fuel '20.82' Kg, PitStop 'No', Time '01:17.505' ms
Lap 60: Rain 0% -> Compound 'Medium', TyresAge 2, Wear '3.0'% | '2.0'% | '3.0'% | '2.0'%, Fuel '19.23' Kg, PitStop 'No', Time '01:17.446' ms
Lap 61: Rain 0% -> Compound 'Medium', TyresAge 0, Wear '0.0'% | '0.0'% | '0.0'% | '0.0'%, Fuel '17.64' Kg, PitStop 'Yes', Time '01:39.296' ms
Lap 62: Rain 0% -> Compound 'Medium', TyresAge 0, Wear '0.0'% | '0.0'% | '0.0'% | '0.0'%, Fuel '16.05' Kg, PitStop 'Yes', Time '01:39.207' ms
Lap 63: Rain 0% -> Compound 'Medium', TyresAge 0, Wear '0.0'% | '0.0'% | '0.0'% | '0.0'%, Fuel '14.46' Kg, PitStop 'Yes', Time '01:39.118' ms
Lap 64: Rain 0% -> Compound 'Medium', TyresAge 1, Wear '2.0'% | '1.0'% | '1.0'% | '1.0'%, Fuel '12.87' Kg, PitStop 'No', Time '01:17.059' ms
Lap 65: Rain 0% -> Compound 'Medium', TyresAge 0, Wear '0.0'% | '0.0'% | '0.0'% | '0.0'%, Fuel '11.28' Kg, PitStop 'Yes', Time '01:38.939' ms
Lap 66: Rain 0% -> Compound 'Medium', TyresAge 1, Wear '2.0'% | '1.0'% | '1.0'% | '1.0'%, Fuel '9.69' Kg, PitStop 'No', Time '01:16.881' ms
Time elapsed: 00:09.048
