Log file of circuit Portimao at 14/10/2022 00:00:59

Population: 200
Iterations: 10
Mutation: 0.9
Crossover: 0.6
PitStopTime: 00:22.000
Weather: 'Sunny'

[EA] Generation 1 - Bruteforce solution: 01:28:22.639 -> best overall: 01:39:25.675 - difference: 11:03.036 - valid strategies: 3.5% | threshold is 0.25 - Stuck Counter = 0/0
[EA] Generation 2 - Bruteforce solution: 01:28:22.639 -> best overall: 01:38:56.635 - difference: 10:33.996 - valid strategies: 10.5% | threshold is 0.25 - Stuck Counter = 0/0
[EA] Generation 3 - Bruteforce solution: 01:28:22.639 -> best overall: 01:38:36.181 - difference: 10:13.542 - valid strategies: 6.86% | threshold is 0.25 - Stuck Counter = 0/0
[EA] Generation 4 - Bruteforce solution: 01:28:22.639 -> best overall: 01:38:32.430 - difference: 10:09.791 - valid strategies: 6.47% | threshold is 0.25 - Stuck Counter = 0/0
[EA] Generation 5 - Bruteforce solution: 01:28:22.639 -> best overall: 01:38:10.547 - difference: 09:47.908 - valid strategies: 7.0% | threshold is 0.25 - Stuck Counter = 0/0
[EA] Generation 6 - Bruteforce solution: 01:28:22.639 -> best overall: 01:37:49.040 - difference: 09:26.401 - valid strategies: 7.0% | threshold is 0.25 - Stuck Counter = 0/0
[EA] Generation 7 - Bruteforce solution: 01:28:22.639 -> best overall: 01:37:18.506 - difference: 08:55.867 - valid strategies: 7.0% | threshold is 0.25 - Stuck Counter = 0/0
[EA] Generation 8 - Bruteforce solution: 01:28:22.639 -> best overall: 01:37:01.233 - difference: 08:38.594 - valid strategies: 6.5% | threshold is 0.25 - Stuck Counter = 0/0
[EA] Generation 9 - Bruteforce solution: 01:28:22.639 -> best overall: 01:36:49.795 - difference: 08:27.156 - valid strategies: 3.5% | threshold is 0.25 - Stuck Counter = 0/0
[EA] Generation 10 - Bruteforce solution: 01:28:22.639 -> best overall: 01:36:32.522 - difference: 08:09.883 - valid strategies: 3.5% | threshold is 0.25 - Stuck Counter = 0/0


Best Strategy fitness: 5792522
Best Strategy time: 01:36:32.522

 vs 

Bruteforce fitness: 5302639
Bruteforce time: 01:28:22.639


Lap 1: Rain 0% -> Compound 'Soft', TyresAge 0, Wear '0.0'% | '0.0'% | '0.0'% | '0.0'%, Fuel '109.95' Kg, PitStop 'No', Time '01:24.187' ms
Lap 2: Rain 0% -> Compound 'Hard', TyresAge 0, Wear '0.0'% | '0.0'% | '0.0'% | '0.0'%, Fuel '108.36' Kg, PitStop 'Yes', Time '01:45.620' ms
Lap 3: Rain 0% -> Compound 'Hard', TyresAge 1, Wear '1.0'% | '1.0'% | '1.0'% | '1.0'%, Fuel '106.77' Kg, PitStop 'No', Time '01:23.555' ms
Lap 4: Rain 0% -> Compound 'Hard', TyresAge 2, Wear '2.0'% | '2.0'% | '2.0'% | '2.0'%, Fuel '105.18' Kg, PitStop 'No', Time '01:23.488' ms
Lap 5: Rain 0% -> Compound 'Hard', TyresAge 3, Wear '4.0'% | '3.0'% | '3.0'% | '2.0'%, Fuel '103.59' Kg, PitStop 'No', Time '01:23.425' ms
Lap 6: Rain 0% -> Compound 'Hard', TyresAge 4, Wear '5.0'% | '4.0'% | '3.0'% | '3.0'%, Fuel '102.0' Kg, PitStop 'No', Time '01:23.354' ms
Lap 7: Rain 0% -> Compound 'Medium', TyresAge 0, Wear '0.0'% | '0.0'% | '0.0'% | '0.0'%, Fuel '100.41' Kg, PitStop 'Yes', Time '01:44.017' ms
Lap 8: Rain 0% -> Compound 'Medium', TyresAge 1, Wear '2.0'% | '1.0'% | '1.0'% | '1.0'%, Fuel '98.82' Kg, PitStop 'No', Time '01:21.959' ms
Lap 9: Rain 0% -> Compound 'Medium', TyresAge 2, Wear '3.0'% | '2.0'% | '3.0'% | '2.0'%, Fuel '97.23' Kg, PitStop 'No', Time '01:21.900' ms
Lap 10: Rain 0% -> Compound 'Soft', TyresAge 0, Wear '0.0'% | '0.0'% | '0.0'% | '0.0'%, Fuel '95.64' Kg, PitStop 'Yes', Time '01:43.385' ms
Lap 11: Rain 0% -> Compound 'Soft', TyresAge 1, Wear '2.0'% | '2.0'% | '2.0'% | '2.0'%, Fuel '94.05' Kg, PitStop 'No', Time '01:21.339' ms
Lap 12: Rain 0% -> Compound 'Soft', TyresAge 2, Wear '4.0'% | '3.0'% | '4.0'% | '3.0'%, Fuel '92.46' Kg, PitStop 'No', Time '01:21.282' ms
Lap 13: Rain 0% -> Compound 'Soft', TyresAge 3, Wear '6.0'% | '5.0'% | '6.0'% | '5.0'%, Fuel '90.87' Kg, PitStop 'No', Time '01:21.235' ms
Lap 14: Rain 0% -> Compound 'Hard', TyresAge 0, Wear '0.0'% | '0.0'% | '0.0'% | '0.0'%, Fuel '89.28' Kg, PitStop 'Yes', Time '01:44.551' ms
Lap 15: Rain 0% -> Compound 'Wet', TyresAge 0, Wear '0.0'% | '0.0'% | '0.0'% | '0.0'%, Fuel '87.69' Kg, PitStop 'Yes', Time '02:10.895' ms
Lap 16: Rain 0% -> Compound 'Wet', TyresAge 1, Wear '1.0'% | '0.0'% | '0.0'% | '0.0'%, Fuel '86.1' Kg, PitStop 'No', Time '01:48.840' ms
Lap 17: Rain 0% -> Compound 'Wet', TyresAge 0, Wear '0.0'% | '0.0'% | '0.0'% | '0.0'%, Fuel '84.51' Kg, PitStop 'Yes', Time '02:10.717' ms
Lap 18: Rain 0% -> Compound 'Wet', TyresAge 1, Wear '1.0'% | '0.0'% | '0.0'% | '0.0'%, Fuel '82.92' Kg, PitStop 'No', Time '01:48.662' ms
Lap 19: Rain 0% -> Compound 'Hard', TyresAge 0, Wear '0.0'% | '0.0'% | '0.0'% | '0.0'%, Fuel '81.33' Kg, PitStop 'Yes', Time '01:44.106' ms
Lap 20: Rain 0% -> Compound 'Hard', TyresAge 1, Wear '1.0'% | '1.0'% | '1.0'% | '1.0'%, Fuel '79.74' Kg, PitStop 'No', Time '01:22.041' ms
Lap 21: Rain 0% -> Compound 'Hard', TyresAge 2, Wear '2.0'% | '2.0'% | '2.0'% | '2.0'%, Fuel '78.15' Kg, PitStop 'No', Time '01:21.975' ms
Lap 22: Rain 0% -> Compound 'Hard', TyresAge 3, Wear '4.0'% | '3.0'% | '3.0'% | '2.0'%, Fuel '76.56' Kg, PitStop 'No', Time '01:21.912' ms
Lap 23: Rain 0% -> Compound 'Hard', TyresAge 4, Wear '5.0'% | '4.0'% | '3.0'% | '3.0'%, Fuel '74.97' Kg, PitStop 'No', Time '01:21.841' ms
Lap 24: Rain 0% -> Compound 'Hard', TyresAge 5, Wear '6.0'% | '5.0'% | '4.0'% | '4.0'%, Fuel '73.38' Kg, PitStop 'No', Time '01:21.776' ms
Lap 25: Rain 0% -> Compound 'Inter', TyresAge 0, Wear '0.0'% | '0.0'% | '0.0'% | '0.0'%, Fuel '71.79' Kg, PitStop 'Yes', Time '01:50.659' ms
Lap 26: Rain 0% -> Compound 'Inter', TyresAge 1, Wear '1.0'% | '0.0'% | '0.0'% | '0.0'%, Fuel '70.2' Kg, PitStop 'No', Time '01:28.624' ms
Lap 27: Rain 0% -> Compound 'Inter', TyresAge 0, Wear '0.0'% | '0.0'% | '0.0'% | '0.0'%, Fuel '68.61' Kg, PitStop 'Yes', Time '01:50.481' ms
Lap 28: Rain 0% -> Compound 'Inter', TyresAge 1, Wear '1.0'% | '0.0'% | '0.0'% | '0.0'%, Fuel '67.02' Kg, PitStop 'No', Time '01:28.445' ms
Lap 29: Rain 0% -> Compound 'Inter', TyresAge 2, Wear '1.0'% | '1.0'% | '1.0'% | '1.0'%, Fuel '65.43' Kg, PitStop 'No', Time '01:28.582' ms
Lap 30: Rain 0% -> Compound 'Inter', TyresAge 3, Wear '2.0'% | '1.0'% | '1.0'% | '1.0'%, Fuel '63.84' Kg, PitStop 'No', Time '01:28.547' ms
Lap 31: Rain 0% -> Compound 'Hard', TyresAge 0, Wear '0.0'% | '0.0'% | '0.0'% | '0.0'%, Fuel '62.25' Kg, PitStop 'Yes', Time '01:43.037' ms
Lap 32: Rain 0% -> Compound 'Hard', TyresAge 1, Wear '1.0'% | '1.0'% | '1.0'% | '1.0'%, Fuel '60.66' Kg, PitStop 'No', Time '01:20.972' ms
Lap 33: Rain 0% -> Compound 'Soft', TyresAge 0, Wear '0.0'% | '0.0'% | '0.0'% | '0.0'%, Fuel '59.07' Kg, PitStop 'Yes', Time '01:41.337' ms
Lap 34: Rain 0% -> Compound 'Soft', TyresAge 1, Wear '2.0'% | '2.0'% | '2.0'% | '2.0'%, Fuel '57.48' Kg, PitStop 'No', Time '01:19.291' ms
Lap 35: Rain 0% -> Compound 'Soft', TyresAge 2, Wear '4.0'% | '3.0'% | '4.0'% | '3.0'%, Fuel '55.89' Kg, PitStop 'No', Time '01:19.234' ms
Lap 36: Rain 0% -> Compound 'Soft', TyresAge 3, Wear '6.0'% | '5.0'% | '6.0'% | '5.0'%, Fuel '54.3' Kg, PitStop 'No', Time '01:19.187' ms
Lap 37: Rain 0% -> Compound 'Soft', TyresAge 4, Wear '9.0'% | '7.0'% | '7.0'% | '7.0'%, Fuel '52.71' Kg, PitStop 'No', Time '01:19.141' ms
Lap 38: Rain 0% -> Compound 'Soft', TyresAge 5, Wear '11.0'% | '8.0'% | '9.0'% | '8.0'%, Fuel '51.12' Kg, PitStop 'No', Time '01:19.085' ms
Lap 39: Rain 0% -> Compound 'Soft', TyresAge 6, Wear '13.0'% | '10.0'% | '11.0'% | '10.0'%, Fuel '49.53' Kg, PitStop 'No', Time '01:19.039' ms
Lap 40: Rain 0% -> Compound 'Soft', TyresAge 7, Wear '15.0'% | '12.0'% | '13.0'% | '12.0'%, Fuel '47.94' Kg, PitStop 'No', Time '01:18.996' ms
Lap 41: Rain 0% -> Compound 'Soft', TyresAge 8, Wear '17.0'% | '14.0'% | '15.0'% | '13.0'%, Fuel '46.35' Kg, PitStop 'No', Time '01:18.945' ms
Lap 42: Rain 0% -> Compound 'Medium', TyresAge 0, Wear '0.0'% | '0.0'% | '0.0'% | '0.0'%, Fuel '44.76' Kg, PitStop 'Yes', Time '01:40.901' ms
Lap 43: Rain 0% -> Compound 'Medium', TyresAge 1, Wear '2.0'% | '1.0'% | '1.0'% | '1.0'%, Fuel '43.17' Kg, PitStop 'No', Time '01:18.843' ms
Lap 44: Rain 0% -> Compound 'Medium', TyresAge 2, Wear '3.0'% | '2.0'% | '3.0'% | '2.0'%, Fuel '41.58' Kg, PitStop 'No', Time '01:18.784' ms
Lap 45: Rain 0% -> Compound 'Medium', TyresAge 3, Wear '5.0'% | '4.0'% | '4.0'% | '3.0'%, Fuel '39.99' Kg, PitStop 'No', Time '01:18.731' ms
Lap 46: Rain 0% -> Compound 'Inter', TyresAge 0, Wear '0.0'% | '0.0'% | '0.0'% | '0.0'%, Fuel '38.4' Kg, PitStop 'Yes', Time '01:48.789' ms
Lap 47: Rain 0% -> Compound 'Medium', TyresAge 0, Wear '0.0'% | '0.0'% | '0.0'% | '0.0'%, Fuel '36.81' Kg, PitStop 'Yes', Time '01:40.456' ms
Lap 48: Rain 0% -> Compound 'Medium', TyresAge 1, Wear '2.0'% | '1.0'% | '1.0'% | '1.0'%, Fuel '35.22' Kg, PitStop 'No', Time '01:18.398' ms
Lap 49: Rain 0% -> Compound 'Medium', TyresAge 2, Wear '3.0'% | '2.0'% | '3.0'% | '2.0'%, Fuel '33.63' Kg, PitStop 'No', Time '01:18.339' ms
Lap 50: Rain 0% -> Compound 'Medium', TyresAge 3, Wear '5.0'% | '4.0'% | '4.0'% | '3.0'%, Fuel '32.04' Kg, PitStop 'No', Time '01:18.286' ms
Lap 51: Rain 0% -> Compound 'Soft', TyresAge 0, Wear '0.0'% | '0.0'% | '0.0'% | '0.0'%, Fuel '30.45' Kg, PitStop 'Yes', Time '01:39.735' ms
Lap 52: Rain 0% -> Compound 'Soft', TyresAge 0, Wear '0.0'% | '0.0'% | '0.0'% | '0.0'%, Fuel '28.86' Kg, PitStop 'Yes', Time '01:39.645' ms
Lap 53: Rain 0% -> Compound 'Soft', TyresAge 1, Wear '2.0'% | '2.0'% | '2.0'% | '2.0'%, Fuel '27.27' Kg, PitStop 'No', Time '01:17.599' ms
Lap 54: Rain 0% -> Compound 'Soft', TyresAge 2, Wear '4.0'% | '3.0'% | '4.0'% | '3.0'%, Fuel '25.68' Kg, PitStop 'No', Time '01:17.542' ms
Lap 55: Rain 0% -> Compound 'Soft', TyresAge 3, Wear '6.0'% | '5.0'% | '6.0'% | '5.0'%, Fuel '24.09' Kg, PitStop 'No', Time '01:17.495' ms
Lap 56: Rain 0% -> Compound 'Soft', TyresAge 4, Wear '9.0'% | '7.0'% | '7.0'% | '7.0'%, Fuel '22.5' Kg, PitStop 'No', Time '01:17.449' ms
Lap 57: Rain 0% -> Compound 'Soft', TyresAge 5, Wear '11.0'% | '8.0'% | '9.0'% | '8.0'%, Fuel '20.91' Kg, PitStop 'No', Time '01:17.393' ms
Lap 58: Rain 0% -> Compound 'Soft', TyresAge 6, Wear '13.0'% | '10.0'% | '11.0'% | '10.0'%, Fuel '19.32' Kg, PitStop 'No', Time '01:17.347' ms
Lap 59: Rain 0% -> Compound 'Soft', TyresAge 7, Wear '15.0'% | '12.0'% | '13.0'% | '12.0'%, Fuel '17.73' Kg, PitStop 'No', Time '01:17.304' ms
Lap 60: Rain 0% -> Compound 'Soft', TyresAge 8, Wear '17.0'% | '14.0'% | '15.0'% | '13.0'%, Fuel '16.14' Kg, PitStop 'No', Time '01:17.253' ms
Lap 61: Rain 0% -> Compound 'Soft', TyresAge 9, Wear '19.0'% | '15.0'% | '17.0'% | '15.0'%, Fuel '14.55' Kg, PitStop 'No', Time '01:17.205' ms
Lap 62: Rain 0% -> Compound 'Soft', TyresAge 10, Wear '22.0'% | '17.0'% | '19.0'% | '17.0'%, Fuel '12.96' Kg, PitStop 'No', Time '01:17.167' ms
Lap 63: Rain 0% -> Compound 'Soft', TyresAge 11, Wear '24.0'% | '19.0'% | '21.0'% | '18.0'%, Fuel '11.37' Kg, PitStop 'No', Time '01:17.120' ms
Lap 64: Rain 0% -> Compound 'Soft', TyresAge 12, Wear '26.0'% | '20.0'% | '22.0'% | '20.0'%, Fuel '9.78' Kg, PitStop 'No', Time '01:17.067' ms
Lap 65: Rain 0% -> Compound 'Soft', TyresAge 13, Wear '28.0'% | '22.0'% | '24.0'% | '22.0'%, Fuel '8.19' Kg, PitStop 'No', Time '01:17.027' ms
Lap 66: Rain 0% -> Compound 'Soft', TyresAge 14, Wear '30.0'% | '24.0'% | '26.0'% | '23.0'%, Fuel '6.6' Kg, PitStop 'No', Time '01:16.983' ms
Time elapsed: 00:15.171
