Log file of circuit Monza at 22/08/2022 13:44:43

Population: 50
Iterations: 500
Mutation: 0.9
Crossover: 0.6
PitStopTime: 00:25.000
Weather: 'S'

[EA] Generation 1 - Bruteforce solution: 01:14:32.444 -> best overall: 01:26:28.291 - difference: 11:55.847 - valid strategies: 14.0% | threshold is 0.3 - counter = 0/5 - stuck value = 0
[EA] Generation 2 - Bruteforce solution: 01:14:32.444 -> best overall: 01:25:22.255 - difference: 10:49.811 - valid strategies: 14.0% | threshold is 0.3 - counter = 0/5 - stuck value = 0
[EA] Generation 3 - Bruteforce solution: 01:14:32.444 -> best overall: 01:24:57.335 - difference: 10:24.891 - valid strategies: 16.0% | threshold is 0.3 - counter = 0/5 - stuck value = 0
[EA] Generation 4 - Bruteforce solution: 01:14:32.444 -> best overall: 01:24:33.491 - difference: 10:01.047 - valid strategies: 12.0% | threshold is 0.3 - counter = 0/5 - stuck value = 0
[EA] Generation 5 - Bruteforce solution: 01:14:32.444 -> best overall: 01:24:07.235 - difference: 09:34.791 - valid strategies: 8.0% | threshold is 0.3 - counter = 0/5 - stuck value = 0
[EA] Generation 6 - Bruteforce solution: 01:14:32.444 -> best overall: 01:24:07.235 - difference: 09:34.791 - valid strategies: 14.0% | threshold is 0.3 - counter = 1/5 - stuck value = 0
[EA] Generation 7 - Bruteforce solution: 01:14:32.444 -> best overall: 01:23:49.457 - difference: 09:17.013 - valid strategies: 18.0% | threshold is 0.3 - counter = 0/5 - stuck value = 0
[EA] Generation 8 - Bruteforce solution: 01:14:32.444 -> best overall: 01:23:10.119 - difference: 08:37.675 - valid strategies: 14.0% | threshold is 0.3 - counter = 0/5 - stuck value = 0
[EA] Generation 9 - Bruteforce solution: 01:14:32.444 -> best overall: 01:21:53.440 - difference: 07:20.996 - valid strategies: 12.0% | threshold is 0.3 - counter = 0/5 - stuck value = 0
[EA] Generation 10 - Bruteforce solution: 01:14:32.444 -> best overall: 01:21:30.348 - difference: 06:57.904 - valid strategies: 16.0% | threshold is 0.3 - counter = 0/5 - stuck value = 0


Best Strategy fitness: 4860312
Best Strategy time: 01:21:00.312

 vs 

Bruteforce fitness: 4472444
Bruteforce time: 01:14:32.444
Lap 1: Rain 0% -> Compound 'Soft', TyresAge 0, Wear '0.0'% | '0.0'% | '0.0'% | '0.0'%, Fuel '101.14' Kg, PitStop 'No', Time '01:27.300' ms
Lap 2: Rain 0% -> Compound 'Soft', TyresAge 1, Wear '2.0'% | '2.0'% | '2.0'% | '2.0'%, Fuel '101.14' Kg, PitStop 'No', Time '01:25.354' ms
Lap 3: Rain 0% -> Compound 'Medium', TyresAge 0, Wear '0.0'% | '0.0'% | '0.0'% | '0.0'%, Fuel '99.25' Kg, PitStop 'Yes', Time '01:50.730' ms
Lap 4: Rain 0% -> Compound 'Medium', TyresAge 1, Wear '2.0'% | '2.0'% | '2.0'% | '1.0'%, Fuel '97.36' Kg, PitStop 'No', Time '01:25.698' ms
Lap 5: Rain 0% -> Compound 'Medium', TyresAge 2, Wear '4.0'% | '4.0'% | '3.0'% | '3.0'%, Fuel '95.48' Kg, PitStop 'No', Time '01:25.664' ms
Lap 6: Rain 0% -> Compound 'Medium', TyresAge 3, Wear '6.0'% | '6.0'% | '5.0'% | '4.0'%, Fuel '93.59' Kg, PitStop 'No', Time '01:25.630' ms
Lap 7: Rain 0% -> Compound 'Medium', TyresAge 0, Wear '0.0'% | '0.0'% | '0.0'% | '0.0'%, Fuel '91.7' Kg, PitStop 'Yes', Time '01:50.278' ms
Lap 8: Rain 0% -> Compound 'Medium', TyresAge 0, Wear '0.0'% | '0.0'% | '0.0'% | '0.0'%, Fuel '89.81' Kg, PitStop 'Yes', Time '01:50.164' ms
Lap 9: Rain 0% -> Compound 'Medium', TyresAge 1, Wear '2.0'% | '2.0'% | '2.0'% | '1.0'%, Fuel '87.92' Kg, PitStop 'No', Time '01:25.130' ms
Lap 10: Rain 0% -> Compound 'Medium', TyresAge 2, Wear '4.0'% | '4.0'% | '3.0'% | '3.0'%, Fuel '86.03' Kg, PitStop 'No', Time '01:25.098' ms
Lap 11: Rain 0% -> Compound 'Hard', TyresAge 0, Wear '0.0'% | '0.0'% | '0.0'% | '0.0'%, Fuel '84.14' Kg, PitStop 'Yes', Time '01:51.049' ms
Lap 12: Rain 0% -> Compound 'Hard', TyresAge 1, Wear '1.0'% | '1.0'% | '1.0'% | '1.0'%, Fuel '82.26' Kg, PitStop 'No', Time '01:25.960' ms
Lap 13: Rain 0% -> Compound 'Hard', TyresAge 2, Wear '3.0'% | '3.0'% | '2.0'% | '2.0'%, Fuel '80.37' Kg, PitStop 'No', Time '01:25.882' ms
Lap 14: Rain 0% -> Compound 'Hard', TyresAge 3, Wear '4.0'% | '4.0'% | '3.0'% | '3.0'%, Fuel '78.48' Kg, PitStop 'No', Time '01:25.792' ms
Lap 15: Rain 0% -> Compound 'Soft', TyresAge 0, Wear '0.0'% | '0.0'% | '0.0'% | '0.0'%, Fuel '76.59' Kg, PitStop 'Yes', Time '01:48.770' ms
Lap 16: Rain 0% -> Compound 'Soft', TyresAge 1, Wear '2.0'% | '2.0'% | '2.0'% | '2.0'%, Fuel '74.7' Kg, PitStop 'No', Time '01:23.766' ms
Lap 17: Rain 0% -> Compound 'Soft', TyresAge 2, Wear '5.0'% | '4.0'% | '4.0'% | '3.0'%, Fuel '72.81' Kg, PitStop 'No', Time '01:23.762' ms
Lap 18: Rain 0% -> Compound 'Soft', TyresAge 3, Wear '7.0'% | '7.0'% | '6.0'% | '5.0'%, Fuel '70.92' Kg, PitStop 'No', Time '01:23.770' ms
Lap 19: Rain 0% -> Compound 'Soft', TyresAge 4, Wear '10.0'% | '9.0'% | '8.0'% | '6.0'%, Fuel '69.04' Kg, PitStop 'No', Time '01:23.766' ms
Lap 20: Rain 0% -> Compound 'Soft', TyresAge 5, Wear '12.0'% | '11.0'% | '9.0'% | '8.0'%, Fuel '67.15' Kg, PitStop 'No', Time '01:23.752' ms
Lap 21: Rain 0% -> Compound 'Soft', TyresAge 6, Wear '15.0'% | '13.0'% | '11.0'% | '9.0'%, Fuel '65.26' Kg, PitStop 'No', Time '01:23.750' ms
Lap 22: Rain 0% -> Compound 'Soft', TyresAge 7, Wear '17.0'% | '15.0'% | '13.0'% | '11.0'%, Fuel '63.37' Kg, PitStop 'No', Time '01:23.752' ms
Lap 23: Rain 0% -> Compound 'Soft', TyresAge 0, Wear '0.0'% | '0.0'% | '0.0'% | '0.0'%, Fuel '61.48' Kg, PitStop 'Yes', Time '01:47.864' ms
Lap 24: Rain 0% -> Compound 'Soft', TyresAge 0, Wear '0.0'% | '0.0'% | '0.0'% | '0.0'%, Fuel '59.59' Kg, PitStop 'Yes', Time '01:47.752' ms
Lap 25: Rain 0% -> Compound 'Soft', TyresAge 1, Wear '2.0'% | '2.0'% | '2.0'% | '2.0'%, Fuel '57.7' Kg, PitStop 'No', Time '01:22.746' ms
Lap 26: Rain 0% -> Compound 'Soft', TyresAge 0, Wear '0.0'% | '0.0'% | '0.0'% | '0.0'%, Fuel '55.82' Kg, PitStop 'Yes', Time '01:47.524' ms
Lap 27: Rain 0% -> Compound 'Soft', TyresAge 1, Wear '2.0'% | '2.0'% | '2.0'% | '2.0'%, Fuel '53.93' Kg, PitStop 'No', Time '01:22.520' ms
Lap 28: Rain 0% -> Compound 'Soft', TyresAge 0, Wear '0.0'% | '0.0'% | '0.0'% | '0.0'%, Fuel '52.04' Kg, PitStop 'Yes', Time '01:47.298' ms
Lap 29: Rain 0% -> Compound 'Soft', TyresAge 1, Wear '2.0'% | '2.0'% | '2.0'% | '2.0'%, Fuel '50.15' Kg, PitStop 'No', Time '01:22.294' ms
Lap 30: Rain 0% -> Compound 'Soft', TyresAge 2, Wear '5.0'% | '4.0'% | '4.0'% | '3.0'%, Fuel '48.26' Kg, PitStop 'No', Time '01:22.288' ms
Lap 31: Rain 0% -> Compound 'Soft', TyresAge 3, Wear '7.0'% | '7.0'% | '6.0'% | '5.0'%, Fuel '46.37' Kg, PitStop 'No', Time '01:22.298' ms
Lap 32: Rain 0% -> Compound 'Soft', TyresAge 4, Wear '10.0'% | '9.0'% | '8.0'% | '6.0'%, Fuel '44.48' Kg, PitStop 'No', Time '01:22.294' ms
Lap 33: Rain 0% -> Compound 'Soft', TyresAge 5, Wear '12.0'% | '11.0'% | '9.0'% | '8.0'%, Fuel '42.6' Kg, PitStop 'No', Time '01:22.278' ms
Lap 34: Rain 0% -> Compound 'Soft', TyresAge 6, Wear '15.0'% | '13.0'% | '11.0'% | '9.0'%, Fuel '40.71' Kg, PitStop 'No', Time '01:22.278' ms
Lap 35: Rain 0% -> Compound 'Soft', TyresAge 7, Wear '17.0'% | '15.0'% | '13.0'% | '11.0'%, Fuel '38.82' Kg, PitStop 'No', Time '01:22.278' ms
Lap 36: Rain 0% -> Compound 'Soft', TyresAge 8, Wear '19.0'% | '18.0'% | '15.0'% | '13.0'%, Fuel '36.93' Kg, PitStop 'No', Time '01:22.294' ms
Lap 37: Rain 0% -> Compound 'Soft', TyresAge 9, Wear '22.0'% | '20.0'% | '17.0'% | '14.0'%, Fuel '35.04' Kg, PitStop 'No', Time '01:22.300' ms
Lap 38: Rain 0% -> Compound 'Soft', TyresAge 10, Wear '24.0'% | '22.0'% | '19.0'% | '16.0'%, Fuel '33.15' Kg, PitStop 'No', Time '01:22.308' ms
Lap 39: Rain 0% -> Compound 'Soft', TyresAge 11, Wear '27.0'% | '24.0'% | '21.0'% | '17.0'%, Fuel '31.26' Kg, PitStop 'No', Time '01:22.318' ms
Lap 40: Rain 0% -> Compound 'Soft', TyresAge 12, Wear '29.0'% | '26.0'% | '23.0'% | '19.0'%, Fuel '29.37' Kg, PitStop 'No', Time '01:22.332' ms
Lap 41: Rain 0% -> Compound 'Soft', TyresAge 13, Wear '32.0'% | '29.0'% | '24.0'% | '21.0'%, Fuel '27.49' Kg, PitStop 'No', Time '01:22.364' ms
Lap 42: Rain 0% -> Compound 'Hard', TyresAge 0, Wear '0.0'% | '0.0'% | '0.0'% | '0.0'%, Fuel '25.6' Kg, PitStop 'Yes', Time '01:47.536' ms
Lap 43: Rain 0% -> Compound 'Inter', TyresAge 0, Wear '0.0'% | '0.0'% | '0.0'% | '0.0'%, Fuel '23.71' Kg, PitStop 'Yes', Time '01:54.623' ms
Lap 44: Rain 0% -> Compound 'Soft', TyresAge 0, Wear '0.0'% | '0.0'% | '0.0'% | '0.0'%, Fuel '21.82' Kg, PitStop 'Yes', Time '01:45.484' ms
Lap 45: Rain 0% -> Compound 'Hard', TyresAge 0, Wear '0.0'% | '0.0'% | '0.0'% | '0.0'%, Fuel '19.93' Kg, PitStop 'Yes', Time '01:47.196' ms
Lap 46: Rain 0% -> Compound 'Hard', TyresAge 0, Wear '0.0'% | '0.0'% | '0.0'% | '0.0'%, Fuel '18.04' Kg, PitStop 'Yes', Time '01:47.083' ms
Lap 47: Rain 0% -> Compound 'Hard', TyresAge 1, Wear '1.0'% | '1.0'% | '1.0'% | '1.0'%, Fuel '16.15' Kg, PitStop 'No', Time '01:21.993' ms
Lap 48: Rain 0% -> Compound 'Hard', TyresAge 2, Wear '3.0'% | '3.0'% | '2.0'% | '2.0'%, Fuel '14.27' Kg, PitStop 'No', Time '01:21.916' ms
Lap 49: Rain 0% -> Compound 'Hard', TyresAge 3, Wear '4.0'% | '4.0'% | '3.0'% | '3.0'%, Fuel '12.38' Kg, PitStop 'No', Time '01:21.826' ms
Lap 50: Rain 0% -> Compound 'Soft', TyresAge 0, Wear '0.0'% | '0.0'% | '0.0'% | '0.0'%, Fuel '10.49' Kg, PitStop 'Yes', Time '01:44.804' ms
Lap 51: Rain 0% -> Compound 'Medium', TyresAge 0, Wear '0.0'% | '0.0'% | '0.0'% | '0.0'%, Fuel '8.6' Kg, PitStop 'Yes', Time '01:45.292' ms
Lap 52: Rain 0% -> Compound 'Inter', TyresAge 0, Wear '0.0'% | '0.0'% | '0.0'% | '0.0'%, Fuel '6.71' Kg, PitStop 'Yes', Time '01:53.603' ms
Lap 53: Rain 0% -> Compound 'Inter', TyresAge 1, Wear '1.0'% | '1.0'% | '1.0'% | '1.0'%, Fuel '4.82' Kg, PitStop 'No', Time '01:28.511' ms
Time elapsed: 00:01.342
